# zsim stats
===
root: # Stats
 contention: # Contention simulation stats
  domain-0: # Domain stats
   time: 1263163533 # Weave simulation time
 time: # Simulator time breakdown
  init: 724746591537
  bound: 8482830483
  weave: 2849149736
  ff: 0
 trigger: 20000 # Reason for this stats dump
 phase: 22341 # Simulated phases
 westmere: # Core stats
  westmere-0: # Core stats
   cycles: 223412064 # Simulated unhalted cycles
   cCycles: 41844501 # Cycles due to contention stalls
   instrs: 100002263 # Simulated instructions
   uops: 108866042 # Retired micro-ops
   bbls: 19687311 # Basic blocks
   approxInstrs: 1893916 # Instrs with approx uop decoding
   mispredBranches: 1212312 # Mispredicted branches
   condBranches: 18533120 # conditional branches
 l1i: # Cache stats
  l1i-0: # Filter cache stats
   fhGETS: 25931248 # Filtered GETS hits
   fhGETX: 0 # Filtered GETX hits
   hGETS: 196783 # GETS hits
   hGETX: 0 # GETX hits
   mGETS: 4645 # GETS misses
   mGETXIM: 0 # GETX I->M misses
   mGETXSM: 0 # GETX S->M misses (upgrade misses)
   PUTS: 0 # Clean evictions (from lower level)
   PUTX: 0 # Dirty evictions (from lower level)
   INV: 4542 # Invalidates (from upper level)
   INVX: 0 # Downgrades (from upper level)
   FWD: 0 # Forwards (from upper level)
   latGETnl: 575524 # GET request latency on next level
   latGETnet: 0 # GET request latency on network to next level
 l1d: # Cache stats
  l1d-0: # Filter cache stats
   fhGETS: 22492701 # Filtered GETS hits
   fhGETX: 4095764 # Filtered GETX hits
   hGETS: 2092174 # GETS hits
   hGETX: 2589932 # GETX hits
   mGETS: 3375690 # GETS misses
   mGETXIM: 672443 # GETX I->M misses
   mGETXSM: 0 # GETX S->M misses (upgrade misses)
   PUTS: 0 # Clean evictions (from lower level)
   PUTX: 0 # Dirty evictions (from lower level)
   INV: 141 # Invalidates (from upper level)
   INVX: 0 # Downgrades (from upper level)
   FWD: 0 # Forwards (from upper level)
   latGETnl: 313172762 # GET request latency on next level
   latGETnet: 0 # GET request latency on network to next level
 l2: # Cache stats
  l2-0: # Cache stats
   hGETS: 652957 # GETS hits
   hGETX: 87302 # GETX hits
   mGETS: 2727378 # GETS misses
   mGETXIM: 585141 # GETX I->M misses
   mGETXSM: 0 # GETX S->M misses (upgrade misses)
   PUTS: 2305816 # Clean evictions (from lower level)
   PUTX: 1741690 # Dirty evictions (from lower level)
   INV: 4774 # Invalidates (from upper level)
   INVX: 0 # Downgrades (from upper level)
   FWD: 0 # Forwards (from upper level)
   latGETnl: 273220506 # GET request latency on next level
   latGETnet: 0 # GET request latency on network to next level
 l3: # Cache stats
  l3-0: # Cache stats
   hGETS: 938475 # GETS hits
   hGETX: 221599 # GETX hits
   mGETS: 1788903 # GETS misses
   mGETXIM: 363542 # GETX I->M misses
   mGETXSM: 0 # GETX S->M misses (upgrade misses)
   PUTS: 1976859 # Clean evictions (from lower level)
   PUTX: 1326790 # Dirty evictions (from lower level)
   INV: 0 # Invalidates (from upper level)
   INVX: 0 # Downgrades (from upper level)
   FWD: 0 # Forwards (from upper level)
   latGETnl: 193720050 # GET request latency on next level
   latGETnet: 0 # GET request latency on network to next level
 mem: # Memory controller stats
  mem-0: # Memory controller stats
   rd: 538596 # Read requests
   wr: 215832 # Write requests
   rdlat: 73414597 # Total latency experienced by read requests
   wrlat: 32621503 # Total latency experienced by write requests
   rdhits: 10780 # Read row hits
   wrhits: 1349 # Write row hits
   mlh: # latency histogram for memory requests
    0: 0
    1: 0
    2: 0
    3: 0
    4: 0
    5: 0
    6: 0
    7: 0
    8: 0
    9: 0
    10: 0
    11: 661
    12: 579
    13: 469263
    14: 44135
    15: 8329
    16: 3682
    17: 1433
    18: 527
    19: 515
    20: 578
    21: 549
    22: 564
    23: 642
    24: 1188
    25: 627
    26: 183
    27: 203
    28: 203
    29: 265
    30: 322
    31: 332
    32: 332
    33: 307
    34: 329
    35: 370
    36: 346
    37: 314
    38: 289
    39: 331
    40: 297
    41: 277
    42: 281
    43: 126
    44: 42
    45: 32
    46: 28
    47: 44
    48: 47
    49: 9
    50: 2
    51: 4
    52: 6
    53: 1
    54: 1
    55: 0
    56: 0
    57: 0
    58: 1
    59: 0
    60: 0
    61: 0
    62: 0
    63: 0
    64: 0
    65: 0
    66: 0
    67: 0
    68: 0
    69: 0
    70: 0
    71: 0
    72: 0
    73: 0
    74: 0
    75: 0
    76: 0
    77: 0
    78: 0
    79: 0
    80: 0
    81: 0
    82: 0
    83: 0
    84: 0
    85: 0
    86: 0
    87: 0
    88: 0
    89: 0
    90: 0
    91: 0
    92: 0
    93: 0
    94: 0
    95: 0
    96: 0
    97: 0
    98: 0
    99: 0
  mem-1: # Memory controller stats
   rd: 537570 # Read requests
   wr: 214668 # Write requests
   rdlat: 73271282 # Total latency experienced by read requests
   wrlat: 32434640 # Total latency experienced by write requests
   rdhits: 10612 # Read row hits
   wrhits: 1573 # Write row hits
   mlh: # latency histogram for memory requests
    0: 0
    1: 0
    2: 0
    3: 0
    4: 0
    5: 0
    6: 0
    7: 0
    8: 0
    9: 0
    10: 0
    11: 591
    12: 467
    13: 469077
    14: 42820
    15: 8817
    16: 3951
    17: 1511
    18: 596
    19: 460
    20: 586
    21: 597
    22: 489
    23: 571
    24: 1026
    25: 567
    26: 199
    27: 217
    28: 252
    29: 272
    30: 324
    31: 323
    32: 361
    33: 319
    34: 335
    35: 354
    36: 320
    37: 275
    38: 317
    39: 331
    40: 286
    41: 284
    42: 296
    43: 137
    44: 44
    45: 31
    46: 47
    47: 47
    48: 44
    49: 14
    50: 3
    51: 6
    52: 2
    53: 2
    54: 2
    55: 0
    56: 0
    57: 0
    58: 0
    59: 0
    60: 0
    61: 0
    62: 0
    63: 0
    64: 0
    65: 0
    66: 0
    67: 0
    68: 0
    69: 0
    70: 0
    71: 0
    72: 0
    73: 0
    74: 0
    75: 0
    76: 0
    77: 0
    78: 0
    79: 0
    80: 0
    81: 0
    82: 0
    83: 0
    84: 0
    85: 0
    86: 0
    87: 0
    88: 0
    89: 0
    90: 0
    91: 0
    92: 0
    93: 0
    94: 0
    95: 0
    96: 0
    97: 0
    98: 0
    99: 0
  mem-2: # Memory controller stats
   rd: 539409 # Read requests
   wr: 215089 # Write requests
   rdlat: 73572275 # Total latency experienced by read requests
   wrlat: 32492278 # Total latency experienced by write requests
   rdhits: 10561 # Read row hits
   wrhits: 1495 # Write row hits
   mlh: # latency histogram for memory requests
    0: 0
    1: 0
    2: 0
    3: 0
    4: 0
    5: 0
    6: 0
    7: 0
    8: 0
    9: 0
    10: 0
    11: 566
    12: 490
    13: 468546
    14: 45050
    15: 8887
    16: 4004
    17: 1463
    18: 531
    19: 487
    20: 550
    21: 691
    22: 556
    23: 516
    24: 988
    25: 603
    26: 196
    27: 206
    28: 224
    29: 276
    30: 298
    31: 340
    32: 362
    33: 345
    34: 325
    35: 329
    36: 339
    37: 320
    38: 295
    39: 323
    40: 288
    41: 275
    42: 319
    43: 134
    44: 47
    45: 42
    46: 46
    47: 54
    48: 65
    49: 9
    50: 4
    51: 10
    52: 1
    53: 5
    54: 1
    55: 1
    56: 0
    57: 1
    58: 1
    59: 0
    60: 0
    61: 0
    62: 0
    63: 0
    64: 0
    65: 0
    66: 0
    67: 0
    68: 0
    69: 0
    70: 0
    71: 0
    72: 0
    73: 0
    74: 0
    75: 0
    76: 0
    77: 0
    78: 0
    79: 0
    80: 0
    81: 0
    82: 0
    83: 0
    84: 0
    85: 0
    86: 0
    87: 0
    88: 0
    89: 0
    90: 0
    91: 0
    92: 0
    93: 0
    94: 0
    95: 0
    96: 0
    97: 0
    98: 0
    99: 0
  mem-3: # Memory controller stats
   rd: 536846 # Read requests
   wr: 214750 # Write requests
   rdlat: 73199604 # Total latency experienced by read requests
   wrlat: 32413174 # Total latency experienced by write requests
   rdhits: 10746 # Read row hits
   wrhits: 1469 # Write row hits
   mlh: # latency histogram for memory requests
    0: 0
    1: 0
    2: 0
    3: 0
    4: 0
    5: 0
    6: 0
    7: 0
    8: 0
    9: 0
    10: 0
    11: 628
    12: 501
    13: 466797
    14: 45231
    15: 8190
    16: 3681
    17: 1441
    18: 479
    19: 461
    20: 560
    21: 685
    22: 493
    23: 645
    24: 1030
    25: 607
    26: 206
    27: 188
    28: 219
    29: 269
    30: 308
    31: 301
    32: 321
    33: 325
    34: 346
    35: 366
    36: 304
    37: 357
    38: 295
    39: 337
    40: 288
    41: 309
    42: 313
    43: 142
    44: 47
    45: 40
    46: 39
    47: 38
    48: 36
    49: 5
    50: 6
    51: 3
    52: 2
    53: 2
    54: 2
    55: 1
    56: 0
    57: 1
    58: 0
    59: 0
    60: 0
    61: 1
    62: 0
    63: 0
    64: 0
    65: 0
    66: 0
    67: 0
    68: 0
    69: 0
    70: 0
    71: 0
    72: 0
    73: 0
    74: 0
    75: 0
    76: 0
    77: 0
    78: 0
    79: 0
    80: 0
    81: 0
    82: 0
    83: 0
    84: 0
    85: 0
    86: 0
    87: 0
    88: 0
    89: 0
    90: 0
    91: 0
    92: 0
    93: 0
    94: 0
    95: 0
    96: 0
    97: 0
    98: 0
    99: 0
 sched: # Scheduler stats
  thCr: 1 # Threads created
  thFn: 1 # Threads finished
  schedEvs: 1 # Schedule events
  waitEvs: 0 # Wait events
  handoffEvs: 0 # Handoff events
  sleepEvs: 0 # Sleep events
  idlePhases: 0 # Phases with no thread active
  idlePeriods: 0 # Periods with no thread active
  occHist: # Occupancy histogram
   0: 0
   1: 22341
  rqSzHist: # Run queue size histogram
   0: 22341
   1: 0
   2: 0
   3: 0
   4: 0
   5: 0
   6: 0
   7: 0
   8: 0
   9: 0
   10: 0
   11: 0
   12: 0
   13: 0
   14: 0
   15: 0
   16: 0
 procCycles: # Per-process unhalted core cycles
  0: 223412064
  1: 0
  2: 0
  3: 0
  4: 0
  5: 0
  6: 0
  7: 0
  8: 0
  9: 0
  10: 0
  11: 0
  12: 0
  13: 0
  14: 0
  15: 0
  16: 0
  17: 0
  18: 0
  19: 0
  20: 0
  21: 0
  22: 0
  23: 0
  24: 0
  25: 0
  26: 0
  27: 0
  28: 0
  29: 0
  30: 0
  31: 0
  32: 0
  33: 0
  34: 0
  35: 0
  36: 0
  37: 0
  38: 0
  39: 0
  40: 0
  41: 0
  42: 0
  43: 0
  44: 0
  45: 0
  46: 0
  47: 0
  48: 0
  49: 0
  50: 0
  51: 0
  52: 0
  53: 0
  54: 0
  55: 0
  56: 0
  57: 0
  58: 0
  59: 0
  60: 0
  61: 0
  62: 0
  63: 0
 procInstrs: # Per-process instructions
  0: 100002263
  1: 0
  2: 0
  3: 0
  4: 0
  5: 0
  6: 0
  7: 0
  8: 0
  9: 0
  10: 0
  11: 0
  12: 0
  13: 0
  14: 0
  15: 0
  16: 0
  17: 0
  18: 0
  19: 0
  20: 0
  21: 0
  22: 0
  23: 0
  24: 0
  25: 0
  26: 0
  27: 0
  28: 0
  29: 0
  30: 0
  31: 0
  32: 0
  33: 0
  34: 0
  35: 0
  36: 0
  37: 0
  38: 0
  39: 0
  40: 0
  41: 0
  42: 0
  43: 0
  44: 0
  45: 0
  46: 0
  47: 0
  48: 0
  49: 0
  50: 0
  51: 0
  52: 0
  53: 0
  54: 0
  55: 0
  56: 0
  57: 0
  58: 0
  59: 0
  60: 0
  61: 0
  62: 0
  63: 0
 heartbeats: # Per-process heartbeats
  0: 0
  1: 0
  2: 0
  3: 0
  4: 0
  5: 0
  6: 0
  7: 0
  8: 0
  9: 0
  10: 0
  11: 0
  12: 0
  13: 0
  14: 0
  15: 0
  16: 0
  17: 0
  18: 0
  19: 0
  20: 0
  21: 0
  22: 0
  23: 0
  24: 0
  25: 0
  26: 0
  27: 0
  28: 0
  29: 0
  30: 0
  31: 0
  32: 0
  33: 0
  34: 0
  35: 0
  36: 0
  37: 0
  38: 0
  39: 0
  40: 0
  41: 0
  42: 0
  43: 0
  44: 0
  45: 0
  46: 0
  47: 0
  48: 0
  49: 0
  50: 0
  51: 0
  52: 0
  53: 0
  54: 0
  55: 0
  56: 0
  57: 0
  58: 0
  59: 0
  60: 0
  61: 0
  62: 0
  63: 0
===
