# zsim stats
===
root: # Stats
 contention: # Contention simulation stats
  domain-0: # Domain stats
   time: 343434476 # Weave simulation time
 time: # Simulator time breakdown
  init: 2596312072
  bound: 160606989396
  weave: 1114523516
  ff: 0
 trigger: 20000 # Reason for this stats dump
 phase: 46785 # Simulated phases
 westmere: # Core stats
  westmere-0: # Core stats
   cycles: 369598407 # Simulated unhalted cycles
   cCycles: 442739 # Cycles due to contention stalls
   instrs: 607396424 # Simulated instructions
   uops: 684333909 # Retired micro-ops
   bbls: 62595373 # Basic blocks
   approxInstrs: 3040752 # Instrs with approx uop decoding
   mispredBranches: 798317 # Mispredicted branches
   condBranches: 52629453 # conditional branches
  westmere-1: # Core stats
   cycles: 376621271 # Simulated unhalted cycles
   cCycles: 383358 # Cycles due to contention stalls
   instrs: 617188718 # Simulated instructions
   uops: 696174160 # Retired micro-ops
   bbls: 63771652 # Basic blocks
   approxInstrs: 3110393 # Instrs with approx uop decoding
   mispredBranches: 801643 # Mispredicted branches
   condBranches: 53312363 # conditional branches
  westmere-2: # Core stats
   cycles: 414057597 # Simulated unhalted cycles
   cCycles: 1331959 # Cycles due to contention stalls
   instrs: 690979531 # Simulated instructions
   uops: 774754072 # Retired micro-ops
   bbls: 68712387 # Basic blocks
   approxInstrs: 3222916 # Instrs with approx uop decoding
   mispredBranches: 836733 # Mispredicted branches
   condBranches: 57522150 # conditional branches
  westmere-3: # Core stats
   cycles: 385343040 # Simulated unhalted cycles
   cCycles: 524200 # Cycles due to contention stalls
   instrs: 628549532 # Simulated instructions
   uops: 709848007 # Retired micro-ops
   bbls: 65131950 # Basic blocks
   approxInstrs: 3208456 # Instrs with approx uop decoding
   mispredBranches: 810588 # Mispredicted branches
   condBranches: 54134100 # conditional branches
  westmere-4: # Core stats
   cycles: 368263582 # Simulated unhalted cycles
   cCycles: 377312 # Cycles due to contention stalls
   instrs: 606540301 # Simulated instructions
   uops: 683278678 # Retired micro-ops
   bbls: 62526791 # Basic blocks
   approxInstrs: 3010604 # Instrs with approx uop decoding
   mispredBranches: 777526 # Mispredicted branches
   condBranches: 52630501 # conditional branches
  westmere-5: # Core stats
   cycles: 375837399 # Simulated unhalted cycles
   cCycles: 370042 # Cycles due to contention stalls
   instrs: 616808351 # Simulated instructions
   uops: 695527294 # Retired micro-ops
   bbls: 63789491 # Basic blocks
   approxInstrs: 3097799 # Instrs with approx uop decoding
   mispredBranches: 798270 # Mispredicted branches
   condBranches: 53411665 # conditional branches
  westmere-6: # Core stats
   cycles: 383799498 # Simulated unhalted cycles
   cCycles: 455027 # Cycles due to contention stalls
   instrs: 626846868 # Simulated instructions
   uops: 707631291 # Retired micro-ops
   bbls: 65014222 # Basic blocks
   approxInstrs: 3196407 # Instrs with approx uop decoding
   mispredBranches: 818389 # Mispredicted branches
   condBranches: 54118295 # conditional branches
  westmere-7: # Core stats
   cycles: 367980872 # Simulated unhalted cycles
   cCycles: 414728 # Cycles due to contention stalls
   instrs: 605690728 # Simulated instructions
   uops: 682349648 # Retired micro-ops
   bbls: 62365075 # Basic blocks
   approxInstrs: 3001491 # Instrs with approx uop decoding
   mispredBranches: 772293 # Mispredicted branches
   condBranches: 52474169 # conditional branches
 l1i: # Cache stats
  l1i-0: # Filter cache stats
   fhGETS: 82613838 # Filtered GETS hits
   fhGETX: 0 # Filtered GETX hits
   hGETS: 2349171 # GETS hits
   hGETX: 0 # GETX hits
   mGETS: 770548 # GETS misses
   mGETXIM: 0 # GETX I->M misses
   mGETXSM: 0 # GETX S->M misses (upgrade misses)
   PUTS: 0 # Clean evictions (from lower level)
   PUTX: 0 # Dirty evictions (from lower level)
   INV: 365 # Invalidates (from upper level)
   INVX: 0 # Downgrades (from upper level)
   FWD: 0 # Forwards (from upper level)
   latGETnl: 8078428 # GET request latency on next level
   latGETnet: 0 # GET request latency on network to next level
  l1i-1: # Filter cache stats
   fhGETS: 84113059 # Filtered GETS hits
   fhGETX: 0 # Filtered GETX hits
   hGETS: 2362903 # GETS hits
   hGETX: 0 # GETX hits
   mGETS: 765582 # GETS misses
   mGETXIM: 0 # GETX I->M misses
   mGETXSM: 0 # GETX S->M misses (upgrade misses)
   PUTS: 0 # Clean evictions (from lower level)
   PUTX: 0 # Dirty evictions (from lower level)
   INV: 310 # Invalidates (from upper level)
   INVX: 0 # Downgrades (from upper level)
   FWD: 0 # Forwards (from upper level)
   latGETnl: 7994286 # GET request latency on next level
   latGETnet: 0 # GET request latency on network to next level
  l1i-2: # Filter cache stats
   fhGETS: 92181163 # Filtered GETS hits
   fhGETX: 0 # Filtered GETX hits
   hGETS: 2392294 # GETS hits
   hGETX: 0 # GETX hits
   mGETS: 769964 # GETS misses
   mGETXIM: 0 # GETX I->M misses
   mGETXSM: 0 # GETX S->M misses (upgrade misses)
   PUTS: 0 # Clean evictions (from lower level)
   PUTX: 0 # Dirty evictions (from lower level)
   INV: 187 # Invalidates (from upper level)
   INVX: 0 # Downgrades (from upper level)
   FWD: 0 # Forwards (from upper level)
   latGETnl: 8205308 # GET request latency on next level
   latGETnet: 0 # GET request latency on network to next level
  l1i-3: # Filter cache stats
   fhGETS: 85868577 # Filtered GETS hits
   fhGETX: 0 # Filtered GETX hits
   hGETS: 2378770 # GETS hits
   hGETX: 0 # GETX hits
   mGETS: 765445 # GETS misses
   mGETXIM: 0 # GETX I->M misses
   mGETXSM: 0 # GETX S->M misses (upgrade misses)
   PUTS: 0 # Clean evictions (from lower level)
   PUTX: 0 # Dirty evictions (from lower level)
   INV: 323 # Invalidates (from upper level)
   INVX: 0 # Downgrades (from upper level)
   FWD: 0 # Forwards (from upper level)
   latGETnl: 8006992 # GET request latency on next level
   latGETnet: 0 # GET request latency on network to next level
  l1i-4: # Filter cache stats
   fhGETS: 82430325 # Filtered GETS hits
   fhGETX: 0 # Filtered GETX hits
   hGETS: 2338593 # GETS hits
   hGETX: 0 # GETX hits
   mGETS: 765552 # GETS misses
   mGETXIM: 0 # GETX I->M misses
   mGETXSM: 0 # GETX S->M misses (upgrade misses)
   PUTS: 0 # Clean evictions (from lower level)
   PUTX: 0 # Dirty evictions (from lower level)
   INV: 351 # Invalidates (from upper level)
   INVX: 0 # Downgrades (from upper level)
   FWD: 0 # Forwards (from upper level)
   latGETnl: 7987542 # GET request latency on next level
   latGETnet: 0 # GET request latency on network to next level
  l1i-5: # Filter cache stats
   fhGETS: 84094179 # Filtered GETS hits
   fhGETX: 0 # Filtered GETX hits
   hGETS: 2360055 # GETS hits
   hGETX: 0 # GETX hits
   mGETS: 769750 # GETS misses
   mGETXIM: 0 # GETX I->M misses
   mGETXSM: 0 # GETX S->M misses (upgrade misses)
   PUTS: 0 # Clean evictions (from lower level)
   PUTX: 0 # Dirty evictions (from lower level)
   INV: 329 # Invalidates (from upper level)
   INVX: 0 # Downgrades (from upper level)
   FWD: 0 # Forwards (from upper level)
   latGETnl: 8036308 # GET request latency on next level
   latGETnet: 0 # GET request latency on network to next level
  l1i-6: # Filter cache stats
   fhGETS: 85725025 # Filtered GETS hits
   fhGETX: 0 # Filtered GETX hits
   hGETS: 2379651 # GETS hits
   hGETX: 0 # GETX hits
   mGETS: 769029 # GETS misses
   mGETXIM: 0 # GETX I->M misses
   mGETXSM: 0 # GETX S->M misses (upgrade misses)
   PUTS: 0 # Clean evictions (from lower level)
   PUTX: 0 # Dirty evictions (from lower level)
   INV: 354 # Invalidates (from upper level)
   INVX: 0 # Downgrades (from upper level)
   FWD: 0 # Forwards (from upper level)
   latGETnl: 8047416 # GET request latency on next level
   latGETnet: 0 # GET request latency on network to next level
  l1i-7: # Filter cache stats
   fhGETS: 82223266 # Filtered GETS hits
   fhGETX: 0 # Filtered GETX hits
   hGETS: 2336436 # GETS hits
   hGETX: 0 # GETX hits
   mGETS: 769893 # GETS misses
   mGETXIM: 0 # GETX I->M misses
   mGETXSM: 0 # GETX S->M misses (upgrade misses)
   PUTS: 0 # Clean evictions (from lower level)
   PUTX: 0 # Dirty evictions (from lower level)
   INV: 312 # Invalidates (from upper level)
   INVX: 0 # Downgrades (from upper level)
   FWD: 0 # Forwards (from upper level)
   latGETnl: 8022138 # GET request latency on next level
   latGETnet: 0 # GET request latency on network to next level
 l1d: # Cache stats
  l1d-0: # Filter cache stats
   fhGETS: 104073063 # Filtered GETS hits
   fhGETX: 30875431 # Filtered GETX hits
   hGETS: 5187233 # GETS hits
   hGETX: 1873887 # GETX hits
   mGETS: 5930459 # GETS misses
   mGETXIM: 248696 # GETX I->M misses
   mGETXSM: 8788 # GETX S->M misses (upgrade misses)
   PUTS: 0 # Clean evictions (from lower level)
   PUTX: 0 # Dirty evictions (from lower level)
   INV: 18837 # Invalidates (from upper level)
   INVX: 17689 # Downgrades (from upper level)
   FWD: 0 # Forwards (from upper level)
   latGETnl: 73912805 # GET request latency on next level
   latGETnet: 0 # GET request latency on network to next level
  l1d-1: # Filter cache stats
   fhGETS: 106196019 # Filtered GETS hits
   fhGETX: 31876027 # Filtered GETX hits
   hGETS: 5306653 # GETS hits
   hGETX: 1936081 # GETX hits
   mGETS: 5935811 # GETS misses
   mGETXIM: 258952 # GETX I->M misses
   mGETXSM: 7483 # GETX S->M misses (upgrade misses)
   PUTS: 0 # Clean evictions (from lower level)
   PUTX: 0 # Dirty evictions (from lower level)
   INV: 17942 # Invalidates (from upper level)
   INVX: 15304 # Downgrades (from upper level)
   FWD: 0 # Forwards (from upper level)
   latGETnl: 74320087 # GET request latency on next level
   latGETnet: 0 # GET request latency on network to next level
  l1d-2: # Filter cache stats
   fhGETS: 119092133 # Filtered GETS hits
   fhGETX: 35544243 # Filtered GETX hits
   hGETS: 7621570 # GETS hits
   hGETX: 3879706 # GETX hits
   mGETS: 6144919 # GETS misses
   mGETXIM: 415931 # GETX I->M misses
   mGETXSM: 6613 # GETX S->M misses (upgrade misses)
   PUTS: 0 # Clean evictions (from lower level)
   PUTX: 0 # Dirty evictions (from lower level)
   INV: 19578 # Invalidates (from upper level)
   INVX: 14845 # Downgrades (from upper level)
   FWD: 0 # Forwards (from upper level)
   latGETnl: 92681524 # GET request latency on next level
   latGETnet: 0 # GET request latency on network to next level
  l1d-3: # Filter cache stats
   fhGETS: 108575583 # Filtered GETS hits
   fhGETX: 33099740 # Filtered GETX hits
   hGETS: 5515657 # GETS hits
   hGETX: 1967559 # GETX hits
   mGETS: 5945834 # GETS misses
   mGETXIM: 287748 # GETX I->M misses
   mGETXSM: 6958 # GETX S->M misses (upgrade misses)
   PUTS: 0 # Clean evictions (from lower level)
   PUTX: 0 # Dirty evictions (from lower level)
   INV: 20172 # Invalidates (from upper level)
   INVX: 15054 # Downgrades (from upper level)
   FWD: 0 # Forwards (from upper level)
   latGETnl: 76854035 # GET request latency on next level
   latGETnet: 0 # GET request latency on network to next level
  l1d-4: # Filter cache stats
   fhGETS: 103919767 # Filtered GETS hits
   fhGETX: 30715977 # Filtered GETX hits
   hGETS: 5209612 # GETS hits
   hGETX: 1917242 # GETX hits
   mGETS: 5922623 # GETS misses
   mGETXIM: 250653 # GETX I->M misses
   mGETXSM: 7481 # GETX S->M misses (upgrade misses)
   PUTS: 0 # Clean evictions (from lower level)
   PUTX: 0 # Dirty evictions (from lower level)
   INV: 17370 # Invalidates (from upper level)
   INVX: 17335 # Downgrades (from upper level)
   FWD: 0 # Forwards (from upper level)
   latGETnl: 73748629 # GET request latency on next level
   latGETnet: 0 # GET request latency on network to next level
  l1d-5: # Filter cache stats
   fhGETS: 106028328 # Filtered GETS hits
   fhGETX: 31659222 # Filtered GETX hits
   hGETS: 5337725 # GETS hits
   hGETX: 1959256 # GETX hits
   mGETS: 5936387 # GETS misses
   mGETXIM: 257507 # GETX I->M misses
   mGETXSM: 8842 # GETX S->M misses (upgrade misses)
   PUTS: 0 # Clean evictions (from lower level)
   PUTX: 0 # Dirty evictions (from lower level)
   INV: 16853 # Invalidates (from upper level)
   INVX: 15527 # Downgrades (from upper level)
   FWD: 0 # Forwards (from upper level)
   latGETnl: 74288631 # GET request latency on next level
   latGETnet: 0 # GET request latency on network to next level
  l1d-6: # Filter cache stats
   fhGETS: 108229760 # Filtered GETS hits
   fhGETX: 32800894 # Filtered GETX hits
   hGETS: 5386047 # GETS hits
   hGETX: 1896247 # GETX hits
   mGETS: 5947925 # GETS misses
   mGETXIM: 266049 # GETX I->M misses
   mGETXSM: 7384 # GETX S->M misses (upgrade misses)
   PUTS: 0 # Clean evictions (from lower level)
   PUTX: 0 # Dirty evictions (from lower level)
   INV: 17391 # Invalidates (from upper level)
   INVX: 13650 # Downgrades (from upper level)
   FWD: 0 # Forwards (from upper level)
   latGETnl: 75407172 # GET request latency on next level
   latGETnet: 0 # GET request latency on network to next level
  l1d-7: # Filter cache stats
   fhGETS: 103843730 # Filtered GETS hits
   fhGETX: 30734104 # Filtered GETX hits
   hGETS: 5118725 # GETS hits
   hGETX: 1875414 # GETX hits
   mGETS: 5924299 # GETS misses
   mGETXIM: 255007 # GETX I->M misses
   mGETXSM: 8912 # GETX S->M misses (upgrade misses)
   PUTS: 0 # Clean evictions (from lower level)
   PUTX: 0 # Dirty evictions (from lower level)
   INV: 18915 # Invalidates (from upper level)
   INVX: 16950 # Downgrades (from upper level)
   FWD: 0 # Forwards (from upper level)
   latGETnl: 74197801 # GET request latency on next level
   latGETnet: 0 # GET request latency on network to next level
 l2: # Cache stats
  l2-0: # Cache stats
   hGETS: 6309226 # GETS hits
   hGETX: 211148 # GETX hits
   mGETS: 391781 # GETS misses
   mGETXIM: 33780 # GETX I->M misses
   mGETXSM: 12556 # GETX S->M misses (upgrade misses)
   PUTS: 6588870 # Clean evictions (from lower level)
   PUTX: 340683 # Dirty evictions (from lower level)
   INV: 31652 # Invalidates (from upper level)
   INVX: 30347 # Downgrades (from upper level)
   FWD: 0 # Forwards (from upper level)
   latGETnl: 12406323 # GET request latency on next level
   latGETnet: 0 # GET request latency on network to next level
  l2-1: # Cache stats
   hGETS: 6298550 # GETS hits
   hGETX: 211807 # GETX hits
   mGETS: 402843 # GETS misses
   mGETXIM: 44184 # GETX I->M misses
   mGETXSM: 10444 # GETX S->M misses (upgrade misses)
   PUTS: 6586475 # Clean evictions (from lower level)
   PUTX: 354672 # Dirty evictions (from lower level)
   INV: 32357 # Invalidates (from upper level)
   INVX: 25787 # Downgrades (from upper level)
   FWD: 0 # Forwards (from upper level)
   latGETnl: 12636093 # GET request latency on next level
   latGETnet: 0 # GET request latency on network to next level
  l2-2: # Cache stats
   hGETS: 6315950 # GETS hits
   hGETX: 208046 # GETX hits
   mGETS: 598933 # GETS misses
   mGETXIM: 203888 # GETX I->M misses
   mGETXSM: 10610 # GETX S->M misses (upgrade misses)
   PUTS: 6751733 # Clean evictions (from lower level)
   PUTX: 558387 # Dirty evictions (from lower level)
   INV: 34255 # Invalidates (from upper level)
   INVX: 26956 # Downgrades (from upper level)
   FWD: 0 # Forwards (from upper level)
   latGETnl: 27512562 # GET request latency on next level
   latGETnet: 0 # GET request latency on network to next level
  l2-3: # Cache stats
   hGETS: 6293172 # GETS hits
   hGETX: 211998 # GETX hits
   mGETS: 418107 # GETS misses
   mGETXIM: 71808 # GETX I->M misses
   mGETXSM: 10900 # GETX S->M misses (upgrade misses)
   PUTS: 6594064 # Clean evictions (from lower level)
   PUTX: 383518 # Dirty evictions (from lower level)
   INV: 42331 # Invalidates (from upper level)
   INVX: 23344 # Downgrades (from upper level)
   FWD: 0 # Forwards (from upper level)
   latGETnl: 14801177 # GET request latency on next level
   latGETnet: 0 # GET request latency on network to next level
  l2-4: # Cache stats
   hGETS: 6290379 # GETS hits
   hGETX: 210693 # GETX hits
   mGETS: 397796 # GETS misses
   mGETXIM: 37206 # GETX I->M misses
   mGETXSM: 10235 # GETX S->M misses (upgrade misses)
   PUTS: 6577573 # Clean evictions (from lower level)
   PUTX: 342609 # Dirty evictions (from lower level)
   INV: 33747 # Invalidates (from upper level)
   INVX: 28278 # Downgrades (from upper level)
   FWD: 0 # Forwards (from upper level)
   latGETnl: 12273081 # GET request latency on next level
   latGETnet: 0 # GET request latency on network to next level
  l2-5: # Cache stats
   hGETS: 6301672 # GETS hits
   hGETX: 212820 # GETX hits
   mGETS: 404465 # GETS misses
   mGETXIM: 41732 # GETX I->M misses
   mGETXSM: 11797 # GETX S->M misses (upgrade misses)
   PUTS: 6593567 # Clean evictions (from lower level)
   PUTX: 351977 # Dirty evictions (from lower level)
   INV: 30795 # Invalidates (from upper level)
   INVX: 27311 # Downgrades (from upper level)
   FWD: 0 # Forwards (from upper level)
   latGETnl: 12600079 # GET request latency on next level
   latGETnet: 0 # GET request latency on network to next level
  l2-6: # Cache stats
   hGETS: 6296292 # GETS hits
   hGETX: 211859 # GETX hits
   mGETS: 420662 # GETS misses
   mGETXIM: 50970 # GETX I->M misses
   mGETXSM: 10604 # GETX S->M misses (upgrade misses)
   PUTS: 6601158 # Clean evictions (from lower level)
   PUTX: 363197 # Dirty evictions (from lower level)
   INV: 31366 # Invalidates (from upper level)
   INVX: 24765 # Downgrades (from upper level)
   FWD: 0 # Forwards (from upper level)
   latGETnl: 13550718 # GET request latency on next level
   latGETnet: 0 # GET request latency on network to next level
  l2-7: # Cache stats
   hGETS: 6297040 # GETS hits
   hGETX: 215194 # GETX hits
   mGETS: 397152 # GETS misses
   mGETXIM: 36486 # GETX I->M misses
   mGETXSM: 12239 # GETX S->M misses (upgrade misses)
   PUTS: 6585730 # Clean evictions (from lower level)
   PUTX: 343335 # Dirty evictions (from lower level)
   INV: 31802 # Invalidates (from upper level)
   INVX: 27633 # Downgrades (from upper level)
   FWD: 0 # Forwards (from upper level)
   latGETnl: 12638829 # GET request latency on next level
   latGETnet: 0 # GET request latency on network to next level
 l3: # Cache stats
  l3-0b0: # Cache stats
   hGETS: 345065 # GETS hits
   hGETX: 50247 # GETX hits
   mGETS: 12081 # GETS misses
   mGETXIM: 10983 # GETX I->M misses
   mGETXSM: 0 # GETX S->M misses (upgrade misses)
   PUTS: 320076 # Clean evictions (from lower level)
   PUTX: 75688 # Dirty evictions (from lower level)
   INV: 0 # Invalidates (from upper level)
   INVX: 0 # Downgrades (from upper level)
   FWD: 0 # Forwards (from upper level)
   latGETnl: 2075760 # GET request latency on next level
   latGETnet: 0 # GET request latency on network to next level
  l3-0b1: # Cache stats
   hGETS: 479396 # GETS hits
   hGETX: 69497 # GETX hits
   mGETS: 12015 # GETS misses
   mGETXIM: 11118 # GETX I->M misses
   mGETXSM: 0 # GETX S->M misses (upgrade misses)
   PUTS: 425751 # Clean evictions (from lower level)
   PUTX: 76442 # Dirty evictions (from lower level)
   INV: 0 # Invalidates (from upper level)
   INVX: 0 # Downgrades (from upper level)
   FWD: 0 # Forwards (from upper level)
   latGETnl: 2081970 # GET request latency on next level
   latGETnet: 0 # GET request latency on network to next level
  l3-0b2: # Cache stats
   hGETS: 369922 # GETS hits
   hGETX: 63074 # GETX hits
   mGETS: 12098 # GETS misses
   mGETXIM: 10998 # GETX I->M misses
   mGETXSM: 0 # GETX S->M misses (upgrade misses)
   PUTS: 338889 # Clean evictions (from lower level)
   PUTX: 76848 # Dirty evictions (from lower level)
   INV: 0 # Invalidates (from upper level)
   INVX: 0 # Downgrades (from upper level)
   FWD: 0 # Forwards (from upper level)
   latGETnl: 2078640 # GET request latency on next level
   latGETnet: 0 # GET request latency on network to next level
  l3-0b3: # Cache stats
   hGETS: 455522 # GETS hits
   hGETX: 68499 # GETX hits
   mGETS: 12010 # GETS misses
   mGETXIM: 11088 # GETX I->M misses
   mGETXSM: 0 # GETX S->M misses (upgrade misses)
   PUTS: 418352 # Clean evictions (from lower level)
   PUTX: 76030 # Dirty evictions (from lower level)
   INV: 0 # Invalidates (from upper level)
   INVX: 0 # Downgrades (from upper level)
   FWD: 0 # Forwards (from upper level)
   latGETnl: 2078820 # GET request latency on next level
   latGETnet: 0 # GET request latency on network to next level
  l3-0b4: # Cache stats
   hGETS: 386631 # GETS hits
   hGETX: 74941 # GETX hits
   mGETS: 12164 # GETS misses
   mGETXIM: 10998 # GETX I->M misses
   mGETXSM: 0 # GETX S->M misses (upgrade misses)
   PUTS: 346705 # Clean evictions (from lower level)
   PUTX: 76576 # Dirty evictions (from lower level)
   INV: 0 # Invalidates (from upper level)
   INVX: 0 # Downgrades (from upper level)
   FWD: 0 # Forwards (from upper level)
   latGETnl: 2084580 # GET request latency on next level
   latGETnet: 0 # GET request latency on network to next level
  l3-0b5: # Cache stats
   hGETS: 426249 # GETS hits
   hGETX: 65839 # GETX hits
   mGETS: 12109 # GETS misses
   mGETXIM: 11072 # GETX I->M misses
   mGETXSM: 0 # GETX S->M misses (upgrade misses)
   PUTS: 391262 # Clean evictions (from lower level)
   PUTX: 75213 # Dirty evictions (from lower level)
   INV: 0 # Invalidates (from upper level)
   INVX: 0 # Downgrades (from upper level)
   FWD: 0 # Forwards (from upper level)
   latGETnl: 2086290 # GET request latency on next level
   latGETnet: 0 # GET request latency on network to next level
  l3-0b6: # Cache stats
   hGETS: 415743 # GETS hits
   hGETX: 76341 # GETX hits
   mGETS: 12141 # GETS misses
   mGETXIM: 10991 # GETX I->M misses
   mGETXSM: 0 # GETX S->M misses (upgrade misses)
   PUTS: 370713 # Clean evictions (from lower level)
   PUTX: 75881 # Dirty evictions (from lower level)
   INV: 0 # Invalidates (from upper level)
   INVX: 0 # Downgrades (from upper level)
   FWD: 0 # Forwards (from upper level)
   latGETnl: 2081880 # GET request latency on next level
   latGETnet: 0 # GET request latency on network to next level
  l3-0b7: # Cache stats
   hGETS: 456528 # GETS hits
   hGETX: 52650 # GETX hits
   mGETS: 12065 # GETS misses
   mGETXIM: 11103 # GETX I->M misses
   mGETXSM: 0 # GETX S->M misses (upgrade misses)
   PUTS: 430261 # Clean evictions (from lower level)
   PUTX: 76785 # Dirty evictions (from lower level)
   INV: 0 # Invalidates (from upper level)
   INVX: 0 # Downgrades (from upper level)
   FWD: 0 # Forwards (from upper level)
   latGETnl: 2085120 # GET request latency on next level
   latGETnet: 0 # GET request latency on network to next level
 mem: # Memory controller stats
  mem-0: # Memory controller stats
   rd: 46211 # Read requests
   wr: 12432 # Write requests
   rdlat: 6260833 # Total latency experienced by read requests
   wrlat: 1863377 # Total latency experienced by write requests
   rdhits: 293 # Read row hits
   wrhits: 67 # Write row hits
   mlh: # latency histogram for memory requests
    0: 0
    1: 0
    2: 0
    3: 0
    4: 0
    5: 0
    6: 0
    7: 0
    8: 0
    9: 0
    10: 0
    11: 23
    12: 46
    13: 42781
    14: 1648
    15: 400
    16: 277
    17: 68
    18: 40
    19: 75
    20: 79
    21: 72
    22: 33
    23: 76
    24: 47
    25: 72
    26: 25
    27: 18
    28: 16
    29: 31
    30: 38
    31: 36
    32: 19
    33: 33
    34: 27
    35: 21
    36: 24
    37: 25
    38: 31
    39: 21
    40: 29
    41: 26
    42: 24
    43: 7
    44: 7
    45: 4
    46: 4
    47: 5
    48: 1
    49: 0
    50: 1
    51: 0
    52: 0
    53: 1
    54: 0
    55: 0
    56: 0
    57: 0
    58: 0
    59: 0
    60: 0
    61: 0
    62: 0
    63: 0
    64: 0
    65: 0
    66: 0
    67: 0
    68: 0
    69: 0
    70: 0
    71: 0
    72: 0
    73: 0
    74: 0
    75: 0
    76: 0
    77: 0
    78: 0
    79: 0
    80: 0
    81: 0
    82: 0
    83: 0
    84: 0
    85: 0
    86: 0
    87: 0
    88: 0
    89: 0
    90: 0
    91: 0
    92: 0
    93: 0
    94: 0
    95: 0
    96: 0
    97: 0
    98: 0
    99: 0
  mem-1: # Memory controller stats
   rd: 46277 # Read requests
   wr: 12494 # Write requests
   rdlat: 6257056 # Total latency experienced by read requests
   wrlat: 1880940 # Total latency experienced by write requests
   rdhits: 292 # Read row hits
   wrhits: 61 # Write row hits
   mlh: # latency histogram for memory requests
    0: 0
    1: 0
    2: 0
    3: 0
    4: 0
    5: 0
    6: 0
    7: 0
    8: 0
    9: 0
    10: 0
    11: 29
    12: 36
    13: 43093
    14: 1618
    15: 356
    16: 219
    17: 68
    18: 52
    19: 56
    20: 70
    21: 58
    22: 45
    23: 33
    24: 42
    25: 37
    26: 17
    27: 14
    28: 25
    29: 22
    30: 43
    31: 39
    32: 30
    33: 24
    34: 28
    35: 28
    36: 23
    37: 22
    38: 22
    39: 29
    40: 28
    41: 21
    42: 27
    43: 10
    44: 5
    45: 3
    46: 3
    47: 1
    48: 1
    49: 0
    50: 0
    51: 0
    52: 0
    53: 0
    54: 0
    55: 0
    56: 0
    57: 0
    58: 0
    59: 0
    60: 0
    61: 0
    62: 0
    63: 0
    64: 0
    65: 0
    66: 0
    67: 0
    68: 0
    69: 0
    70: 0
    71: 0
    72: 0
    73: 0
    74: 0
    75: 0
    76: 0
    77: 0
    78: 0
    79: 0
    80: 0
    81: 0
    82: 0
    83: 0
    84: 0
    85: 0
    86: 0
    87: 0
    88: 0
    89: 0
    90: 0
    91: 0
    92: 0
    93: 0
    94: 0
    95: 0
    96: 0
    97: 0
    98: 0
    99: 0
  mem-2: # Memory controller stats
   rd: 46259 # Read requests
   wr: 12485 # Write requests
   rdlat: 6263266 # Total latency experienced by read requests
   wrlat: 1874256 # Total latency experienced by write requests
   rdhits: 287 # Read row hits
   wrhits: 63 # Write row hits
   mlh: # latency histogram for memory requests
    0: 0
    1: 0
    2: 0
    3: 0
    4: 0
    5: 0
    6: 0
    7: 0
    8: 0
    9: 0
    10: 0
    11: 35
    12: 38
    13: 42833
    14: 1694
    15: 406
    16: 274
    17: 74
    18: 59
    19: 65
    20: 65
    21: 54
    22: 33
    23: 34
    24: 48
    25: 46
    26: 26
    27: 25
    28: 18
    29: 31
    30: 39
    31: 26
    32: 24
    33: 25
    34: 31
    35: 44
    36: 33
    37: 26
    38: 41
    39: 24
    40: 18
    41: 26
    42: 20
    43: 8
    44: 4
    45: 2
    46: 2
    47: 4
    48: 0
    49: 0
    50: 0
    51: 0
    52: 0
    53: 0
    54: 0
    55: 2
    56: 1
    57: 0
    58: 0
    59: 1
    60: 0
    61: 0
    62: 0
    63: 0
    64: 0
    65: 0
    66: 0
    67: 0
    68: 0
    69: 0
    70: 0
    71: 0
    72: 0
    73: 0
    74: 0
    75: 0
    76: 0
    77: 0
    78: 0
    79: 0
    80: 0
    81: 0
    82: 0
    83: 0
    84: 0
    85: 0
    86: 0
    87: 0
    88: 0
    89: 0
    90: 0
    91: 0
    92: 0
    93: 0
    94: 0
    95: 0
    96: 0
    97: 0
    98: 0
    99: 0
  mem-3: # Memory controller stats
   rd: 46287 # Read requests
   wr: 12526 # Write requests
   rdlat: 6266101 # Total latency experienced by read requests
   wrlat: 1890064 # Total latency experienced by write requests
   rdhits: 301 # Read row hits
   wrhits: 74 # Write row hits
   mlh: # latency histogram for memory requests
    0: 0
    1: 0
    2: 0
    3: 0
    4: 0
    5: 0
    6: 0
    7: 0
    8: 0
    9: 0
    10: 0
    11: 32
    12: 43
    13: 43225
    14: 1464
    15: 338
    16: 196
    17: 62
    18: 58
    19: 56
    20: 67
    21: 55
    22: 28
    23: 77
    24: 35
    25: 62
    26: 21
    27: 21
    28: 25
    29: 23
    30: 40
    31: 22
    32: 21
    33: 27
    34: 44
    35: 27
    36: 42
    37: 22
    38: 15
    39: 32
    40: 29
    41: 28
    42: 24
    43: 11
    44: 1
    45: 7
    46: 4
    47: 1
    48: 0
    49: 0
    50: 0
    51: 0
    52: 0
    53: 2
    54: 0
    55: 0
    56: 0
    57: 0
    58: 0
    59: 0
    60: 0
    61: 0
    62: 0
    63: 0
    64: 0
    65: 0
    66: 0
    67: 0
    68: 0
    69: 0
    70: 0
    71: 0
    72: 0
    73: 0
    74: 0
    75: 0
    76: 0
    77: 0
    78: 0
    79: 0
    80: 0
    81: 0
    82: 0
    83: 0
    84: 0
    85: 0
    86: 0
    87: 0
    88: 0
    89: 0
    90: 0
    91: 0
    92: 0
    93: 0
    94: 0
    95: 0
    96: 0
    97: 0
    98: 0
    99: 0
 sched: # Scheduler stats
  thCr: 9 # Threads created
  thFn: 0 # Threads finished
  schedEvs: 417 # Schedule events
  waitEvs: 24 # Wait events
  handoffEvs: 0 # Handoff events
  sleepEvs: 0 # Sleep events
  idlePhases: 0 # Phases with no thread active
  idlePeriods: 0 # Periods with no thread active
  occHist: # Occupancy histogram
   0: 0
   1: 137
   2: 0
   3: 0
   4: 0
   5: 0
   6: 0
   7: 0
   8: 46648
  rqSzHist: # Run queue size histogram
   0: 46785
   1: 0
   2: 0
   3: 0
   4: 0
   5: 0
   6: 0
   7: 0
   8: 0
   9: 0
   10: 0
   11: 0
   12: 0
   13: 0
   14: 0
   15: 0
   16: 0
 procCycles: # Per-process unhalted core cycles
  0: 3041501666
  1: 0
  2: 0
  3: 0
  4: 0
  5: 0
  6: 0
  7: 0
  8: 0
  9: 0
  10: 0
  11: 0
  12: 0
  13: 0
  14: 0
  15: 0
  16: 0
  17: 0
  18: 0
  19: 0
  20: 0
  21: 0
  22: 0
  23: 0
  24: 0
  25: 0
  26: 0
  27: 0
  28: 0
  29: 0
  30: 0
  31: 0
  32: 0
  33: 0
  34: 0
  35: 0
  36: 0
  37: 0
  38: 0
  39: 0
  40: 0
  41: 0
  42: 0
  43: 0
  44: 0
  45: 0
  46: 0
  47: 0
  48: 0
  49: 0
  50: 0
  51: 0
  52: 0
  53: 0
  54: 0
  55: 0
  56: 0
  57: 0
  58: 0
  59: 0
  60: 0
  61: 0
  62: 0
  63: 0
 procInstrs: # Per-process instructions
  0: 5000000453
  1: 0
  2: 0
  3: 0
  4: 0
  5: 0
  6: 0
  7: 0
  8: 0
  9: 0
  10: 0
  11: 0
  12: 0
  13: 0
  14: 0
  15: 0
  16: 0
  17: 0
  18: 0
  19: 0
  20: 0
  21: 0
  22: 0
  23: 0
  24: 0
  25: 0
  26: 0
  27: 0
  28: 0
  29: 0
  30: 0
  31: 0
  32: 0
  33: 0
  34: 0
  35: 0
  36: 0
  37: 0
  38: 0
  39: 0
  40: 0
  41: 0
  42: 0
  43: 0
  44: 0
  45: 0
  46: 0
  47: 0
  48: 0
  49: 0
  50: 0
  51: 0
  52: 0
  53: 0
  54: 0
  55: 0
  56: 0
  57: 0
  58: 0
  59: 0
  60: 0
  61: 0
  62: 0
  63: 0
 heartbeats: # Per-process heartbeats
  0: 0
  1: 0
  2: 0
  3: 0
  4: 0
  5: 0
  6: 0
  7: 0
  8: 0
  9: 0
  10: 0
  11: 0
  12: 0
  13: 0
  14: 0
  15: 0
  16: 0
  17: 0
  18: 0
  19: 0
  20: 0
  21: 0
  22: 0
  23: 0
  24: 0
  25: 0
  26: 0
  27: 0
  28: 0
  29: 0
  30: 0
  31: 0
  32: 0
  33: 0
  34: 0
  35: 0
  36: 0
  37: 0
  38: 0
  39: 0
  40: 0
  41: 0
  42: 0
  43: 0
  44: 0
  45: 0
  46: 0
  47: 0
  48: 0
  49: 0
  50: 0
  51: 0
  52: 0
  53: 0
  54: 0
  55: 0
  56: 0
  57: 0
  58: 0
  59: 0
  60: 0
  61: 0
  62: 0
  63: 0
===
