# zsim stats
===
root: # Stats
 contention: # Contention simulation stats
  domain-0: # Domain stats
   time: 2638842005 # Weave simulation time
 time: # Simulator time breakdown
  init: 1087381443280
  bound: 15562157203
  weave: 6546448573
  ff: 0
 trigger: 20000 # Reason for this stats dump
 phase: 22643 # Simulated phases
 westmere: # Core stats
  westmere-0: # Core stats
   cycles: 226432168 # Simulated unhalted cycles
   cCycles: 42828035 # Cycles due to contention stalls
   instrs: 100001022 # Simulated instructions
   uops: 108864681 # Retired micro-ops
   bbls: 19687188 # Basic blocks
   approxInstrs: 1893886 # Instrs with approx uop decoding
   mispredBranches: 1212287 # Mispredicted branches
   condBranches: 18532997 # conditional branches
 l1i: # Cache stats
  l1i-0: # Filter cache stats
   fhGETS: 25931150 # Filtered GETS hits
   fhGETX: 0 # Filtered GETX hits
   hGETS: 196798 # GETS hits
   hGETX: 0 # GETX hits
   mGETS: 4555 # GETS misses
   mGETXIM: 0 # GETX I->M misses
   mGETXSM: 0 # GETX S->M misses (upgrade misses)
   PUTS: 0 # Clean evictions (from lower level)
   PUTX: 0 # Dirty evictions (from lower level)
   INV: 4450 # Invalidates (from upper level)
   INVX: 0 # Downgrades (from upper level)
   FWD: 0 # Forwards (from upper level)
   latGETnl: 564364 # GET request latency on next level
   latGETnet: 0 # GET request latency on network to next level
 l1d: # Cache stats
  l1d-0: # Filter cache stats
   fhGETS: 22492323 # Filtered GETS hits
   fhGETX: 4095717 # Filtered GETX hits
   hGETS: 2092005 # GETS hits
   hGETX: 2589896 # GETX hits
   mGETS: 3375720 # GETS misses
   mGETXIM: 672436 # GETX I->M misses
   mGETXSM: 0 # GETX S->M misses (upgrade misses)
   PUTS: 0 # Clean evictions (from lower level)
   PUTX: 0 # Dirty evictions (from lower level)
   INV: 1088 # Invalidates (from upper level)
   INVX: 0 # Downgrades (from upper level)
   FWD: 0 # Forwards (from upper level)
   latGETnl: 318935014 # GET request latency on next level
   latGETnet: 0 # GET request latency on network to next level
 l2: # Cache stats
  l2-0: # Cache stats
   hGETS: 653068 # GETS hits
   hGETX: 87036 # GETX hits
   mGETS: 2727207 # GETS misses
   mGETXIM: 585400 # GETX I->M misses
   mGETXSM: 0 # GETX S->M misses (upgrade misses)
   PUTS: 2305554 # Clean evictions (from lower level)
   PUTX: 1741017 # Dirty evictions (from lower level)
   INV: 17613 # Invalidates (from upper level)
   INVX: 0 # Downgrades (from upper level)
   FWD: 0 # Forwards (from upper level)
   latGETnl: 278972268 # GET request latency on next level
   latGETnet: 0 # GET request latency on network to next level
 l3: # Cache stats
  l3-0: # Cache stats
   hGETS: 868310 # GETS hits
   hGETX: 227967 # GETX hits
   mGETS: 1858897 # GETS misses
   mGETXIM: 357433 # GETX I->M misses
   mGETXSM: 0 # GETX S->M misses (upgrade misses)
   PUTS: 1974076 # Clean evictions (from lower level)
   PUTX: 1316822 # Dirty evictions (from lower level)
   INV: 0 # Invalidates (from upper level)
   INVX: 0 # Downgrades (from upper level)
   FWD: 0 # Forwards (from upper level)
   latGETnl: 199469700 # GET request latency on next level
   latGETnet: 0 # GET request latency on network to next level
 mem: # Memory controller stats
  mem-0: # Memory controller stats
   rd: 554861 # Read requests
   wr: 223451 # Write requests
   rdlat: 75717130 # Total latency experienced by read requests
   wrlat: 33902599 # Total latency experienced by write requests
   rdhits: 11106 # Read row hits
   wrhits: 1629 # Write row hits
   mlh: # latency histogram for memory requests
    0: 0
    1: 0
    2: 0
    3: 0
    4: 0
    5: 0
    6: 0
    7: 0
    8: 0
    9: 0
    10: 0
    11: 516
    12: 750
    13: 479997
    14: 48128
    15: 9050
    16: 3921
    17: 1416
    18: 536
    19: 602
    20: 579
    21: 602
    22: 615
    23: 676
    24: 1200
    25: 650
    26: 204
    27: 208
    28: 236
    29: 298
    30: 369
    31: 348
    32: 352
    33: 358
    34: 344
    35: 361
    36: 338
    37: 349
    38: 295
    39: 277
    40: 279
    41: 301
    42: 326
    43: 144
    44: 48
    45: 34
    46: 31
    47: 53
    48: 50
    49: 8
    50: 4
    51: 3
    52: 0
    53: 5
    54: 0
    55: 0
    56: 0
    57: 0
    58: 0
    59: 0
    60: 0
    61: 0
    62: 0
    63: 0
    64: 0
    65: 0
    66: 0
    67: 0
    68: 0
    69: 0
    70: 0
    71: 0
    72: 0
    73: 0
    74: 0
    75: 0
    76: 0
    77: 0
    78: 0
    79: 0
    80: 0
    81: 0
    82: 0
    83: 0
    84: 0
    85: 0
    86: 0
    87: 0
    88: 0
    89: 0
    90: 0
    91: 0
    92: 0
    93: 0
    94: 0
    95: 0
    96: 0
    97: 0
    98: 0
    99: 0
  mem-1: # Memory controller stats
   rd: 553870 # Read requests
   wr: 222393 # Write requests
   rdlat: 75536222 # Total latency experienced by read requests
   wrlat: 33726266 # Total latency experienced by write requests
   rdhits: 10844 # Read row hits
   wrhits: 1549 # Write row hits
   mlh: # latency histogram for memory requests
    0: 0
    1: 0
    2: 0
    3: 0
    4: 0
    5: 0
    6: 0
    7: 0
    8: 0
    9: 0
    10: 0
    11: 493
    12: 651
    13: 480127
    14: 47078
    15: 9238
    16: 4044
    17: 1378
    18: 614
    19: 512
    20: 666
    21: 662
    22: 582
    23: 658
    24: 1035
    25: 622
    26: 204
    27: 238
    28: 228
    29: 269
    30: 349
    31: 335
    32: 309
    33: 338
    34: 330
    35: 365
    36: 331
    37: 336
    38: 299
    39: 303
    40: 310
    41: 287
    42: 298
    43: 139
    44: 46
    45: 27
    46: 45
    47: 46
    48: 58
    49: 10
    50: 4
    51: 2
    52: 1
    53: 1
    54: 2
    55: 0
    56: 0
    57: 0
    58: 0
    59: 0
    60: 0
    61: 0
    62: 0
    63: 0
    64: 0
    65: 0
    66: 0
    67: 0
    68: 0
    69: 0
    70: 0
    71: 0
    72: 0
    73: 0
    74: 0
    75: 0
    76: 0
    77: 0
    78: 0
    79: 0
    80: 0
    81: 0
    82: 0
    83: 0
    84: 0
    85: 0
    86: 0
    87: 0
    88: 0
    89: 0
    90: 0
    91: 0
    92: 0
    93: 0
    94: 0
    95: 0
    96: 0
    97: 0
    98: 0
    99: 0
  mem-2: # Memory controller stats
   rd: 554952 # Read requests
   wr: 222587 # Write requests
   rdlat: 75740633 # Total latency experienced by read requests
   wrlat: 33763500 # Total latency experienced by write requests
   rdhits: 10805 # Read row hits
   wrhits: 1536 # Write row hits
   mlh: # latency histogram for memory requests
    0: 0
    1: 0
    2: 0
    3: 0
    4: 0
    5: 0
    6: 0
    7: 0
    8: 0
    9: 0
    10: 0
    11: 465
    12: 644
    13: 478934
    14: 49353
    15: 9235
    16: 4017
    17: 1386
    18: 550
    19: 556
    20: 652
    21: 667
    22: 596
    23: 616
    24: 1045
    25: 606
    26: 175
    27: 202
    28: 240
    29: 301
    30: 355
    31: 358
    32: 342
    33: 339
    34: 357
    35: 384
    36: 325
    37: 321
    38: 301
    39: 311
    40: 281
    41: 308
    42: 328
    43: 152
    44: 55
    45: 38
    46: 42
    47: 51
    48: 48
    49: 6
    50: 3
    51: 5
    52: 0
    53: 2
    54: 0
    55: 0
    56: 0
    57: 0
    58: 0
    59: 0
    60: 0
    61: 0
    62: 0
    63: 0
    64: 0
    65: 0
    66: 0
    67: 0
    68: 0
    69: 0
    70: 0
    71: 0
    72: 0
    73: 0
    74: 0
    75: 0
    76: 0
    77: 0
    78: 0
    79: 0
    80: 0
    81: 0
    82: 0
    83: 0
    84: 0
    85: 0
    86: 0
    87: 0
    88: 0
    89: 0
    90: 0
    91: 0
    92: 0
    93: 0
    94: 0
    95: 0
    96: 0
    97: 0
    98: 0
    99: 0
  mem-3: # Memory controller stats
   rd: 552622 # Read requests
   wr: 222180 # Write requests
   rdlat: 75396979 # Total latency experienced by read requests
   wrlat: 33685611 # Total latency experienced by write requests
   rdhits: 11101 # Read row hits
   wrhits: 1515 # Write row hits
   mlh: # latency histogram for memory requests
    0: 0
    1: 0
    2: 0
    3: 0
    4: 0
    5: 0
    6: 0
    7: 0
    8: 0
    9: 0
    10: 0
    11: 532
    12: 774
    13: 476775
    14: 49796
    15: 8700
    16: 3912
    17: 1355
    18: 513
    19: 522
    20: 623
    21: 659
    22: 544
    23: 671
    24: 1062
    25: 634
    26: 200
    27: 222
    28: 254
    29: 263
    30: 326
    31: 344
    32: 336
    33: 342
    34: 383
    35: 348
    36: 331
    37: 344
    38: 295
    39: 271
    40: 312
    41: 277
    42: 301
    43: 142
    44: 42
    45: 31
    46: 38
    47: 53
    48: 66
    49: 12
    50: 4
    51: 4
    52: 3
    53: 3
    54: 2
    55: 0
    56: 0
    57: 0
    58: 0
    59: 1
    60: 0
    61: 0
    62: 0
    63: 0
    64: 0
    65: 0
    66: 0
    67: 0
    68: 0
    69: 0
    70: 0
    71: 0
    72: 0
    73: 0
    74: 0
    75: 0
    76: 0
    77: 0
    78: 0
    79: 0
    80: 0
    81: 0
    82: 0
    83: 0
    84: 0
    85: 0
    86: 0
    87: 0
    88: 0
    89: 0
    90: 0
    91: 0
    92: 0
    93: 0
    94: 0
    95: 0
    96: 0
    97: 0
    98: 0
    99: 0
 sched: # Scheduler stats
  thCr: 1 # Threads created
  thFn: 1 # Threads finished
  schedEvs: 1 # Schedule events
  waitEvs: 0 # Wait events
  handoffEvs: 0 # Handoff events
  sleepEvs: 0 # Sleep events
  idlePhases: 0 # Phases with no thread active
  idlePeriods: 0 # Periods with no thread active
  occHist: # Occupancy histogram
   0: 0
   1: 22643
  rqSzHist: # Run queue size histogram
   0: 22643
   1: 0
   2: 0
   3: 0
   4: 0
   5: 0
   6: 0
   7: 0
   8: 0
   9: 0
   10: 0
   11: 0
   12: 0
   13: 0
   14: 0
   15: 0
   16: 0
 procCycles: # Per-process unhalted core cycles
  0: 226432168
  1: 0
  2: 0
  3: 0
  4: 0
  5: 0
  6: 0
  7: 0
  8: 0
  9: 0
  10: 0
  11: 0
  12: 0
  13: 0
  14: 0
  15: 0
  16: 0
  17: 0
  18: 0
  19: 0
  20: 0
  21: 0
  22: 0
  23: 0
  24: 0
  25: 0
  26: 0
  27: 0
  28: 0
  29: 0
  30: 0
  31: 0
  32: 0
  33: 0
  34: 0
  35: 0
  36: 0
  37: 0
  38: 0
  39: 0
  40: 0
  41: 0
  42: 0
  43: 0
  44: 0
  45: 0
  46: 0
  47: 0
  48: 0
  49: 0
  50: 0
  51: 0
  52: 0
  53: 0
  54: 0
  55: 0
  56: 0
  57: 0
  58: 0
  59: 0
  60: 0
  61: 0
  62: 0
  63: 0
 procInstrs: # Per-process instructions
  0: 100001022
  1: 0
  2: 0
  3: 0
  4: 0
  5: 0
  6: 0
  7: 0
  8: 0
  9: 0
  10: 0
  11: 0
  12: 0
  13: 0
  14: 0
  15: 0
  16: 0
  17: 0
  18: 0
  19: 0
  20: 0
  21: 0
  22: 0
  23: 0
  24: 0
  25: 0
  26: 0
  27: 0
  28: 0
  29: 0
  30: 0
  31: 0
  32: 0
  33: 0
  34: 0
  35: 0
  36: 0
  37: 0
  38: 0
  39: 0
  40: 0
  41: 0
  42: 0
  43: 0
  44: 0
  45: 0
  46: 0
  47: 0
  48: 0
  49: 0
  50: 0
  51: 0
  52: 0
  53: 0
  54: 0
  55: 0
  56: 0
  57: 0
  58: 0
  59: 0
  60: 0
  61: 0
  62: 0
  63: 0
 heartbeats: # Per-process heartbeats
  0: 0
  1: 0
  2: 0
  3: 0
  4: 0
  5: 0
  6: 0
  7: 0
  8: 0
  9: 0
  10: 0
  11: 0
  12: 0
  13: 0
  14: 0
  15: 0
  16: 0
  17: 0
  18: 0
  19: 0
  20: 0
  21: 0
  22: 0
  23: 0
  24: 0
  25: 0
  26: 0
  27: 0
  28: 0
  29: 0
  30: 0
  31: 0
  32: 0
  33: 0
  34: 0
  35: 0
  36: 0
  37: 0
  38: 0
  39: 0
  40: 0
  41: 0
  42: 0
  43: 0
  44: 0
  45: 0
  46: 0
  47: 0
  48: 0
  49: 0
  50: 0
  51: 0
  52: 0
  53: 0
  54: 0
  55: 0
  56: 0
  57: 0
  58: 0
  59: 0
  60: 0
  61: 0
  62: 0
  63: 0
===
