# zsim stats
===
root: # Stats
 contention: # Contention simulation stats
  domain-0: # Domain stats
   time: 4047493307 # Weave simulation time
 time: # Simulator time breakdown
  init: 1035142387
  bound: 209300987545
  weave: 4964771520
  ff: 0
 trigger: 20000 # Reason for this stats dump
 phase: 48079 # Simulated phases
 westmere: # Core stats
  westmere-0: # Core stats
   cycles: 392723010 # Simulated unhalted cycles
   cCycles: 8437753 # Cycles due to contention stalls
   instrs: 651674058 # Simulated instructions
   uops: 759342766 # Retired micro-ops
   bbls: 47512486 # Basic blocks
   approxInstrs: 100986700 # Instrs with approx uop decoding
   mispredBranches: 3304214 # Mispredicted branches
   condBranches: 26811702 # conditional branches
  westmere-1: # Core stats
   cycles: 353764474 # Simulated unhalted cycles
   cCycles: 6205441 # Cycles due to contention stalls
   instrs: 580394358 # Simulated instructions
   uops: 675731293 # Retired micro-ops
   bbls: 42098099 # Basic blocks
   approxInstrs: 91088983 # Instrs with approx uop decoding
   mispredBranches: 3087551 # Mispredicted branches
   condBranches: 23557728 # conditional branches
  westmere-2: # Core stats
   cycles: 387845454 # Simulated unhalted cycles
   cCycles: 7306647 # Cycles due to contention stalls
   instrs: 641924678 # Simulated instructions
   uops: 748883111 # Retired micro-ops
   bbls: 47653308 # Basic blocks
   approxInstrs: 100464588 # Instrs with approx uop decoding
   mispredBranches: 3568081 # Mispredicted branches
   condBranches: 26491181 # conditional branches
  westmere-3: # Core stats
   cycles: 385139179 # Simulated unhalted cycles
   cCycles: 6943472 # Cycles due to contention stalls
   instrs: 636959297 # Simulated instructions
   uops: 741106910 # Retired micro-ops
   bbls: 46356838 # Basic blocks
   approxInstrs: 98683825 # Instrs with approx uop decoding
   mispredBranches: 3297523 # Mispredicted branches
   condBranches: 25973540 # conditional branches
  westmere-4: # Core stats
   cycles: 343705151 # Simulated unhalted cycles
   cCycles: 6234377 # Cycles due to contention stalls
   instrs: 564071079 # Simulated instructions
   uops: 656482354 # Retired micro-ops
   bbls: 40879924 # Basic blocks
   approxInstrs: 89021475 # Instrs with approx uop decoding
   mispredBranches: 2936183 # Mispredicted branches
   condBranches: 22763709 # conditional branches
  westmere-5: # Core stats
   cycles: 416482096 # Simulated unhalted cycles
   cCycles: 9182924 # Cycles due to contention stalls
   instrs: 693543211 # Simulated instructions
   uops: 806671714 # Retired micro-ops
   bbls: 51219872 # Basic blocks
   approxInstrs: 102727332 # Instrs with approx uop decoding
   mispredBranches: 3580168 # Mispredicted branches
   condBranches: 29018200 # conditional branches
  westmere-6: # Core stats
   cycles: 373978409 # Simulated unhalted cycles
   cCycles: 8583162 # Cycles due to contention stalls
   instrs: 615515176 # Simulated instructions
   uops: 717018522 # Retired micro-ops
   bbls: 45682845 # Basic blocks
   approxInstrs: 93202353 # Instrs with approx uop decoding
   mispredBranches: 3175528 # Mispredicted branches
   condBranches: 25655047 # conditional branches
  westmere-7: # Core stats
   cycles: 374647530 # Simulated unhalted cycles
   cCycles: 6042291 # Cycles due to contention stalls
   instrs: 616031436 # Simulated instructions
   uops: 717647341 # Retired micro-ops
   bbls: 44695440 # Basic blocks
   approxInstrs: 96717493 # Instrs with approx uop decoding
   mispredBranches: 3273152 # Mispredicted branches
   condBranches: 25142570 # conditional branches
 l1i: # Cache stats
  l1i-0: # Filter cache stats
   fhGETS: 70528293 # Filtered GETS hits
   fhGETX: 0 # Filtered GETX hits
   hGETS: 10111543 # GETS hits
   hGETX: 0 # GETX hits
   mGETS: 4626991 # GETS misses
   mGETXIM: 0 # GETX I->M misses
   mGETXSM: 0 # GETX S->M misses (upgrade misses)
   PUTS: 0 # Clean evictions (from lower level)
   PUTX: 0 # Dirty evictions (from lower level)
   INV: 7 # Invalidates (from upper level)
   INVX: 0 # Downgrades (from upper level)
   FWD: 0 # Forwards (from upper level)
   latGETnl: 57690898 # GET request latency on next level
   latGETnet: 0 # GET request latency on network to next level
  l1i-1: # Filter cache stats
   fhGETS: 63368753 # Filtered GETS hits
   fhGETX: 0 # Filtered GETX hits
   hGETS: 8081207 # GETS hits
   hGETX: 0 # GETX hits
   mGETS: 4854110 # GETS misses
   mGETXIM: 0 # GETX I->M misses
   mGETXSM: 0 # GETX S->M misses (upgrade misses)
   PUTS: 0 # Clean evictions (from lower level)
   PUTX: 0 # Dirty evictions (from lower level)
   INV: 3 # Invalidates (from upper level)
   INVX: 0 # Downgrades (from upper level)
   FWD: 0 # Forwards (from upper level)
   latGETnl: 58160942 # GET request latency on next level
   latGETnet: 0 # GET request latency on network to next level
  l1i-2: # Filter cache stats
   fhGETS: 71760177 # Filtered GETS hits
   fhGETX: 0 # Filtered GETX hits
   hGETS: 9338269 # GETS hits
   hGETX: 0 # GETX hits
   mGETS: 4695027 # GETS misses
   mGETXIM: 0 # GETX I->M misses
   mGETXSM: 0 # GETX S->M misses (upgrade misses)
   PUTS: 0 # Clean evictions (from lower level)
   PUTX: 0 # Dirty evictions (from lower level)
   INV: 10 # Invalidates (from upper level)
   INVX: 0 # Downgrades (from upper level)
   FWD: 0 # Forwards (from upper level)
   latGETnl: 56550246 # GET request latency on next level
   latGETnet: 0 # GET request latency on network to next level
  l1i-3: # Filter cache stats
   fhGETS: 69361420 # Filtered GETS hits
   fhGETX: 0 # Filtered GETX hits
   hGETS: 9167361 # GETS hits
   hGETX: 0 # GETX hits
   mGETS: 5047183 # GETS misses
   mGETXIM: 0 # GETX I->M misses
   mGETXSM: 0 # GETX S->M misses (upgrade misses)
   PUTS: 0 # Clean evictions (from lower level)
   PUTX: 0 # Dirty evictions (from lower level)
   INV: 3 # Invalidates (from upper level)
   INVX: 0 # Downgrades (from upper level)
   FWD: 0 # Forwards (from upper level)
   latGETnl: 61321822 # GET request latency on next level
   latGETnet: 0 # GET request latency on network to next level
  l1i-4: # Filter cache stats
   fhGETS: 61315932 # Filtered GETS hits
   fhGETX: 0 # Filtered GETX hits
   hGETS: 7788463 # GETS hits
   hGETX: 0 # GETX hits
   mGETS: 4749885 # GETS misses
   mGETXIM: 0 # GETX I->M misses
   mGETXSM: 0 # GETX S->M misses (upgrade misses)
   PUTS: 0 # Clean evictions (from lower level)
   PUTX: 0 # Dirty evictions (from lower level)
   INV: 10 # Invalidates (from upper level)
   INVX: 0 # Downgrades (from upper level)
   FWD: 0 # Forwards (from upper level)
   latGETnl: 57014100 # GET request latency on next level
   latGETnet: 0 # GET request latency on network to next level
  l1i-5: # Filter cache stats
   fhGETS: 76606598 # Filtered GETS hits
   fhGETX: 0 # Filtered GETX hits
   hGETS: 10470285 # GETS hits
   hGETX: 0 # GETX hits
   mGETS: 4591190 # GETS misses
   mGETXIM: 0 # GETX I->M misses
   mGETXSM: 0 # GETX S->M misses (upgrade misses)
   PUTS: 0 # Clean evictions (from lower level)
   PUTX: 0 # Dirty evictions (from lower level)
   INV: 7 # Invalidates (from upper level)
   INVX: 0 # Downgrades (from upper level)
   FWD: 0 # Forwards (from upper level)
   latGETnl: 57814430 # GET request latency on next level
   latGETnet: 0 # GET request latency on network to next level
  l1i-6: # Filter cache stats
   fhGETS: 67637216 # Filtered GETS hits
   fhGETX: 0 # Filtered GETX hits
   hGETS: 9235954 # GETS hits
   hGETX: 0 # GETX hits
   mGETS: 4588753 # GETS misses
   mGETXIM: 0 # GETX I->M misses
   mGETXSM: 0 # GETX S->M misses (upgrade misses)
   PUTS: 0 # Clean evictions (from lower level)
   PUTX: 0 # Dirty evictions (from lower level)
   INV: 8 # Invalidates (from upper level)
   INVX: 0 # Downgrades (from upper level)
   FWD: 0 # Forwards (from upper level)
   latGETnl: 56137354 # GET request latency on next level
   latGETnet: 0 # GET request latency on network to next level
  l1i-7: # Filter cache stats
   fhGETS: 67270403 # Filtered GETS hits
   fhGETX: 0 # Filtered GETX hits
   hGETS: 8646835 # GETS hits
   hGETX: 0 # GETX hits
   mGETS: 5082139 # GETS misses
   mGETXIM: 0 # GETX I->M misses
   mGETXSM: 0 # GETX S->M misses (upgrade misses)
   PUTS: 0 # Clean evictions (from lower level)
   PUTX: 0 # Dirty evictions (from lower level)
   INV: 7 # Invalidates (from upper level)
   INVX: 0 # Downgrades (from upper level)
   FWD: 0 # Forwards (from upper level)
   latGETnl: 61883062 # GET request latency on next level
   latGETnet: 0 # GET request latency on network to next level
 l1d: # Cache stats
  l1d-0: # Filter cache stats
   fhGETS: 144952250 # Filtered GETS hits
   fhGETX: 45790463 # Filtered GETX hits
   hGETS: 26800359 # GETS hits
   hGETX: 6678006 # GETX hits
   mGETS: 4853179 # GETS misses
   mGETXIM: 715696 # GETX I->M misses
   mGETXSM: 910 # GETX S->M misses (upgrade misses)
   PUTS: 0 # Clean evictions (from lower level)
   PUTX: 0 # Dirty evictions (from lower level)
   INV: 1103 # Invalidates (from upper level)
   INVX: 13527 # Downgrades (from upper level)
   FWD: 0 # Forwards (from upper level)
   latGETnl: 157459241 # GET request latency on next level
   latGETnet: 0 # GET request latency on network to next level
  l1d-1: # Filter cache stats
   fhGETS: 128361619 # Filtered GETS hits
   fhGETX: 40195752 # Filtered GETX hits
   hGETS: 23115813 # GETS hits
   hGETX: 5778926 # GETX hits
   mGETS: 4516588 # GETS misses
   mGETXIM: 611737 # GETX I->M misses
   mGETXSM: 867 # GETX S->M misses (upgrade misses)
   PUTS: 0 # Clean evictions (from lower level)
   PUTX: 0 # Dirty evictions (from lower level)
   INV: 1155 # Invalidates (from upper level)
   INVX: 5192 # Downgrades (from upper level)
   FWD: 0 # Forwards (from upper level)
   latGETnl: 126024552 # GET request latency on next level
   latGETnet: 0 # GET request latency on network to next level
  l1d-2: # Filter cache stats
   fhGETS: 140281511 # Filtered GETS hits
   fhGETX: 48083894 # Filtered GETX hits
   hGETS: 24692808 # GETS hits
   hGETX: 6530198 # GETX hits
   mGETS: 4203078 # GETS misses
   mGETXIM: 612786 # GETX I->M misses
   mGETXSM: 835 # GETX S->M misses (upgrade misses)
   PUTS: 0 # Clean evictions (from lower level)
   PUTX: 0 # Dirty evictions (from lower level)
   INV: 687 # Invalidates (from upper level)
   INVX: 5279 # Downgrades (from upper level)
   FWD: 0 # Forwards (from upper level)
   latGETnl: 130226697 # GET request latency on next level
   latGETnet: 0 # GET request latency on network to next level
  l1d-3: # Filter cache stats
   fhGETS: 140139946 # Filtered GETS hits
   fhGETX: 44002280 # Filtered GETX hits
   hGETS: 26041292 # GETS hits
   hGETX: 6429558 # GETX hits
   mGETS: 4949187 # GETS misses
   mGETXIM: 692445 # GETX I->M misses
   mGETXSM: 3718 # GETX S->M misses (upgrade misses)
   PUTS: 0 # Clean evictions (from lower level)
   PUTX: 0 # Dirty evictions (from lower level)
   INV: 1237 # Invalidates (from upper level)
   INVX: 5136 # Downgrades (from upper level)
   FWD: 0 # Forwards (from upper level)
   latGETnl: 138575067 # GET request latency on next level
   latGETnet: 0 # GET request latency on network to next level
  l1d-4: # Filter cache stats
   fhGETS: 123434402 # Filtered GETS hits
   fhGETX: 39126203 # Filtered GETX hits
   hGETS: 22489424 # GETS hits
   hGETX: 5743326 # GETX hits
   mGETS: 4345629 # GETS misses
   mGETXIM: 593038 # GETX I->M misses
   mGETXSM: 2109 # GETX S->M misses (upgrade misses)
   PUTS: 0 # Clean evictions (from lower level)
   PUTX: 0 # Dirty evictions (from lower level)
   INV: 656 # Invalidates (from upper level)
   INVX: 3840 # Downgrades (from upper level)
   FWD: 0 # Forwards (from upper level)
   latGETnl: 122428358 # GET request latency on next level
   latGETnet: 0 # GET request latency on network to next level
  l1d-5: # Filter cache stats
   fhGETS: 154320456 # Filtered GETS hits
   fhGETX: 48509706 # Filtered GETX hits
   hGETS: 28120839 # GETS hits
   hGETX: 6828956 # GETX hits
   mGETS: 4939264 # GETS misses
   mGETXIM: 694764 # GETX I->M misses
   mGETXSM: 2529 # GETX S->M misses (upgrade misses)
   PUTS: 0 # Clean evictions (from lower level)
   PUTX: 0 # Dirty evictions (from lower level)
   INV: 1204 # Invalidates (from upper level)
   INVX: 9876 # Downgrades (from upper level)
   FWD: 0 # Forwards (from upper level)
   latGETnl: 162988804 # GET request latency on next level
   latGETnet: 0 # GET request latency on network to next level
  l1d-6: # Filter cache stats
   fhGETS: 134858787 # Filtered GETS hits
   fhGETX: 43261192 # Filtered GETX hits
   hGETS: 25859226 # GETS hits
   hGETX: 6483558 # GETX hits
   mGETS: 4391171 # GETS misses
   mGETXIM: 703090 # GETX I->M misses
   mGETXSM: 2323 # GETX S->M misses (upgrade misses)
   PUTS: 0 # Clean evictions (from lower level)
   PUTX: 0 # Dirty evictions (from lower level)
   INV: 1307 # Invalidates (from upper level)
   INVX: 6125 # Downgrades (from upper level)
   FWD: 0 # Forwards (from upper level)
   latGETnl: 143476616 # GET request latency on next level
   latGETnet: 0 # GET request latency on network to next level
  l1d-7: # Filter cache stats
   fhGETS: 137010173 # Filtered GETS hits
   fhGETX: 42331102 # Filtered GETX hits
   hGETS: 25177775 # GETS hits
   hGETX: 6200153 # GETX hits
   mGETS: 4999135 # GETS misses
   mGETXIM: 635126 # GETX I->M misses
   mGETXSM: 3745 # GETX S->M misses (upgrade misses)
   PUTS: 0 # Clean evictions (from lower level)
   PUTX: 0 # Dirty evictions (from lower level)
   INV: 862 # Invalidates (from upper level)
   INVX: 4432 # Downgrades (from upper level)
   FWD: 0 # Forwards (from upper level)
   latGETnl: 135325016 # GET request latency on next level
   latGETnet: 0 # GET request latency on network to next level
 l2: # Cache stats
  l2-0: # Cache stats
   hGETS: 7330114 # GETS hits
   hGETX: 429924 # GETX hits
   mGETS: 2150056 # GETS misses
   mGETXIM: 285695 # GETX I->M misses
   mGETXSM: 987 # GETX S->M misses (upgrade misses)
   PUTS: 9253491 # Clean evictions (from lower level)
   PUTX: 940245 # Dirty evictions (from lower level)
   INV: 1550 # Invalidates (from upper level)
   INVX: 76643 # Downgrades (from upper level)
   FWD: 0 # Forwards (from upper level)
   latGETnl: 113182379 # GET request latency on next level
   latGETnet: 0 # GET request latency on network to next level
  l2-1: # Cache stats
   hGETS: 7618280 # GETS hits
   hGETX: 479797 # GETX hits
   mGETS: 1752418 # GETS misses
   mGETXIM: 131840 # GETX I->M misses
   mGETXSM: 967 # GETX S->M misses (upgrade misses)
   PUTS: 9143790 # Clean evictions (from lower level)
   PUTX: 836466 # Dirty evictions (from lower level)
   INV: 5004 # Invalidates (from upper level)
   INVX: 45782 # Downgrades (from upper level)
   FWD: 0 # Forwards (from upper level)
   latGETnl: 84352474 # GET request latency on next level
   latGETnet: 0 # GET request latency on network to next level
  l2-2: # Cache stats
   hGETS: 7145699 # GETS hits
   hGETX: 403058 # GETX hits
   mGETS: 1752406 # GETS misses
   mGETXIM: 209642 # GETX I->M misses
   mGETXSM: 921 # GETX S->M misses (upgrade misses)
   PUTS: 8685520 # Clean evictions (from lower level)
   PUTX: 823652 # Dirty evictions (from lower level)
   INV: 1271 # Invalidates (from upper level)
   INVX: 50545 # Downgrades (from upper level)
   FWD: 0 # Forwards (from upper level)
   latGETnl: 91659683 # GET request latency on next level
   latGETnet: 0 # GET request latency on network to next level
  l2-3: # Cache stats
   hGETS: 8045256 # GETS hits
   hGETX: 508294 # GETX hits
   mGETS: 1951114 # GETS misses
   mGETXIM: 184046 # GETX I->M misses
   mGETXSM: 3823 # GETX S->M misses (upgrade misses)
   PUTS: 9765898 # Clean evictions (from lower level)
   PUTX: 920658 # Dirty evictions (from lower level)
   INV: 5401 # Invalidates (from upper level)
   INVX: 44622 # Downgrades (from upper level)
   FWD: 0 # Forwards (from upper level)
   latGETnl: 92971559 # GET request latency on next level
   latGETnet: 0 # GET request latency on network to next level
  l2-4: # Cache stats
   hGETS: 7394709 # GETS hits
   hGETX: 454504 # GETX hits
   mGETS: 1700805 # GETS misses
   mGETXIM: 138491 # GETX I->M misses
   mGETXSM: 2152 # GETX S->M misses (upgrade misses)
   PUTS: 8877095 # Clean evictions (from lower level)
   PUTX: 809772 # Dirty evictions (from lower level)
   INV: 1216 # Invalidates (from upper level)
   INVX: 34839 # Downgrades (from upper level)
   FWD: 0 # Forwards (from upper level)
   latGETnl: 82535848 # GET request latency on next level
   latGETnet: 0 # GET request latency on network to next level
  l2-5: # Cache stats
   hGETS: 7347830 # GETS hits
   hGETX: 419608 # GETX hits
   mGETS: 2182624 # GETS misses
   mGETXIM: 275088 # GETX I->M misses
   mGETXSM: 2597 # GETX S->M misses (upgrade misses)
   PUTS: 9317910 # Clean evictions (from lower level)
   PUTX: 905077 # Dirty evictions (from lower level)
   INV: 3402 # Invalidates (from upper level)
   INVX: 44414 # Downgrades (from upper level)
   FWD: 0 # Forwards (from upper level)
   latGETnl: 118525764 # GET request latency on next level
   latGETnet: 0 # GET request latency on network to next level
  l2-6: # Cache stats
   hGETS: 7150252 # GETS hits
   hGETX: 456469 # GETX hits
   mGETS: 1829672 # GETS misses
   mGETXIM: 246521 # GETX I->M misses
   mGETXSM: 2423 # GETX S->M misses (upgrade misses)
   PUTS: 8770923 # Clean evictions (from lower level)
   PUTX: 909754 # Dirty evictions (from lower level)
   INV: 3148 # Invalidates (from upper level)
   INVX: 37907 # Downgrades (from upper level)
   FWD: 0 # Forwards (from upper level)
   latGETnl: 102760600 # GET request latency on next level
   latGETnet: 0 # GET request latency on network to next level
  l2-7: # Cache stats
   hGETS: 8055741 # GETS hits
   hGETX: 494750 # GETX hits
   mGETS: 2025533 # GETS misses
   mGETXIM: 140306 # GETX I->M misses
   mGETXSM: 3815 # GETX S->M misses (upgrade misses)
   PUTS: 9830335 # Clean evictions (from lower level)
   PUTX: 884175 # Dirty evictions (from lower level)
   INV: 3065 # Invalidates (from upper level)
   INVX: 49729 # Downgrades (from upper level)
   FWD: 0 # Forwards (from upper level)
   latGETnl: 90006628 # GET request latency on next level
   latGETnet: 0 # GET request latency on network to next level
 l3: # Cache stats
  l3-0b0: # Cache stats
   hGETS: 1495106 # GETS hits
   hGETX: 55249 # GETX hits
   mGETS: 356939 # GETS misses
   mGETXIM: 148447 # GETX I->M misses
   mGETXSM: 0 # GETX S->M misses (upgrade misses)
   PUTS: 1768935 # Clean evictions (from lower level)
   PUTX: 277409 # Dirty evictions (from lower level)
   INV: 0 # Invalidates (from upper level)
   INVX: 0 # Downgrades (from upper level)
   FWD: 0 # Forwards (from upper level)
   latGETnl: 45484740 # GET request latency on next level
   latGETnet: 0 # GET request latency on network to next level
  l3-0b1: # Cache stats
   hGETS: 1583345 # GETS hits
   hGETX: 52890 # GETX hits
   mGETS: 358119 # GETS misses
   mGETXIM: 148239 # GETX I->M misses
   mGETXSM: 0 # GETX S->M misses (upgrade misses)
   PUTS: 1855015 # Clean evictions (from lower level)
   PUTX: 278154 # Dirty evictions (from lower level)
   INV: 0 # Invalidates (from upper level)
   INVX: 0 # Downgrades (from upper level)
   FWD: 0 # Forwards (from upper level)
   latGETnl: 45572220 # GET request latency on next level
   latGETnet: 0 # GET request latency on network to next level
  l3-0b2: # Cache stats
   hGETS: 1535832 # GETS hits
   hGETX: 56051 # GETX hits
   mGETS: 357779 # GETS misses
   mGETXIM: 148676 # GETX I->M misses
   mGETXSM: 0 # GETX S->M misses (upgrade misses)
   PUTS: 1809182 # Clean evictions (from lower level)
   PUTX: 280307 # Dirty evictions (from lower level)
   INV: 0 # Invalidates (from upper level)
   INVX: 0 # Downgrades (from upper level)
   FWD: 0 # Forwards (from upper level)
   latGETnl: 45580950 # GET request latency on next level
   latGETnet: 0 # GET request latency on network to next level
  l3-0b3: # Cache stats
   hGETS: 1546931 # GETS hits
   hGETX: 51745 # GETX hits
   mGETS: 357350 # GETS misses
   mGETXIM: 148380 # GETX I->M misses
   mGETXSM: 0 # GETX S->M misses (upgrade misses)
   PUTS: 1819015 # Clean evictions (from lower level)
   PUTX: 274943 # Dirty evictions (from lower level)
   INV: 0 # Invalidates (from upper level)
   INVX: 0 # Downgrades (from upper level)
   FWD: 0 # Forwards (from upper level)
   latGETnl: 45515700 # GET request latency on next level
   latGETnet: 0 # GET request latency on network to next level
  l3-0b4: # Cache stats
   hGETS: 1664289 # GETS hits
   hGETX: 60834 # GETX hits
   mGETS: 358297 # GETS misses
   mGETXIM: 148737 # GETX I->M misses
   mGETXSM: 0 # GETX S->M misses (upgrade misses)
   PUTS: 1934826 # Clean evictions (from lower level)
   PUTX: 288564 # Dirty evictions (from lower level)
   INV: 0 # Invalidates (from upper level)
   INVX: 0 # Downgrades (from upper level)
   FWD: 0 # Forwards (from upper level)
   latGETnl: 45633060 # GET request latency on next level
   latGETnet: 0 # GET request latency on network to next level
  l3-0b5: # Cache stats
   hGETS: 1495841 # GETS hits
   hGETX: 50296 # GETX hits
   mGETS: 356622 # GETS misses
   mGETXIM: 148966 # GETX I->M misses
   mGETXSM: 0 # GETX S->M misses (upgrade misses)
   PUTS: 1763428 # Clean evictions (from lower level)
   PUTX: 278099 # Dirty evictions (from lower level)
   INV: 0 # Invalidates (from upper level)
   INVX: 0 # Downgrades (from upper level)
   FWD: 0 # Forwards (from upper level)
   latGETnl: 45502920 # GET request latency on next level
   latGETnet: 0 # GET request latency on network to next level
  l3-0b6: # Cache stats
   hGETS: 1535728 # GETS hits
   hGETX: 55739 # GETX hits
   mGETS: 358302 # GETS misses
   mGETXIM: 148194 # GETX I->M misses
   mGETXSM: 0 # GETX S->M misses (upgrade misses)
   PUTS: 1809011 # Clean evictions (from lower level)
   PUTX: 280052 # Dirty evictions (from lower level)
   INV: 0 # Invalidates (from upper level)
   INVX: 0 # Downgrades (from upper level)
   FWD: 0 # Forwards (from upper level)
   latGETnl: 45584640 # GET request latency on next level
   latGETnet: 0 # GET request latency on network to next level
  l3-0b7: # Cache stats
   hGETS: 1626028 # GETS hits
   hGETX: 58206 # GETX hits
   mGETS: 358120 # GETS misses
   mGETXIM: 148665 # GETX I->M misses
   mGETXSM: 0 # GETX S->M misses (upgrade misses)
   PUTS: 1895032 # Clean evictions (from lower level)
   PUTX: 287485 # Dirty evictions (from lower level)
   INV: 0 # Invalidates (from upper level)
   INVX: 0 # Downgrades (from upper level)
   FWD: 0 # Forwards (from upper level)
   latGETnl: 45610650 # GET request latency on next level
   latGETnet: 0 # GET request latency on network to next level
 mem: # Memory controller stats
  mem-0: # Memory controller stats
   rd: 1012612 # Read requests
   wr: 372908 # Write requests
   rdlat: 141125365 # Total latency experienced by read requests
   wrlat: 63884520 # Total latency experienced by write requests
   rdhits: 51817 # Read row hits
   wrhits: 1347 # Write row hits
   mlh: # latency histogram for memory requests
    0: 0
    1: 0
    2: 0
    3: 0
    4: 0
    5: 0
    6: 0
    7: 0
    8: 0
    9: 0
    10: 0
    11: 363
    12: 22585
    13: 761015
    14: 121968
    15: 41820
    16: 17846
    17: 15783
    18: 4037
    19: 3580
    20: 2646
    21: 2342
    22: 1715
    23: 2304
    24: 1729
    25: 1610
    26: 539
    27: 631
    28: 506
    29: 507
    30: 534
    31: 629
    32: 671
    33: 622
    34: 618
    35: 606
    36: 606
    37: 607
    38: 583
    39: 594
    40: 564
    41: 549
    42: 547
    43: 323
    44: 174
    45: 129
    46: 184
    47: 204
    48: 183
    49: 54
    50: 31
    51: 24
    52: 10
    53: 12
    54: 6
    55: 4
    56: 3
    57: 3
    58: 4
    59: 2
    60: 3
    61: 1
    62: 2
    63: 0
    64: 0
    65: 0
    66: 0
    67: 0
    68: 0
    69: 0
    70: 0
    71: 0
    72: 0
    73: 0
    74: 0
    75: 0
    76: 0
    77: 0
    78: 0
    79: 0
    80: 0
    81: 0
    82: 0
    83: 0
    84: 0
    85: 0
    86: 0
    87: 0
    88: 0
    89: 0
    90: 0
    91: 0
    92: 0
    93: 0
    94: 0
    95: 0
    96: 0
    97: 0
    98: 0
    99: 0
  mem-1: # Memory controller stats
   rd: 1012370 # Read requests
   wr: 372278 # Write requests
   rdlat: 141117126 # Total latency experienced by read requests
   wrlat: 63737259 # Total latency experienced by write requests
   rdhits: 51996 # Read row hits
   wrhits: 1306 # Write row hits
   mlh: # latency histogram for memory requests
    0: 0
    1: 0
    2: 0
    3: 0
    4: 0
    5: 0
    6: 0
    7: 0
    8: 0
    9: 0
    10: 0
    11: 374
    12: 22694
    13: 759428
    14: 121967
    15: 42854
    16: 18125
    17: 15640
    18: 4140
    19: 3599
    20: 2683
    21: 2313
    22: 1697
    23: 2313
    24: 1728
    25: 1586
    26: 518
    27: 600
    28: 484
    29: 543
    30: 570
    31: 568
    32: 665
    33: 576
    34: 615
    35: 646
    36: 646
    37: 623
    38: 579
    39: 601
    40: 583
    41: 528
    42: 514
    43: 332
    44: 171
    45: 129
    46: 180
    47: 193
    48: 190
    49: 64
    50: 30
    51: 20
    52: 9
    53: 18
    54: 9
    55: 7
    56: 4
    57: 2
    58: 0
    59: 4
    60: 2
    61: 1
    62: 2
    63: 3
    64: 0
    65: 0
    66: 0
    67: 0
    68: 0
    69: 0
    70: 0
    71: 0
    72: 0
    73: 0
    74: 0
    75: 0
    76: 0
    77: 0
    78: 0
    79: 0
    80: 0
    81: 0
    82: 0
    83: 0
    84: 0
    85: 0
    86: 0
    87: 0
    88: 0
    89: 0
    90: 0
    91: 0
    92: 0
    93: 0
    94: 0
    95: 0
    96: 0
    97: 0
    98: 0
    99: 0
  mem-2: # Memory controller stats
   rd: 1011740 # Read requests
   wr: 372194 # Write requests
   rdlat: 141077077 # Total latency experienced by read requests
   wrlat: 63654605 # Total latency experienced by write requests
   rdhits: 52008 # Read row hits
   wrhits: 1372 # Write row hits
   mlh: # latency histogram for memory requests
    0: 0
    1: 0
    2: 0
    3: 0
    4: 0
    5: 0
    6: 0
    7: 0
    8: 0
    9: 0
    10: 0
    11: 355
    12: 22640
    13: 759770
    14: 121120
    15: 42455
    16: 18278
    17: 15668
    18: 4089
    19: 3580
    20: 2698
    21: 2305
    22: 1786
    23: 2378
    24: 1768
    25: 1552
    26: 528
    27: 576
    28: 506
    29: 532
    30: 582
    31: 565
    32: 583
    33: 569
    34: 596
    35: 644
    36: 583
    37: 612
    38: 608
    39: 587
    40: 604
    41: 587
    42: 570
    43: 340
    44: 202
    45: 170
    46: 193
    47: 189
    48: 210
    49: 57
    50: 19
    51: 18
    52: 16
    53: 12
    54: 7
    55: 8
    56: 5
    57: 8
    58: 4
    59: 2
    60: 0
    61: 2
    62: 1
    63: 1
    64: 2
    65: 0
    66: 0
    67: 0
    68: 0
    69: 0
    70: 0
    71: 0
    72: 0
    73: 0
    74: 0
    75: 0
    76: 0
    77: 0
    78: 0
    79: 0
    80: 0
    81: 0
    82: 0
    83: 0
    84: 0
    85: 0
    86: 0
    87: 0
    88: 0
    89: 0
    90: 0
    91: 0
    92: 0
    93: 0
    94: 0
    95: 0
    96: 0
    97: 0
    98: 0
    99: 0
  mem-3: # Memory controller stats
   rd: 1013100 # Read requests
   wr: 372200 # Write requests
   rdlat: 141231596 # Total latency experienced by read requests
   wrlat: 63755695 # Total latency experienced by write requests
   rdhits: 51986 # Read row hits
   wrhits: 1283 # Write row hits
   mlh: # latency histogram for memory requests
    0: 0
    1: 0
    2: 0
    3: 0
    4: 0
    5: 0
    6: 0
    7: 0
    8: 0
    9: 1
    10: 0
    11: 373
    12: 22542
    13: 760860
    14: 121675
    15: 42454
    16: 18230
    17: 15540
    18: 4051
    19: 3638
    20: 2756
    21: 2300
    22: 1715
    23: 2369
    24: 1677
    25: 1580
    26: 538
    27: 589
    28: 497
    29: 574
    30: 527
    31: 582
    32: 628
    33: 608
    34: 640
    35: 627
    36: 602
    37: 613
    38: 572
    39: 661
    40: 585
    41: 567
    42: 565
    43: 326
    44: 206
    45: 148
    46: 207
    47: 187
    48: 147
    49: 43
    50: 21
    51: 25
    52: 13
    53: 14
    54: 7
    55: 5
    56: 1
    57: 1
    58: 0
    59: 1
    60: 1
    61: 0
    62: 6
    63: 1
    64: 1
    65: 0
    66: 0
    67: 0
    68: 0
    69: 1
    70: 2
    71: 0
    72: 0
    73: 0
    74: 0
    75: 0
    76: 0
    77: 0
    78: 0
    79: 0
    80: 0
    81: 0
    82: 0
    83: 0
    84: 0
    85: 0
    86: 0
    87: 0
    88: 0
    89: 0
    90: 0
    91: 0
    92: 0
    93: 0
    94: 0
    95: 0
    96: 0
    97: 0
    98: 0
    99: 0
 sched: # Scheduler stats
  thCr: 78 # Threads created
  thFn: 70 # Threads finished
  schedEvs: 175 # Schedule events
  waitEvs: 27 # Wait events
  handoffEvs: 0 # Handoff events
  sleepEvs: 0 # Sleep events
  idlePhases: 0 # Phases with no thread active
  idlePeriods: 0 # Periods with no thread active
  occHist: # Occupancy histogram
   0: 0
   1: 71
   2: 286
   3: 269
   4: 257
   5: 258
   6: 473
   7: 3438
   8: 43027
  rqSzHist: # Run queue size histogram
   0: 46827
   1: 1252
   2: 0
   3: 0
   4: 0
   5: 0
   6: 0
   7: 0
   8: 0
   9: 0
   10: 0
   11: 0
   12: 0
   13: 0
   14: 0
   15: 0
   16: 0
 procCycles: # Per-process unhalted core cycles
  0: 3028285303
  1: 0
  2: 0
  3: 0
  4: 0
  5: 0
  6: 0
  7: 0
  8: 0
  9: 0
  10: 0
  11: 0
  12: 0
  13: 0
  14: 0
  15: 0
  16: 0
  17: 0
  18: 0
  19: 0
  20: 0
  21: 0
  22: 0
  23: 0
  24: 0
  25: 0
  26: 0
  27: 0
  28: 0
  29: 0
  30: 0
  31: 0
  32: 0
  33: 0
  34: 0
  35: 0
  36: 0
  37: 0
  38: 0
  39: 0
  40: 0
  41: 0
  42: 0
  43: 0
  44: 0
  45: 0
  46: 0
  47: 0
  48: 0
  49: 0
  50: 0
  51: 0
  52: 0
  53: 0
  54: 0
  55: 0
  56: 0
  57: 0
  58: 0
  59: 0
  60: 0
  61: 0
  62: 0
  63: 0
 procInstrs: # Per-process instructions
  0: 5000113293
  1: 0
  2: 0
  3: 0
  4: 0
  5: 0
  6: 0
  7: 0
  8: 0
  9: 0
  10: 0
  11: 0
  12: 0
  13: 0
  14: 0
  15: 0
  16: 0
  17: 0
  18: 0
  19: 0
  20: 0
  21: 0
  22: 0
  23: 0
  24: 0
  25: 0
  26: 0
  27: 0
  28: 0
  29: 0
  30: 0
  31: 0
  32: 0
  33: 0
  34: 0
  35: 0
  36: 0
  37: 0
  38: 0
  39: 0
  40: 0
  41: 0
  42: 0
  43: 0
  44: 0
  45: 0
  46: 0
  47: 0
  48: 0
  49: 0
  50: 0
  51: 0
  52: 0
  53: 0
  54: 0
  55: 0
  56: 0
  57: 0
  58: 0
  59: 0
  60: 0
  61: 0
  62: 0
  63: 0
 heartbeats: # Per-process heartbeats
  0: 0
  1: 0
  2: 0
  3: 0
  4: 0
  5: 0
  6: 0
  7: 0
  8: 0
  9: 0
  10: 0
  11: 0
  12: 0
  13: 0
  14: 0
  15: 0
  16: 0
  17: 0
  18: 0
  19: 0
  20: 0
  21: 0
  22: 0
  23: 0
  24: 0
  25: 0
  26: 0
  27: 0
  28: 0
  29: 0
  30: 0
  31: 0
  32: 0
  33: 0
  34: 0
  35: 0
  36: 0
  37: 0
  38: 0
  39: 0
  40: 0
  41: 0
  42: 0
  43: 0
  44: 0
  45: 0
  46: 0
  47: 0
  48: 0
  49: 0
  50: 0
  51: 0
  52: 0
  53: 0
  54: 0
  55: 0
  56: 0
  57: 0
  58: 0
  59: 0
  60: 0
  61: 0
  62: 0
  63: 0
===
