# zsim stats
===
root: # Stats
 contention: # Contention simulation stats
  domain-0: # Domain stats
   time: 184207807 # Weave simulation time
 time: # Simulator time breakdown
  init: 574273433
  bound: 53996238505
  weave: 869783101
  ff: 0
 trigger: 20000 # Reason for this stats dump
 phase: 40173 # Simulated phases
 westmere: # Core stats
  westmere-0: # Core stats
   cycles: 401730005 # Simulated unhalted cycles
   cCycles: 29118 # Cycles due to contention stalls
   instrs: 625017003 # Simulated instructions
   uops: 750434892 # Retired micro-ops
   bbls: 83822270 # Basic blocks
   approxInstrs: 6871354 # Instrs with approx uop decoding
   mispredBranches: 1800449 # Mispredicted branches
   condBranches: 64864232 # conditional branches
  westmere-1: # Core stats
   cycles: 401730001 # Simulated unhalted cycles
   cCycles: 31395 # Cycles due to contention stalls
   instrs: 625014390 # Simulated instructions
   uops: 750431026 # Retired micro-ops
   bbls: 83821636 # Basic blocks
   approxInstrs: 6871291 # Instrs with approx uop decoding
   mispredBranches: 1800391 # Mispredicted branches
   condBranches: 64863870 # conditional branches
  westmere-2: # Core stats
   cycles: 401720001 # Simulated unhalted cycles
   cCycles: 30287 # Cycles due to contention stalls
   instrs: 625010389 # Simulated instructions
   uops: 750426472 # Retired micro-ops
   bbls: 83821072 # Basic blocks
   approxInstrs: 6871290 # Instrs with approx uop decoding
   mispredBranches: 1800387 # Mispredicted branches
   condBranches: 64863310 # conditional branches
  westmere-3: # Core stats
   cycles: 401720005 # Simulated unhalted cycles
   cCycles: 28686 # Cycles due to contention stalls
   instrs: 625018820 # Simulated instructions
   uops: 750436064 # Retired micro-ops
   bbls: 83822247 # Basic blocks
   approxInstrs: 6871289 # Instrs with approx uop decoding
   mispredBranches: 1800390 # Mispredicted branches
   condBranches: 64864489 # conditional branches
  westmere-4: # Core stats
   cycles: 401720001 # Simulated unhalted cycles
   cCycles: 30004 # Cycles due to contention stalls
   instrs: 625015133 # Simulated instructions
   uops: 750431867 # Retired micro-ops
   bbls: 83821731 # Basic blocks
   approxInstrs: 6871289 # Instrs with approx uop decoding
   mispredBranches: 1800389 # Mispredicted branches
   condBranches: 64863973 # conditional branches
  westmere-5: # Core stats
   cycles: 401720006 # Simulated unhalted cycles
   cCycles: 30506 # Cycles due to contention stalls
   instrs: 625014578 # Simulated instructions
   uops: 750431237 # Retired micro-ops
   bbls: 83821657 # Basic blocks
   approxInstrs: 6871290 # Instrs with approx uop decoding
   mispredBranches: 1800390 # Mispredicted branches
   condBranches: 64863895 # conditional branches
  westmere-6: # Core stats
   cycles: 401720001 # Simulated unhalted cycles
   cCycles: 28956 # Cycles due to contention stalls
   instrs: 625019888 # Simulated instructions
   uops: 750437307 # Retired micro-ops
   bbls: 83822396 # Basic blocks
   approxInstrs: 6871290 # Instrs with approx uop decoding
   mispredBranches: 1800391 # Mispredicted branches
   condBranches: 64864634 # conditional branches
  westmere-7: # Core stats
   cycles: 401720003 # Simulated unhalted cycles
   cCycles: 29255 # Cycles due to contention stalls
   instrs: 625003584 # Simulated instructions
   uops: 750418534 # Retired micro-ops
   bbls: 83820121 # Basic blocks
   approxInstrs: 6871204 # Instrs with approx uop decoding
   mispredBranches: 1800351 # Mispredicted branches
   condBranches: 64862498 # conditional branches
 l1i: # Cache stats
  l1i-0: # Filter cache stats
   fhGETS: 112023785 # Filtered GETS hits
   fhGETX: 0 # Filtered GETX hits
   hGETS: 1226603 # GETS hits
   hGETX: 0 # GETX hits
   mGETS: 45528 # GETS misses
   mGETXIM: 0 # GETX I->M misses
   mGETXSM: 0 # GETX S->M misses (upgrade misses)
   PUTS: 0 # Clean evictions (from lower level)
   PUTX: 0 # Dirty evictions (from lower level)
   INV: 0 # Invalidates (from upper level)
   INVX: 0 # Downgrades (from upper level)
   FWD: 0 # Forwards (from upper level)
   latGETnl: 481338 # GET request latency on next level
   latGETnet: 0 # GET request latency on network to next level
  l1i-1: # Filter cache stats
   fhGETS: 112023138 # Filtered GETS hits
   fhGETX: 0 # Filtered GETX hits
   hGETS: 1226467 # GETS hits
   hGETX: 0 # GETX hits
   mGETS: 45453 # GETS misses
   mGETXIM: 0 # GETX I->M misses
   mGETXSM: 0 # GETX S->M misses (upgrade misses)
   PUTS: 0 # Clean evictions (from lower level)
   PUTX: 0 # Dirty evictions (from lower level)
   INV: 0 # Invalidates (from upper level)
   INVX: 0 # Downgrades (from upper level)
   FWD: 0 # Forwards (from upper level)
   latGETnl: 484242 # GET request latency on next level
   latGETnet: 0 # GET request latency on network to next level
  l1i-2: # Filter cache stats
   fhGETS: 112022437 # Filtered GETS hits
   fhGETX: 0 # Filtered GETX hits
   hGETS: 1226469 # GETS hits
   hGETX: 0 # GETX hits
   mGETS: 45450 # GETS misses
   mGETXIM: 0 # GETX I->M misses
   mGETXSM: 0 # GETX S->M misses (upgrade misses)
   PUTS: 0 # Clean evictions (from lower level)
   PUTX: 0 # Dirty evictions (from lower level)
   INV: 0 # Invalidates (from upper level)
   INVX: 0 # Downgrades (from upper level)
   FWD: 0 # Forwards (from upper level)
   latGETnl: 476586 # GET request latency on next level
   latGETnet: 0 # GET request latency on network to next level
  l1i-3: # Filter cache stats
   fhGETS: 112023951 # Filtered GETS hits
   fhGETX: 0 # Filtered GETX hits
   hGETS: 1226465 # GETS hits
   hGETX: 0 # GETX hits
   mGETS: 45448 # GETS misses
   mGETXIM: 0 # GETX I->M misses
   mGETXSM: 0 # GETX S->M misses (upgrade misses)
   PUTS: 0 # Clean evictions (from lower level)
   PUTX: 0 # Dirty evictions (from lower level)
   INV: 0 # Invalidates (from upper level)
   INVX: 0 # Downgrades (from upper level)
   FWD: 0 # Forwards (from upper level)
   latGETnl: 473680 # GET request latency on next level
   latGETnet: 0 # GET request latency on network to next level
  l1i-4: # Filter cache stats
   fhGETS: 112023289 # Filtered GETS hits
   fhGETX: 0 # Filtered GETX hits
   hGETS: 1226476 # GETS hits
   hGETX: 0 # GETX hits
   mGETS: 45445 # GETS misses
   mGETXIM: 0 # GETX I->M misses
   mGETXSM: 0 # GETX S->M misses (upgrade misses)
   PUTS: 0 # Clean evictions (from lower level)
   PUTX: 0 # Dirty evictions (from lower level)
   INV: 0 # Invalidates (from upper level)
   INVX: 0 # Downgrades (from upper level)
   FWD: 0 # Forwards (from upper level)
   latGETnl: 475408 # GET request latency on next level
   latGETnet: 0 # GET request latency on network to next level
  l1i-5: # Filter cache stats
   fhGETS: 112023218 # Filtered GETS hits
   fhGETX: 0 # Filtered GETX hits
   hGETS: 1226473 # GETS hits
   hGETX: 0 # GETX hits
   mGETS: 45452 # GETS misses
   mGETXIM: 0 # GETX I->M misses
   mGETXSM: 0 # GETX S->M misses (upgrade misses)
   PUTS: 0 # Clean evictions (from lower level)
   PUTX: 0 # Dirty evictions (from lower level)
   INV: 0 # Invalidates (from upper level)
   INVX: 0 # Downgrades (from upper level)
   FWD: 0 # Forwards (from upper level)
   latGETnl: 476606 # GET request latency on next level
   latGETnet: 0 # GET request latency on network to next level
  l1i-6: # Filter cache stats
   fhGETS: 112024106 # Filtered GETS hits
   fhGETX: 0 # Filtered GETX hits
   hGETS: 1226473 # GETS hits
   hGETX: 0 # GETX hits
   mGETS: 45449 # GETS misses
   mGETXIM: 0 # GETX I->M misses
   mGETXSM: 0 # GETX S->M misses (upgrade misses)
   PUTS: 0 # Clean evictions (from lower level)
   PUTX: 0 # Dirty evictions (from lower level)
   INV: 0 # Invalidates (from upper level)
   INVX: 0 # Downgrades (from upper level)
   FWD: 0 # Forwards (from upper level)
   latGETnl: 475946 # GET request latency on next level
   latGETnet: 0 # GET request latency on network to next level
  l1i-7: # Filter cache stats
   fhGETS: 112021117 # Filtered GETS hits
   fhGETX: 0 # Filtered GETX hits
   hGETS: 1226465 # GETS hits
   hGETX: 0 # GETX hits
   mGETS: 45447 # GETS misses
   mGETXIM: 0 # GETX I->M misses
   mGETXSM: 0 # GETX S->M misses (upgrade misses)
   PUTS: 0 # Clean evictions (from lower level)
   PUTX: 0 # Dirty evictions (from lower level)
   INV: 0 # Invalidates (from upper level)
   INVX: 0 # Downgrades (from upper level)
   FWD: 0 # Forwards (from upper level)
   latGETnl: 472434 # GET request latency on next level
   latGETnet: 0 # GET request latency on network to next level
 l1d: # Cache stats
  l1d-0: # Filter cache stats
   fhGETS: 160976595 # Filtered GETS hits
   fhGETX: 38007830 # Filtered GETX hits
   hGETS: 11097166 # GETS hits
   hGETX: 11692629 # GETX hits
   mGETS: 1335899 # GETS misses
   mGETXIM: 1105324 # GETX I->M misses
   mGETXSM: 16 # GETX S->M misses (upgrade misses)
   PUTS: 0 # Clean evictions (from lower level)
   PUTX: 0 # Dirty evictions (from lower level)
   INV: 43 # Invalidates (from upper level)
   INVX: 37 # Downgrades (from upper level)
   FWD: 0 # Forwards (from upper level)
   latGETnl: 24583050 # GET request latency on next level
   latGETnet: 0 # GET request latency on network to next level
  l1d-1: # Filter cache stats
   fhGETS: 157366974 # Filtered GETS hits
   fhGETX: 37716447 # Filtered GETX hits
   hGETS: 14704792 # GETS hits
   hGETX: 11989481 # GETX hits
   mGETS: 1337995 # GETS misses
   mGETXIM: 1098644 # GETX I->M misses
   mGETXSM: 3 # GETX S->M misses (upgrade misses)
   PUTS: 0 # Clean evictions (from lower level)
   PUTX: 0 # Dirty evictions (from lower level)
   INV: 11 # Invalidates (from upper level)
   INVX: 120 # Downgrades (from upper level)
   FWD: 0 # Forwards (from upper level)
   latGETnl: 24529705 # GET request latency on next level
   latGETnet: 0 # GET request latency on network to next level
  l1d-2: # Filter cache stats
   fhGETS: 160968678 # Filtered GETS hits
   fhGETX: 38008390 # Filtered GETX hits
   hGETS: 11102292 # GETS hits
   hGETX: 11691974 # GETX hits
   mGETS: 1337313 # GETS misses
   mGETXIM: 1104085 # GETX I->M misses
   mGETXSM: 6 # GETX S->M misses (upgrade misses)
   PUTS: 0 # Clean evictions (from lower level)
   PUTX: 0 # Dirty evictions (from lower level)
   INV: 8 # Invalidates (from upper level)
   INVX: 38 # Downgrades (from upper level)
   FWD: 0 # Forwards (from upper level)
   latGETnl: 24569723 # GET request latency on next level
   latGETnet: 0 # GET request latency on network to next level
  l1d-3: # Filter cache stats
   fhGETS: 160986454 # Filtered GETS hits
   fhGETX: 38008963 # Filtered GETX hits
   hGETS: 11089189 # GETS hits
   hGETX: 11691072 # GETX hits
   mGETS: 1335769 # GETS misses
   mGETXIM: 1104665 # GETX I->M misses
   mGETXSM: 6 # GETX S->M misses (upgrade misses)
   PUTS: 0 # Clean evictions (from lower level)
   PUTX: 0 # Dirty evictions (from lower level)
   INV: 9 # Invalidates (from upper level)
   INVX: 68 # Downgrades (from upper level)
   FWD: 0 # Forwards (from upper level)
   latGETnl: 24563469 # GET request latency on next level
   latGETnet: 0 # GET request latency on network to next level
  l1d-4: # Filter cache stats
   fhGETS: 160890992 # Filtered GETS hits
   fhGETX: 38019697 # Filtered GETX hits
   hGETS: 11182962 # GETS hits
   hGETX: 11672510 # GETX hits
   mGETS: 1336089 # GETS misses
   mGETXIM: 1112383 # GETX I->M misses
   mGETXSM: 5 # GETX S->M misses (upgrade misses)
   PUTS: 0 # Clean evictions (from lower level)
   PUTX: 0 # Dirty evictions (from lower level)
   INV: 10 # Invalidates (from upper level)
   INVX: 63 # Downgrades (from upper level)
   FWD: 0 # Forwards (from upper level)
   latGETnl: 24643452 # GET request latency on next level
   latGETnet: 0 # GET request latency on network to next level
  l1d-5: # Filter cache stats
   fhGETS: 158860587 # Filtered GETS hits
   fhGETX: 38012254 # Filtered GETX hits
   hGETS: 13211051 # GETS hits
   hGETX: 11684788 # GETX hits
   mGETS: 1338198 # GETS misses
   mGETXIM: 1107531 # GETX I->M misses
   mGETXSM: 6 # GETX S->M misses (upgrade misses)
   PUTS: 0 # Clean evictions (from lower level)
   PUTX: 0 # Dirty evictions (from lower level)
   INV: 8 # Invalidates (from upper level)
   INVX: 39 # Downgrades (from upper level)
   FWD: 0 # Forwards (from upper level)
   latGETnl: 24612993 # GET request latency on next level
   latGETnet: 0 # GET request latency on network to next level
  l1d-6: # Filter cache stats
   fhGETS: 156622569 # Filtered GETS hits
   fhGETX: 37728522 # Filtered GETX hits
   hGETS: 15449930 # GETS hits
   hGETX: 11976166 # GETX hits
   mGETS: 1339315 # GETS misses
   mGETXIM: 1100057 # GETX I->M misses
   mGETXSM: 5 # GETX S->M misses (upgrade misses)
   PUTS: 0 # Clean evictions (from lower level)
   PUTX: 0 # Dirty evictions (from lower level)
   INV: 9 # Invalidates (from upper level)
   INVX: 47 # Downgrades (from upper level)
   FWD: 0 # Forwards (from upper level)
   latGETnl: 24550505 # GET request latency on next level
   latGETnet: 0 # GET request latency on network to next level
  l1d-7: # Filter cache stats
   fhGETS: 161150702 # Filtered GETS hits
   fhGETX: 38009498 # Filtered GETX hits
   hGETS: 10917574 # GETS hits
   hGETX: 11694432 # GETX hits
   mGETS: 1337690 # GETS misses
   mGETXIM: 1100255 # GETX I->M misses
   mGETXSM: 6 # GETX S->M misses (upgrade misses)
   PUTS: 0 # Clean evictions (from lower level)
   PUTX: 0 # Dirty evictions (from lower level)
   INV: 7 # Invalidates (from upper level)
   INVX: 41 # Downgrades (from upper level)
   FWD: 0 # Forwards (from upper level)
   latGETnl: 24535109 # GET request latency on next level
   latGETnet: 0 # GET request latency on network to next level
 l2: # Cache stats
  l2-0: # Cache stats
   hGETS: 1380168 # GETS hits
   hGETX: 1104104 # GETX hits
   mGETS: 1259 # GETS misses
   mGETXIM: 1220 # GETX I->M misses
   mGETXSM: 16 # GETX S->M misses (upgrade misses)
   PUTS: 1190444 # Clean evictions (from lower level)
   PUTX: 1295259 # Dirty evictions (from lower level)
   INV: 43 # Invalidates (from upper level)
   INVX: 38 # Downgrades (from upper level)
   FWD: 0 # Forwards (from upper level)
   latGETnl: 196718 # GET request latency on next level
   latGETnet: 0 # GET request latency on network to next level
  l2-1: # Cache stats
   hGETS: 1382283 # GETS hits
   hGETX: 1097549 # GETX hits
   mGETS: 1165 # GETS misses
   mGETXIM: 1095 # GETX I->M misses
   mGETXSM: 3 # GETX S->M misses (upgrade misses)
   PUTS: 1192775 # Clean evictions (from lower level)
   PUTX: 1288312 # Dirty evictions (from lower level)
   INV: 11 # Invalidates (from upper level)
   INVX: 120 # Downgrades (from upper level)
   FWD: 0 # Forwards (from upper level)
   latGETnl: 192997 # GET request latency on next level
   latGETnet: 0 # GET request latency on network to next level
  l2-2: # Cache stats
   hGETS: 1381599 # GETS hits
   hGETX: 1102990 # GETX hits
   mGETS: 1164 # GETS misses
   mGETXIM: 1095 # GETX I->M misses
   mGETXSM: 6 # GETX S->M misses (upgrade misses)
   PUTS: 1191092 # Clean evictions (from lower level)
   PUTX: 1294755 # Dirty evictions (from lower level)
   INV: 8 # Invalidates (from upper level)
   INVX: 38 # Downgrades (from upper level)
   FWD: 0 # Forwards (from upper level)
   latGETnl: 177769 # GET request latency on next level
   latGETnet: 0 # GET request latency on network to next level
  l2-3: # Cache stats
   hGETS: 1380056 # GETS hits
   hGETX: 1103570 # GETX hits
   mGETS: 1161 # GETS misses
   mGETXIM: 1095 # GETX I->M misses
   mGETXSM: 6 # GETX S->M misses (upgrade misses)
   PUTS: 1190013 # Clean evictions (from lower level)
   PUTX: 1294869 # Dirty evictions (from lower level)
   INV: 9 # Invalidates (from upper level)
   INVX: 68 # Downgrades (from upper level)
   FWD: 0 # Forwards (from upper level)
   latGETnl: 178269 # GET request latency on next level
   latGETnet: 0 # GET request latency on network to next level
  l2-4: # Cache stats
   hGETS: 1380371 # GETS hits
   hGETX: 1111287 # GETX hits
   mGETS: 1163 # GETS misses
   mGETXIM: 1096 # GETX I->M misses
   mGETXSM: 5 # GETX S->M misses (upgrade misses)
   PUTS: 1190075 # Clean evictions (from lower level)
   PUTX: 1302841 # Dirty evictions (from lower level)
   INV: 10 # Invalidates (from upper level)
   INVX: 63 # Downgrades (from upper level)
   FWD: 0 # Forwards (from upper level)
   latGETnl: 179640 # GET request latency on next level
   latGETnet: 0 # GET request latency on network to next level
  l2-5: # Cache stats
   hGETS: 1382486 # GETS hits
   hGETX: 1106436 # GETX hits
   mGETS: 1164 # GETS misses
   mGETXIM: 1095 # GETX I->M misses
   mGETXSM: 6 # GETX S->M misses (upgrade misses)
   PUTS: 1191929 # Clean evictions (from lower level)
   PUTX: 1298251 # Dirty evictions (from lower level)
   INV: 8 # Invalidates (from upper level)
   INVX: 39 # Downgrades (from upper level)
   FWD: 0 # Forwards (from upper level)
   latGETnl: 177729 # GET request latency on next level
   latGETnet: 0 # GET request latency on network to next level
  l2-6: # Cache stats
   hGETS: 1383600 # GETS hits
   hGETX: 1098961 # GETX hits
   mGETS: 1164 # GETS misses
   mGETXIM: 1096 # GETX I->M misses
   mGETXSM: 5 # GETX S->M misses (upgrade misses)
   PUTS: 1191411 # Clean evictions (from lower level)
   PUTX: 1292408 # Dirty evictions (from lower level)
   INV: 9 # Invalidates (from upper level)
   INVX: 47 # Downgrades (from upper level)
   FWD: 0 # Forwards (from upper level)
   latGETnl: 178191 # GET request latency on next level
   latGETnet: 0 # GET request latency on network to next level
  l2-7: # Cache stats
   hGETS: 1381977 # GETS hits
   hGETX: 1099160 # GETX hits
   mGETS: 1160 # GETS misses
   mGETXIM: 1095 # GETX I->M misses
   mGETXSM: 6 # GETX S->M misses (upgrade misses)
   PUTS: 1192948 # Clean evictions (from lower level)
   PUTX: 1289446 # Dirty evictions (from lower level)
   INV: 7 # Invalidates (from upper level)
   INVX: 41 # Downgrades (from upper level)
   FWD: 0 # Forwards (from upper level)
   latGETnl: 173563 # GET request latency on next level
   latGETnet: 0 # GET request latency on network to next level
 l3: # Cache stats
  l3-0b0: # Cache stats
   hGETS: 868 # GETS hits
   hGETX: 5 # GETX hits
   mGETS: 296 # GETS misses
   mGETXIM: 1097 # GETX I->M misses
   mGETXSM: 0 # GETX S->M misses (upgrade misses)
   PUTS: 0 # Clean evictions (from lower level)
   PUTX: 0 # Dirty evictions (from lower level)
   INV: 0 # Invalidates (from upper level)
   INVX: 0 # Downgrades (from upper level)
   FWD: 0 # Forwards (from upper level)
   latGETnl: 125370 # GET request latency on next level
   latGETnet: 0 # GET request latency on network to next level
  l3-0b1: # Cache stats
   hGETS: 902 # GETS hits
   hGETX: 12 # GETX hits
   mGETS: 305 # GETS misses
   mGETXIM: 1091 # GETX I->M misses
   mGETXSM: 0 # GETX S->M misses (upgrade misses)
   PUTS: 1 # Clean evictions (from lower level)
   PUTX: 0 # Dirty evictions (from lower level)
   INV: 0 # Invalidates (from upper level)
   INVX: 0 # Downgrades (from upper level)
   FWD: 0 # Forwards (from upper level)
   latGETnl: 125640 # GET request latency on next level
   latGETnet: 0 # GET request latency on network to next level
  l3-0b2: # Cache stats
   hGETS: 902 # GETS hits
   hGETX: 7 # GETX hits
   mGETS: 278 # GETS misses
   mGETXIM: 1127 # GETX I->M misses
   mGETXSM: 0 # GETX S->M misses (upgrade misses)
   PUTS: 0 # Clean evictions (from lower level)
   PUTX: 0 # Dirty evictions (from lower level)
   INV: 0 # Invalidates (from upper level)
   INVX: 0 # Downgrades (from upper level)
   FWD: 0 # Forwards (from upper level)
   latGETnl: 126450 # GET request latency on next level
   latGETnet: 0 # GET request latency on network to next level
  l3-0b3: # Cache stats
   hGETS: 863 # GETS hits
   hGETX: 4 # GETX hits
   mGETS: 301 # GETS misses
   mGETXIM: 1098 # GETX I->M misses
   mGETXSM: 0 # GETX S->M misses (upgrade misses)
   PUTS: 0 # Clean evictions (from lower level)
   PUTX: 0 # Dirty evictions (from lower level)
   INV: 0 # Invalidates (from upper level)
   INVX: 0 # Downgrades (from upper level)
   FWD: 0 # Forwards (from upper level)
   latGETnl: 125910 # GET request latency on next level
   latGETnet: 0 # GET request latency on network to next level
  l3-0b4: # Cache stats
   hGETS: 842 # GETS hits
   hGETX: 5 # GETX hits
   mGETS: 278 # GETS misses
   mGETXIM: 1119 # GETX I->M misses
   mGETXSM: 0 # GETX S->M misses (upgrade misses)
   PUTS: 0 # Clean evictions (from lower level)
   PUTX: 0 # Dirty evictions (from lower level)
   INV: 0 # Invalidates (from upper level)
   INVX: 0 # Downgrades (from upper level)
   FWD: 0 # Forwards (from upper level)
   latGETnl: 125730 # GET request latency on next level
   latGETnet: 0 # GET request latency on network to next level
  l3-0b5: # Cache stats
   hGETS: 909 # GETS hits
   hGETX: 27 # GETX hits
   mGETS: 302 # GETS misses
   mGETXIM: 1107 # GETX I->M misses
   mGETXSM: 0 # GETX S->M misses (upgrade misses)
   PUTS: 1 # Clean evictions (from lower level)
   PUTX: 0 # Dirty evictions (from lower level)
   INV: 0 # Invalidates (from upper level)
   INVX: 0 # Downgrades (from upper level)
   FWD: 0 # Forwards (from upper level)
   latGETnl: 126810 # GET request latency on next level
   latGETnet: 0 # GET request latency on network to next level
  l3-0b6: # Cache stats
   hGETS: 872 # GETS hits
   hGETX: 13 # GETX hits
   mGETS: 294 # GETS misses
   mGETXIM: 1105 # GETX I->M misses
   mGETXSM: 0 # GETX S->M misses (upgrade misses)
   PUTS: 1 # Clean evictions (from lower level)
   PUTX: 0 # Dirty evictions (from lower level)
   INV: 0 # Invalidates (from upper level)
   INVX: 0 # Downgrades (from upper level)
   FWD: 0 # Forwards (from upper level)
   latGETnl: 125910 # GET request latency on next level
   latGETnet: 0 # GET request latency on network to next level
  l3-0b7: # Cache stats
   hGETS: 890 # GETS hits
   hGETX: 10 # GETX hits
   mGETS: 298 # GETS misses
   mGETXIM: 1113 # GETX I->M misses
   mGETXSM: 0 # GETX S->M misses (upgrade misses)
   PUTS: 1 # Clean evictions (from lower level)
   PUTX: 0 # Dirty evictions (from lower level)
   INV: 0 # Invalidates (from upper level)
   INVX: 0 # Downgrades (from upper level)
   FWD: 0 # Forwards (from upper level)
   latGETnl: 126990 # GET request latency on next level
   latGETnet: 0 # GET request latency on network to next level
 mem: # Memory controller stats
  mem-0: # Memory controller stats
   rd: 2844 # Read requests
   wr: 0 # Write requests
   rdlat: 646560 # Total latency experienced by read requests
   wrlat: 0 # Total latency experienced by write requests
   rdhits: 294 # Read row hits
   wrhits: 0 # Write row hits
   mlh: # latency histogram for memory requests
    0: 0
    1: 0
    2: 0
    3: 0
    4: 0
    5: 0
    6: 0
    7: 0
    8: 0
    9: 0
    10: 0
    11: 6
    12: 20
    13: 1641
    14: 197
    15: 104
    16: 82
    17: 49
    18: 47
    19: 36
    20: 27
    21: 31
    22: 30
    23: 36
    24: 35
    25: 24
    26: 22
    27: 12
    28: 17
    29: 6
    30: 11
    31: 5
    32: 10
    33: 6
    34: 3
    35: 8
    36: 3
    37: 1
    38: 9
    39: 15
    40: 7
    41: 9
    42: 3
    43: 1
    44: 4
    45: 4
    46: 4
    47: 3
    48: 6
    49: 1
    50: 1
    51: 8
    52: 3
    53: 6
    54: 2
    55: 3
    56: 0
    57: 3
    58: 3
    59: 2
    60: 7
    61: 3
    62: 3
    63: 4
    64: 4
    65: 2
    66: 10
    67: 8
    68: 9
    69: 4
    70: 6
    71: 2
    72: 1
    73: 4
    74: 8
    75: 11
    76: 13
    77: 12
    78: 8
    79: 9
    80: 8
    81: 11
    82: 12
    83: 10
    84: 5
    85: 3
    86: 8
    87: 7
    88: 9
    89: 13
    90: 7
    91: 7
    92: 4
    93: 10
    94: 5
    95: 3
    96: 5
    97: 5
    98: 1
    99: 17
  mem-1: # Memory controller stats
   rd: 2787 # Read requests
   wr: 0 # Write requests
   rdlat: 586038 # Total latency experienced by read requests
   wrlat: 0 # Total latency experienced by write requests
   rdhits: 292 # Read row hits
   wrhits: 0 # Write row hits
   mlh: # latency histogram for memory requests
    0: 0
    1: 0
    2: 0
    3: 0
    4: 0
    5: 0
    6: 0
    7: 0
    8: 0
    9: 0
    10: 0
    11: 12
    12: 26
    13: 1671
    14: 206
    15: 79
    16: 80
    17: 52
    18: 38
    19: 31
    20: 44
    21: 31
    22: 29
    23: 27
    24: 21
    25: 20
    26: 19
    27: 11
    28: 8
    29: 7
    30: 10
    31: 12
    32: 12
    33: 3
    34: 7
    35: 4
    36: 6
    37: 4
    38: 7
    39: 5
    40: 4
    41: 7
    42: 6
    43: 2
    44: 2
    45: 5
    46: 2
    47: 3
    48: 6
    49: 3
    50: 5
    51: 1
    52: 6
    53: 3
    54: 5
    55: 8
    56: 7
    57: 5
    58: 7
    59: 1
    60: 8
    61: 10
    62: 2
    63: 6
    64: 2
    65: 4
    66: 5
    67: 4
    68: 5
    69: 5
    70: 5
    71: 13
    72: 14
    73: 11
    74: 7
    75: 10
    76: 7
    77: 9
    78: 8
    79: 13
    80: 8
    81: 10
    82: 4
    83: 7
    84: 5
    85: 7
    86: 7
    87: 3
    88: 6
    89: 3
    90: 2
    91: 0
    92: 2
    93: 0
    94: 0
    95: 1
    96: 1
    97: 0
    98: 0
    99: 3
  mem-2: # Memory controller stats
   rd: 2794 # Read requests
   wr: 0 # Write requests
   rdlat: 607755 # Total latency experienced by read requests
   wrlat: 0 # Total latency experienced by write requests
   rdhits: 302 # Read row hits
   wrhits: 0 # Write row hits
   mlh: # latency histogram for memory requests
    0: 0
    1: 0
    2: 0
    3: 0
    4: 0
    5: 0
    6: 0
    7: 0
    8: 0
    9: 0
    10: 0
    11: 4
    12: 19
    13: 1635
    14: 218
    15: 102
    16: 77
    17: 59
    18: 44
    19: 26
    20: 25
    21: 26
    22: 27
    23: 28
    24: 26
    25: 22
    26: 17
    27: 13
    28: 14
    29: 13
    30: 6
    31: 10
    32: 11
    33: 5
    34: 2
    35: 3
    36: 7
    37: 6
    38: 5
    39: 8
    40: 11
    41: 9
    42: 5
    43: 5
    44: 4
    45: 5
    46: 7
    47: 3
    48: 3
    49: 3
    50: 4
    51: 5
    52: 3
    53: 3
    54: 7
    55: 9
    56: 0
    57: 6
    58: 3
    59: 2
    60: 7
    61: 9
    62: 9
    63: 6
    64: 6
    65: 4
    66: 3
    67: 5
    68: 3
    69: 16
    70: 11
    71: 14
    72: 6
    73: 3
    74: 7
    75: 4
    76: 5
    77: 1
    78: 2
    79: 6
    80: 10
    81: 11
    82: 12
    83: 9
    84: 4
    85: 6
    86: 7
    87: 4
    88: 6
    89: 5
    90: 4
    91: 4
    92: 6
    93: 5
    94: 3
    95: 1
    96: 2
    97: 3
    98: 3
    99: 7
  mem-3: # Memory controller stats
   rd: 2784 # Read requests
   wr: 0 # Write requests
   rdlat: 569132 # Total latency experienced by read requests
   wrlat: 0 # Total latency experienced by write requests
   rdhits: 272 # Read row hits
   wrhits: 0 # Write row hits
   mlh: # latency histogram for memory requests
    0: 0
    1: 0
    2: 0
    3: 0
    4: 0
    5: 0
    6: 0
    7: 0
    8: 0
    9: 0
    10: 0
    11: 8
    12: 18
    13: 1669
    14: 252
    15: 79
    16: 86
    17: 42
    18: 36
    19: 30
    20: 28
    21: 30
    22: 37
    23: 23
    24: 18
    25: 14
    26: 17
    27: 11
    28: 11
    29: 10
    30: 14
    31: 7
    32: 18
    33: 10
    34: 7
    35: 5
    36: 2
    37: 7
    38: 4
    39: 6
    40: 4
    41: 6
    42: 1
    43: 4
    44: 0
    45: 2
    46: 3
    47: 8
    48: 4
    49: 8
    50: 10
    51: 2
    52: 7
    53: 8
    54: 5
    55: 7
    56: 4
    57: 2
    58: 2
    59: 3
    60: 4
    61: 5
    62: 2
    63: 6
    64: 8
    65: 6
    66: 3
    67: 4
    68: 13
    69: 8
    70: 14
    71: 15
    72: 10
    73: 10
    74: 12
    75: 10
    76: 1
    77: 7
    78: 9
    79: 6
    80: 11
    81: 5
    82: 3
    83: 5
    84: 2
    85: 6
    86: 4
    87: 1
    88: 1
    89: 0
    90: 1
    91: 1
    92: 1
    93: 0
    94: 1
    95: 0
    96: 0
    97: 0
    98: 0
    99: 0
 sched: # Scheduler stats
  thCr: 9 # Threads created
  thFn: 0 # Threads finished
  schedEvs: 9 # Schedule events
  waitEvs: 1 # Wait events
  handoffEvs: 0 # Handoff events
  sleepEvs: 0 # Sleep events
  idlePhases: 0 # Phases with no thread active
  idlePeriods: 0 # Periods with no thread active
  occHist: # Occupancy histogram
   0: 0
   1: 0
   2: 1
   3: 0
   4: 0
   5: 0
   6: 0
   7: 0
   8: 40172
  rqSzHist: # Run queue size histogram
   0: 40172
   1: 1
   2: 0
   3: 0
   4: 0
   5: 0
   6: 0
   7: 0
   8: 0
   9: 0
   10: 0
   11: 0
   12: 0
   13: 0
   14: 0
   15: 0
   16: 0
 procCycles: # Per-process unhalted core cycles
  0: 3213780023
  1: 0
  2: 0
  3: 0
  4: 0
  5: 0
  6: 0
  7: 0
  8: 0
  9: 0
  10: 0
  11: 0
  12: 0
  13: 0
  14: 0
  15: 0
  16: 0
  17: 0
  18: 0
  19: 0
  20: 0
  21: 0
  22: 0
  23: 0
  24: 0
  25: 0
  26: 0
  27: 0
  28: 0
  29: 0
  30: 0
  31: 0
  32: 0
  33: 0
  34: 0
  35: 0
  36: 0
  37: 0
  38: 0
  39: 0
  40: 0
  41: 0
  42: 0
  43: 0
  44: 0
  45: 0
  46: 0
  47: 0
  48: 0
  49: 0
  50: 0
  51: 0
  52: 0
  53: 0
  54: 0
  55: 0
  56: 0
  57: 0
  58: 0
  59: 0
  60: 0
  61: 0
  62: 0
  63: 0
 procInstrs: # Per-process instructions
  0: 5000113785
  1: 0
  2: 0
  3: 0
  4: 0
  5: 0
  6: 0
  7: 0
  8: 0
  9: 0
  10: 0
  11: 0
  12: 0
  13: 0
  14: 0
  15: 0
  16: 0
  17: 0
  18: 0
  19: 0
  20: 0
  21: 0
  22: 0
  23: 0
  24: 0
  25: 0
  26: 0
  27: 0
  28: 0
  29: 0
  30: 0
  31: 0
  32: 0
  33: 0
  34: 0
  35: 0
  36: 0
  37: 0
  38: 0
  39: 0
  40: 0
  41: 0
  42: 0
  43: 0
  44: 0
  45: 0
  46: 0
  47: 0
  48: 0
  49: 0
  50: 0
  51: 0
  52: 0
  53: 0
  54: 0
  55: 0
  56: 0
  57: 0
  58: 0
  59: 0
  60: 0
  61: 0
  62: 0
  63: 0
 heartbeats: # Per-process heartbeats
  0: 0
  1: 0
  2: 0
  3: 0
  4: 0
  5: 0
  6: 0
  7: 0
  8: 0
  9: 0
  10: 0
  11: 0
  12: 0
  13: 0
  14: 0
  15: 0
  16: 0
  17: 0
  18: 0
  19: 0
  20: 0
  21: 0
  22: 0
  23: 0
  24: 0
  25: 0
  26: 0
  27: 0
  28: 0
  29: 0
  30: 0
  31: 0
  32: 0
  33: 0
  34: 0
  35: 0
  36: 0
  37: 0
  38: 0
  39: 0
  40: 0
  41: 0
  42: 0
  43: 0
  44: 0
  45: 0
  46: 0
  47: 0
  48: 0
  49: 0
  50: 0
  51: 0
  52: 0
  53: 0
  54: 0
  55: 0
  56: 0
  57: 0
  58: 0
  59: 0
  60: 0
  61: 0
  62: 0
  63: 0
===
