# zsim stats
===
root: # Stats
 contention: # Contention simulation stats
  domain-0: # Domain stats
   time: 492896142 # Weave simulation time
 time: # Simulator time breakdown
  init: 2838323859579
  bound: 10985813260
  weave: 569920714
  ff: 0
 trigger: 20000 # Reason for this stats dump
 phase: 8421 # Simulated phases
 westmere: # Core stats
  westmere-0: # Core stats
   cycles: 84210990 # Simulated unhalted cycles
   cCycles: 9944333 # Cycles due to contention stalls
   instrs: 100011620 # Simulated instructions
   uops: 132228781 # Retired micro-ops
   bbls: 1458110 # Basic blocks
   approxInstrs: 967661 # Instrs with approx uop decoding
   mispredBranches: 1055 # Mispredicted branches
   condBranches: 120272 # conditional branches
 l1i: # Cache stats
  l1i-0: # Filter cache stats
   fhGETS: 6774248 # Filtered GETS hits
   fhGETX: 0 # Filtered GETX hits
   hGETS: 4033678 # GETS hits
   hGETX: 0 # GETX hits
   mGETS: 263 # GETS misses
   mGETXIM: 0 # GETX I->M misses
   mGETXSM: 0 # GETX S->M misses (upgrade misses)
   PUTS: 0 # Clean evictions (from lower level)
   PUTX: 0 # Dirty evictions (from lower level)
   INV: 18 # Invalidates (from upper level)
   INVX: 0 # Downgrades (from upper level)
   FWD: 0 # Forwards (from upper level)
   latGETnl: 32612 # GET request latency on next level
   latGETnet: 0 # GET request latency on network to next level
 l1d: # Cache stats
  l1d-0: # Filter cache stats
   fhGETS: 35804968 # Filtered GETS hits
   fhGETX: 9553598 # Filtered GETX hits
   hGETS: 6401267 # GETS hits
   hGETX: 1656034 # GETX hits
   mGETS: 618047 # GETS misses
   mGETXIM: 140007 # GETX I->M misses
   mGETXSM: 0 # GETX S->M misses (upgrade misses)
   PUTS: 0 # Clean evictions (from lower level)
   PUTX: 0 # Dirty evictions (from lower level)
   INV: 4 # Invalidates (from upper level)
   INVX: 0 # Downgrades (from upper level)
   FWD: 0 # Forwards (from upper level)
   latGETnl: 62540660 # GET request latency on next level
   latGETnet: 0 # GET request latency on network to next level
 l2: # Cache stats
  l2-0: # Cache stats
   hGETS: 257743 # GETS hits
   hGETX: 1 # GETX hits
   mGETS: 360567 # GETS misses
   mGETXIM: 140006 # GETX I->M misses
   mGETXSM: 0 # GETX S->M misses (upgrade misses)
   PUTS: 616369 # Clean evictions (from lower level)
   PUTX: 141169 # Dirty evictions (from lower level)
   INV: 0 # Invalidates (from upper level)
   INVX: 0 # Downgrades (from upper level)
   FWD: 0 # Forwards (from upper level)
   latGETnl: 54990102 # GET request latency on next level
   latGETnet: 0 # GET request latency on network to next level
 l3: # Cache stats
  l3-0: # Cache stats
   hGETS: 17417 # GETS hits
   hGETX: 5641 # GETX hits
   mGETS: 343150 # GETS misses
   mGETXIM: 134365 # GETX I->M misses
   mGETXSM: 0 # GETX S->M misses (upgrade misses)
   PUTS: 356540 # Clean evictions (from lower level)
   PUTX: 139937 # Dirty evictions (from lower level)
   INV: 0 # Invalidates (from upper level)
   INVX: 0 # Downgrades (from upper level)
   FWD: 0 # Forwards (from upper level)
   latGETnl: 42976350 # GET request latency on next level
   latGETnet: 0 # GET request latency on network to next level
 mem: # Memory controller stats
  mem-0: # Memory controller stats
   rd: 119333 # Read requests
   wr: 33759 # Write requests
   rdlat: 17417854 # Total latency experienced by read requests
   wrlat: 5566480 # Total latency experienced by write requests
   rdhits: 10 # Read row hits
   wrhits: 131 # Write row hits
   mlh: # latency histogram for memory requests
    0: 0
    1: 0
    2: 0
    3: 0
    4: 0
    5: 0
    6: 0
    7: 0
    8: 0
    9: 0
    10: 0
    11: 0
    12: 0
    13: 77300
    14: 20590
    15: 6256
    16: 1491
    17: 5038
    18: 964
    19: 1050
    20: 877
    21: 169
    22: 457
    23: 94
    24: 297
    25: 2993
    26: 351
    27: 111
    28: 141
    29: 83
    30: 60
    31: 39
    32: 38
    33: 48
    34: 59
    35: 74
    36: 68
    37: 58
    38: 85
    39: 61
    40: 73
    41: 58
    42: 62
    43: 41
    44: 27
    45: 16
    46: 14
    47: 31
    48: 48
    49: 31
    50: 17
    51: 14
    52: 14
    53: 5
    54: 6
    55: 10
    56: 2
    57: 4
    58: 3
    59: 4
    60: 1
    61: 0
    62: 0
    63: 0
    64: 0
    65: 0
    66: 0
    67: 0
    68: 0
    69: 0
    70: 0
    71: 0
    72: 0
    73: 0
    74: 0
    75: 0
    76: 0
    77: 0
    78: 0
    79: 0
    80: 0
    81: 0
    82: 0
    83: 0
    84: 0
    85: 0
    86: 0
    87: 0
    88: 0
    89: 0
    90: 0
    91: 0
    92: 0
    93: 0
    94: 0
    95: 0
    96: 0
    97: 0
    98: 0
    99: 0
  mem-1: # Memory controller stats
   rd: 119371 # Read requests
   wr: 33773 # Write requests
   rdlat: 17433346 # Total latency experienced by read requests
   wrlat: 5558737 # Total latency experienced by write requests
   rdhits: 7 # Read row hits
   wrhits: 139 # Write row hits
   mlh: # latency histogram for memory requests
    0: 0
    1: 0
    2: 0
    3: 0
    4: 0
    5: 0
    6: 0
    7: 0
    8: 0
    9: 0
    10: 0
    11: 0
    12: 0
    13: 77235
    14: 20679
    15: 6234
    16: 1484
    17: 5005
    18: 974
    19: 1039
    20: 848
    21: 171
    22: 460
    23: 117
    24: 377
    25: 2897
    26: 389
    27: 103
    28: 132
    29: 85
    30: 64
    31: 48
    32: 57
    33: 55
    34: 60
    35: 72
    36: 66
    37: 78
    38: 77
    39: 60
    40: 62
    41: 63
    42: 81
    43: 62
    44: 44
    45: 27
    46: 19
    47: 39
    48: 40
    49: 17
    50: 11
    51: 12
    52: 9
    53: 5
    54: 4
    55: 2
    56: 0
    57: 2
    58: 2
    59: 2
    60: 2
    61: 0
    62: 0
    63: 0
    64: 0
    65: 0
    66: 0
    67: 0
    68: 0
    69: 0
    70: 0
    71: 0
    72: 0
    73: 0
    74: 0
    75: 0
    76: 0
    77: 0
    78: 0
    79: 0
    80: 0
    81: 0
    82: 0
    83: 0
    84: 0
    85: 0
    86: 0
    87: 0
    88: 0
    89: 0
    90: 0
    91: 0
    92: 0
    93: 0
    94: 0
    95: 0
    96: 0
    97: 0
    98: 0
    99: 0
  mem-2: # Memory controller stats
   rd: 119419 # Read requests
   wr: 33815 # Write requests
   rdlat: 17430068 # Total latency experienced by read requests
   wrlat: 5554092 # Total latency experienced by write requests
   rdhits: 4 # Read row hits
   wrhits: 118 # Write row hits
   mlh: # latency histogram for memory requests
    0: 0
    1: 0
    2: 0
    3: 0
    4: 0
    5: 0
    6: 0
    7: 0
    8: 0
    9: 0
    10: 0
    11: 0
    12: 0
    13: 77301
    14: 20656
    15: 6189
    16: 1581
    17: 5018
    18: 961
    19: 1064
    20: 873
    21: 161
    22: 426
    23: 154
    24: 322
    25: 2952
    26: 381
    27: 119
    28: 145
    29: 69
    30: 42
    31: 45
    32: 36
    33: 35
    34: 45
    35: 67
    36: 65
    37: 78
    38: 89
    39: 67
    40: 74
    41: 64
    42: 53
    43: 44
    44: 29
    45: 18
    46: 16
    47: 44
    48: 50
    49: 24
    50: 15
    51: 14
    52: 7
    53: 5
    54: 5
    55: 6
    56: 2
    57: 5
    58: 1
    59: 2
    60: 0
    61: 0
    62: 0
    63: 0
    64: 0
    65: 0
    66: 0
    67: 0
    68: 0
    69: 0
    70: 0
    71: 0
    72: 0
    73: 0
    74: 0
    75: 0
    76: 0
    77: 0
    78: 0
    79: 0
    80: 0
    81: 0
    82: 0
    83: 0
    84: 0
    85: 0
    86: 0
    87: 0
    88: 0
    89: 0
    90: 0
    91: 0
    92: 0
    93: 0
    94: 0
    95: 0
    96: 0
    97: 0
    98: 0
    99: 0
  mem-3: # Memory controller stats
   rd: 119391 # Read requests
   wr: 33803 # Write requests
   rdlat: 17446182 # Total latency experienced by read requests
   wrlat: 5558295 # Total latency experienced by write requests
   rdhits: 3 # Read row hits
   wrhits: 115 # Write row hits
   mlh: # latency histogram for memory requests
    0: 0
    1: 0
    2: 0
    3: 0
    4: 0
    5: 0
    6: 0
    7: 0
    8: 0
    9: 0
    10: 0
    11: 0
    12: 0
    13: 77208
    14: 20687
    15: 6174
    16: 1509
    17: 5000
    18: 985
    19: 1055
    20: 870
    21: 183
    22: 427
    23: 163
    24: 416
    25: 2871
    26: 375
    27: 112
    28: 131
    29: 77
    30: 65
    31: 53
    32: 45
    33: 45
    34: 63
    35: 71
    36: 64
    37: 57
    38: 70
    39: 77
    40: 88
    41: 77
    42: 81
    43: 68
    44: 38
    45: 17
    46: 17
    47: 33
    48: 31
    49: 20
    50: 12
    51: 9
    52: 10
    53: 6
    54: 7
    55: 9
    56: 5
    57: 3
    58: 1
    59: 6
    60: 0
    61: 0
    62: 0
    63: 0
    64: 0
    65: 0
    66: 0
    67: 0
    68: 0
    69: 0
    70: 0
    71: 0
    72: 0
    73: 0
    74: 0
    75: 0
    76: 0
    77: 0
    78: 0
    79: 0
    80: 0
    81: 0
    82: 0
    83: 0
    84: 0
    85: 0
    86: 0
    87: 0
    88: 0
    89: 0
    90: 0
    91: 0
    92: 0
    93: 0
    94: 0
    95: 0
    96: 0
    97: 0
    98: 0
    99: 0
 sched: # Scheduler stats
  thCr: 1 # Threads created
  thFn: 1 # Threads finished
  schedEvs: 1 # Schedule events
  waitEvs: 0 # Wait events
  handoffEvs: 0 # Handoff events
  sleepEvs: 0 # Sleep events
  idlePhases: 0 # Phases with no thread active
  idlePeriods: 0 # Periods with no thread active
  occHist: # Occupancy histogram
   0: 0
   1: 8421
  rqSzHist: # Run queue size histogram
   0: 8421
   1: 0
   2: 0
   3: 0
   4: 0
   5: 0
   6: 0
   7: 0
   8: 0
   9: 0
   10: 0
   11: 0
   12: 0
   13: 0
   14: 0
   15: 0
   16: 0
 procCycles: # Per-process unhalted core cycles
  0: 84210990
  1: 0
  2: 0
  3: 0
  4: 0
  5: 0
  6: 0
  7: 0
  8: 0
  9: 0
  10: 0
  11: 0
  12: 0
  13: 0
  14: 0
  15: 0
  16: 0
  17: 0
  18: 0
  19: 0
  20: 0
  21: 0
  22: 0
  23: 0
  24: 0
  25: 0
  26: 0
  27: 0
  28: 0
  29: 0
  30: 0
  31: 0
  32: 0
  33: 0
  34: 0
  35: 0
  36: 0
  37: 0
  38: 0
  39: 0
  40: 0
  41: 0
  42: 0
  43: 0
  44: 0
  45: 0
  46: 0
  47: 0
  48: 0
  49: 0
  50: 0
  51: 0
  52: 0
  53: 0
  54: 0
  55: 0
  56: 0
  57: 0
  58: 0
  59: 0
  60: 0
  61: 0
  62: 0
  63: 0
 procInstrs: # Per-process instructions
  0: 100011620
  1: 0
  2: 0
  3: 0
  4: 0
  5: 0
  6: 0
  7: 0
  8: 0
  9: 0
  10: 0
  11: 0
  12: 0
  13: 0
  14: 0
  15: 0
  16: 0
  17: 0
  18: 0
  19: 0
  20: 0
  21: 0
  22: 0
  23: 0
  24: 0
  25: 0
  26: 0
  27: 0
  28: 0
  29: 0
  30: 0
  31: 0
  32: 0
  33: 0
  34: 0
  35: 0
  36: 0
  37: 0
  38: 0
  39: 0
  40: 0
  41: 0
  42: 0
  43: 0
  44: 0
  45: 0
  46: 0
  47: 0
  48: 0
  49: 0
  50: 0
  51: 0
  52: 0
  53: 0
  54: 0
  55: 0
  56: 0
  57: 0
  58: 0
  59: 0
  60: 0
  61: 0
  62: 0
  63: 0
 heartbeats: # Per-process heartbeats
  0: 0
  1: 0
  2: 0
  3: 0
  4: 0
  5: 0
  6: 0
  7: 0
  8: 0
  9: 0
  10: 0
  11: 0
  12: 0
  13: 0
  14: 0
  15: 0
  16: 0
  17: 0
  18: 0
  19: 0
  20: 0
  21: 0
  22: 0
  23: 0
  24: 0
  25: 0
  26: 0
  27: 0
  28: 0
  29: 0
  30: 0
  31: 0
  32: 0
  33: 0
  34: 0
  35: 0
  36: 0
  37: 0
  38: 0
  39: 0
  40: 0
  41: 0
  42: 0
  43: 0
  44: 0
  45: 0
  46: 0
  47: 0
  48: 0
  49: 0
  50: 0
  51: 0
  52: 0
  53: 0
  54: 0
  55: 0
  56: 0
  57: 0
  58: 0
  59: 0
  60: 0
  61: 0
  62: 0
  63: 0
===
