# zsim stats
===
root: # Stats
 contention: # Contention simulation stats
  domain-0: # Domain stats
   time: 12564145074 # Weave simulation time
 time: # Simulator time breakdown
  init: 510873923
  bound: 100826485372
  weave: 14114170547
  ff: 0
 trigger: 20000 # Reason for this stats dump
 phase: 71919 # Simulated phases
 westmere: # Core stats
  westmere-0: # Core stats
   cycles: 709709522 # Simulated unhalted cycles
   cCycles: 71626968 # Cycles due to contention stalls
   instrs: 728139491 # Simulated instructions
   uops: 881012834 # Retired micro-ops
   bbls: 59682727 # Basic blocks
   approxInstrs: 80023 # Instrs with approx uop decoding
   mispredBranches: 261031 # Mispredicted branches
   condBranches: 39370734 # conditional branches
  westmere-1: # Core stats
   cycles: 650060042 # Simulated unhalted cycles
   cCycles: 68076551 # Cycles due to contention stalls
   instrs: 610309828 # Simulated instructions
   uops: 728138826 # Retired micro-ops
   bbls: 40678846 # Basic blocks
   approxInstrs: 10838 # Instrs with approx uop decoding
   mispredBranches: 259262 # Mispredicted branches
   condBranches: 32257455 # conditional branches
  westmere-2: # Core stats
   cycles: 640964874 # Simulated unhalted cycles
   cCycles: 65725039 # Cycles due to contention stalls
   instrs: 617970597 # Simulated instructions
   uops: 733008694 # Retired micro-ops
   bbls: 43178122 # Basic blocks
   approxInstrs: 79901 # Instrs with approx uop decoding
   mispredBranches: 257781 # Mispredicted branches
   condBranches: 35451043 # conditional branches
  westmere-3: # Core stats
   cycles: 640930592 # Simulated unhalted cycles
   cCycles: 69764952 # Cycles due to contention stalls
   instrs: 588495579 # Simulated instructions
   uops: 703557786 # Retired micro-ops
   bbls: 36630379 # Basic blocks
   approxInstrs: 79978 # Instrs with approx uop decoding
   mispredBranches: 264512 # Mispredicted branches
   condBranches: 28906233 # conditional branches
  westmere-4: # Core stats
   cycles: 641003615 # Simulated unhalted cycles
   cCycles: 68305832 # Cycles due to contention stalls
   instrs: 598305415 # Simulated instructions
   uops: 713371002 # Retired micro-ops
   bbls: 38810795 # Basic blocks
   approxInstrs: 80150 # Instrs with approx uop decoding
   mispredBranches: 261168 # Mispredicted branches
   condBranches: 31082387 # conditional branches
  westmere-5: # Core stats
   cycles: 640800218 # Simulated unhalted cycles
   cCycles: 62661852 # Cycles due to contention stalls
   instrs: 643485148 # Simulated instructions
   uops: 758543477 # Retired micro-ops
   bbls: 48850420 # Basic blocks
   approxInstrs: 80019 # Instrs with approx uop decoding
   mispredBranches: 257589 # Mispredicted branches
   condBranches: 41120288 # conditional branches
  westmere-6: # Core stats
   cycles: 640927001 # Simulated unhalted cycles
   cCycles: 71458454 # Cycles due to contention stalls
   instrs: 574877881 # Simulated instructions
   uops: 689885902 # Retired micro-ops
   bbls: 33603624 # Basic blocks
   approxInstrs: 79970 # Instrs with approx uop decoding
   mispredBranches: 259520 # Mispredicted branches
   condBranches: 25884382 # conditional branches
  westmere-7: # Core stats
   cycles: 640865269 # Simulated unhalted cycles
   cCycles: 62406124 # Cycles due to contention stalls
   instrs: 638519607 # Simulated instructions
   uops: 753569074 # Retired micro-ops
   bbls: 47746379 # Basic blocks
   approxInstrs: 79866 # Instrs with approx uop decoding
   mispredBranches: 257038 # Mispredicted branches
   condBranches: 40017832 # conditional branches
 l1i: # Cache stats
  l1i-0: # Filter cache stats
   fhGETS: 94882469 # Filtered GETS hits
   fhGETX: 0 # Filtered GETX hits
   hGETS: 14609 # GETS hits
   hGETX: 0 # GETX hits
   mGETS: 660 # GETS misses
   mGETXIM: 0 # GETX I->M misses
   mGETXSM: 0 # GETX S->M misses (upgrade misses)
   PUTS: 0 # Clean evictions (from lower level)
   PUTX: 0 # Dirty evictions (from lower level)
   INV: 6 # Invalidates (from upper level)
   INVX: 0 # Downgrades (from upper level)
   FWD: 0 # Forwards (from upper level)
   latGETnl: 57288 # GET request latency on next level
   latGETnet: 0 # GET request latency on network to next level
  l1i-1: # Filter cache stats
   fhGETS: 75912748 # Filtered GETS hits
   fhGETX: 0 # Filtered GETX hits
   hGETS: 39786 # GETS hits
   hGETX: 0 # GETX hits
   mGETS: 482 # GETS misses
   mGETXIM: 0 # GETX I->M misses
   mGETXSM: 0 # GETX S->M misses (upgrade misses)
   PUTS: 0 # Clean evictions (from lower level)
   PUTX: 0 # Dirty evictions (from lower level)
   INV: 0 # Invalidates (from upper level)
   INVX: 0 # Downgrades (from upper level)
   FWD: 0 # Forwards (from upper level)
   latGETnl: 38768 # GET request latency on next level
   latGETnet: 0 # GET request latency on network to next level
  l1i-2: # Filter cache stats
   fhGETS: 78355956 # Filtered GETS hits
   fhGETX: 0 # Filtered GETX hits
   hGETS: 14778 # GETS hits
   hGETX: 0 # GETX hits
   mGETS: 336 # GETS misses
   mGETXIM: 0 # GETX I->M misses
   mGETXSM: 0 # GETX S->M misses (upgrade misses)
   PUTS: 0 # Clean evictions (from lower level)
   PUTX: 0 # Dirty evictions (from lower level)
   INV: 6 # Invalidates (from upper level)
   INVX: 0 # Downgrades (from upper level)
   FWD: 0 # Forwards (from upper level)
   latGETnl: 15654 # GET request latency on next level
   latGETnet: 0 # GET request latency on network to next level
  l1i-3: # Filter cache stats
   fhGETS: 71842269 # Filtered GETS hits
   fhGETX: 0 # Filtered GETX hits
   hGETS: 13999 # GETS hits
   hGETX: 0 # GETX hits
   mGETS: 329 # GETS misses
   mGETXIM: 0 # GETX I->M misses
   mGETXSM: 0 # GETX S->M misses (upgrade misses)
   PUTS: 0 # Clean evictions (from lower level)
   PUTX: 0 # Dirty evictions (from lower level)
   INV: 0 # Invalidates (from upper level)
   INVX: 0 # Downgrades (from upper level)
   FWD: 0 # Forwards (from upper level)
   latGETnl: 14066 # GET request latency on next level
   latGETnet: 0 # GET request latency on network to next level
  l1i-4: # Filter cache stats
   fhGETS: 74005897 # Filtered GETS hits
   fhGETX: 0 # Filtered GETX hits
   hGETS: 14079 # GETS hits
   hGETX: 0 # GETX hits
   mGETS: 326 # GETS misses
   mGETXIM: 0 # GETX I->M misses
   mGETXSM: 0 # GETX S->M misses (upgrade misses)
   PUTS: 0 # Clean evictions (from lower level)
   PUTX: 0 # Dirty evictions (from lower level)
   INV: 0 # Invalidates (from upper level)
   INVX: 0 # Downgrades (from upper level)
   FWD: 0 # Forwards (from upper level)
   latGETnl: 12164 # GET request latency on next level
   latGETnet: 0 # GET request latency on network to next level
  l1i-5: # Filter cache stats
   fhGETS: 84027630 # Filtered GETS hits
   fhGETX: 0 # Filtered GETX hits
   hGETS: 14095 # GETS hits
   hGETX: 0 # GETX hits
   mGETS: 326 # GETS misses
   mGETXIM: 0 # GETX I->M misses
   mGETXSM: 0 # GETX S->M misses (upgrade misses)
   PUTS: 0 # Clean evictions (from lower level)
   PUTX: 0 # Dirty evictions (from lower level)
   INV: 0 # Invalidates (from upper level)
   INVX: 0 # Downgrades (from upper level)
   FWD: 0 # Forwards (from upper level)
   latGETnl: 13784 # GET request latency on next level
   latGETnet: 0 # GET request latency on network to next level
  l1i-6: # Filter cache stats
   fhGETS: 68789324 # Filtered GETS hits
   fhGETX: 0 # Filtered GETX hits
   hGETS: 14253 # GETS hits
   hGETX: 0 # GETX hits
   mGETS: 331 # GETS misses
   mGETXIM: 0 # GETX I->M misses
   mGETXSM: 0 # GETX S->M misses (upgrade misses)
   PUTS: 0 # Clean evictions (from lower level)
   PUTX: 0 # Dirty evictions (from lower level)
   INV: 1 # Invalidates (from upper level)
   INVX: 0 # Downgrades (from upper level)
   FWD: 0 # Forwards (from upper level)
   latGETnl: 14134 # GET request latency on next level
   latGETnet: 0 # GET request latency on network to next level
  l1i-7: # Filter cache stats
   fhGETS: 82920673 # Filtered GETS hits
   fhGETX: 0 # Filtered GETX hits
   hGETS: 14283 # GETS hits
   hGETX: 0 # GETX hits
   mGETS: 329 # GETS misses
   mGETXIM: 0 # GETX I->M misses
   mGETXSM: 0 # GETX S->M misses (upgrade misses)
   PUTS: 0 # Clean evictions (from lower level)
   PUTX: 0 # Dirty evictions (from lower level)
   INV: 0 # Invalidates (from upper level)
   INVX: 0 # Downgrades (from upper level)
   FWD: 0 # Forwards (from upper level)
   latGETnl: 12806 # GET request latency on next level
   latGETnet: 0 # GET request latency on network to next level
 l1d: # Cache stats
  l1d-0: # Filter cache stats
   fhGETS: 256350546 # Filtered GETS hits
   fhGETX: 27647796 # Filtered GETX hits
   hGETS: 29958870 # GETS hits
   hGETX: 388931 # GETX hits
   mGETS: 8822241 # GETS misses
   mGETXIM: 183802 # GETX I->M misses
   mGETXSM: 515030 # GETX S->M misses (upgrade misses)
   PUTS: 0 # Clean evictions (from lower level)
   PUTX: 0 # Dirty evictions (from lower level)
   INV: 558280 # Invalidates (from upper level)
   INVX: 529485 # Downgrades (from upper level)
   FWD: 0 # Forwards (from upper level)
   latGETnl: 556538777 # GET request latency on next level
   latGETnet: 0 # GET request latency on network to next level
  l1d-1: # Filter cache stats
   fhGETS: 222712802 # Filtered GETS hits
   fhGETX: 6908054 # Filtered GETX hits
   hGETS: 29788635 # GETS hits
   hGETX: 254018 # GETX hits
   mGETS: 8954921 # GETS misses
   mGETXIM: 41948 # GETX I->M misses
   mGETXSM: 541024 # GETX S->M misses (upgrade misses)
   PUTS: 0 # Clean evictions (from lower level)
   PUTX: 0 # Dirty evictions (from lower level)
   INV: 561483 # Invalidates (from upper level)
   INVX: 535809 # Downgrades (from upper level)
   FWD: 0 # Forwards (from upper level)
   latGETnl: 549498232 # GET request latency on next level
   latGETnet: 0 # GET request latency on network to next level
  l1d-2: # Filter cache stats
   fhGETS: 226167463 # Filtered GETS hits
   fhGETX: 7219639 # Filtered GETX hits
   hGETS: 29277797 # GETS hits
   hGETX: 147640 # GETX hits
   mGETS: 8819223 # GETS misses
   mGETXIM: 41915 # GETX I->M misses
   mGETXSM: 523737 # GETX S->M misses (upgrade misses)
   PUTS: 0 # Clean evictions (from lower level)
   PUTX: 0 # Dirty evictions (from lower level)
   INV: 562953 # Invalidates (from upper level)
   INVX: 537738 # Downgrades (from upper level)
   FWD: 0 # Forwards (from upper level)
   latGETnl: 536359777 # GET request latency on next level
   latGETnet: 0 # GET request latency on network to next level
  l1d-3: # Filter cache stats
   fhGETS: 216046330 # Filtered GETS hits
   fhGETX: 3966369 # Filtered GETX hits
   hGETS: 29561302 # GETS hits
   hGETX: 145002 # GETX hits
   mGETS: 8809615 # GETS misses
   mGETXIM: 41925 # GETX I->M misses
   mGETXSM: 516670 # GETX S->M misses (upgrade misses)
   PUTS: 0 # Clean evictions (from lower level)
   PUTX: 0 # Dirty evictions (from lower level)
   INV: 554865 # Invalidates (from upper level)
   INVX: 522849 # Downgrades (from upper level)
   FWD: 0 # Forwards (from upper level)
   latGETnl: 550597029 # GET request latency on next level
   latGETnet: 0 # GET request latency on network to next level
  l1d-4: # Filter cache stats
   fhGETS: 219543688 # Filtered GETS hits
   fhGETX: 5043699 # Filtered GETX hits
   hGETS: 29344341 # GETS hits
   hGETX: 154984 # GETX hits
   mGETS: 8806691 # GETS misses
   mGETXIM: 42383 # GETX I->M misses
   mGETXSM: 516645 # GETX S->M misses (upgrade misses)
   PUTS: 0 # Clean evictions (from lower level)
   PUTX: 0 # Dirty evictions (from lower level)
   INV: 555267 # Invalidates (from upper level)
   INVX: 519963 # Downgrades (from upper level)
   FWD: 0 # Forwards (from upper level)
   latGETnl: 546047781 # GET request latency on next level
   latGETnet: 0 # GET request latency on network to next level
  l1d-5: # Filter cache stats
   fhGETS: 234379800 # Filtered GETS hits
   fhGETX: 10076399 # Filtered GETX hits
   hGETS: 29583587 # GETS hits
   hGETX: 145837 # GETX hits
   mGETS: 8800376 # GETS misses
   mGETXIM: 41653 # GETX I->M misses
   mGETXSM: 510104 # GETX S->M misses (upgrade misses)
   PUTS: 0 # Clean evictions (from lower level)
   PUTX: 0 # Dirty evictions (from lower level)
   INV: 547824 # Invalidates (from upper level)
   INVX: 526001 # Downgrades (from upper level)
   FWD: 0 # Forwards (from upper level)
   latGETnl: 522411184 # GET request latency on next level
   latGETnet: 0 # GET request latency on network to next level
  l1d-6: # Filter cache stats
   fhGETS: 211802213 # Filtered GETS hits
   fhGETX: 2443399 # Filtered GETX hits
   hGETS: 29302146 # GETS hits
   hGETX: 152022 # GETX hits
   mGETS: 8797724 # GETS misses
   mGETXIM: 40770 # GETX I->M misses
   mGETXSM: 508583 # GETX S->M misses (upgrade misses)
   PUTS: 0 # Clean evictions (from lower level)
   PUTX: 0 # Dirty evictions (from lower level)
   INV: 542461 # Invalidates (from upper level)
   INVX: 523380 # Downgrades (from upper level)
   FWD: 0 # Forwards (from upper level)
   latGETnl: 556026515 # GET request latency on next level
   latGETnet: 0 # GET request latency on network to next level
  l1d-7: # Filter cache stats
   fhGETS: 233059946 # Filtered GETS hits
   fhGETX: 9514426 # Filtered GETX hits
   hGETS: 29245631 # GETS hits
   hGETX: 149019 # GETX hits
   mGETS: 8804396 # GETS misses
   mGETXIM: 40266 # GETX I->M misses
   mGETXSM: 517576 # GETX S->M misses (upgrade misses)
   PUTS: 0 # Clean evictions (from lower level)
   PUTX: 0 # Dirty evictions (from lower level)
   INV: 550308 # Invalidates (from upper level)
   INVX: 526562 # Downgrades (from upper level)
   FWD: 0 # Forwards (from upper level)
   latGETnl: 525435765 # GET request latency on next level
   latGETnet: 0 # GET request latency on network to next level
 l2: # Cache stats
  l2-0: # Cache stats
   hGETS: 20594 # GETS hits
   hGETX: 2448 # GETX hits
   mGETS: 8802307 # GETS misses
   mGETXIM: 185197 # GETX I->M misses
   mGETXSM: 511187 # GETX S->M misses (upgrade misses)
   PUTS: 8273304 # Clean evictions (from lower level)
   PUTX: 191068 # Dirty evictions (from lower level)
   INV: 559523 # Invalidates (from upper level)
   INVX: 672808 # Downgrades (from upper level)
   FWD: 0 # Forwards (from upper level)
   latGETnl: 461378735 # GET request latency on next level
   latGETnet: 0 # GET request latency on network to next level
  l2-1: # Cache stats
   hGETS: 64529 # GETS hits
   hGETX: 1410 # GETX hits
   mGETS: 8890874 # GETS misses
   mGETXIM: 44968 # GETX I->M misses
   mGETXSM: 536594 # GETX S->M misses (upgrade misses)
   PUTS: 8327004 # Clean evictions (from lower level)
   PUTX: 125943 # Dirty evictions (from lower level)
   INV: 564335 # Invalidates (from upper level)
   INVX: 680824 # Downgrades (from upper level)
   FWD: 0 # Forwards (from upper level)
   latGETnl: 454153250 # GET request latency on next level
   latGETnet: 0 # GET request latency on network to next level
  l2-2: # Cache stats
   hGETS: 23938 # GETS hits
   hGETX: 4979 # GETX hits
   mGETS: 8795621 # GETS misses
   mGETXIM: 41114 # GETX I->M misses
   mGETXSM: 519559 # GETX S->M misses (upgrade misses)
   PUTS: 8274495 # Clean evictions (from lower level)
   PUTX: 42369 # Dirty evictions (from lower level)
   INV: 564216 # Invalidates (from upper level)
   INVX: 700328 # Downgrades (from upper level)
   FWD: 0 # Forwards (from upper level)
   latGETnl: 442523321 # GET request latency on next level
   latGETnet: 0 # GET request latency on network to next level
  l2-3: # Cache stats
   hGETS: 25760 # GETS hits
   hGETX: 4850 # GETX hits
   mGETS: 8784184 # GETS misses
   mGETXIM: 40969 # GETX I->M misses
   mGETXSM: 512776 # GETX S->M misses (upgrade misses)
   PUTS: 8274146 # Clean evictions (from lower level)
   PUTX: 42346 # Dirty evictions (from lower level)
   INV: 556129 # Invalidates (from upper level)
   INVX: 664916 # Downgrades (from upper level)
   FWD: 0 # Forwards (from upper level)
   latGETnl: 456925705 # GET request latency on next level
   latGETnet: 0 # GET request latency on network to next level
  l2-4: # Cache stats
   hGETS: 18438 # GETS hits
   hGETX: 4515 # GETX hits
   mGETS: 8788579 # GETS misses
   mGETXIM: 41589 # GETX I->M misses
   mGETXSM: 512924 # GETX S->M misses (upgrade misses)
   PUTS: 8271830 # Clean evictions (from lower level)
   PUTX: 42220 # Dirty evictions (from lower level)
   INV: 556534 # Invalidates (from upper level)
   INVX: 676100 # Downgrades (from upper level)
   FWD: 0 # Forwards (from upper level)
   latGETnl: 452399495 # GET request latency on next level
   latGETnet: 0 # GET request latency on network to next level
  l2-5: # Cache stats
   hGETS: 24501 # GETS hits
   hGETX: 4234 # GETX hits
   mGETS: 8776201 # GETS misses
   mGETXIM: 41227 # GETX I->M misses
   mGETXSM: 506296 # GETX S->M misses (upgrade misses)
   PUTS: 8272764 # Clean evictions (from lower level)
   PUTX: 42443 # Dirty evictions (from lower level)
   INV: 549091 # Invalidates (from upper level)
   INVX: 687951 # Downgrades (from upper level)
   FWD: 0 # Forwards (from upper level)
   latGETnl: 428900378 # GET request latency on next level
   latGETnet: 0 # GET request latency on network to next level
  l2-6: # Cache stats
   hGETS: 26512 # GETS hits
   hGETX: 4505 # GETX hits
   mGETS: 8771543 # GETS misses
   mGETXIM: 39771 # GETX I->M misses
   mGETXSM: 505077 # GETX S->M misses (upgrade misses)
   PUTS: 8273084 # Clean evictions (from lower level)
   PUTX: 42621 # Dirty evictions (from lower level)
   INV: 543725 # Invalidates (from upper level)
   INVX: 676045 # Downgrades (from upper level)
   FWD: 0 # Forwards (from upper level)
   latGETnl: 462566569 # GET request latency on next level
   latGETnet: 0 # GET request latency on network to next level
  l2-7: # Cache stats
   hGETS: 24020 # GETS hits
   hGETX: 4144 # GETX hits
   mGETS: 8780705 # GETS misses
   mGETXIM: 39951 # GETX I->M misses
   mGETXSM: 513747 # GETX S->M misses (upgrade misses)
   PUTS: 8274461 # Clean evictions (from lower level)
   PUTX: 42772 # Dirty evictions (from lower level)
   INV: 551574 # Invalidates (from upper level)
   INVX: 680785 # Downgrades (from upper level)
   FWD: 0 # Forwards (from upper level)
   latGETnl: 431822901 # GET request latency on next level
   latGETnet: 0 # GET request latency on network to next level
 l3: # Cache stats
  l3-0b0: # Cache stats
   hGETS: 5252227 # GETS hits
   hGETX: 19163 # GETX hits
   mGETS: 2355505 # GETS misses
   mGETXIM: 22094 # GETX I->M misses
   mGETXSM: 0 # GETX S->M misses (upgrade misses)
   PUTS: 7580042 # Clean evictions (from lower level)
   PUTX: 60376 # Dirty evictions (from lower level)
   INV: 0 # Invalidates (from upper level)
   INVX: 0 # Downgrades (from upper level)
   FWD: 0 # Forwards (from upper level)
   latGETnl: 213983910 # GET request latency on next level
   latGETnet: 0 # GET request latency on network to next level
  l3-0b1: # Cache stats
   hGETS: 5087768 # GETS hits
   hGETX: 25435 # GETX hits
   mGETS: 2349524 # GETS misses
   mGETXIM: 20841 # GETX I->M misses
   mGETXSM: 0 # GETX S->M misses (upgrade misses)
   PUTS: 7408994 # Clean evictions (from lower level)
   PUTX: 63703 # Dirty evictions (from lower level)
   INV: 0 # Invalidates (from upper level)
   INVX: 0 # Downgrades (from upper level)
   FWD: 0 # Forwards (from upper level)
   latGETnl: 213332850 # GET request latency on next level
   latGETnet: 0 # GET request latency on network to next level
  l3-0b2: # Cache stats
   hGETS: 6227632 # GETS hits
   hGETX: 1391468 # GETX hits
   mGETS: 2459830 # GETS misses
   mGETXIM: 22598 # GETX I->M misses
   mGETXSM: 0 # GETX S->M misses (upgrade misses)
   PUTS: 7408204 # Clean evictions (from lower level)
   PUTX: 61103 # Dirty evictions (from lower level)
   INV: 0 # Invalidates (from upper level)
   INVX: 0 # Downgrades (from upper level)
   FWD: 0 # Forwards (from upper level)
   latGETnl: 223418520 # GET request latency on next level
   latGETnet: 0 # GET request latency on network to next level
  l3-0b3: # Cache stats
   hGETS: 6020221 # GETS hits
   hGETX: 997247 # GETX hits
   mGETS: 2388064 # GETS misses
   mGETXIM: 22874 # GETX I->M misses
   mGETXSM: 0 # GETX S->M misses (upgrade misses)
   PUTS: 7411339 # Clean evictions (from lower level)
   PUTX: 60461 # Dirty evictions (from lower level)
   INV: 0 # Invalidates (from upper level)
   INVX: 0 # Downgrades (from upper level)
   FWD: 0 # Forwards (from upper level)
   latGETnl: 216984420 # GET request latency on next level
   latGETnet: 0 # GET request latency on network to next level
  l3-0b4: # Cache stats
   hGETS: 6036415 # GETS hits
   hGETX: 971475 # GETX hits
   mGETS: 2374158 # GETS misses
   mGETXIM: 19655 # GETX I->M misses
   mGETXSM: 0 # GETX S->M misses (upgrade misses)
   PUTS: 7409055 # Clean evictions (from lower level)
   PUTX: 62344 # Dirty evictions (from lower level)
   INV: 0 # Invalidates (from upper level)
   INVX: 0 # Downgrades (from upper level)
   FWD: 0 # Forwards (from upper level)
   latGETnl: 215443170 # GET request latency on next level
   latGETnet: 0 # GET request latency on network to next level
  l3-0b5: # Cache stats
   hGETS: 5983990 # GETS hits
   hGETX: 972633 # GETX hits
   mGETS: 2399358 # GETS misses
   mGETXIM: 22069 # GETX I->M misses
   mGETXSM: 0 # GETX S->M misses (upgrade misses)
   PUTS: 7409093 # Clean evictions (from lower level)
   PUTX: 61120 # Dirty evictions (from lower level)
   INV: 0 # Invalidates (from upper level)
   INVX: 0 # Downgrades (from upper level)
   FWD: 0 # Forwards (from upper level)
   latGETnl: 217928430 # GET request latency on next level
   latGETnet: 0 # GET request latency on network to next level
  l3-0b6: # Cache stats
   hGETS: 8529637 # GETS hits
   hGETX: 19260 # GETX hits
   mGETS: 2122109 # GETS misses
   mGETXIM: 23454 # GETX I->M misses
   mGETXSM: 0 # GETX S->M misses (upgrade misses)
   PUTS: 10622548 # Clean evictions (from lower level)
   PUTX: 61418 # Dirty evictions (from lower level)
   INV: 0 # Invalidates (from upper level)
   INVX: 0 # Downgrades (from upper level)
   FWD: 0 # Forwards (from upper level)
   latGETnl: 193100670 # GET request latency on next level
   latGETnet: 0 # GET request latency on network to next level
  l3-0b7: # Cache stats
   hGETS: 8700959 # GETS hits
   hGETX: 19842 # GETX hits
   mGETS: 2102617 # GETS misses
   mGETXIM: 22838 # GETX I->M misses
   mGETXSM: 0 # GETX S->M misses (upgrade misses)
   PUTS: 10775200 # Clean evictions (from lower level)
   PUTX: 60989 # Dirty evictions (from lower level)
   INV: 0 # Invalidates (from upper level)
   INVX: 0 # Downgrades (from upper level)
   FWD: 0 # Forwards (from upper level)
   latGETnl: 191290950 # GET request latency on next level
   latGETnet: 0 # GET request latency on network to next level
 mem: # Memory controller stats
  mem-0: # Memory controller stats
   rd: 2514207 # Read requests
   wr: 27820 # Write requests
   rdlat: 338442662 # Total latency experienced by read requests
   wrlat: 4163291 # Total latency experienced by write requests
   rdhits: 24266 # Read row hits
   wrhits: 115 # Write row hits
   mlh: # latency histogram for memory requests
    0: 0
    1: 0
    2: 0
    3: 0
    4: 0
    5: 0
    6: 0
    7: 0
    8: 0
    9: 0
    10: 0
    11: 2497
    12: 3460
    13: 2438062
    14: 21330
    15: 2874
    16: 2483
    17: 2367
    18: 2142
    19: 3250
    20: 2115
    21: 2474
    22: 1429
    23: 1556
    24: 1464
    25: 1444
    26: 1307
    27: 1364
    28: 1474
    29: 1386
    30: 1423
    31: 1203
    32: 1590
    33: 1412
    34: 1374
    35: 1322
    36: 1418
    37: 1555
    38: 1361
    39: 1557
    40: 1315
    41: 1584
    42: 1401
    43: 618
    44: 197
    45: 162
    46: 137
    47: 66
    48: 18
    49: 4
    50: 6
    51: 1
    52: 2
    53: 2
    54: 0
    55: 1
    56: 0
    57: 0
    58: 0
    59: 0
    60: 0
    61: 0
    62: 0
    63: 0
    64: 0
    65: 0
    66: 0
    67: 0
    68: 0
    69: 0
    70: 0
    71: 0
    72: 0
    73: 0
    74: 0
    75: 0
    76: 0
    77: 0
    78: 0
    79: 0
    80: 0
    81: 0
    82: 0
    83: 0
    84: 0
    85: 0
    86: 0
    87: 0
    88: 0
    89: 0
    90: 0
    91: 0
    92: 0
    93: 0
    94: 0
    95: 0
    96: 0
    97: 0
    98: 0
    99: 0
  mem-1: # Memory controller stats
   rd: 6425401 # Read requests
   wr: 34602 # Write requests
   rdlat: 875381761 # Total latency experienced by read requests
   wrlat: 5745431 # Total latency experienced by write requests
   rdhits: 75747 # Read row hits
   wrhits: 236 # Write row hits
   mlh: # latency histogram for memory requests
    0: 0
    1: 0
    2: 0
    3: 0
    4: 0
    5: 0
    6: 0
    7: 0
    8: 0
    9: 0
    10: 0
    11: 12577
    12: 15446
    13: 5800910
    14: 361001
    15: 38310
    16: 19712
    17: 19312
    18: 17727
    19: 17286
    20: 17028
    21: 16017
    22: 4411
    23: 4100
    24: 3980
    25: 3942
    26: 3786
    27: 3678
    28: 3900
    29: 3880
    30: 4072
    31: 3722
    32: 4052
    33: 3976
    34: 4072
    35: 4001
    36: 3808
    37: 4112
    38: 4007
    39: 4085
    40: 3783
    41: 4030
    42: 4051
    43: 2504
    44: 1363
    45: 1024
    46: 804
    47: 568
    48: 247
    49: 46
    50: 40
    51: 15
    52: 5
    53: 5
    54: 3
    55: 1
    56: 1
    57: 1
    58: 0
    59: 0
    60: 0
    61: 0
    62: 0
    63: 0
    64: 0
    65: 0
    66: 0
    67: 0
    68: 0
    69: 0
    70: 0
    71: 0
    72: 0
    73: 0
    74: 0
    75: 0
    76: 0
    77: 0
    78: 0
    79: 0
    80: 0
    81: 0
    82: 0
    83: 0
    84: 0
    85: 0
    86: 0
    87: 0
    88: 0
    89: 0
    90: 0
    91: 0
    92: 0
    93: 0
    94: 0
    95: 0
    96: 0
    97: 0
    98: 0
    99: 0
  mem-2: # Memory controller stats
   rd: 4885681 # Read requests
   wr: 35317 # Write requests
   rdlat: 662033049 # Total latency experienced by read requests
   wrlat: 5537664 # Total latency experienced by write requests
   rdhits: 42605 # Read row hits
   wrhits: 143 # Write row hits
   mlh: # latency histogram for memory requests
    0: 0
    1: 0
    2: 0
    3: 0
    4: 0
    5: 0
    6: 0
    7: 0
    8: 0
    9: 0
    10: 0
    11: 6588
    12: 8119
    13: 4539863
    14: 190325
    15: 17553
    16: 10081
    17: 10126
    18: 9041
    19: 9043
    20: 9073
    21: 8596
    22: 3476
    23: 3541
    24: 3497
    25: 3102
    26: 2850
    27: 2785
    28: 3006
    29: 2934
    30: 2958
    31: 2757
    32: 2988
    33: 2885
    34: 2913
    35: 2981
    36: 2863
    37: 2914
    38: 2937
    39: 3040
    40: 2828
    41: 3112
    42: 3013
    43: 1562
    44: 791
    45: 551
    46: 459
    47: 301
    48: 155
    49: 20
    50: 23
    51: 14
    52: 8
    53: 5
    54: 2
    55: 1
    56: 0
    57: 0
    58: 0
    59: 0
    60: 1
    61: 0
    62: 0
    63: 0
    64: 0
    65: 0
    66: 0
    67: 0
    68: 0
    69: 0
    70: 0
    71: 0
    72: 0
    73: 0
    74: 0
    75: 0
    76: 0
    77: 0
    78: 0
    79: 0
    80: 0
    81: 0
    82: 0
    83: 0
    84: 0
    85: 0
    86: 0
    87: 0
    88: 0
    89: 0
    90: 0
    91: 0
    92: 0
    93: 0
    94: 0
    95: 0
    96: 0
    97: 0
    98: 0
    99: 0
  mem-3: # Memory controller stats
   rd: 4902278 # Read requests
   wr: 35684 # Write requests
   rdlat: 663245492 # Total latency experienced by read requests
   wrlat: 5531409 # Total latency experienced by write requests
   rdhits: 43791 # Read row hits
   wrhits: 143 # Write row hits
   mlh: # latency histogram for memory requests
    0: 0
    1: 0
    2: 0
    3: 0
    4: 0
    5: 0
    6: 0
    7: 0
    8: 0
    9: 0
    10: 0
    11: 5089
    12: 7419
    13: 4694570
    14: 88594
    15: 7854
    16: 5501
    17: 5180
    18: 4834
    19: 5412
    20: 5813
    21: 5513
    22: 2984
    23: 3473
    24: 3453
    25: 3266
    26: 2727
    27: 2556
    28: 3160
    29: 3120
    30: 2890
    31: 2457
    32: 2949
    33: 3056
    34: 3106
    35: 2755
    36: 2703
    37: 3247
    38: 3027
    39: 2958
    40: 2494
    41: 3037
    42: 3140
    43: 1696
    44: 680
    45: 589
    46: 487
    47: 383
    48: 61
    49: 14
    50: 6
    51: 10
    52: 10
    53: 2
    54: 2
    55: 0
    56: 1
    57: 0
    58: 0
    59: 0
    60: 0
    61: 0
    62: 0
    63: 0
    64: 0
    65: 0
    66: 0
    67: 0
    68: 0
    69: 0
    70: 0
    71: 0
    72: 0
    73: 0
    74: 0
    75: 0
    76: 0
    77: 0
    78: 0
    79: 0
    80: 0
    81: 0
    82: 0
    83: 0
    84: 0
    85: 0
    86: 0
    87: 0
    88: 0
    89: 0
    90: 0
    91: 0
    92: 0
    93: 0
    94: 0
    95: 0
    96: 0
    97: 0
    98: 0
    99: 0
 sched: # Scheduler stats
  thCr: 9 # Threads created
  thFn: 0 # Threads finished
  schedEvs: 9 # Schedule events
  waitEvs: 1 # Wait events
  handoffEvs: 0 # Handoff events
  sleepEvs: 0 # Sleep events
  idlePhases: 0 # Phases with no thread active
  idlePeriods: 0 # Periods with no thread active
  occHist: # Occupancy histogram
   0: 0
   1: 6875
   2: 0
   3: 0
   4: 1
   5: 0
   6: 0
   7: 0
   8: 65043
  rqSzHist: # Run queue size histogram
   0: 71919
   1: 0
   2: 0
   3: 0
   4: 0
   5: 0
   6: 0
   7: 0
   8: 0
   9: 0
   10: 0
   11: 0
   12: 0
   13: 0
   14: 0
   15: 0
   16: 0
 procCycles: # Per-process unhalted core cycles
  0: 5205261133
  1: 0
  2: 0
  3: 0
  4: 0
  5: 0
  6: 0
  7: 0
  8: 0
  9: 0
  10: 0
  11: 0
  12: 0
  13: 0
  14: 0
  15: 0
  16: 0
  17: 0
  18: 0
  19: 0
  20: 0
  21: 0
  22: 0
  23: 0
  24: 0
  25: 0
  26: 0
  27: 0
  28: 0
  29: 0
  30: 0
  31: 0
  32: 0
  33: 0
  34: 0
  35: 0
  36: 0
  37: 0
  38: 0
  39: 0
  40: 0
  41: 0
  42: 0
  43: 0
  44: 0
  45: 0
  46: 0
  47: 0
  48: 0
  49: 0
  50: 0
  51: 0
  52: 0
  53: 0
  54: 0
  55: 0
  56: 0
  57: 0
  58: 0
  59: 0
  60: 0
  61: 0
  62: 0
  63: 0
 procInstrs: # Per-process instructions
  0: 5000103546
  1: 0
  2: 0
  3: 0
  4: 0
  5: 0
  6: 0
  7: 0
  8: 0
  9: 0
  10: 0
  11: 0
  12: 0
  13: 0
  14: 0
  15: 0
  16: 0
  17: 0
  18: 0
  19: 0
  20: 0
  21: 0
  22: 0
  23: 0
  24: 0
  25: 0
  26: 0
  27: 0
  28: 0
  29: 0
  30: 0
  31: 0
  32: 0
  33: 0
  34: 0
  35: 0
  36: 0
  37: 0
  38: 0
  39: 0
  40: 0
  41: 0
  42: 0
  43: 0
  44: 0
  45: 0
  46: 0
  47: 0
  48: 0
  49: 0
  50: 0
  51: 0
  52: 0
  53: 0
  54: 0
  55: 0
  56: 0
  57: 0
  58: 0
  59: 0
  60: 0
  61: 0
  62: 0
  63: 0
 heartbeats: # Per-process heartbeats
  0: 0
  1: 0
  2: 0
  3: 0
  4: 0
  5: 0
  6: 0
  7: 0
  8: 0
  9: 0
  10: 0
  11: 0
  12: 0
  13: 0
  14: 0
  15: 0
  16: 0
  17: 0
  18: 0
  19: 0
  20: 0
  21: 0
  22: 0
  23: 0
  24: 0
  25: 0
  26: 0
  27: 0
  28: 0
  29: 0
  30: 0
  31: 0
  32: 0
  33: 0
  34: 0
  35: 0
  36: 0
  37: 0
  38: 0
  39: 0
  40: 0
  41: 0
  42: 0
  43: 0
  44: 0
  45: 0
  46: 0
  47: 0
  48: 0
  49: 0
  50: 0
  51: 0
  52: 0
  53: 0
  54: 0
  55: 0
  56: 0
  57: 0
  58: 0
  59: 0
  60: 0
  61: 0
  62: 0
  63: 0
===
