# zsim stats
===
root: # Stats
 contention: # Contention simulation stats
  domain-0: # Domain stats
   time: 230777891 # Weave simulation time
 time: # Simulator time breakdown
  init: 2796277794779
  bound: 9352977177
  weave: 296724628
  ff: 0
 trigger: 20000 # Reason for this stats dump
 phase: 6515 # Simulated phases
 westmere: # Core stats
  westmere-0: # Core stats
   cycles: 65150180 # Simulated unhalted cycles
   cCycles: 3581752 # Cycles due to contention stalls
   instrs: 100015250 # Simulated instructions
   uops: 114232944 # Retired micro-ops
   bbls: 31383768 # Basic blocks
   approxInstrs: 258589 # Instrs with approx uop decoding
   mispredBranches: 197842 # Mispredicted branches
   condBranches: 25019900 # conditional branches
 l1i: # Cache stats
  l1i-0: # Filter cache stats
   fhGETS: 29766856 # Filtered GETS hits
   fhGETX: 0 # Filtered GETX hits
   hGETS: 2363322 # GETS hits
   hGETX: 0 # GETX hits
   mGETS: 318628 # GETS misses
   mGETXIM: 0 # GETX I->M misses
   mGETXSM: 0 # GETX S->M misses (upgrade misses)
   PUTS: 0 # Clean evictions (from lower level)
   PUTX: 0 # Dirty evictions (from lower level)
   INV: 1616 # Invalidates (from upper level)
   INVX: 0 # Downgrades (from upper level)
   FWD: 0 # Forwards (from upper level)
   latGETnl: 4186864 # GET request latency on next level
   latGETnet: 0 # GET request latency on network to next level
 l1d: # Cache stats
  l1d-0: # Filter cache stats
   fhGETS: 25869219 # Filtered GETS hits
   fhGETX: 7642028 # Filtered GETX hits
   hGETS: 4065924 # GETS hits
   hGETX: 1131502 # GETX hits
   mGETS: 1166892 # GETS misses
   mGETXIM: 167783 # GETX I->M misses
   mGETXSM: 0 # GETX S->M misses (upgrade misses)
   PUTS: 0 # Clean evictions (from lower level)
   PUTX: 0 # Dirty evictions (from lower level)
   INV: 1138 # Invalidates (from upper level)
   INVX: 0 # Downgrades (from upper level)
   FWD: 0 # Forwards (from upper level)
   latGETnl: 35849300 # GET request latency on next level
   latGETnet: 0 # GET request latency on network to next level
 l2: # Cache stats
  l2-0: # Cache stats
   hGETS: 1299238 # GETS hits
   hGETX: 19734 # GETX hits
   mGETS: 186282 # GETS misses
   mGETXIM: 148049 # GETX I->M misses
   mGETXSM: 0 # GETX S->M misses (upgrade misses)
   PUTS: 1344976 # Clean evictions (from lower level)
   PUTX: 304549 # Dirty evictions (from lower level)
   INV: 4179 # Invalidates (from upper level)
   INVX: 0 # Downgrades (from upper level)
   FWD: 0 # Forwards (from upper level)
   latGETnl: 23503134 # GET request latency on next level
   latGETnet: 0 # GET request latency on network to next level
 l3: # Cache stats
  l3-0: # Cache stats
   hGETS: 106714 # GETS hits
   hGETX: 55626 # GETX hits
   mGETS: 79568 # GETS misses
   mGETXIM: 92423 # GETX I->M misses
   mGETXSM: 0 # GETX S->M misses (upgrade misses)
   PUTS: 86163 # Clean evictions (from lower level)
   PUTX: 239893 # Dirty evictions (from lower level)
   INV: 0 # Invalidates (from upper level)
   INVX: 0 # Downgrades (from upper level)
   FWD: 0 # Forwards (from upper level)
   latGETnl: 15479190 # GET request latency on next level
   latGETnet: 0 # GET request latency on network to next level
 mem: # Memory controller stats
  mem-0: # Memory controller stats
   rd: 43137 # Read requests
   wr: 27724 # Write requests
   rdlat: 5827245 # Total latency experienced by read requests
   wrlat: 4284581 # Total latency experienced by write requests
   rdhits: 42 # Read row hits
   wrhits: 46 # Write row hits
   mlh: # latency histogram for memory requests
    0: 0
    1: 0
    2: 0
    3: 0
    4: 0
    5: 0
    6: 0
    7: 0
    8: 0
    9: 0
    10: 0
    11: 3
    12: 8
    13: 40418
    14: 1087
    15: 563
    16: 369
    17: 29
    18: 23
    19: 31
    20: 22
    21: 26
    22: 19
    23: 25
    24: 50
    25: 27
    26: 17
    27: 12
    28: 26
    29: 15
    30: 21
    31: 25
    32: 22
    33: 20
    34: 28
    35: 29
    36: 31
    37: 32
    38: 25
    39: 25
    40: 33
    41: 26
    42: 30
    43: 14
    44: 0
    45: 2
    46: 1
    47: 2
    48: 1
    49: 0
    50: 0
    51: 0
    52: 0
    53: 0
    54: 0
    55: 0
    56: 0
    57: 0
    58: 0
    59: 0
    60: 0
    61: 0
    62: 0
    63: 0
    64: 0
    65: 0
    66: 0
    67: 0
    68: 0
    69: 0
    70: 0
    71: 0
    72: 0
    73: 0
    74: 0
    75: 0
    76: 0
    77: 0
    78: 0
    79: 0
    80: 0
    81: 0
    82: 0
    83: 0
    84: 0
    85: 0
    86: 0
    87: 0
    88: 0
    89: 0
    90: 0
    91: 0
    92: 0
    93: 0
    94: 0
    95: 0
    96: 0
    97: 0
    98: 0
    99: 0
  mem-1: # Memory controller stats
   rd: 42973 # Read requests
   wr: 27725 # Write requests
   rdlat: 5790036 # Total latency experienced by read requests
   wrlat: 4299340 # Total latency experienced by write requests
   rdhits: 62 # Read row hits
   wrhits: 37 # Write row hits
   mlh: # latency histogram for memory requests
    0: 0
    1: 0
    2: 0
    3: 0
    4: 0
    5: 0
    6: 0
    7: 0
    8: 0
    9: 0
    10: 0
    11: 1
    12: 11
    13: 40519
    14: 836
    15: 611
    16: 356
    17: 49
    18: 34
    19: 26
    20: 19
    21: 19
    22: 13
    23: 22
    24: 35
    25: 28
    26: 16
    27: 17
    28: 20
    29: 20
    30: 17
    31: 18
    32: 21
    33: 18
    34: 31
    35: 24
    36: 27
    37: 32
    38: 21
    39: 31
    40: 23
    41: 25
    42: 16
    43: 8
    44: 3
    45: 4
    46: 1
    47: 0
    48: 0
    49: 0
    50: 1
    51: 0
    52: 0
    53: 0
    54: 0
    55: 0
    56: 0
    57: 0
    58: 0
    59: 0
    60: 0
    61: 0
    62: 0
    63: 0
    64: 0
    65: 0
    66: 0
    67: 0
    68: 0
    69: 0
    70: 0
    71: 0
    72: 0
    73: 0
    74: 0
    75: 0
    76: 0
    77: 0
    78: 0
    79: 0
    80: 0
    81: 0
    82: 0
    83: 0
    84: 0
    85: 0
    86: 0
    87: 0
    88: 0
    89: 0
    90: 0
    91: 0
    92: 0
    93: 0
    94: 0
    95: 0
    96: 0
    97: 0
    98: 0
    99: 0
  mem-2: # Memory controller stats
   rd: 42957 # Read requests
   wr: 27747 # Write requests
   rdlat: 5794784 # Total latency experienced by read requests
   wrlat: 4274812 # Total latency experienced by write requests
   rdhits: 45 # Read row hits
   wrhits: 32 # Write row hits
   mlh: # latency histogram for memory requests
    0: 0
    1: 0
    2: 0
    3: 0
    4: 0
    5: 0
    6: 0
    7: 0
    8: 0
    9: 0
    10: 0
    11: 3
    12: 13
    13: 40322
    14: 1069
    15: 560
    16: 342
    17: 33
    18: 28
    19: 16
    20: 22
    21: 15
    22: 19
    23: 34
    24: 34
    25: 40
    26: 13
    27: 19
    28: 19
    29: 25
    30: 15
    31: 14
    32: 20
    33: 28
    34: 29
    35: 28
    36: 24
    37: 24
    38: 30
    39: 23
    40: 30
    41: 27
    42: 15
    43: 8
    44: 5
    45: 3
    46: 2
    47: 3
    48: 2
    49: 1
    50: 0
    51: 0
    52: 0
    53: 0
    54: 0
    55: 0
    56: 0
    57: 0
    58: 0
    59: 0
    60: 0
    61: 0
    62: 0
    63: 0
    64: 0
    65: 0
    66: 0
    67: 0
    68: 0
    69: 0
    70: 0
    71: 0
    72: 0
    73: 0
    74: 0
    75: 0
    76: 0
    77: 0
    78: 0
    79: 0
    80: 0
    81: 0
    82: 0
    83: 0
    84: 0
    85: 0
    86: 0
    87: 0
    88: 0
    89: 0
    90: 0
    91: 0
    92: 0
    93: 0
    94: 0
    95: 0
    96: 0
    97: 0
    98: 0
    99: 0
  mem-3: # Memory controller stats
   rd: 42924 # Read requests
   wr: 27805 # Write requests
   rdlat: 5788306 # Total latency experienced by read requests
   wrlat: 4290310 # Total latency experienced by write requests
   rdhits: 38 # Read row hits
   wrhits: 26 # Write row hits
   mlh: # latency histogram for memory requests
    0: 0
    1: 0
    2: 0
    3: 0
    4: 0
    5: 0
    6: 0
    7: 0
    8: 0
    9: 0
    10: 0
    11: 1
    12: 1
    13: 40566
    14: 844
    15: 539
    16: 304
    17: 40
    18: 21
    19: 21
    20: 26
    21: 20
    22: 17
    23: 23
    24: 43
    25: 38
    26: 18
    27: 16
    28: 17
    29: 18
    30: 20
    31: 19
    32: 26
    33: 18
    34: 28
    35: 35
    36: 33
    37: 29
    38: 30
    39: 23
    40: 21
    41: 22
    42: 19
    43: 15
    44: 4
    45: 7
    46: 0
    47: 1
    48: 1
    49: 0
    50: 0
    51: 0
    52: 0
    53: 0
    54: 0
    55: 0
    56: 0
    57: 0
    58: 0
    59: 0
    60: 0
    61: 0
    62: 0
    63: 0
    64: 0
    65: 0
    66: 0
    67: 0
    68: 0
    69: 0
    70: 0
    71: 0
    72: 0
    73: 0
    74: 0
    75: 0
    76: 0
    77: 0
    78: 0
    79: 0
    80: 0
    81: 0
    82: 0
    83: 0
    84: 0
    85: 0
    86: 0
    87: 0
    88: 0
    89: 0
    90: 0
    91: 0
    92: 0
    93: 0
    94: 0
    95: 0
    96: 0
    97: 0
    98: 0
    99: 0
 sched: # Scheduler stats
  thCr: 1 # Threads created
  thFn: 1 # Threads finished
  schedEvs: 1 # Schedule events
  waitEvs: 0 # Wait events
  handoffEvs: 0 # Handoff events
  sleepEvs: 0 # Sleep events
  idlePhases: 0 # Phases with no thread active
  idlePeriods: 0 # Periods with no thread active
  occHist: # Occupancy histogram
   0: 0
   1: 6515
  rqSzHist: # Run queue size histogram
   0: 6515
   1: 0
   2: 0
   3: 0
   4: 0
   5: 0
   6: 0
   7: 0
   8: 0
   9: 0
   10: 0
   11: 0
   12: 0
   13: 0
   14: 0
   15: 0
   16: 0
 procCycles: # Per-process unhalted core cycles
  0: 65150180
  1: 0
  2: 0
  3: 0
  4: 0
  5: 0
  6: 0
  7: 0
  8: 0
  9: 0
  10: 0
  11: 0
  12: 0
  13: 0
  14: 0
  15: 0
  16: 0
  17: 0
  18: 0
  19: 0
  20: 0
  21: 0
  22: 0
  23: 0
  24: 0
  25: 0
  26: 0
  27: 0
  28: 0
  29: 0
  30: 0
  31: 0
  32: 0
  33: 0
  34: 0
  35: 0
  36: 0
  37: 0
  38: 0
  39: 0
  40: 0
  41: 0
  42: 0
  43: 0
  44: 0
  45: 0
  46: 0
  47: 0
  48: 0
  49: 0
  50: 0
  51: 0
  52: 0
  53: 0
  54: 0
  55: 0
  56: 0
  57: 0
  58: 0
  59: 0
  60: 0
  61: 0
  62: 0
  63: 0
 procInstrs: # Per-process instructions
  0: 100015250
  1: 0
  2: 0
  3: 0
  4: 0
  5: 0
  6: 0
  7: 0
  8: 0
  9: 0
  10: 0
  11: 0
  12: 0
  13: 0
  14: 0
  15: 0
  16: 0
  17: 0
  18: 0
  19: 0
  20: 0
  21: 0
  22: 0
  23: 0
  24: 0
  25: 0
  26: 0
  27: 0
  28: 0
  29: 0
  30: 0
  31: 0
  32: 0
  33: 0
  34: 0
  35: 0
  36: 0
  37: 0
  38: 0
  39: 0
  40: 0
  41: 0
  42: 0
  43: 0
  44: 0
  45: 0
  46: 0
  47: 0
  48: 0
  49: 0
  50: 0
  51: 0
  52: 0
  53: 0
  54: 0
  55: 0
  56: 0
  57: 0
  58: 0
  59: 0
  60: 0
  61: 0
  62: 0
  63: 0
 heartbeats: # Per-process heartbeats
  0: 0
  1: 0
  2: 0
  3: 0
  4: 0
  5: 0
  6: 0
  7: 0
  8: 0
  9: 0
  10: 0
  11: 0
  12: 0
  13: 0
  14: 0
  15: 0
  16: 0
  17: 0
  18: 0
  19: 0
  20: 0
  21: 0
  22: 0
  23: 0
  24: 0
  25: 0
  26: 0
  27: 0
  28: 0
  29: 0
  30: 0
  31: 0
  32: 0
  33: 0
  34: 0
  35: 0
  36: 0
  37: 0
  38: 0
  39: 0
  40: 0
  41: 0
  42: 0
  43: 0
  44: 0
  45: 0
  46: 0
  47: 0
  48: 0
  49: 0
  50: 0
  51: 0
  52: 0
  53: 0
  54: 0
  55: 0
  56: 0
  57: 0
  58: 0
  59: 0
  60: 0
  61: 0
  62: 0
  63: 0
===
