# zsim stats
===
root: # Stats
 contention: # Contention simulation stats
  domain-0: # Domain stats
   time: 186263168 # Weave simulation time
 time: # Simulator time breakdown
  init: 1436699596390
  bound: 6359394620
  weave: 705545242
  ff: 0
 trigger: 20000 # Reason for this stats dump
 phase: 6680 # Simulated phases
 westmere: # Core stats
  westmere-0: # Core stats
   cycles: 66800733 # Simulated unhalted cycles
   cCycles: 3628161 # Cycles due to contention stalls
   instrs: 100011148 # Simulated instructions
   uops: 118717092 # Retired micro-ops
   bbls: 29228490 # Basic blocks
   approxInstrs: 341486 # Instrs with approx uop decoding
   mispredBranches: 252104 # Mispredicted branches
   condBranches: 21286663 # conditional branches
 l1i: # Cache stats
  l1i-0: # Filter cache stats
   fhGETS: 27071553 # Filtered GETS hits
   fhGETX: 0 # Filtered GETX hits
   hGETS: 3064300 # GETS hits
   hGETX: 0 # GETX hits
   mGETS: 449952 # GETS misses
   mGETXIM: 0 # GETX I->M misses
   mGETXSM: 0 # GETX S->M misses (upgrade misses)
   PUTS: 0 # Clean evictions (from lower level)
   PUTX: 0 # Dirty evictions (from lower level)
   INV: 2478 # Invalidates (from upper level)
   INVX: 0 # Downgrades (from upper level)
   FWD: 0 # Forwards (from upper level)
   latGETnl: 5716170 # GET request latency on next level
   latGETnet: 0 # GET request latency on network to next level
 l1d: # Cache stats
  l1d-0: # Filter cache stats
   fhGETS: 25778233 # Filtered GETS hits
   fhGETX: 9897093 # Filtered GETX hits
   hGETS: 4384863 # GETS hits
   hGETX: 1452388 # GETX hits
   mGETS: 1049941 # GETS misses
   mGETXIM: 222190 # GETX I->M misses
   mGETXSM: 0 # GETX S->M misses (upgrade misses)
   PUTS: 0 # Clean evictions (from lower level)
   PUTX: 0 # Dirty evictions (from lower level)
   INV: 1276 # Invalidates (from upper level)
   INVX: 0 # Downgrades (from upper level)
   FWD: 0 # Forwards (from upper level)
   latGETnl: 38092112 # GET request latency on next level
   latGETnet: 0 # GET request latency on network to next level
 l2: # Cache stats
  l2-0: # Cache stats
   hGETS: 1299076 # GETS hits
   hGETX: 28574 # GETX hits
   mGETS: 200817 # GETS misses
   mGETXIM: 193616 # GETX I->M misses
   mGETXSM: 0 # GETX S->M misses (upgrade misses)
   PUTS: 1363685 # Clean evictions (from lower level)
   PUTX: 353763 # Dirty evictions (from lower level)
   INV: 4346 # Invalidates (from upper level)
   INVX: 0 # Downgrades (from upper level)
   FWD: 0 # Forwards (from upper level)
   latGETnl: 26587452 # GET request latency on next level
   latGETnet: 0 # GET request latency on network to next level
 l3: # Cache stats
  l3-0: # Cache stats
   hGETS: 142644 # GETS hits
   hGETX: 61555 # GETX hits
   mGETS: 58173 # GETS misses
   mGETXIM: 132061 # GETX I->M misses
   mGETXSM: 0 # GETX S->M misses (upgrade misses)
   PUTS: 109185 # Clean evictions (from lower level)
   PUTX: 276809 # Dirty evictions (from lower level)
   INV: 0 # Invalidates (from upper level)
   INVX: 0 # Downgrades (from upper level)
   FWD: 0 # Forwards (from upper level)
   latGETnl: 17121060 # GET request latency on next level
   latGETnet: 0 # GET request latency on network to next level
 mem: # Memory controller stats
  mem-0: # Memory controller stats
   rd: 47432 # Read requests
   wr: 31847 # Write requests
   rdlat: 6394233 # Total latency experienced by read requests
   wrlat: 4925397 # Total latency experienced by write requests
   rdhits: 61 # Read row hits
   wrhits: 32 # Write row hits
   mlh: # latency histogram for memory requests
    0: 0
    1: 0
    2: 0
    3: 0
    4: 0
    5: 0
    6: 0
    7: 0
    8: 0
    9: 0
    10: 0
    11: 5
    12: 4
    13: 44677
    14: 926
    15: 630
    16: 451
    17: 44
    18: 19
    19: 26
    20: 27
    21: 37
    22: 37
    23: 31
    24: 56
    25: 50
    26: 12
    27: 17
    28: 20
    29: 7
    30: 27
    31: 25
    32: 24
    33: 25
    34: 29
    35: 30
    36: 24
    37: 28
    38: 28
    39: 30
    40: 16
    41: 22
    42: 23
    43: 11
    44: 5
    45: 2
    46: 2
    47: 3
    48: 1
    49: 0
    50: 0
    51: 1
    52: 0
    53: 0
    54: 0
    55: 0
    56: 0
    57: 0
    58: 0
    59: 0
    60: 0
    61: 0
    62: 0
    63: 0
    64: 0
    65: 0
    66: 0
    67: 0
    68: 0
    69: 0
    70: 0
    71: 0
    72: 0
    73: 0
    74: 0
    75: 0
    76: 0
    77: 0
    78: 0
    79: 0
    80: 0
    81: 0
    82: 0
    83: 0
    84: 0
    85: 0
    86: 0
    87: 0
    88: 0
    89: 0
    90: 0
    91: 0
    92: 0
    93: 0
    94: 0
    95: 0
    96: 0
    97: 0
    98: 0
    99: 0
  mem-1: # Memory controller stats
   rd: 47775 # Read requests
   wr: 32046 # Write requests
   rdlat: 6436520 # Total latency experienced by read requests
   wrlat: 4979230 # Total latency experienced by write requests
   rdhits: 62 # Read row hits
   wrhits: 45 # Write row hits
   mlh: # latency histogram for memory requests
    0: 0
    1: 0
    2: 0
    3: 0
    4: 0
    5: 0
    6: 0
    7: 0
    8: 0
    9: 0
    10: 0
    11: 0
    12: 8
    13: 45024
    14: 938
    15: 677
    16: 424
    17: 48
    18: 27
    19: 37
    20: 18
    21: 21
    22: 23
    23: 24
    24: 46
    25: 35
    26: 18
    27: 19
    28: 25
    29: 16
    30: 15
    31: 25
    32: 17
    33: 33
    34: 22
    35: 32
    36: 30
    37: 36
    38: 21
    39: 26
    40: 25
    41: 22
    42: 17
    43: 14
    44: 5
    45: 2
    46: 3
    47: 0
    48: 1
    49: 0
    50: 1
    51: 0
    52: 0
    53: 0
    54: 0
    55: 0
    56: 0
    57: 0
    58: 0
    59: 0
    60: 0
    61: 0
    62: 0
    63: 0
    64: 0
    65: 0
    66: 0
    67: 0
    68: 0
    69: 0
    70: 0
    71: 0
    72: 0
    73: 0
    74: 0
    75: 0
    76: 0
    77: 0
    78: 0
    79: 0
    80: 0
    81: 0
    82: 0
    83: 0
    84: 0
    85: 0
    86: 0
    87: 0
    88: 0
    89: 0
    90: 0
    91: 0
    92: 0
    93: 0
    94: 0
    95: 0
    96: 0
    97: 0
    98: 0
    99: 0
  mem-2: # Memory controller stats
   rd: 47600 # Read requests
   wr: 31847 # Write requests
   rdlat: 6418481 # Total latency experienced by read requests
   wrlat: 4946977 # Total latency experienced by write requests
   rdhits: 37 # Read row hits
   wrhits: 36 # Write row hits
   mlh: # latency histogram for memory requests
    0: 0
    1: 0
    2: 0
    3: 0
    4: 0
    5: 0
    6: 0
    7: 0
    8: 0
    9: 0
    10: 0
    11: 5
    12: 2
    13: 44777
    14: 929
    15: 669
    16: 512
    17: 45
    18: 28
    19: 22
    20: 15
    21: 19
    22: 30
    23: 26
    24: 36
    25: 31
    26: 20
    27: 21
    28: 21
    29: 31
    30: 25
    31: 24
    32: 23
    33: 17
    34: 35
    35: 31
    36: 35
    37: 28
    38: 37
    39: 28
    40: 17
    41: 18
    42: 20
    43: 10
    44: 4
    45: 3
    46: 2
    47: 1
    48: 1
    49: 2
    50: 0
    51: 0
    52: 0
    53: 0
    54: 0
    55: 0
    56: 0
    57: 0
    58: 0
    59: 0
    60: 0
    61: 0
    62: 0
    63: 0
    64: 0
    65: 0
    66: 0
    67: 0
    68: 0
    69: 0
    70: 0
    71: 0
    72: 0
    73: 0
    74: 0
    75: 0
    76: 0
    77: 0
    78: 0
    79: 0
    80: 0
    81: 0
    82: 0
    83: 0
    84: 0
    85: 0
    86: 0
    87: 0
    88: 0
    89: 0
    90: 0
    91: 0
    92: 0
    93: 0
    94: 0
    95: 0
    96: 0
    97: 0
    98: 0
    99: 0
  mem-3: # Memory controller stats
   rd: 47425 # Read requests
   wr: 31660 # Write requests
   rdlat: 6396080 # Total latency experienced by read requests
   wrlat: 4906374 # Total latency experienced by write requests
   rdhits: 31 # Read row hits
   wrhits: 41 # Write row hits
   mlh: # latency histogram for memory requests
    0: 0
    1: 0
    2: 0
    3: 0
    4: 0
    5: 0
    6: 0
    7: 0
    8: 0
    9: 0
    10: 0
    11: 2
    12: 4
    13: 44771
    14: 864
    15: 602
    16: 437
    17: 49
    18: 29
    19: 24
    20: 35
    21: 26
    22: 21
    23: 35
    24: 36
    25: 47
    26: 21
    27: 14
    28: 19
    29: 24
    30: 17
    31: 23
    32: 28
    33: 24
    34: 17
    35: 27
    36: 27
    37: 31
    38: 32
    39: 26
    40: 32
    41: 20
    42: 26
    43: 15
    44: 6
    45: 5
    46: 3
    47: 0
    48: 5
    49: 1
    50: 0
    51: 0
    52: 0
    53: 0
    54: 0
    55: 0
    56: 0
    57: 0
    58: 0
    59: 0
    60: 0
    61: 0
    62: 0
    63: 0
    64: 0
    65: 0
    66: 0
    67: 0
    68: 0
    69: 0
    70: 0
    71: 0
    72: 0
    73: 0
    74: 0
    75: 0
    76: 0
    77: 0
    78: 0
    79: 0
    80: 0
    81: 0
    82: 0
    83: 0
    84: 0
    85: 0
    86: 0
    87: 0
    88: 0
    89: 0
    90: 0
    91: 0
    92: 0
    93: 0
    94: 0
    95: 0
    96: 0
    97: 0
    98: 0
    99: 0
 sched: # Scheduler stats
  thCr: 1 # Threads created
  thFn: 1 # Threads finished
  schedEvs: 1 # Schedule events
  waitEvs: 0 # Wait events
  handoffEvs: 0 # Handoff events
  sleepEvs: 0 # Sleep events
  idlePhases: 0 # Phases with no thread active
  idlePeriods: 0 # Periods with no thread active
  occHist: # Occupancy histogram
   0: 0
   1: 6680
  rqSzHist: # Run queue size histogram
   0: 6680
   1: 0
   2: 0
   3: 0
   4: 0
   5: 0
   6: 0
   7: 0
   8: 0
   9: 0
   10: 0
   11: 0
   12: 0
   13: 0
   14: 0
   15: 0
   16: 0
 procCycles: # Per-process unhalted core cycles
  0: 66800733
  1: 0
  2: 0
  3: 0
  4: 0
  5: 0
  6: 0
  7: 0
  8: 0
  9: 0
  10: 0
  11: 0
  12: 0
  13: 0
  14: 0
  15: 0
  16: 0
  17: 0
  18: 0
  19: 0
  20: 0
  21: 0
  22: 0
  23: 0
  24: 0
  25: 0
  26: 0
  27: 0
  28: 0
  29: 0
  30: 0
  31: 0
  32: 0
  33: 0
  34: 0
  35: 0
  36: 0
  37: 0
  38: 0
  39: 0
  40: 0
  41: 0
  42: 0
  43: 0
  44: 0
  45: 0
  46: 0
  47: 0
  48: 0
  49: 0
  50: 0
  51: 0
  52: 0
  53: 0
  54: 0
  55: 0
  56: 0
  57: 0
  58: 0
  59: 0
  60: 0
  61: 0
  62: 0
  63: 0
 procInstrs: # Per-process instructions
  0: 100011148
  1: 0
  2: 0
  3: 0
  4: 0
  5: 0
  6: 0
  7: 0
  8: 0
  9: 0
  10: 0
  11: 0
  12: 0
  13: 0
  14: 0
  15: 0
  16: 0
  17: 0
  18: 0
  19: 0
  20: 0
  21: 0
  22: 0
  23: 0
  24: 0
  25: 0
  26: 0
  27: 0
  28: 0
  29: 0
  30: 0
  31: 0
  32: 0
  33: 0
  34: 0
  35: 0
  36: 0
  37: 0
  38: 0
  39: 0
  40: 0
  41: 0
  42: 0
  43: 0
  44: 0
  45: 0
  46: 0
  47: 0
  48: 0
  49: 0
  50: 0
  51: 0
  52: 0
  53: 0
  54: 0
  55: 0
  56: 0
  57: 0
  58: 0
  59: 0
  60: 0
  61: 0
  62: 0
  63: 0
 heartbeats: # Per-process heartbeats
  0: 0
  1: 0
  2: 0
  3: 0
  4: 0
  5: 0
  6: 0
  7: 0
  8: 0
  9: 0
  10: 0
  11: 0
  12: 0
  13: 0
  14: 0
  15: 0
  16: 0
  17: 0
  18: 0
  19: 0
  20: 0
  21: 0
  22: 0
  23: 0
  24: 0
  25: 0
  26: 0
  27: 0
  28: 0
  29: 0
  30: 0
  31: 0
  32: 0
  33: 0
  34: 0
  35: 0
  36: 0
  37: 0
  38: 0
  39: 0
  40: 0
  41: 0
  42: 0
  43: 0
  44: 0
  45: 0
  46: 0
  47: 0
  48: 0
  49: 0
  50: 0
  51: 0
  52: 0
  53: 0
  54: 0
  55: 0
  56: 0
  57: 0
  58: 0
  59: 0
  60: 0
  61: 0
  62: 0
  63: 0
===
