# zsim stats
===
root: # Stats
 contention: # Contention simulation stats
  domain-0: # Domain stats
   time: 300022325 # Weave simulation time
 time: # Simulator time breakdown
  init: 495002564398
  bound: 11099695727
  weave: 418257118
  ff: 0
 trigger: 20000 # Reason for this stats dump
 phase: 12356 # Simulated phases
 westmere: # Core stats
  westmere-0: # Core stats
   cycles: 123560024 # Simulated unhalted cycles
   cCycles: 8150358 # Cycles due to contention stalls
   instrs: 100013752 # Simulated instructions
   uops: 119767999 # Retired micro-ops
   bbls: 21952548 # Basic blocks
   approxInstrs: 221499 # Instrs with approx uop decoding
   mispredBranches: 1075114 # Mispredicted branches
   condBranches: 17156488 # conditional branches
 l1i: # Cache stats
  l1i-0: # Filter cache stats
   fhGETS: 24399671 # Filtered GETS hits
   fhGETX: 0 # Filtered GETX hits
   hGETS: 1892864 # GETS hits
   hGETX: 0 # GETX hits
   mGETS: 676380 # GETS misses
   mGETXIM: 0 # GETX I->M misses
   mGETXSM: 0 # GETX S->M misses (upgrade misses)
   PUTS: 0 # Clean evictions (from lower level)
   PUTX: 0 # Dirty evictions (from lower level)
   INV: 15 # Invalidates (from upper level)
   INVX: 0 # Downgrades (from upper level)
   FWD: 0 # Forwards (from upper level)
   latGETnl: 8500308 # GET request latency on next level
   latGETnet: 0 # GET request latency on network to next level
 l1d: # Cache stats
  l1d-0: # Filter cache stats
   fhGETS: 22846443 # Filtered GETS hits
   fhGETX: 16031207 # Filtered GETX hits
   hGETS: 1758735 # GETS hits
   hGETX: 911765 # GETX hits
   mGETS: 1508001 # GETS misses
   mGETXIM: 1947759 # GETX I->M misses
   mGETXSM: 0 # GETX S->M misses (upgrade misses)
   PUTS: 0 # Clean evictions (from lower level)
   PUTX: 0 # Dirty evictions (from lower level)
   INV: 1 # Invalidates (from upper level)
   INVX: 0 # Downgrades (from upper level)
   FWD: 0 # Forwards (from upper level)
   latGETnl: 102195864 # GET request latency on next level
   latGETnet: 0 # GET request latency on network to next level
 l2: # Cache stats
  l2-0: # Cache stats
   hGETS: 1121820 # GETS hits
   hGETX: 1200477 # GETX hits
   mGETS: 1062561 # GETS misses
   mGETXIM: 747282 # GETX I->M misses
   mGETXSM: 0 # GETX S->M misses (upgrade misses)
   PUTS: 1829301 # Clean evictions (from lower level)
   PUTX: 2301799 # Dirty evictions (from lower level)
   INV: 8 # Invalidates (from upper level)
   INVX: 0 # Downgrades (from upper level)
   FWD: 0 # Forwards (from upper level)
   latGETnl: 69374772 # GET request latency on next level
   latGETnet: 0 # GET request latency on network to next level
 l3: # Cache stats
  l3-0: # Cache stats
   hGETS: 833656 # GETS hits
   hGETX: 687981 # GETX hits
   mGETS: 228905 # GETS misses
   mGETXIM: 59301 # GETX I->M misses
   mGETXSM: 0 # GETX S->M misses (upgrade misses)
   PUTS: 886793 # Clean evictions (from lower level)
   PUTX: 918946 # Dirty evictions (from lower level)
   INV: 0 # Invalidates (from upper level)
   INVX: 0 # Downgrades (from upper level)
   FWD: 0 # Forwards (from upper level)
   latGETnl: 25938540 # GET request latency on next level
   latGETnet: 0 # GET request latency on network to next level
 mem: # Memory controller stats
  mem-0: # Memory controller stats
   rd: 74865 # Read requests
   wr: 18688 # Write requests
   rdlat: 10038565 # Total latency experienced by read requests
   wrlat: 2729214 # Total latency experienced by write requests
   rdhits: 20 # Read row hits
   wrhits: 19 # Write row hits
   mlh: # latency histogram for memory requests
    0: 0
    1: 0
    2: 0
    3: 0
    4: 0
    5: 0
    6: 0
    7: 0
    8: 0
    9: 0
    10: 0
    11: 0
    12: 4
    13: 72507
    14: 583
    15: 485
    16: 191
    17: 58
    18: 35
    19: 38
    20: 48
    21: 49
    22: 50
    23: 38
    24: 48
    25: 45
    26: 29
    27: 34
    28: 34
    29: 42
    30: 43
    31: 23
    32: 36
    33: 41
    34: 29
    35: 49
    36: 60
    37: 44
    38: 36
    39: 41
    40: 35
    41: 43
    42: 45
    43: 14
    44: 5
    45: 2
    46: 0
    47: 1
    48: 0
    49: 0
    50: 0
    51: 0
    52: 0
    53: 0
    54: 0
    55: 0
    56: 0
    57: 0
    58: 0
    59: 0
    60: 0
    61: 0
    62: 0
    63: 0
    64: 0
    65: 0
    66: 0
    67: 0
    68: 0
    69: 0
    70: 0
    71: 0
    72: 0
    73: 0
    74: 0
    75: 0
    76: 0
    77: 0
    78: 0
    79: 0
    80: 0
    81: 0
    82: 0
    83: 0
    84: 0
    85: 0
    86: 0
    87: 0
    88: 0
    89: 0
    90: 0
    91: 0
    92: 0
    93: 0
    94: 0
    95: 0
    96: 0
    97: 0
    98: 0
    99: 0
  mem-1: # Memory controller stats
   rd: 68898 # Read requests
   wr: 18291 # Write requests
   rdlat: 9241834 # Total latency experienced by read requests
   wrlat: 2663389 # Total latency experienced by write requests
   rdhits: 29 # Read row hits
   wrhits: 19 # Write row hits
   mlh: # latency histogram for memory requests
    0: 0
    1: 0
    2: 0
    3: 0
    4: 0
    5: 0
    6: 0
    7: 0
    8: 0
    9: 0
    10: 0
    11: 2
    12: 4
    13: 66669
    14: 545
    15: 446
    16: 201
    17: 51
    18: 42
    19: 42
    20: 57
    21: 37
    22: 48
    23: 29
    24: 51
    25: 36
    26: 29
    27: 33
    28: 25
    29: 31
    30: 31
    31: 43
    32: 44
    33: 39
    34: 35
    35: 42
    36: 42
    37: 45
    38: 30
    39: 41
    40: 39
    41: 27
    42: 42
    43: 11
    44: 2
    45: 3
    46: 1
    47: 2
    48: 1
    49: 0
    50: 0
    51: 0
    52: 0
    53: 0
    54: 0
    55: 0
    56: 0
    57: 0
    58: 0
    59: 0
    60: 0
    61: 0
    62: 0
    63: 0
    64: 0
    65: 0
    66: 0
    67: 0
    68: 0
    69: 0
    70: 0
    71: 0
    72: 0
    73: 0
    74: 0
    75: 0
    76: 0
    77: 0
    78: 0
    79: 0
    80: 0
    81: 0
    82: 0
    83: 0
    84: 0
    85: 0
    86: 0
    87: 0
    88: 0
    89: 0
    90: 0
    91: 0
    92: 0
    93: 0
    94: 0
    95: 0
    96: 0
    97: 0
    98: 0
    99: 0
  mem-2: # Memory controller stats
   rd: 75993 # Read requests
   wr: 18852 # Write requests
   rdlat: 10199314 # Total latency experienced by read requests
   wrlat: 2743591 # Total latency experienced by write requests
   rdhits: 37 # Read row hits
   wrhits: 19 # Write row hits
   mlh: # latency histogram for memory requests
    0: 0
    1: 0
    2: 0
    3: 0
    4: 0
    5: 0
    6: 0
    7: 0
    8: 0
    9: 0
    10: 0
    11: 1
    12: 17
    13: 73547
    14: 556
    15: 508
    16: 220
    17: 38
    18: 41
    19: 40
    20: 51
    21: 47
    22: 50
    23: 52
    24: 51
    25: 35
    26: 35
    27: 38
    28: 30
    29: 39
    30: 42
    31: 46
    32: 44
    33: 47
    34: 49
    35: 57
    36: 33
    37: 36
    38: 37
    39: 53
    40: 44
    41: 39
    42: 44
    43: 13
    44: 3
    45: 5
    46: 3
    47: 0
    48: 1
    49: 0
    50: 1
    51: 0
    52: 0
    53: 0
    54: 0
    55: 0
    56: 0
    57: 0
    58: 0
    59: 0
    60: 0
    61: 0
    62: 0
    63: 0
    64: 0
    65: 0
    66: 0
    67: 0
    68: 0
    69: 0
    70: 0
    71: 0
    72: 0
    73: 0
    74: 0
    75: 0
    76: 0
    77: 0
    78: 0
    79: 0
    80: 0
    81: 0
    82: 0
    83: 0
    84: 0
    85: 0
    86: 0
    87: 0
    88: 0
    89: 0
    90: 0
    91: 0
    92: 0
    93: 0
    94: 0
    95: 0
    96: 0
    97: 0
    98: 0
    99: 0
  mem-3: # Memory controller stats
   rd: 68450 # Read requests
   wr: 18097 # Write requests
   rdlat: 9183632 # Total latency experienced by read requests
   wrlat: 2643185 # Total latency experienced by write requests
   rdhits: 35 # Read row hits
   wrhits: 22 # Write row hits
   mlh: # latency histogram for memory requests
    0: 0
    1: 0
    2: 0
    3: 0
    4: 0
    5: 0
    6: 0
    7: 0
    8: 0
    9: 0
    10: 0
    11: 3
    12: 26
    13: 66144
    14: 566
    15: 507
    16: 203
    17: 45
    18: 37
    19: 28
    20: 53
    21: 30
    22: 45
    23: 45
    24: 32
    25: 39
    26: 30
    27: 26
    28: 33
    29: 41
    30: 39
    31: 39
    32: 37
    33: 40
    34: 47
    35: 45
    36: 34
    37: 33
    38: 36
    39: 41
    40: 40
    41: 32
    42: 31
    43: 15
    44: 1
    45: 2
    46: 2
    47: 1
    48: 2
    49: 0
    50: 0
    51: 0
    52: 0
    53: 0
    54: 0
    55: 0
    56: 0
    57: 0
    58: 0
    59: 0
    60: 0
    61: 0
    62: 0
    63: 0
    64: 0
    65: 0
    66: 0
    67: 0
    68: 0
    69: 0
    70: 0
    71: 0
    72: 0
    73: 0
    74: 0
    75: 0
    76: 0
    77: 0
    78: 0
    79: 0
    80: 0
    81: 0
    82: 0
    83: 0
    84: 0
    85: 0
    86: 0
    87: 0
    88: 0
    89: 0
    90: 0
    91: 0
    92: 0
    93: 0
    94: 0
    95: 0
    96: 0
    97: 0
    98: 0
    99: 0
 sched: # Scheduler stats
  thCr: 1 # Threads created
  thFn: 1 # Threads finished
  schedEvs: 1 # Schedule events
  waitEvs: 0 # Wait events
  handoffEvs: 0 # Handoff events
  sleepEvs: 0 # Sleep events
  idlePhases: 0 # Phases with no thread active
  idlePeriods: 0 # Periods with no thread active
  occHist: # Occupancy histogram
   0: 0
   1: 12356
  rqSzHist: # Run queue size histogram
   0: 12356
   1: 0
   2: 0
   3: 0
   4: 0
   5: 0
   6: 0
   7: 0
   8: 0
   9: 0
   10: 0
   11: 0
   12: 0
   13: 0
   14: 0
   15: 0
   16: 0
 procCycles: # Per-process unhalted core cycles
  0: 123560024
  1: 0
  2: 0
  3: 0
  4: 0
  5: 0
  6: 0
  7: 0
  8: 0
  9: 0
  10: 0
  11: 0
  12: 0
  13: 0
  14: 0
  15: 0
  16: 0
  17: 0
  18: 0
  19: 0
  20: 0
  21: 0
  22: 0
  23: 0
  24: 0
  25: 0
  26: 0
  27: 0
  28: 0
  29: 0
  30: 0
  31: 0
  32: 0
  33: 0
  34: 0
  35: 0
  36: 0
  37: 0
  38: 0
  39: 0
  40: 0
  41: 0
  42: 0
  43: 0
  44: 0
  45: 0
  46: 0
  47: 0
  48: 0
  49: 0
  50: 0
  51: 0
  52: 0
  53: 0
  54: 0
  55: 0
  56: 0
  57: 0
  58: 0
  59: 0
  60: 0
  61: 0
  62: 0
  63: 0
 procInstrs: # Per-process instructions
  0: 100013752
  1: 0
  2: 0
  3: 0
  4: 0
  5: 0
  6: 0
  7: 0
  8: 0
  9: 0
  10: 0
  11: 0
  12: 0
  13: 0
  14: 0
  15: 0
  16: 0
  17: 0
  18: 0
  19: 0
  20: 0
  21: 0
  22: 0
  23: 0
  24: 0
  25: 0
  26: 0
  27: 0
  28: 0
  29: 0
  30: 0
  31: 0
  32: 0
  33: 0
  34: 0
  35: 0
  36: 0
  37: 0
  38: 0
  39: 0
  40: 0
  41: 0
  42: 0
  43: 0
  44: 0
  45: 0
  46: 0
  47: 0
  48: 0
  49: 0
  50: 0
  51: 0
  52: 0
  53: 0
  54: 0
  55: 0
  56: 0
  57: 0
  58: 0
  59: 0
  60: 0
  61: 0
  62: 0
  63: 0
 heartbeats: # Per-process heartbeats
  0: 0
  1: 0
  2: 0
  3: 0
  4: 0
  5: 0
  6: 0
  7: 0
  8: 0
  9: 0
  10: 0
  11: 0
  12: 0
  13: 0
  14: 0
  15: 0
  16: 0
  17: 0
  18: 0
  19: 0
  20: 0
  21: 0
  22: 0
  23: 0
  24: 0
  25: 0
  26: 0
  27: 0
  28: 0
  29: 0
  30: 0
  31: 0
  32: 0
  33: 0
  34: 0
  35: 0
  36: 0
  37: 0
  38: 0
  39: 0
  40: 0
  41: 0
  42: 0
  43: 0
  44: 0
  45: 0
  46: 0
  47: 0
  48: 0
  49: 0
  50: 0
  51: 0
  52: 0
  53: 0
  54: 0
  55: 0
  56: 0
  57: 0
  58: 0
  59: 0
  60: 0
  61: 0
  62: 0
  63: 0
===
