# zsim stats
===
root: # Stats
 contention: # Contention simulation stats
  domain-0: # Domain stats
   time: 351084941 # Weave simulation time
 time: # Simulator time breakdown
  init: 44811598258
  bound: 8556262847
  weave: 439757936
  ff: 0
 trigger: 20000 # Reason for this stats dump
 phase: 10960 # Simulated phases
 westmere: # Core stats
  westmere-0: # Core stats
   cycles: 109600108 # Simulated unhalted cycles
   cCycles: 8794178 # Cycles due to contention stalls
   instrs: 100015494 # Simulated instructions
   uops: 113815807 # Retired micro-ops
   bbls: 14847553 # Basic blocks
   approxInstrs: 596117 # Instrs with approx uop decoding
   mispredBranches: 789674 # Mispredicted branches
   condBranches: 12876565 # conditional branches
 l1i: # Cache stats
  l1i-0: # Filter cache stats
   fhGETS: 19607436 # Filtered GETS hits
   fhGETX: 0 # Filtered GETX hits
   hGETS: 195 # GETS hits
   hGETX: 0 # GETX hits
   mGETS: 1264 # GETS misses
   mGETXIM: 0 # GETX I->M misses
   mGETXSM: 0 # GETX S->M misses (upgrade misses)
   PUTS: 0 # Clean evictions (from lower level)
   PUTX: 0 # Dirty evictions (from lower level)
   INV: 1233 # Invalidates (from upper level)
   INVX: 0 # Downgrades (from upper level)
   FWD: 0 # Forwards (from upper level)
   latGETnl: 156736 # GET request latency on next level
   latGETnet: 0 # GET request latency on network to next level
 l1d: # Cache stats
  l1d-0: # Filter cache stats
   fhGETS: 25364235 # Filtered GETS hits
   fhGETX: 11435831 # Filtered GETX hits
   hGETS: 998980 # GETS hits
   hGETX: 1630320 # GETX hits
   mGETS: 1934533 # GETS misses
   mGETXIM: 1093034 # GETX I->M misses
   mGETXSM: 0 # GETX S->M misses (upgrade misses)
   PUTS: 0 # Clean evictions (from lower level)
   PUTX: 0 # Dirty evictions (from lower level)
   INV: 491 # Invalidates (from upper level)
   INVX: 0 # Downgrades (from upper level)
   FWD: 0 # Forwards (from upper level)
   latGETnl: 104655714 # GET request latency on next level
   latGETnet: 0 # GET request latency on network to next level
 l2: # Cache stats
  l2-0: # Cache stats
   hGETS: 947760 # GETS hits
   hGETX: 121291 # GETX hits
   mGETS: 988037 # GETS misses
   mGETXIM: 971743 # GETX I->M misses
   mGETXSM: 0 # GETX S->M misses (upgrade misses)
   PUTS: 942141 # Clean evictions (from lower level)
   PUTX: 2084423 # Dirty evictions (from lower level)
   INV: 5435 # Invalidates (from upper level)
   INVX: 0 # Downgrades (from upper level)
   FWD: 0 # Forwards (from upper level)
   latGETnl: 74524140 # GET request latency on next level
   latGETnet: 0 # GET request latency on network to next level
 l3: # Cache stats
  l3-0: # Cache stats
   hGETS: 876535 # GETS hits
   hGETX: 777807 # GETX hits
   mGETS: 111502 # GETS misses
   mGETXIM: 193936 # GETX I->M misses
   mGETXSM: 0 # GETX S->M misses (upgrade misses)
   PUTS: 575043 # Clean evictions (from lower level)
   PUTX: 1375206 # Dirty evictions (from lower level)
   INV: 0 # Invalidates (from upper level)
   INVX: 0 # Downgrades (from upper level)
   FWD: 0 # Forwards (from upper level)
   latGETnl: 27489420 # GET request latency on next level
   latGETnet: 0 # GET request latency on network to next level
 mem: # Memory controller stats
  mem-0: # Memory controller stats
   rd: 76205 # Read requests
   wr: 54487 # Write requests
   rdlat: 10368697 # Total latency experienced by read requests
   wrlat: 7916672 # Total latency experienced by write requests
   rdhits: 1610 # Read row hits
   wrhits: 462 # Write row hits
   mlh: # latency histogram for memory requests
    0: 0
    1: 0
    2: 0
    3: 0
    4: 0
    5: 0
    6: 0
    7: 0
    8: 0
    9: 0
    10: 0
    11: 193
    12: 241
    13: 69725
    14: 1470
    15: 1138
    16: 638
    17: 324
    18: 370
    19: 356
    20: 422
    21: 253
    22: 97
    23: 116
    24: 75
    25: 59
    26: 34
    27: 37
    28: 40
    29: 45
    30: 29
    31: 48
    32: 42
    33: 43
    34: 40
    35: 41
    36: 34
    37: 58
    38: 41
    39: 28
    40: 40
    41: 33
    42: 43
    43: 15
    44: 7
    45: 6
    46: 6
    47: 10
    48: 5
    49: 1
    50: 0
    51: 1
    52: 0
    53: 0
    54: 0
    55: 0
    56: 0
    57: 0
    58: 1
    59: 0
    60: 0
    61: 0
    62: 0
    63: 0
    64: 0
    65: 0
    66: 0
    67: 0
    68: 0
    69: 0
    70: 0
    71: 0
    72: 0
    73: 0
    74: 0
    75: 0
    76: 0
    77: 0
    78: 0
    79: 0
    80: 0
    81: 0
    82: 0
    83: 0
    84: 0
    85: 0
    86: 0
    87: 0
    88: 0
    89: 0
    90: 0
    91: 0
    92: 0
    93: 0
    94: 0
    95: 0
    96: 0
    97: 0
    98: 0
    99: 0
  mem-1: # Memory controller stats
   rd: 76395 # Read requests
   wr: 54846 # Write requests
   rdlat: 10411975 # Total latency experienced by read requests
   wrlat: 7967724 # Total latency experienced by write requests
   rdhits: 1727 # Read row hits
   wrhits: 559 # Write row hits
   mlh: # latency histogram for memory requests
    0: 0
    1: 0
    2: 0
    3: 0
    4: 0
    5: 0
    6: 0
    7: 0
    8: 0
    9: 0
    10: 0
    11: 225
    12: 271
    13: 69768
    14: 1518
    15: 1120
    16: 639
    17: 336
    18: 365
    19: 380
    20: 424
    21: 253
    22: 75
    23: 91
    24: 80
    25: 51
    26: 37
    27: 37
    28: 42
    29: 52
    30: 47
    31: 33
    32: 39
    33: 40
    34: 53
    35: 37
    36: 40
    37: 61
    38: 47
    39: 51
    40: 41
    41: 41
    42: 38
    43: 24
    44: 6
    45: 11
    46: 11
    47: 2
    48: 6
    49: 2
    50: 1
    51: 0
    52: 0
    53: 0
    54: 0
    55: 0
    56: 0
    57: 0
    58: 0
    59: 0
    60: 0
    61: 0
    62: 0
    63: 0
    64: 0
    65: 0
    66: 0
    67: 0
    68: 0
    69: 0
    70: 0
    71: 0
    72: 0
    73: 0
    74: 0
    75: 0
    76: 0
    77: 0
    78: 0
    79: 0
    80: 0
    81: 0
    82: 0
    83: 0
    84: 0
    85: 0
    86: 0
    87: 0
    88: 0
    89: 0
    90: 0
    91: 0
    92: 0
    93: 0
    94: 0
    95: 0
    96: 0
    97: 0
    98: 0
    99: 0
  mem-2: # Memory controller stats
   rd: 76711 # Read requests
   wr: 55040 # Write requests
   rdlat: 10466974 # Total latency experienced by read requests
   wrlat: 8065789 # Total latency experienced by write requests
   rdhits: 1914 # Read row hits
   wrhits: 555 # Write row hits
   mlh: # latency histogram for memory requests
    0: 0
    1: 0
    2: 0
    3: 0
    4: 0
    5: 0
    6: 0
    7: 0
    8: 0
    9: 0
    10: 0
    11: 249
    12: 283
    13: 69682
    14: 1587
    15: 1119
    16: 711
    17: 395
    18: 388
    19: 459
    20: 449
    21: 264
    22: 91
    23: 104
    24: 84
    25: 47
    26: 36
    27: 43
    28: 36
    29: 45
    30: 36
    31: 45
    32: 50
    33: 46
    34: 33
    35: 45
    36: 48
    37: 53
    38: 47
    39: 37
    40: 55
    41: 37
    42: 45
    43: 13
    44: 12
    45: 9
    46: 13
    47: 3
    48: 6
    49: 0
    50: 0
    51: 0
    52: 0
    53: 0
    54: 0
    55: 0
    56: 0
    57: 1
    58: 2
    59: 0
    60: 0
    61: 0
    62: 0
    63: 1
    64: 1
    65: 0
    66: 0
    67: 1
    68: 0
    69: 0
    70: 0
    71: 0
    72: 0
    73: 0
    74: 0
    75: 0
    76: 0
    77: 0
    78: 0
    79: 0
    80: 0
    81: 0
    82: 0
    83: 0
    84: 0
    85: 0
    86: 0
    87: 0
    88: 0
    89: 0
    90: 0
    91: 0
    92: 0
    93: 0
    94: 0
    95: 0
    96: 0
    97: 0
    98: 0
    99: 0
  mem-3: # Memory controller stats
   rd: 76126 # Read requests
   wr: 54604 # Write requests
   rdlat: 10369238 # Total latency experienced by read requests
   wrlat: 7954606 # Total latency experienced by write requests
   rdhits: 1610 # Read row hits
   wrhits: 484 # Write row hits
   mlh: # latency histogram for memory requests
    0: 0
    1: 0
    2: 0
    3: 0
    4: 0
    5: 0
    6: 0
    7: 0
    8: 0
    9: 0
    10: 1
    11: 205
    12: 253
    13: 69665
    14: 1427
    15: 1158
    16: 632
    17: 326
    18: 351
    19: 411
    20: 391
    21: 239
    22: 71
    23: 76
    24: 67
    25: 55
    26: 37
    27: 29
    28: 38
    29: 56
    30: 45
    31: 43
    32: 48
    33: 50
    34: 48
    35: 41
    36: 32
    37: 53
    38: 49
    39: 49
    40: 43
    41: 50
    42: 41
    43: 25
    44: 6
    45: 4
    46: 2
    47: 4
    48: 1
    49: 1
    50: 2
    51: 1
    52: 0
    53: 0
    54: 0
    55: 0
    56: 0
    57: 0
    58: 0
    59: 0
    60: 0
    61: 0
    62: 0
    63: 0
    64: 0
    65: 0
    66: 0
    67: 0
    68: 0
    69: 0
    70: 0
    71: 0
    72: 0
    73: 0
    74: 0
    75: 0
    76: 0
    77: 0
    78: 0
    79: 0
    80: 0
    81: 0
    82: 0
    83: 0
    84: 0
    85: 0
    86: 0
    87: 0
    88: 0
    89: 0
    90: 0
    91: 0
    92: 0
    93: 0
    94: 0
    95: 0
    96: 0
    97: 0
    98: 0
    99: 0
 sched: # Scheduler stats
  thCr: 1 # Threads created
  thFn: 1 # Threads finished
  schedEvs: 1 # Schedule events
  waitEvs: 0 # Wait events
  handoffEvs: 0 # Handoff events
  sleepEvs: 0 # Sleep events
  idlePhases: 0 # Phases with no thread active
  idlePeriods: 0 # Periods with no thread active
  occHist: # Occupancy histogram
   0: 0
   1: 10960
  rqSzHist: # Run queue size histogram
   0: 10960
   1: 0
   2: 0
   3: 0
   4: 0
   5: 0
   6: 0
   7: 0
   8: 0
   9: 0
   10: 0
   11: 0
   12: 0
   13: 0
   14: 0
   15: 0
   16: 0
 procCycles: # Per-process unhalted core cycles
  0: 109600108
  1: 0
  2: 0
  3: 0
  4: 0
  5: 0
  6: 0
  7: 0
  8: 0
  9: 0
  10: 0
  11: 0
  12: 0
  13: 0
  14: 0
  15: 0
  16: 0
  17: 0
  18: 0
  19: 0
  20: 0
  21: 0
  22: 0
  23: 0
  24: 0
  25: 0
  26: 0
  27: 0
  28: 0
  29: 0
  30: 0
  31: 0
  32: 0
  33: 0
  34: 0
  35: 0
  36: 0
  37: 0
  38: 0
  39: 0
  40: 0
  41: 0
  42: 0
  43: 0
  44: 0
  45: 0
  46: 0
  47: 0
  48: 0
  49: 0
  50: 0
  51: 0
  52: 0
  53: 0
  54: 0
  55: 0
  56: 0
  57: 0
  58: 0
  59: 0
  60: 0
  61: 0
  62: 0
  63: 0
 procInstrs: # Per-process instructions
  0: 100015494
  1: 0
  2: 0
  3: 0
  4: 0
  5: 0
  6: 0
  7: 0
  8: 0
  9: 0
  10: 0
  11: 0
  12: 0
  13: 0
  14: 0
  15: 0
  16: 0
  17: 0
  18: 0
  19: 0
  20: 0
  21: 0
  22: 0
  23: 0
  24: 0
  25: 0
  26: 0
  27: 0
  28: 0
  29: 0
  30: 0
  31: 0
  32: 0
  33: 0
  34: 0
  35: 0
  36: 0
  37: 0
  38: 0
  39: 0
  40: 0
  41: 0
  42: 0
  43: 0
  44: 0
  45: 0
  46: 0
  47: 0
  48: 0
  49: 0
  50: 0
  51: 0
  52: 0
  53: 0
  54: 0
  55: 0
  56: 0
  57: 0
  58: 0
  59: 0
  60: 0
  61: 0
  62: 0
  63: 0
 heartbeats: # Per-process heartbeats
  0: 0
  1: 0
  2: 0
  3: 0
  4: 0
  5: 0
  6: 0
  7: 0
  8: 0
  9: 0
  10: 0
  11: 0
  12: 0
  13: 0
  14: 0
  15: 0
  16: 0
  17: 0
  18: 0
  19: 0
  20: 0
  21: 0
  22: 0
  23: 0
  24: 0
  25: 0
  26: 0
  27: 0
  28: 0
  29: 0
  30: 0
  31: 0
  32: 0
  33: 0
  34: 0
  35: 0
  36: 0
  37: 0
  38: 0
  39: 0
  40: 0
  41: 0
  42: 0
  43: 0
  44: 0
  45: 0
  46: 0
  47: 0
  48: 0
  49: 0
  50: 0
  51: 0
  52: 0
  53: 0
  54: 0
  55: 0
  56: 0
  57: 0
  58: 0
  59: 0
  60: 0
  61: 0
  62: 0
  63: 0
===
