# zsim stats
===
root: # Stats
 contention: # Contention simulation stats
  domain-0: # Domain stats
   time: 2905039093 # Weave simulation time
 time: # Simulator time breakdown
  init: 699835329008
  bound: 13699669906
  weave: 3041688803
  ff: 0
 trigger: 20000 # Reason for this stats dump
 phase: 14703 # Simulated phases
 westmere: # Core stats
  westmere-0: # Core stats
   cycles: 147032282 # Simulated unhalted cycles
   cCycles: 26949303 # Cycles due to contention stalls
   instrs: 100004254 # Simulated instructions
   uops: 114167525 # Retired micro-ops
   bbls: 2330531 # Basic blocks
   approxInstrs: 553218 # Instrs with approx uop decoding
   mispredBranches: 3146 # Mispredicted branches
   condBranches: 916890 # conditional branches
 l1i: # Cache stats
  l1i-0: # Filter cache stats
   fhGETS: 9225995 # Filtered GETS hits
   fhGETX: 0 # Filtered GETX hits
   hGETS: 6 # GETS hits
   hGETX: 0 # GETX hits
   mGETS: 120 # GETS misses
   mGETXIM: 0 # GETX I->M misses
   mGETXSM: 0 # GETX S->M misses (upgrade misses)
   PUTS: 0 # Clean evictions (from lower level)
   PUTX: 0 # Dirty evictions (from lower level)
   INV: 0 # Invalidates (from upper level)
   INVX: 0 # Downgrades (from upper level)
   FWD: 0 # Forwards (from upper level)
   latGETnl: 14880 # GET request latency on next level
   latGETnet: 0 # GET request latency on network to next level
 l1d: # Cache stats
  l1d-0: # Filter cache stats
   fhGETS: 18015420 # Filtered GETS hits
   fhGETX: 5401220 # Filtered GETX hits
   hGETS: 968344 # GETS hits
   hGETX: 756058 # GETX hits
   mGETS: 788919 # GETS misses
   mGETXIM: 4305879 # GETX I->M misses
   mGETXSM: 0 # GETX S->M misses (upgrade misses)
   PUTS: 0 # Clean evictions (from lower level)
   PUTX: 0 # Dirty evictions (from lower level)
   INV: 0 # Invalidates (from upper level)
   INVX: 0 # Downgrades (from upper level)
   FWD: 0 # Forwards (from upper level)
   latGETnl: 403922148 # GET request latency on next level
   latGETnet: 0 # GET request latency on network to next level
 l2: # Cache stats
  l2-0: # Cache stats
   hGETS: 96 # GETS hits
   hGETX: 1998375 # GETX hits
   mGETS: 788943 # GETS misses
   mGETXIM: 2307504 # GETX I->M misses
   mGETXSM: 0 # GETX S->M misses (upgrade misses)
   PUTS: 788405 # Clean evictions (from lower level)
   PUTX: 4305881 # Dirty evictions (from lower level)
   INV: 0 # Invalidates (from upper level)
   INVX: 0 # Downgrades (from upper level)
   FWD: 0 # Forwards (from upper level)
   latGETnl: 352987848 # GET request latency on next level
   latGETnet: 0 # GET request latency on network to next level
 l3: # Cache stats
  l3-0: # Cache stats
   hGETS: 44 # GETS hits
   hGETX: 35 # GETX hits
   mGETS: 788899 # GETS misses
   mGETXIM: 2307469 # GETX I->M misses
   mGETXSM: 0 # GETX S->M misses (upgrade misses)
   PUTS: 784845 # Clean evictions (from lower level)
   PUTX: 2307506 # Dirty evictions (from lower level)
   INV: 0 # Invalidates (from upper level)
   INVX: 0 # Downgrades (from upper level)
   FWD: 0 # Forwards (from upper level)
   latGETnl: 278673120 # GET request latency on next level
   latGETnet: 0 # GET request latency on network to next level
 mem: # Memory controller stats
  mem-0: # Memory controller stats
   rd: 774089 # Read requests
   wr: 574472 # Write requests
   rdlat: 110508450 # Total latency experienced by read requests
   wrlat: 101223040 # Total latency experienced by write requests
   rdhits: 72 # Read row hits
   wrhits: 12092 # Write row hits
   mlh: # latency histogram for memory requests
    0: 0
    1: 0
    2: 0
    3: 0
    4: 0
    5: 0
    6: 0
    7: 0
    8: 0
    9: 0
    10: 0
    11: 2
    12: 4
    13: 451819
    14: 155607
    15: 108574
    16: 6666
    17: 30998
    18: 1150
    19: 1621
    20: 2417
    21: 3398
    22: 2188
    23: 1757
    24: 916
    25: 595
    26: 401
    27: 575
    28: 462
    29: 382
    30: 340
    31: 351
    32: 347
    33: 373
    34: 353
    35: 273
    36: 217
    37: 194
    38: 177
    39: 386
    40: 289
    41: 300
    42: 282
    43: 146
    44: 109
    45: 53
    46: 65
    47: 70
    48: 124
    49: 59
    50: 17
    51: 8
    52: 10
    53: 4
    54: 6
    55: 1
    56: 2
    57: 1
    58: 0
    59: 0
    60: 0
    61: 0
    62: 0
    63: 0
    64: 0
    65: 0
    66: 0
    67: 0
    68: 0
    69: 0
    70: 0
    71: 0
    72: 0
    73: 0
    74: 0
    75: 0
    76: 0
    77: 0
    78: 0
    79: 0
    80: 0
    81: 0
    82: 0
    83: 0
    84: 0
    85: 0
    86: 0
    87: 0
    88: 0
    89: 0
    90: 0
    91: 0
    92: 0
    93: 0
    94: 0
    95: 0
    96: 0
    97: 0
    98: 0
    99: 0
  mem-1: # Memory controller stats
   rd: 774091 # Read requests
   wr: 574474 # Write requests
   rdlat: 110439266 # Total latency experienced by read requests
   wrlat: 100621793 # Total latency experienced by write requests
   rdhits: 80 # Read row hits
   wrhits: 13084 # Write row hits
   mlh: # latency histogram for memory requests
    0: 0
    1: 0
    2: 0
    3: 0
    4: 0
    5: 0
    6: 0
    7: 0
    8: 0
    9: 0
    10: 1
    11: 5
    12: 4
    13: 451975
    14: 155931
    15: 107166
    16: 8733
    17: 31451
    18: 892
    19: 1585
    20: 2095
    21: 2948
    22: 1951
    23: 1620
    24: 838
    25: 688
    26: 428
    27: 554
    28: 438
    29: 370
    30: 344
    31: 344
    32: 341
    33: 357
    34: 279
    35: 228
    36: 204
    37: 195
    38: 200
    39: 393
    40: 281
    41: 284
    42: 257
    43: 158
    44: 82
    45: 50
    46: 68
    47: 73
    48: 157
    49: 64
    50: 14
    51: 6
    52: 10
    53: 11
    54: 10
    55: 2
    56: 0
    57: 0
    58: 2
    59: 0
    60: 2
    61: 1
    62: 1
    63: 0
    64: 0
    65: 0
    66: 0
    67: 0
    68: 0
    69: 0
    70: 0
    71: 0
    72: 0
    73: 0
    74: 0
    75: 0
    76: 0
    77: 0
    78: 0
    79: 0
    80: 0
    81: 0
    82: 0
    83: 0
    84: 0
    85: 0
    86: 0
    87: 0
    88: 0
    89: 0
    90: 0
    91: 0
    92: 0
    93: 0
    94: 0
    95: 0
    96: 0
    97: 0
    98: 0
    99: 0
  mem-2: # Memory controller stats
   rd: 774073 # Read requests
   wr: 574461 # Write requests
   rdlat: 110468116 # Total latency experienced by read requests
   wrlat: 101162750 # Total latency experienced by write requests
   rdhits: 71 # Read row hits
   wrhits: 12728 # Write row hits
   mlh: # latency histogram for memory requests
    0: 0
    1: 0
    2: 0
    3: 0
    4: 0
    5: 0
    6: 0
    7: 0
    8: 0
    9: 1
    10: 0
    11: 6
    12: 2
    13: 451545
    14: 155696
    15: 109158
    16: 6948
    17: 30757
    18: 1145
    19: 1559
    20: 2400
    21: 3281
    22: 2166
    23: 1708
    24: 869
    25: 625
    26: 411
    27: 525
    28: 443
    29: 376
    30: 330
    31: 334
    32: 363
    33: 364
    34: 347
    35: 251
    36: 220
    37: 180
    38: 178
    39: 328
    40: 258
    41: 285
    42: 284
    43: 156
    44: 104
    45: 52
    46: 72
    47: 74
    48: 156
    49: 66
    50: 20
    51: 5
    52: 3
    53: 8
    54: 7
    55: 2
    56: 0
    57: 0
    58: 1
    59: 0
    60: 2
    61: 1
    62: 1
    63: 0
    64: 0
    65: 0
    66: 0
    67: 0
    68: 0
    69: 0
    70: 0
    71: 0
    72: 0
    73: 0
    74: 0
    75: 0
    76: 0
    77: 0
    78: 0
    79: 0
    80: 0
    81: 0
    82: 0
    83: 0
    84: 0
    85: 0
    86: 0
    87: 0
    88: 0
    89: 0
    90: 0
    91: 0
    92: 0
    93: 0
    94: 0
    95: 0
    96: 0
    97: 0
    98: 0
    99: 0
  mem-3: # Memory controller stats
   rd: 774058 # Read requests
   wr: 574463 # Write requests
   rdlat: 110469691 # Total latency experienced by read requests
   wrlat: 100611803 # Total latency experienced by write requests
   rdhits: 48 # Read row hits
   wrhits: 12729 # Write row hits
   mlh: # latency histogram for memory requests
    0: 0
    1: 0
    2: 0
    3: 0
    4: 0
    5: 0
    6: 0
    7: 0
    8: 0
    9: 0
    10: 0
    11: 1
    12: 5
    13: 451418
    14: 155588
    15: 107878
    16: 8664
    17: 31350
    18: 909
    19: 1591
    20: 2084
    21: 3094
    22: 2012
    23: 1704
    24: 909
    25: 718
    26: 425
    27: 484
    28: 417
    29: 333
    30: 335
    31: 348
    32: 361
    33: 353
    34: 351
    35: 237
    36: 218
    37: 154
    38: 187
    39: 376
    40: 270
    41: 276
    42: 298
    43: 155
    44: 94
    45: 39
    46: 78
    47: 80
    48: 153
    49: 65
    50: 21
    51: 7
    52: 4
    53: 4
    54: 6
    55: 2
    56: 1
    57: 0
    58: 1
    59: 0
    60: 0
    61: 0
    62: 0
    63: 0
    64: 0
    65: 0
    66: 0
    67: 0
    68: 0
    69: 0
    70: 0
    71: 0
    72: 0
    73: 0
    74: 0
    75: 0
    76: 0
    77: 0
    78: 0
    79: 0
    80: 0
    81: 0
    82: 0
    83: 0
    84: 0
    85: 0
    86: 0
    87: 0
    88: 0
    89: 0
    90: 0
    91: 0
    92: 0
    93: 0
    94: 0
    95: 0
    96: 0
    97: 0
    98: 0
    99: 0
 sched: # Scheduler stats
  thCr: 1 # Threads created
  thFn: 1 # Threads finished
  schedEvs: 1 # Schedule events
  waitEvs: 0 # Wait events
  handoffEvs: 0 # Handoff events
  sleepEvs: 0 # Sleep events
  idlePhases: 0 # Phases with no thread active
  idlePeriods: 0 # Periods with no thread active
  occHist: # Occupancy histogram
   0: 0
   1: 14703
  rqSzHist: # Run queue size histogram
   0: 14703
   1: 0
   2: 0
   3: 0
   4: 0
   5: 0
   6: 0
   7: 0
   8: 0
   9: 0
   10: 0
   11: 0
   12: 0
   13: 0
   14: 0
   15: 0
   16: 0
 procCycles: # Per-process unhalted core cycles
  0: 147032282
  1: 0
  2: 0
  3: 0
  4: 0
  5: 0
  6: 0
  7: 0
  8: 0
  9: 0
  10: 0
  11: 0
  12: 0
  13: 0
  14: 0
  15: 0
  16: 0
  17: 0
  18: 0
  19: 0
  20: 0
  21: 0
  22: 0
  23: 0
  24: 0
  25: 0
  26: 0
  27: 0
  28: 0
  29: 0
  30: 0
  31: 0
  32: 0
  33: 0
  34: 0
  35: 0
  36: 0
  37: 0
  38: 0
  39: 0
  40: 0
  41: 0
  42: 0
  43: 0
  44: 0
  45: 0
  46: 0
  47: 0
  48: 0
  49: 0
  50: 0
  51: 0
  52: 0
  53: 0
  54: 0
  55: 0
  56: 0
  57: 0
  58: 0
  59: 0
  60: 0
  61: 0
  62: 0
  63: 0
 procInstrs: # Per-process instructions
  0: 100004254
  1: 0
  2: 0
  3: 0
  4: 0
  5: 0
  6: 0
  7: 0
  8: 0
  9: 0
  10: 0
  11: 0
  12: 0
  13: 0
  14: 0
  15: 0
  16: 0
  17: 0
  18: 0
  19: 0
  20: 0
  21: 0
  22: 0
  23: 0
  24: 0
  25: 0
  26: 0
  27: 0
  28: 0
  29: 0
  30: 0
  31: 0
  32: 0
  33: 0
  34: 0
  35: 0
  36: 0
  37: 0
  38: 0
  39: 0
  40: 0
  41: 0
  42: 0
  43: 0
  44: 0
  45: 0
  46: 0
  47: 0
  48: 0
  49: 0
  50: 0
  51: 0
  52: 0
  53: 0
  54: 0
  55: 0
  56: 0
  57: 0
  58: 0
  59: 0
  60: 0
  61: 0
  62: 0
  63: 0
 heartbeats: # Per-process heartbeats
  0: 0
  1: 0
  2: 0
  3: 0
  4: 0
  5: 0
  6: 0
  7: 0
  8: 0
  9: 0
  10: 0
  11: 0
  12: 0
  13: 0
  14: 0
  15: 0
  16: 0
  17: 0
  18: 0
  19: 0
  20: 0
  21: 0
  22: 0
  23: 0
  24: 0
  25: 0
  26: 0
  27: 0
  28: 0
  29: 0
  30: 0
  31: 0
  32: 0
  33: 0
  34: 0
  35: 0
  36: 0
  37: 0
  38: 0
  39: 0
  40: 0
  41: 0
  42: 0
  43: 0
  44: 0
  45: 0
  46: 0
  47: 0
  48: 0
  49: 0
  50: 0
  51: 0
  52: 0
  53: 0
  54: 0
  55: 0
  56: 0
  57: 0
  58: 0
  59: 0
  60: 0
  61: 0
  62: 0
  63: 0
===
