# zsim stats
===
root: # Stats
 contention: # Contention simulation stats
  domain-0: # Domain stats
   time: 350810205 # Weave simulation time
 time: # Simulator time breakdown
  init: 739462934
  bound: 148221106192
  weave: 14653079867
  ff: 0
 trigger: 20000 # Reason for this stats dump
 phase: 40173 # Simulated phases
 westmere: # Core stats
  westmere-0: # Core stats
   cycles: 401730004 # Simulated unhalted cycles
   cCycles: 30725 # Cycles due to contention stalls
   instrs: 624999506 # Simulated instructions
   uops: 750413729 # Retired micro-ops
   bbls: 83819890 # Basic blocks
   approxInstrs: 6870916 # Instrs with approx uop decoding
   mispredBranches: 1800300 # Mispredicted branches
   condBranches: 64862559 # conditional branches
  westmere-1: # Core stats
   cycles: 401730036 # Simulated unhalted cycles
   cCycles: 32353 # Cycles due to contention stalls
   instrs: 625003453 # Simulated instructions
   uops: 750418385 # Retired micro-ops
   bbls: 83820106 # Basic blocks
   approxInstrs: 6871199 # Instrs with approx uop decoding
   mispredBranches: 1800352 # Mispredicted branches
   condBranches: 64862486 # conditional branches
  westmere-2: # Core stats
   cycles: 401720005 # Simulated unhalted cycles
   cCycles: 32300 # Cycles due to contention stalls
   instrs: 625003552 # Simulated instructions
   uops: 750418496 # Retired micro-ops
   bbls: 83820129 # Basic blocks
   approxInstrs: 6871206 # Instrs with approx uop decoding
   mispredBranches: 1800353 # Mispredicted branches
   condBranches: 64862499 # conditional branches
  westmere-3: # Core stats
   cycles: 401720009 # Simulated unhalted cycles
   cCycles: 32143 # Cycles due to contention stalls
   instrs: 625004056 # Simulated instructions
   uops: 750419109 # Retired micro-ops
   bbls: 83820190 # Basic blocks
   approxInstrs: 6871221 # Instrs with approx uop decoding
   mispredBranches: 1800360 # Mispredicted branches
   condBranches: 64862539 # conditional branches
  westmere-4: # Core stats
   cycles: 401720007 # Simulated unhalted cycles
   cCycles: 29034 # Cycles due to contention stalls
   instrs: 625003333 # Simulated instructions
   uops: 750418239 # Retired micro-ops
   bbls: 83820084 # Basic blocks
   approxInstrs: 6871194 # Instrs with approx uop decoding
   mispredBranches: 1800350 # Mispredicted branches
   condBranches: 64862477 # conditional branches
  westmere-5: # Core stats
   cycles: 401720002 # Simulated unhalted cycles
   cCycles: 30038 # Cycles due to contention stalls
   instrs: 625007329 # Simulated instructions
   uops: 750422987 # Retired micro-ops
   bbls: 83820645 # Basic blocks
   approxInstrs: 6871290 # Instrs with approx uop decoding
   mispredBranches: 1800384 # Mispredicted branches
   condBranches: 64862883 # conditional branches
  westmere-6: # Core stats
   cycles: 401720011 # Simulated unhalted cycles
   cCycles: 32215 # Cycles due to contention stalls
   instrs: 625003172 # Simulated instructions
   uops: 750418020 # Retired micro-ops
   bbls: 83820068 # Basic blocks
   approxInstrs: 6871188 # Instrs with approx uop decoding
   mispredBranches: 1800349 # Mispredicted branches
   condBranches: 64862470 # conditional branches
  westmere-7: # Core stats
   cycles: 401720007 # Simulated unhalted cycles
   cCycles: 31714 # Cycles due to contention stalls
   instrs: 625003445 # Simulated instructions
   uops: 750418375 # Retired micro-ops
   bbls: 83820101 # Basic blocks
   approxInstrs: 6871198 # Instrs with approx uop decoding
   mispredBranches: 1800351 # Mispredicted branches
   condBranches: 64862485 # conditional branches
 l1i: # Cache stats
  l1i-0: # Filter cache stats
   fhGETS: 112020043 # Filtered GETS hits
   fhGETX: 0 # Filtered GETX hits
   hGETS: 1226554 # GETS hits
   hGETX: 0 # GETX hits
   mGETS: 45557 # GETS misses
   mGETXIM: 0 # GETX I->M misses
   mGETXSM: 0 # GETX S->M misses (upgrade misses)
   PUTS: 0 # Clean evictions (from lower level)
   PUTX: 0 # Dirty evictions (from lower level)
   INV: 53 # Invalidates (from upper level)
   INVX: 0 # Downgrades (from upper level)
   FWD: 0 # Forwards (from upper level)
   latGETnl: 483704 # GET request latency on next level
   latGETnet: 0 # GET request latency on network to next level
  l1i-1: # Filter cache stats
   fhGETS: 112021046 # Filtered GETS hits
   fhGETX: 0 # Filtered GETX hits
   hGETS: 1226426 # GETS hits
   hGETX: 0 # GETX hits
   mGETS: 45486 # GETS misses
   mGETXIM: 0 # GETX I->M misses
   mGETXSM: 0 # GETX S->M misses (upgrade misses)
   PUTS: 0 # Clean evictions (from lower level)
   PUTX: 0 # Dirty evictions (from lower level)
   INV: 59 # Invalidates (from upper level)
   INVX: 0 # Downgrades (from upper level)
   FWD: 0 # Forwards (from upper level)
   latGETnl: 489222 # GET request latency on next level
   latGETnet: 0 # GET request latency on network to next level
  l1i-2: # Filter cache stats
   fhGETS: 112021099 # Filtered GETS hits
   fhGETX: 0 # Filtered GETX hits
   hGETS: 1226426 # GETS hits
   hGETX: 0 # GETX hits
   mGETS: 45487 # GETS misses
   mGETXIM: 0 # GETX I->M misses
   mGETXSM: 0 # GETX S->M misses (upgrade misses)
   PUTS: 0 # Clean evictions (from lower level)
   PUTX: 0 # Dirty evictions (from lower level)
   INV: 59 # Invalidates (from upper level)
   INVX: 0 # Downgrades (from upper level)
   FWD: 0 # Forwards (from upper level)
   latGETnl: 478504 # GET request latency on next level
   latGETnet: 0 # GET request latency on network to next level
  l1i-3: # Filter cache stats
   fhGETS: 112021239 # Filtered GETS hits
   fhGETX: 0 # Filtered GETX hits
   hGETS: 1226426 # GETS hits
   hGETX: 0 # GETX hits
   mGETS: 45483 # GETS misses
   mGETXIM: 0 # GETX I->M misses
   mGETXSM: 0 # GETX S->M misses (upgrade misses)
   PUTS: 0 # Clean evictions (from lower level)
   PUTX: 0 # Dirty evictions (from lower level)
   INV: 59 # Invalidates (from upper level)
   INVX: 0 # Downgrades (from upper level)
   FWD: 0 # Forwards (from upper level)
   latGETnl: 477582 # GET request latency on next level
   latGETnet: 0 # GET request latency on network to next level
  l1i-4: # Filter cache stats
   fhGETS: 112021061 # Filtered GETS hits
   fhGETX: 0 # Filtered GETX hits
   hGETS: 1226428 # GETS hits
   hGETX: 0 # GETX hits
   mGETS: 45483 # GETS misses
   mGETXIM: 0 # GETX I->M misses
   mGETXSM: 0 # GETX S->M misses (upgrade misses)
   PUTS: 0 # Clean evictions (from lower level)
   PUTX: 0 # Dirty evictions (from lower level)
   INV: 59 # Invalidates (from upper level)
   INVX: 0 # Downgrades (from upper level)
   FWD: 0 # Forwards (from upper level)
   latGETnl: 477870 # GET request latency on next level
   latGETnet: 0 # GET request latency on network to next level
  l1i-5: # Filter cache stats
   fhGETS: 112021902 # Filtered GETS hits
   fhGETX: 0 # Filtered GETX hits
   hGETS: 1226430 # GETS hits
   hGETX: 0 # GETX hits
   mGETS: 45485 # GETS misses
   mGETXIM: 0 # GETX I->M misses
   mGETXSM: 0 # GETX S->M misses (upgrade misses)
   PUTS: 0 # Clean evictions (from lower level)
   PUTX: 0 # Dirty evictions (from lower level)
   INV: 60 # Invalidates (from upper level)
   INVX: 0 # Downgrades (from upper level)
   FWD: 0 # Forwards (from upper level)
   latGETnl: 476750 # GET request latency on next level
   latGETnet: 0 # GET request latency on network to next level
  l1i-6: # Filter cache stats
   fhGETS: 112021085 # Filtered GETS hits
   fhGETX: 0 # Filtered GETX hits
   hGETS: 1226427 # GETS hits
   hGETX: 0 # GETX hits
   mGETS: 45481 # GETS misses
   mGETXIM: 0 # GETX I->M misses
   mGETXSM: 0 # GETX S->M misses (upgrade misses)
   PUTS: 0 # Clean evictions (from lower level)
   PUTX: 0 # Dirty evictions (from lower level)
   INV: 59 # Invalidates (from upper level)
   INVX: 0 # Downgrades (from upper level)
   FWD: 0 # Forwards (from upper level)
   latGETnl: 475558 # GET request latency on next level
   latGETnet: 0 # GET request latency on network to next level
  l1i-7: # Filter cache stats
   fhGETS: 112021092 # Filtered GETS hits
   fhGETX: 0 # Filtered GETX hits
   hGETS: 1226430 # GETS hits
   hGETX: 0 # GETX hits
   mGETS: 45487 # GETS misses
   mGETXIM: 0 # GETX I->M misses
   mGETXSM: 0 # GETX S->M misses (upgrade misses)
   PUTS: 0 # Clean evictions (from lower level)
   PUTX: 0 # Dirty evictions (from lower level)
   INV: 58 # Invalidates (from upper level)
   INVX: 0 # Downgrades (from upper level)
   FWD: 0 # Forwards (from upper level)
   latGETnl: 475936 # GET request latency on next level
   latGETnet: 0 # GET request latency on network to next level
 l1d: # Cache stats
  l1d-0: # Filter cache stats
   fhGETS: 161003163 # Filtered GETS hits
   fhGETX: 38010042 # Filtered GETX hits
   hGETS: 11063122 # GETS hits
   hGETX: 11693545 # GETX hits
   mGETS: 1337721 # GETS misses
   mGETXIM: 1101335 # GETX I->M misses
   mGETXSM: 12 # GETX S->M misses (upgrade misses)
   PUTS: 0 # Clean evictions (from lower level)
   PUTX: 0 # Dirty evictions (from lower level)
   INV: 113 # Invalidates (from upper level)
   INVX: 38 # Downgrades (from upper level)
   FWD: 0 # Forwards (from upper level)
   latGETnl: 24567052 # GET request latency on next level
   latGETnet: 0 # GET request latency on network to next level
  l1d-1: # Filter cache stats
   fhGETS: 157168256 # Filtered GETS hits
   fhGETX: 37699674 # Filtered GETX hits
   hGETS: 14899685 # GETS hits
   hGETX: 12005891 # GETX hits
   mGETS: 1337995 # GETS misses
   mGETXIM: 1098616 # GETX I->M misses
   mGETXSM: 3 # GETX S->M misses (upgrade misses)
   PUTS: 0 # Clean evictions (from lower level)
   PUTX: 0 # Dirty evictions (from lower level)
   INV: 71 # Invalidates (from upper level)
   INVX: 119 # Downgrades (from upper level)
   FWD: 0 # Forwards (from upper level)
   latGETnl: 24532323 # GET request latency on next level
   latGETnet: 0 # GET request latency on network to next level
  l1d-2: # Filter cache stats
   fhGETS: 160719751 # Filtered GETS hits
   fhGETX: 38019471 # Filtered GETX hits
   hGETS: 11350113 # GETS hits
   hGETX: 11671793 # GETX hits
   mGETS: 1336088 # GETS misses
   mGETXIM: 1112921 # GETX I->M misses
   mGETXSM: 5 # GETX S->M misses (upgrade misses)
   PUTS: 0 # Clean evictions (from lower level)
   PUTX: 0 # Dirty evictions (from lower level)
   INV: 75 # Invalidates (from upper level)
   INVX: 61 # Downgrades (from upper level)
   FWD: 0 # Forwards (from upper level)
   latGETnl: 24652616 # GET request latency on next level
   latGETnet: 0 # GET request latency on network to next level
  l1d-3: # Filter cache stats
   fhGETS: 160943130 # Filtered GETS hits
   fhGETX: 38008707 # Filtered GETX hits
   hGETS: 11127197 # GETS hits
   hGETX: 11690543 # GETX hits
   mGETS: 1335770 # GETS misses
   mGETXIM: 1104962 # GETX I->M misses
   mGETXSM: 6 # GETX S->M misses (upgrade misses)
   PUTS: 0 # Clean evictions (from lower level)
   PUTX: 0 # Dirty evictions (from lower level)
   INV: 98 # Invalidates (from upper level)
   INVX: 31 # Downgrades (from upper level)
   FWD: 0 # Forwards (from upper level)
   latGETnl: 24570233 # GET request latency on next level
   latGETnet: 0 # GET request latency on network to next level
  l1d-4: # Filter cache stats
   fhGETS: 160823618 # Filtered GETS hits
   fhGETX: 38008207 # Filtered GETX hits
   hGETS: 11244975 # GETS hits
   hGETX: 11691802 # GETX hits
   mGETS: 1337318 # GETS misses
   mGETXIM: 1104160 # GETX I->M misses
   mGETXSM: 6 # GETX S->M misses (upgrade misses)
   PUTS: 0 # Clean evictions (from lower level)
   PUTX: 0 # Dirty evictions (from lower level)
   INV: 73 # Invalidates (from upper level)
   INVX: 86 # Downgrades (from upper level)
   FWD: 0 # Forwards (from upper level)
   latGETnl: 24581030 # GET request latency on next level
   latGETnet: 0 # GET request latency on network to next level
  l1d-5: # Filter cache stats
   fhGETS: 156225599 # Filtered GETS hits
   fhGETX: 37728340 # Filtered GETX hits
   hGETS: 15842218 # GETS hits
   hGETX: 11975211 # GETX hits
   mGETS: 1339329 # GETS misses
   mGETXIM: 1100805 # GETX I->M misses
   mGETXSM: 6 # GETX S->M misses (upgrade misses)
   PUTS: 0 # Clean evictions (from lower level)
   PUTX: 0 # Dirty evictions (from lower level)
   INV: 78 # Invalidates (from upper level)
   INVX: 51 # Downgrades (from upper level)
   FWD: 0 # Forwards (from upper level)
   latGETnl: 24565484 # GET request latency on next level
   latGETnet: 0 # GET request latency on network to next level
  l1d-6: # Filter cache stats
   fhGETS: 158523851 # Filtered GETS hits
   fhGETX: 38012012 # Filtered GETX hits
   hGETS: 13543786 # GETS hits
   hGETX: 11684621 # GETX hits
   mGETS: 1338203 # GETS misses
   mGETXIM: 1107526 # GETX I->M misses
   mGETXSM: 6 # GETX S->M misses (upgrade misses)
   PUTS: 0 # Clean evictions (from lower level)
   PUTX: 0 # Dirty evictions (from lower level)
   INV: 93 # Invalidates (from upper level)
   INVX: 69 # Downgrades (from upper level)
   FWD: 0 # Forwards (from upper level)
   latGETnl: 24623743 # GET request latency on next level
   latGETnet: 0 # GET request latency on network to next level
  l1d-7: # Filter cache stats
   fhGETS: 160966192 # Filtered GETS hits
   fhGETX: 38006569 # Filtered GETX hits
   hGETS: 11103866 # GETS hits
   hGETX: 11692264 # GETX hits
   mGETS: 1335877 # GETS misses
   mGETXIM: 1105345 # GETX I->M misses
   mGETXSM: 6 # GETX S->M misses (upgrade misses)
   PUTS: 0 # Clean evictions (from lower level)
   PUTX: 0 # Dirty evictions (from lower level)
   INV: 71 # Invalidates (from upper level)
   INVX: 53 # Downgrades (from upper level)
   FWD: 0 # Forwards (from upper level)
   latGETnl: 24574961 # GET request latency on next level
   latGETnet: 0 # GET request latency on network to next level
 l2: # Cache stats
  l2-0: # Cache stats
   hGETS: 1381904 # GETS hits
   hGETX: 1100089 # GETX hits
   mGETS: 1374 # GETS misses
   mGETXIM: 1246 # GETX I->M misses
   mGETXSM: 12 # GETX S->M misses (upgrade misses)
   PUTS: 1192989 # Clean evictions (from lower level)
   PUTX: 1290458 # Dirty evictions (from lower level)
   INV: 220 # Invalidates (from upper level)
   INVX: 41 # Downgrades (from upper level)
   FWD: 0 # Forwards (from upper level)
   latGETnl: 204506 # GET request latency on next level
   latGETnet: 0 # GET request latency on network to next level
  l2-1: # Cache stats
   hGETS: 1382199 # GETS hits
   hGETX: 1097511 # GETX hits
   mGETS: 1282 # GETS misses
   mGETXIM: 1105 # GETX I->M misses
   mGETXSM: 3 # GETX S->M misses (upgrade misses)
   PUTS: 1192713 # Clean evictions (from lower level)
   PUTX: 1288265 # Dirty evictions (from lower level)
   INV: 216 # Invalidates (from upper level)
   INVX: 119 # Downgrades (from upper level)
   FWD: 0 # Forwards (from upper level)
   latGETnl: 200545 # GET request latency on next level
   latGETnet: 0 # GET request latency on network to next level
  l2-2: # Cache stats
   hGETS: 1380290 # GETS hits
   hGETX: 1111804 # GETX hits
   mGETS: 1285 # GETS misses
   mGETXIM: 1117 # GETX I->M misses
   mGETXSM: 5 # GETX S->M misses (upgrade misses)
   PUTS: 1190014 # Clean evictions (from lower level)
   PUTX: 1303359 # Dirty evictions (from lower level)
   INV: 208 # Invalidates (from upper level)
   INVX: 61 # Downgrades (from upper level)
   FWD: 0 # Forwards (from upper level)
   latGETnl: 186110 # GET request latency on next level
   latGETnet: 0 # GET request latency on network to next level
  l2-3: # Cache stats
   hGETS: 1379963 # GETS hits
   hGETX: 1103821 # GETX hits
   mGETS: 1290 # GETS misses
   mGETXIM: 1141 # GETX I->M misses
   mGETXSM: 6 # GETX S->M misses (upgrade misses)
   PUTS: 1189948 # Clean evictions (from lower level)
   PUTX: 1295122 # Dirty evictions (from lower level)
   INV: 242 # Invalidates (from upper level)
   INVX: 31 # Downgrades (from upper level)
   FWD: 0 # Forwards (from upper level)
   latGETnl: 185605 # GET request latency on next level
   latGETnet: 0 # GET request latency on network to next level
  l2-4: # Cache stats
   hGETS: 1381515 # GETS hits
   hGETX: 1103042 # GETX hits
   mGETS: 1286 # GETS misses
   mGETXIM: 1118 # GETX I->M misses
   mGETXSM: 6 # GETX S->M misses (upgrade misses)
   PUTS: 1191045 # Clean evictions (from lower level)
   PUTX: 1294798 # Dirty evictions (from lower level)
   INV: 217 # Invalidates (from upper level)
   INVX: 86 # Downgrades (from upper level)
   FWD: 0 # Forwards (from upper level)
   latGETnl: 189230 # GET request latency on next level
   latGETnet: 0 # GET request latency on network to next level
  l2-5: # Cache stats
   hGETS: 1383521 # GETS hits
   hGETX: 1099678 # GETX hits
   mGETS: 1293 # GETS misses
   mGETXIM: 1127 # GETX I->M misses
   mGETXSM: 6 # GETX S->M misses (upgrade misses)
   PUTS: 1191353 # Clean evictions (from lower level)
   PUTX: 1293140 # Dirty evictions (from lower level)
   INV: 226 # Invalidates (from upper level)
   INVX: 51 # Downgrades (from upper level)
   FWD: 0 # Forwards (from upper level)
   latGETnl: 185984 # GET request latency on next level
   latGETnet: 0 # GET request latency on network to next level
  l2-6: # Cache stats
   hGETS: 1382395 # GETS hits
   hGETX: 1106386 # GETX hits
   mGETS: 1289 # GETS misses
   mGETXIM: 1140 # GETX I->M misses
   mGETXSM: 6 # GETX S->M misses (upgrade misses)
   PUTS: 1191865 # Clean evictions (from lower level)
   PUTX: 1298207 # Dirty evictions (from lower level)
   INV: 225 # Invalidates (from upper level)
   INVX: 69 # Downgrades (from upper level)
   FWD: 0 # Forwards (from upper level)
   latGETnl: 187141 # GET request latency on next level
   latGETnet: 0 # GET request latency on network to next level
  l2-7: # Cache stats
   hGETS: 1380073 # GETS hits
   hGETX: 1104231 # GETX hits
   mGETS: 1291 # GETS misses
   mGETXIM: 1114 # GETX I->M misses
   mGETXSM: 6 # GETX S->M misses (upgrade misses)
   PUTS: 1190301 # Clean evictions (from lower level)
   PUTX: 1295290 # Dirty evictions (from lower level)
   INV: 177 # Invalidates (from upper level)
   INVX: 53 # Downgrades (from upper level)
   FWD: 0 # Forwards (from upper level)
   latGETnl: 183747 # GET request latency on next level
   latGETnet: 0 # GET request latency on network to next level
 l3: # Cache stats
  l3-0b0: # Cache stats
   hGETS: 986 # GETS hits
   hGETX: 5 # GETX hits
   mGETS: 321 # GETS misses
   mGETXIM: 1137 # GETX I->M misses
   mGETXSM: 0 # GETX S->M misses (upgrade misses)
   PUTS: 0 # Clean evictions (from lower level)
   PUTX: 0 # Dirty evictions (from lower level)
   INV: 0 # Invalidates (from upper level)
   INVX: 0 # Downgrades (from upper level)
   FWD: 0 # Forwards (from upper level)
   latGETnl: 131220 # GET request latency on next level
   latGETnet: 0 # GET request latency on network to next level
  l3-0b1: # Cache stats
   hGETS: 1026 # GETS hits
   hGETX: 11 # GETX hits
   mGETS: 334 # GETS misses
   mGETXIM: 1122 # GETX I->M misses
   mGETXSM: 0 # GETX S->M misses (upgrade misses)
   PUTS: 0 # Clean evictions (from lower level)
   PUTX: 0 # Dirty evictions (from lower level)
   INV: 0 # Invalidates (from upper level)
   INVX: 0 # Downgrades (from upper level)
   FWD: 0 # Forwards (from upper level)
   latGETnl: 131040 # GET request latency on next level
   latGETnet: 0 # GET request latency on network to next level
  l3-0b2: # Cache stats
   hGETS: 1026 # GETS hits
   hGETX: 6 # GETX hits
   mGETS: 310 # GETS misses
   mGETXIM: 1157 # GETX I->M misses
   mGETXSM: 0 # GETX S->M misses (upgrade misses)
   PUTS: 0 # Clean evictions (from lower level)
   PUTX: 0 # Dirty evictions (from lower level)
   INV: 0 # Invalidates (from upper level)
   INVX: 0 # Downgrades (from upper level)
   FWD: 0 # Forwards (from upper level)
   latGETnl: 132030 # GET request latency on next level
   latGETnet: 0 # GET request latency on network to next level
  l3-0b3: # Cache stats
   hGETS: 953 # GETS hits
   hGETX: 3 # GETX hits
   mGETS: 322 # GETS misses
   mGETXIM: 1116 # GETX I->M misses
   mGETXSM: 0 # GETX S->M misses (upgrade misses)
   PUTS: 1 # Clean evictions (from lower level)
   PUTX: 0 # Dirty evictions (from lower level)
   INV: 0 # Invalidates (from upper level)
   INVX: 0 # Downgrades (from upper level)
   FWD: 0 # Forwards (from upper level)
   latGETnl: 129420 # GET request latency on next level
   latGETnet: 0 # GET request latency on network to next level
  l3-0b4: # Cache stats
   hGETS: 945 # GETS hits
   hGETX: 5 # GETX hits
   mGETS: 306 # GETS misses
   mGETXIM: 1151 # GETX I->M misses
   mGETXSM: 0 # GETX S->M misses (upgrade misses)
   PUTS: 0 # Clean evictions (from lower level)
   PUTX: 0 # Dirty evictions (from lower level)
   INV: 0 # Invalidates (from upper level)
   INVX: 0 # Downgrades (from upper level)
   FWD: 0 # Forwards (from upper level)
   latGETnl: 131130 # GET request latency on next level
   latGETnet: 0 # GET request latency on network to next level
  l3-0b5: # Cache stats
   hGETS: 986 # GETS hits
   hGETX: 20 # GETX hits
   mGETS: 326 # GETS misses
   mGETXIM: 1129 # GETX I->M misses
   mGETXSM: 0 # GETX S->M misses (upgrade misses)
   PUTS: 0 # Clean evictions (from lower level)
   PUTX: 0 # Dirty evictions (from lower level)
   INV: 0 # Invalidates (from upper level)
   INVX: 0 # Downgrades (from upper level)
   FWD: 0 # Forwards (from upper level)
   latGETnl: 130950 # GET request latency on next level
   latGETnet: 0 # GET request latency on network to next level
  l3-0b6: # Cache stats
   hGETS: 947 # GETS hits
   hGETX: 17 # GETX hits
   mGETS: 320 # GETS misses
   mGETXIM: 1126 # GETX I->M misses
   mGETXSM: 0 # GETX S->M misses (upgrade misses)
   PUTS: 1 # Clean evictions (from lower level)
   PUTX: 0 # Dirty evictions (from lower level)
   INV: 0 # Invalidates (from upper level)
   INVX: 0 # Downgrades (from upper level)
   FWD: 0 # Forwards (from upper level)
   latGETnl: 130140 # GET request latency on next level
   latGETnet: 0 # GET request latency on network to next level
  l3-0b7: # Cache stats
   hGETS: 965 # GETS hits
   hGETX: 11 # GETX hits
   mGETS: 317 # GETS misses
   mGETXIM: 1142 # GETX I->M misses
   mGETXSM: 0 # GETX S->M misses (upgrade misses)
   PUTS: 1 # Clean evictions (from lower level)
   PUTX: 0 # Dirty evictions (from lower level)
   INV: 0 # Invalidates (from upper level)
   INVX: 0 # Downgrades (from upper level)
   FWD: 0 # Forwards (from upper level)
   latGETnl: 131310 # GET request latency on next level
   latGETnet: 0 # GET request latency on network to next level
 mem: # Memory controller stats
  mem-0: # Memory controller stats
   rd: 2951 # Read requests
   wr: 159 # Write requests
   rdlat: 595393 # Total latency experienced by read requests
   wrlat: 81486 # Total latency experienced by write requests
   rdhits: 278 # Read row hits
   wrhits: 3 # Write row hits
   mlh: # latency histogram for memory requests
    0: 0
    1: 0
    2: 0
    3: 0
    4: 0
    5: 0
    6: 0
    7: 0
    8: 0
    9: 0
    10: 0
    11: 12
    12: 24
    13: 1784
    14: 241
    15: 94
    16: 75
    17: 47
    18: 38
    19: 39
    20: 34
    21: 32
    22: 26
    23: 18
    24: 21
    25: 10
    26: 10
    27: 13
    28: 9
    29: 15
    30: 17
    31: 7
    32: 7
    33: 14
    34: 9
    35: 7
    36: 8
    37: 9
    38: 8
    39: 5
    40: 5
    41: 7
    42: 10
    43: 10
    44: 6
    45: 7
    46: 7
    47: 5
    48: 3
    49: 5
    50: 10
    51: 6
    52: 4
    53: 10
    54: 7
    55: 11
    56: 5
    57: 7
    58: 8
    59: 12
    60: 10
    61: 7
    62: 9
    63: 13
    64: 5
    65: 8
    66: 9
    67: 8
    68: 4
    69: 9
    70: 10
    71: 5
    72: 11
    73: 9
    74: 9
    75: 6
    76: 6
    77: 7
    78: 3
    79: 6
    80: 6
    81: 2
    82: 2
    83: 1
    84: 1
    85: 1
    86: 0
    87: 1
    88: 0
    89: 1
    90: 1
    91: 0
    92: 0
    93: 1
    94: 1
    95: 0
    96: 0
    97: 0
    98: 0
    99: 1
  mem-1: # Memory controller stats
   rd: 2897 # Read requests
   wr: 152 # Write requests
   rdlat: 543280 # Total latency experienced by read requests
   wrlat: 73483 # Total latency experienced by write requests
   rdhits: 263 # Read row hits
   wrhits: 2 # Write row hits
   mlh: # latency histogram for memory requests
    0: 0
    1: 0
    2: 0
    3: 0
    4: 0
    5: 0
    6: 0
    7: 0
    8: 0
    9: 0
    10: 0
    11: 8
    12: 13
    13: 1764
    14: 234
    15: 118
    16: 83
    17: 49
    18: 38
    19: 41
    20: 28
    21: 29
    22: 26
    23: 26
    24: 28
    25: 20
    26: 16
    27: 10
    28: 13
    29: 8
    30: 18
    31: 7
    32: 5
    33: 15
    34: 6
    35: 19
    36: 6
    37: 6
    38: 4
    39: 4
    40: 10
    41: 6
    42: 8
    43: 4
    44: 8
    45: 7
    46: 11
    47: 12
    48: 10
    49: 6
    50: 5
    51: 11
    52: 6
    53: 4
    54: 11
    55: 11
    56: 15
    57: 14
    58: 13
    59: 8
    60: 15
    61: 15
    62: 6
    63: 8
    64: 12
    65: 2
    66: 4
    67: 4
    68: 0
    69: 0
    70: 1
    71: 0
    72: 2
    73: 1
    74: 1
    75: 0
    76: 1
    77: 1
    78: 0
    79: 0
    80: 1
    81: 0
    82: 0
    83: 0
    84: 1
    85: 0
    86: 0
    87: 0
    88: 0
    89: 0
    90: 0
    91: 0
    92: 0
    93: 0
    94: 0
    95: 0
    96: 0
    97: 0
    98: 0
    99: 0
  mem-2: # Memory controller stats
   rd: 2887 # Read requests
   wr: 147 # Write requests
   rdlat: 569052 # Total latency experienced by read requests
   wrlat: 81628 # Total latency experienced by write requests
   rdhits: 298 # Read row hits
   wrhits: 1 # Write row hits
   mlh: # latency histogram for memory requests
    0: 0
    1: 0
    2: 0
    3: 0
    4: 0
    5: 0
    6: 0
    7: 0
    8: 0
    9: 0
    10: 0
    11: 7
    12: 17
    13: 1739
    14: 226
    15: 111
    16: 96
    17: 53
    18: 35
    19: 32
    20: 32
    21: 20
    22: 23
    23: 32
    24: 19
    25: 12
    26: 9
    27: 5
    28: 8
    29: 4
    30: 13
    31: 6
    32: 7
    33: 11
    34: 12
    35: 9
    36: 12
    37: 7
    38: 6
    39: 7
    40: 9
    41: 9
    42: 6
    43: 8
    44: 7
    45: 16
    46: 6
    47: 8
    48: 2
    49: 6
    50: 6
    51: 8
    52: 12
    53: 14
    54: 17
    55: 19
    56: 15
    57: 10
    58: 12
    59: 14
    60: 18
    61: 5
    62: 11
    63: 11
    64: 8
    65: 6
    66: 9
    67: 6
    68: 7
    69: 3
    70: 6
    71: 6
    72: 4
    73: 2
    74: 1
    75: 0
    76: 2
    77: 0
    78: 0
    79: 0
    80: 2
    81: 0
    82: 1
    83: 1
    84: 1
    85: 1
    86: 1
    87: 0
    88: 0
    89: 0
    90: 0
    91: 1
    92: 0
    93: 0
    94: 0
    95: 0
    96: 0
    97: 0
    98: 0
    99: 0
  mem-3: # Memory controller stats
   rd: 2901 # Read requests
   wr: 152 # Write requests
   rdlat: 517605 # Total latency experienced by read requests
   wrlat: 63472 # Total latency experienced by write requests
   rdhits: 253 # Read row hits
   wrhits: 4 # Write row hits
   mlh: # latency histogram for memory requests
    0: 0
    1: 0
    2: 0
    3: 0
    4: 0
    5: 0
    6: 0
    7: 0
    8: 0
    9: 0
    10: 0
    11: 5
    12: 24
    13: 1823
    14: 226
    15: 96
    16: 92
    17: 54
    18: 48
    19: 35
    20: 31
    21: 30
    22: 18
    23: 16
    24: 20
    25: 18
    26: 19
    27: 12
    28: 9
    29: 7
    30: 11
    31: 10
    32: 11
    33: 10
    34: 7
    35: 7
    36: 11
    37: 14
    38: 7
    39: 6
    40: 9
    41: 11
    42: 12
    43: 11
    44: 15
    45: 14
    46: 10
    47: 21
    48: 15
    49: 10
    50: 15
    51: 17
    52: 9
    53: 11
    54: 6
    55: 7
    56: 7
    57: 4
    58: 5
    59: 2
    60: 2
    61: 2
    62: 3
    63: 0
    64: 0
    65: 0
    66: 1
    67: 2
    68: 0
    69: 0
    70: 1
    71: 0
    72: 1
    73: 1
    74: 0
    75: 0
    76: 0
    77: 0
    78: 0
    79: 0
    80: 0
    81: 0
    82: 0
    83: 0
    84: 0
    85: 0
    86: 0
    87: 0
    88: 0
    89: 0
    90: 0
    91: 0
    92: 0
    93: 0
    94: 0
    95: 0
    96: 0
    97: 0
    98: 0
    99: 0
 sched: # Scheduler stats
  thCr: 9 # Threads created
  thFn: 0 # Threads finished
  schedEvs: 9 # Schedule events
  waitEvs: 1 # Wait events
  handoffEvs: 0 # Handoff events
  sleepEvs: 0 # Sleep events
  idlePhases: 0 # Phases with no thread active
  idlePeriods: 0 # Periods with no thread active
  occHist: # Occupancy histogram
   0: 0
   1: 0
   2: 1
   3: 0
   4: 0
   5: 0
   6: 0
   7: 0
   8: 40172
  rqSzHist: # Run queue size histogram
   0: 40172
   1: 1
   2: 0
   3: 0
   4: 0
   5: 0
   6: 0
   7: 0
   8: 0
   9: 0
   10: 0
   11: 0
   12: 0
   13: 0
   14: 0
   15: 0
   16: 0
 procCycles: # Per-process unhalted core cycles
  0: 3213780081
  1: 0
  2: 0
  3: 0
  4: 0
  5: 0
  6: 0
  7: 0
  8: 0
  9: 0
  10: 0
  11: 0
  12: 0
  13: 0
  14: 0
  15: 0
  16: 0
  17: 0
  18: 0
  19: 0
  20: 0
  21: 0
  22: 0
  23: 0
  24: 0
  25: 0
  26: 0
  27: 0
  28: 0
  29: 0
  30: 0
  31: 0
  32: 0
  33: 0
  34: 0
  35: 0
  36: 0
  37: 0
  38: 0
  39: 0
  40: 0
  41: 0
  42: 0
  43: 0
  44: 0
  45: 0
  46: 0
  47: 0
  48: 0
  49: 0
  50: 0
  51: 0
  52: 0
  53: 0
  54: 0
  55: 0
  56: 0
  57: 0
  58: 0
  59: 0
  60: 0
  61: 0
  62: 0
  63: 0
 procInstrs: # Per-process instructions
  0: 5000027846
  1: 0
  2: 0
  3: 0
  4: 0
  5: 0
  6: 0
  7: 0
  8: 0
  9: 0
  10: 0
  11: 0
  12: 0
  13: 0
  14: 0
  15: 0
  16: 0
  17: 0
  18: 0
  19: 0
  20: 0
  21: 0
  22: 0
  23: 0
  24: 0
  25: 0
  26: 0
  27: 0
  28: 0
  29: 0
  30: 0
  31: 0
  32: 0
  33: 0
  34: 0
  35: 0
  36: 0
  37: 0
  38: 0
  39: 0
  40: 0
  41: 0
  42: 0
  43: 0
  44: 0
  45: 0
  46: 0
  47: 0
  48: 0
  49: 0
  50: 0
  51: 0
  52: 0
  53: 0
  54: 0
  55: 0
  56: 0
  57: 0
  58: 0
  59: 0
  60: 0
  61: 0
  62: 0
  63: 0
 heartbeats: # Per-process heartbeats
  0: 0
  1: 0
  2: 0
  3: 0
  4: 0
  5: 0
  6: 0
  7: 0
  8: 0
  9: 0
  10: 0
  11: 0
  12: 0
  13: 0
  14: 0
  15: 0
  16: 0
  17: 0
  18: 0
  19: 0
  20: 0
  21: 0
  22: 0
  23: 0
  24: 0
  25: 0
  26: 0
  27: 0
  28: 0
  29: 0
  30: 0
  31: 0
  32: 0
  33: 0
  34: 0
  35: 0
  36: 0
  37: 0
  38: 0
  39: 0
  40: 0
  41: 0
  42: 0
  43: 0
  44: 0
  45: 0
  46: 0
  47: 0
  48: 0
  49: 0
  50: 0
  51: 0
  52: 0
  53: 0
  54: 0
  55: 0
  56: 0
  57: 0
  58: 0
  59: 0
  60: 0
  61: 0
  62: 0
  63: 0
===
