# zsim stats
===
root: # Stats
 contention: # Contention simulation stats
  domain-0: # Domain stats
   time: 213335513 # Weave simulation time
 time: # Simulator time breakdown
  init: 2780544308803
  bound: 9983795838
  weave: 267635020
  ff: 0
 trigger: 20000 # Reason for this stats dump
 phase: 6472 # Simulated phases
 westmere: # Core stats
  westmere-0: # Core stats
   cycles: 64720674 # Simulated unhalted cycles
   cCycles: 5851540 # Cycles due to contention stalls
   instrs: 100009702 # Simulated instructions
   uops: 142682108 # Retired micro-ops
   bbls: 4785925 # Basic blocks
   approxInstrs: 432 # Instrs with approx uop decoding
   mispredBranches: 23094 # Mispredicted branches
   condBranches: 4718614 # conditional branches
 l1i: # Cache stats
  l1i-0: # Filter cache stats
   fhGETS: 9439977 # Filtered GETS hits
   fhGETX: 0 # Filtered GETX hits
   hGETS: 19527 # GETS hits
   hGETX: 0 # GETX hits
   mGETS: 3007 # GETS misses
   mGETXIM: 0 # GETX I->M misses
   mGETXSM: 0 # GETX S->M misses (upgrade misses)
   PUTS: 0 # Clean evictions (from lower level)
   PUTX: 0 # Dirty evictions (from lower level)
   INV: 1674 # Invalidates (from upper level)
   INVX: 0 # Downgrades (from upper level)
   FWD: 0 # Forwards (from upper level)
   latGETnl: 272134 # GET request latency on next level
   latGETnet: 0 # GET request latency on network to next level
 l1d: # Cache stats
  l1d-0: # Filter cache stats
   fhGETS: 27555521 # Filtered GETS hits
   fhGETX: 9109496 # Filtered GETX hits
   hGETS: 15285820 # GETS hits
   hGETX: 5945297 # GETX hits
   mGETS: 235885 # GETS misses
   mGETXIM: 291809 # GETX I->M misses
   mGETXSM: 0 # GETX S->M misses (upgrade misses)
   PUTS: 0 # Clean evictions (from lower level)
   PUTX: 0 # Dirty evictions (from lower level)
   INV: 1241 # Invalidates (from upper level)
   INVX: 0 # Downgrades (from upper level)
   FWD: 0 # Forwards (from upper level)
   latGETnl: 26898828 # GET request latency on next level
   latGETnet: 0 # GET request latency on network to next level
 l2: # Cache stats
  l2-0: # Cache stats
   hGETS: 207285 # GETS hits
   hGETX: 1438 # GETX hits
   mGETS: 31607 # GETS misses
   mGETXIM: 290371 # GETX I->M misses
   mGETXSM: 0 # GETX S->M misses (upgrade misses)
   PUTS: 234581 # Clean evictions (from lower level)
   PUTX: 292560 # Dirty evictions (from lower level)
   INV: 4161 # Invalidates (from upper level)
   INVX: 0 # Downgrades (from upper level)
   FWD: 0 # Forwards (from upper level)
   latGETnl: 21863952 # GET request latency on next level
   latGETnet: 0 # GET request latency on network to next level
 l3: # Cache stats
  l3-0: # Cache stats
   hGETS: 23398 # GETS hits
   hGETX: 141508 # GETX hits
   mGETS: 8209 # GETS misses
   mGETXIM: 148863 # GETX I->M misses
   mGETXSM: 0 # GETX S->M misses (upgrade misses)
   PUTS: 25536 # Clean evictions (from lower level)
   PUTX: 288187 # Dirty evictions (from lower level)
   INV: 0 # Invalidates (from upper level)
   INVX: 0 # Downgrades (from upper level)
   FWD: 0 # Forwards (from upper level)
   latGETnl: 14136480 # GET request latency on next level
   latGETnet: 0 # GET request latency on network to next level
 mem: # Memory controller stats
  mem-0: # Memory controller stats
   rd: 39228 # Read requests
   wr: 29526 # Write requests
   rdlat: 5975337 # Total latency experienced by read requests
   wrlat: 4429824 # Total latency experienced by write requests
   rdhits: 4 # Read row hits
   wrhits: 156 # Write row hits
   mlh: # latency histogram for memory requests
    0: 0
    1: 0
    2: 0
    3: 0
    4: 0
    5: 0
    6: 0
    7: 0
    8: 0
    9: 0
    10: 0
    11: 1
    12: 1
    13: 29561
    14: 2925
    15: 31
    16: 32
    17: 20
    18: 25
    19: 17
    20: 16
    21: 18
    22: 53
    23: 5957
    24: 14
    25: 33
    26: 30
    27: 31
    28: 14
    29: 16
    30: 33
    31: 38
    32: 25
    33: 17
    34: 16
    35: 19
    36: 35
    37: 19
    38: 22
    39: 21
    40: 27
    41: 30
    42: 25
    43: 18
    44: 7
    45: 2
    46: 7
    47: 27
    48: 11
    49: 9
    50: 5
    51: 3
    52: 9
    53: 8
    54: 0
    55: 0
    56: 0
    57: 0
    58: 0
    59: 0
    60: 0
    61: 0
    62: 0
    63: 0
    64: 0
    65: 0
    66: 0
    67: 0
    68: 0
    69: 0
    70: 0
    71: 0
    72: 0
    73: 0
    74: 0
    75: 0
    76: 0
    77: 0
    78: 0
    79: 0
    80: 0
    81: 0
    82: 0
    83: 0
    84: 0
    85: 0
    86: 0
    87: 0
    88: 0
    89: 0
    90: 0
    91: 0
    92: 0
    93: 0
    94: 0
    95: 0
    96: 0
    97: 0
    98: 0
    99: 0
  mem-1: # Memory controller stats
   rd: 39282 # Read requests
   wr: 29524 # Write requests
   rdlat: 5983771 # Total latency experienced by read requests
   wrlat: 4425066 # Total latency experienced by write requests
   rdhits: 4 # Read row hits
   wrhits: 145 # Write row hits
   mlh: # latency histogram for memory requests
    0: 0
    1: 0
    2: 0
    3: 0
    4: 0
    5: 0
    6: 0
    7: 0
    8: 0
    9: 0
    10: 0
    11: 1
    12: 1
    13: 29656
    14: 2954
    15: 22
    16: 25
    17: 13
    18: 14
    19: 21
    20: 7
    21: 15
    22: 42
    23: 5896
    24: 24
    25: 38
    26: 38
    27: 36
    28: 14
    29: 16
    30: 27
    31: 33
    32: 23
    33: 23
    34: 24
    35: 16
    36: 32
    37: 22
    38: 27
    39: 16
    40: 32
    41: 25
    42: 18
    43: 18
    44: 8
    45: 4
    46: 9
    47: 43
    48: 12
    49: 6
    50: 8
    51: 9
    52: 11
    53: 3
    54: 0
    55: 0
    56: 0
    57: 0
    58: 0
    59: 0
    60: 0
    61: 0
    62: 0
    63: 0
    64: 0
    65: 0
    66: 0
    67: 0
    68: 0
    69: 0
    70: 0
    71: 0
    72: 0
    73: 0
    74: 0
    75: 0
    76: 0
    77: 0
    78: 0
    79: 0
    80: 0
    81: 0
    82: 0
    83: 0
    84: 0
    85: 0
    86: 0
    87: 0
    88: 0
    89: 0
    90: 0
    91: 0
    92: 0
    93: 0
    94: 0
    95: 0
    96: 0
    97: 0
    98: 0
    99: 0
  mem-2: # Memory controller stats
   rd: 39302 # Read requests
   wr: 29543 # Write requests
   rdlat: 5969741 # Total latency experienced by read requests
   wrlat: 4432991 # Total latency experienced by write requests
   rdhits: 4 # Read row hits
   wrhits: 158 # Write row hits
   mlh: # latency histogram for memory requests
    0: 0
    1: 0
    2: 0
    3: 0
    4: 0
    5: 0
    6: 0
    7: 0
    8: 0
    9: 0
    10: 0
    11: 0
    12: 0
    13: 29697
    14: 2957
    15: 19
    16: 7
    17: 13
    18: 17
    19: 24
    20: 14
    21: 23
    22: 75
    23: 5948
    24: 23
    25: 36
    26: 20
    27: 25
    28: 19
    29: 19
    30: 21
    31: 32
    32: 20
    33: 24
    34: 22
    35: 15
    36: 21
    37: 13
    38: 16
    39: 22
    40: 17
    41: 24
    42: 20
    43: 15
    44: 3
    45: 1
    46: 6
    47: 36
    48: 5
    49: 6
    50: 7
    51: 9
    52: 7
    53: 4
    54: 0
    55: 0
    56: 0
    57: 0
    58: 0
    59: 0
    60: 0
    61: 0
    62: 0
    63: 0
    64: 0
    65: 0
    66: 0
    67: 0
    68: 0
    69: 0
    70: 0
    71: 0
    72: 0
    73: 0
    74: 0
    75: 0
    76: 0
    77: 0
    78: 0
    79: 0
    80: 0
    81: 0
    82: 0
    83: 0
    84: 0
    85: 0
    86: 0
    87: 0
    88: 0
    89: 0
    90: 0
    91: 0
    92: 0
    93: 0
    94: 0
    95: 0
    96: 0
    97: 0
    98: 0
    99: 0
  mem-3: # Memory controller stats
   rd: 39258 # Read requests
   wr: 29549 # Write requests
   rdlat: 5968241 # Total latency experienced by read requests
   wrlat: 4423044 # Total latency experienced by write requests
   rdhits: 4 # Read row hits
   wrhits: 149 # Write row hits
   mlh: # latency histogram for memory requests
    0: 0
    1: 0
    2: 0
    3: 0
    4: 0
    5: 0
    6: 0
    7: 0
    8: 0
    9: 0
    10: 0
    11: 0
    12: 1
    13: 29655
    14: 2945
    15: 20
    16: 16
    17: 16
    18: 8
    19: 20
    20: 13
    21: 18
    22: 53
    23: 5955
    24: 20
    25: 38
    26: 34
    27: 28
    28: 16
    29: 21
    30: 21
    31: 26
    32: 18
    33: 19
    34: 13
    35: 25
    36: 21
    37: 25
    38: 20
    39: 25
    40: 13
    41: 35
    42: 30
    43: 10
    44: 5
    45: 3
    46: 2
    47: 30
    48: 11
    49: 8
    50: 3
    51: 3
    52: 11
    53: 4
    54: 0
    55: 0
    56: 0
    57: 0
    58: 0
    59: 0
    60: 0
    61: 0
    62: 0
    63: 0
    64: 0
    65: 0
    66: 0
    67: 0
    68: 0
    69: 0
    70: 0
    71: 0
    72: 0
    73: 0
    74: 0
    75: 0
    76: 0
    77: 0
    78: 0
    79: 0
    80: 0
    81: 0
    82: 0
    83: 0
    84: 0
    85: 0
    86: 0
    87: 0
    88: 0
    89: 0
    90: 0
    91: 0
    92: 0
    93: 0
    94: 0
    95: 0
    96: 0
    97: 0
    98: 0
    99: 0
 sched: # Scheduler stats
  thCr: 1 # Threads created
  thFn: 1 # Threads finished
  schedEvs: 1 # Schedule events
  waitEvs: 0 # Wait events
  handoffEvs: 0 # Handoff events
  sleepEvs: 0 # Sleep events
  idlePhases: 0 # Phases with no thread active
  idlePeriods: 0 # Periods with no thread active
  occHist: # Occupancy histogram
   0: 0
   1: 6472
  rqSzHist: # Run queue size histogram
   0: 6472
   1: 0
   2: 0
   3: 0
   4: 0
   5: 0
   6: 0
   7: 0
   8: 0
   9: 0
   10: 0
   11: 0
   12: 0
   13: 0
   14: 0
   15: 0
   16: 0
 procCycles: # Per-process unhalted core cycles
  0: 64720674
  1: 0
  2: 0
  3: 0
  4: 0
  5: 0
  6: 0
  7: 0
  8: 0
  9: 0
  10: 0
  11: 0
  12: 0
  13: 0
  14: 0
  15: 0
  16: 0
  17: 0
  18: 0
  19: 0
  20: 0
  21: 0
  22: 0
  23: 0
  24: 0
  25: 0
  26: 0
  27: 0
  28: 0
  29: 0
  30: 0
  31: 0
  32: 0
  33: 0
  34: 0
  35: 0
  36: 0
  37: 0
  38: 0
  39: 0
  40: 0
  41: 0
  42: 0
  43: 0
  44: 0
  45: 0
  46: 0
  47: 0
  48: 0
  49: 0
  50: 0
  51: 0
  52: 0
  53: 0
  54: 0
  55: 0
  56: 0
  57: 0
  58: 0
  59: 0
  60: 0
  61: 0
  62: 0
  63: 0
 procInstrs: # Per-process instructions
  0: 100009702
  1: 0
  2: 0
  3: 0
  4: 0
  5: 0
  6: 0
  7: 0
  8: 0
  9: 0
  10: 0
  11: 0
  12: 0
  13: 0
  14: 0
  15: 0
  16: 0
  17: 0
  18: 0
  19: 0
  20: 0
  21: 0
  22: 0
  23: 0
  24: 0
  25: 0
  26: 0
  27: 0
  28: 0
  29: 0
  30: 0
  31: 0
  32: 0
  33: 0
  34: 0
  35: 0
  36: 0
  37: 0
  38: 0
  39: 0
  40: 0
  41: 0
  42: 0
  43: 0
  44: 0
  45: 0
  46: 0
  47: 0
  48: 0
  49: 0
  50: 0
  51: 0
  52: 0
  53: 0
  54: 0
  55: 0
  56: 0
  57: 0
  58: 0
  59: 0
  60: 0
  61: 0
  62: 0
  63: 0
 heartbeats: # Per-process heartbeats
  0: 0
  1: 0
  2: 0
  3: 0
  4: 0
  5: 0
  6: 0
  7: 0
  8: 0
  9: 0
  10: 0
  11: 0
  12: 0
  13: 0
  14: 0
  15: 0
  16: 0
  17: 0
  18: 0
  19: 0
  20: 0
  21: 0
  22: 0
  23: 0
  24: 0
  25: 0
  26: 0
  27: 0
  28: 0
  29: 0
  30: 0
  31: 0
  32: 0
  33: 0
  34: 0
  35: 0
  36: 0
  37: 0
  38: 0
  39: 0
  40: 0
  41: 0
  42: 0
  43: 0
  44: 0
  45: 0
  46: 0
  47: 0
  48: 0
  49: 0
  50: 0
  51: 0
  52: 0
  53: 0
  54: 0
  55: 0
  56: 0
  57: 0
  58: 0
  59: 0
  60: 0
  61: 0
  62: 0
  63: 0
===
