# zsim stats
===
root: # Stats
 contention: # Contention simulation stats
  domain-0: # Domain stats
   time: 229299648 # Weave simulation time
 time: # Simulator time breakdown
  init: 1804694793400
  bound: 7362971392
  weave: 775737673
  ff: 0
 trigger: 20000 # Reason for this stats dump
 phase: 6946 # Simulated phases
 westmere: # Core stats
  westmere-0: # Core stats
   cycles: 69460687 # Simulated unhalted cycles
   cCycles: 4523645 # Cycles due to contention stalls
   instrs: 100012881 # Simulated instructions
   uops: 118719344 # Retired micro-ops
   bbls: 29228893 # Basic blocks
   approxInstrs: 341496 # Instrs with approx uop decoding
   mispredBranches: 252108 # Mispredicted branches
   condBranches: 21286853 # conditional branches
 l1i: # Cache stats
  l1i-0: # Filter cache stats
   fhGETS: 27072091 # Filtered GETS hits
   fhGETX: 0 # Filtered GETX hits
   hGETS: 3064272 # GETS hits
   hGETX: 0 # GETX hits
   mGETS: 450385 # GETS misses
   mGETXIM: 0 # GETX I->M misses
   mGETXSM: 0 # GETX S->M misses (upgrade misses)
   PUTS: 0 # Clean evictions (from lower level)
   PUTX: 0 # Dirty evictions (from lower level)
   INV: 3061 # Invalidates (from upper level)
   INVX: 0 # Downgrades (from upper level)
   FWD: 0 # Forwards (from upper level)
   latGETnl: 5780422 # GET request latency on next level
   latGETnet: 0 # GET request latency on network to next level
 l1d: # Cache stats
  l1d-0: # Filter cache stats
   fhGETS: 25778506 # Filtered GETS hits
   fhGETX: 9897102 # Filtered GETX hits
   hGETS: 4384225 # GETS hits
   hGETX: 1452200 # GETX hits
   mGETS: 1050824 # GETS misses
   mGETXIM: 222695 # GETX I->M misses
   mGETXSM: 0 # GETX S->M misses (upgrade misses)
   PUTS: 0 # Clean evictions (from lower level)
   PUTX: 0 # Dirty evictions (from lower level)
   INV: 6348 # Invalidates (from upper level)
   INVX: 0 # Downgrades (from upper level)
   FWD: 0 # Forwards (from upper level)
   latGETnl: 40143820 # GET request latency on next level
   latGETnet: 0 # GET request latency on network to next level
 l2: # Cache stats
  l2-0: # Cache stats
   hGETS: 1296257 # GETS hits
   hGETX: 28439 # GETX hits
   mGETS: 204952 # GETS misses
   mGETXIM: 194256 # GETX I->M misses
   mGETXSM: 0 # GETX S->M misses (upgrade misses)
   PUTS: 1362309 # Clean evictions (from lower level)
   PUTX: 351273 # Dirty evictions (from lower level)
   INV: 30524 # Invalidates (from upper level)
   INVX: 0 # Downgrades (from upper level)
   FWD: 0 # Forwards (from upper level)
   latGETnl: 28685202 # GET request latency on next level
   latGETnet: 0 # GET request latency on network to next level
 l3: # Cache stats
  l3-0: # Cache stats
   hGETS: 125020 # GETS hits
   hGETX: 61919 # GETX hits
   mGETS: 79932 # GETS misses
   mGETXIM: 132337 # GETX I->M misses
   mGETXSM: 0 # GETX S->M misses (upgrade misses)
   PUTS: 106672 # Clean evictions (from lower level)
   PUTX: 257955 # Dirty evictions (from lower level)
   INV: 0 # Invalidates (from upper level)
   INVX: 0 # Downgrades (from upper level)
   FWD: 0 # Forwards (from upper level)
   latGETnl: 19104210 # GET request latency on next level
   latGETnet: 0 # GET request latency on network to next level
 mem: # Memory controller stats
  mem-0: # Memory controller stats
   rd: 53196 # Read requests
   wr: 36779 # Write requests
   rdlat: 7186007 # Total latency experienced by read requests
   wrlat: 5589647 # Total latency experienced by write requests
   rdhits: 67 # Read row hits
   wrhits: 42 # Write row hits
   mlh: # latency histogram for memory requests
    0: 0
    1: 0
    2: 0
    3: 0
    4: 0
    5: 0
    6: 0
    7: 0
    8: 0
    9: 0
    10: 0
    11: 4
    12: 5
    13: 50194
    14: 1081
    15: 628
    16: 405
    17: 47
    18: 29
    19: 20
    20: 26
    21: 22
    22: 28
    23: 29
    24: 62
    25: 50
    26: 20
    27: 29
    28: 25
    29: 16
    30: 31
    31: 39
    32: 36
    33: 26
    34: 32
    35: 35
    36: 38
    37: 41
    38: 34
    39: 28
    40: 31
    41: 32
    42: 40
    43: 14
    44: 7
    45: 7
    46: 3
    47: 1
    48: 0
    49: 0
    50: 0
    51: 0
    52: 0
    53: 0
    54: 0
    55: 0
    56: 0
    57: 0
    58: 0
    59: 0
    60: 0
    61: 1
    62: 0
    63: 0
    64: 0
    65: 0
    66: 0
    67: 0
    68: 0
    69: 0
    70: 0
    71: 0
    72: 0
    73: 0
    74: 0
    75: 0
    76: 0
    77: 0
    78: 0
    79: 0
    80: 0
    81: 0
    82: 0
    83: 0
    84: 0
    85: 0
    86: 0
    87: 0
    88: 0
    89: 0
    90: 0
    91: 0
    92: 0
    93: 0
    94: 0
    95: 0
    96: 0
    97: 0
    98: 0
    99: 0
  mem-1: # Memory controller stats
   rd: 53311 # Read requests
   wr: 36755 # Write requests
   rdlat: 7193281 # Total latency experienced by read requests
   wrlat: 5574360 # Total latency experienced by write requests
   rdhits: 74 # Read row hits
   wrhits: 27 # Write row hits
   mlh: # latency histogram for memory requests
    0: 0
    1: 0
    2: 0
    3: 0
    4: 0
    5: 0
    6: 0
    7: 0
    8: 0
    9: 0
    10: 0
    11: 5
    12: 11
    13: 50264
    14: 1130
    15: 632
    16: 439
    17: 53
    18: 26
    19: 35
    20: 14
    21: 34
    22: 35
    23: 30
    24: 44
    25: 31
    26: 15
    27: 17
    28: 25
    29: 31
    30: 27
    31: 36
    32: 22
    33: 29
    34: 27
    35: 32
    36: 38
    37: 39
    38: 32
    39: 30
    40: 23
    41: 36
    42: 27
    43: 19
    44: 4
    45: 5
    46: 4
    47: 6
    48: 4
    49: 0
    50: 0
    51: 0
    52: 0
    53: 0
    54: 0
    55: 0
    56: 0
    57: 0
    58: 0
    59: 0
    60: 0
    61: 0
    62: 0
    63: 0
    64: 0
    65: 0
    66: 0
    67: 0
    68: 0
    69: 0
    70: 0
    71: 0
    72: 0
    73: 0
    74: 0
    75: 0
    76: 0
    77: 0
    78: 0
    79: 0
    80: 0
    81: 0
    82: 0
    83: 0
    84: 0
    85: 0
    86: 0
    87: 0
    88: 0
    89: 0
    90: 0
    91: 0
    92: 0
    93: 0
    94: 0
    95: 0
    96: 0
    97: 0
    98: 0
    99: 0
  mem-2: # Memory controller stats
   rd: 53017 # Read requests
   wr: 36449 # Write requests
   rdlat: 7148090 # Total latency experienced by read requests
   wrlat: 5550927 # Total latency experienced by write requests
   rdhits: 57 # Read row hits
   wrhits: 46 # Write row hits
   mlh: # latency histogram for memory requests
    0: 0
    1: 0
    2: 0
    3: 0
    4: 0
    5: 0
    6: 0
    7: 0
    8: 0
    9: 0
    10: 0
    11: 9
    12: 3
    13: 49985
    14: 1141
    15: 673
    16: 410
    17: 39
    18: 26
    19: 27
    20: 21
    21: 36
    22: 34
    23: 23
    24: 45
    25: 46
    26: 18
    27: 16
    28: 23
    29: 26
    30: 26
    31: 30
    32: 25
    33: 39
    34: 21
    35: 22
    36: 35
    37: 34
    38: 26
    39: 27
    40: 34
    41: 41
    42: 27
    43: 12
    44: 4
    45: 2
    46: 3
    47: 1
    48: 6
    49: 0
    50: 0
    51: 0
    52: 1
    53: 0
    54: 0
    55: 0
    56: 0
    57: 0
    58: 0
    59: 0
    60: 0
    61: 0
    62: 0
    63: 0
    64: 0
    65: 0
    66: 0
    67: 0
    68: 0
    69: 0
    70: 0
    71: 0
    72: 0
    73: 0
    74: 0
    75: 0
    76: 0
    77: 0
    78: 0
    79: 0
    80: 0
    81: 0
    82: 0
    83: 0
    84: 0
    85: 0
    86: 0
    87: 0
    88: 0
    89: 0
    90: 0
    91: 0
    92: 0
    93: 0
    94: 0
    95: 0
    96: 0
    97: 0
    98: 0
    99: 0
  mem-3: # Memory controller stats
   rd: 52744 # Read requests
   wr: 36310 # Write requests
   rdlat: 7114075 # Total latency experienced by read requests
   wrlat: 5516183 # Total latency experienced by write requests
   rdhits: 39 # Read row hits
   wrhits: 44 # Write row hits
   mlh: # latency histogram for memory requests
    0: 0
    1: 0
    2: 0
    3: 0
    4: 0
    5: 0
    6: 0
    7: 0
    8: 0
    9: 0
    10: 0
    11: 3
    12: 4
    13: 49907
    14: 1044
    15: 579
    16: 379
    17: 42
    18: 24
    19: 22
    20: 25
    21: 27
    22: 21
    23: 33
    24: 59
    25: 37
    26: 22
    27: 20
    28: 33
    29: 24
    30: 26
    31: 32
    32: 39
    33: 33
    34: 27
    35: 31
    36: 41
    37: 32
    38: 27
    39: 32
    40: 36
    41: 23
    42: 31
    43: 14
    44: 4
    45: 6
    46: 1
    47: 3
    48: 1
    49: 0
    50: 0
    51: 0
    52: 0
    53: 0
    54: 0
    55: 0
    56: 0
    57: 0
    58: 0
    59: 0
    60: 0
    61: 0
    62: 0
    63: 0
    64: 0
    65: 0
    66: 0
    67: 0
    68: 0
    69: 0
    70: 0
    71: 0
    72: 0
    73: 0
    74: 0
    75: 0
    76: 0
    77: 0
    78: 0
    79: 0
    80: 0
    81: 0
    82: 0
    83: 0
    84: 0
    85: 0
    86: 0
    87: 0
    88: 0
    89: 0
    90: 0
    91: 0
    92: 0
    93: 0
    94: 0
    95: 0
    96: 0
    97: 0
    98: 0
    99: 0
 sched: # Scheduler stats
  thCr: 1 # Threads created
  thFn: 1 # Threads finished
  schedEvs: 1 # Schedule events
  waitEvs: 0 # Wait events
  handoffEvs: 0 # Handoff events
  sleepEvs: 0 # Sleep events
  idlePhases: 0 # Phases with no thread active
  idlePeriods: 0 # Periods with no thread active
  occHist: # Occupancy histogram
   0: 0
   1: 6946
  rqSzHist: # Run queue size histogram
   0: 6946
   1: 0
   2: 0
   3: 0
   4: 0
   5: 0
   6: 0
   7: 0
   8: 0
   9: 0
   10: 0
   11: 0
   12: 0
   13: 0
   14: 0
   15: 0
   16: 0
 procCycles: # Per-process unhalted core cycles
  0: 69460687
  1: 0
  2: 0
  3: 0
  4: 0
  5: 0
  6: 0
  7: 0
  8: 0
  9: 0
  10: 0
  11: 0
  12: 0
  13: 0
  14: 0
  15: 0
  16: 0
  17: 0
  18: 0
  19: 0
  20: 0
  21: 0
  22: 0
  23: 0
  24: 0
  25: 0
  26: 0
  27: 0
  28: 0
  29: 0
  30: 0
  31: 0
  32: 0
  33: 0
  34: 0
  35: 0
  36: 0
  37: 0
  38: 0
  39: 0
  40: 0
  41: 0
  42: 0
  43: 0
  44: 0
  45: 0
  46: 0
  47: 0
  48: 0
  49: 0
  50: 0
  51: 0
  52: 0
  53: 0
  54: 0
  55: 0
  56: 0
  57: 0
  58: 0
  59: 0
  60: 0
  61: 0
  62: 0
  63: 0
 procInstrs: # Per-process instructions
  0: 100012881
  1: 0
  2: 0
  3: 0
  4: 0
  5: 0
  6: 0
  7: 0
  8: 0
  9: 0
  10: 0
  11: 0
  12: 0
  13: 0
  14: 0
  15: 0
  16: 0
  17: 0
  18: 0
  19: 0
  20: 0
  21: 0
  22: 0
  23: 0
  24: 0
  25: 0
  26: 0
  27: 0
  28: 0
  29: 0
  30: 0
  31: 0
  32: 0
  33: 0
  34: 0
  35: 0
  36: 0
  37: 0
  38: 0
  39: 0
  40: 0
  41: 0
  42: 0
  43: 0
  44: 0
  45: 0
  46: 0
  47: 0
  48: 0
  49: 0
  50: 0
  51: 0
  52: 0
  53: 0
  54: 0
  55: 0
  56: 0
  57: 0
  58: 0
  59: 0
  60: 0
  61: 0
  62: 0
  63: 0
 heartbeats: # Per-process heartbeats
  0: 0
  1: 0
  2: 0
  3: 0
  4: 0
  5: 0
  6: 0
  7: 0
  8: 0
  9: 0
  10: 0
  11: 0
  12: 0
  13: 0
  14: 0
  15: 0
  16: 0
  17: 0
  18: 0
  19: 0
  20: 0
  21: 0
  22: 0
  23: 0
  24: 0
  25: 0
  26: 0
  27: 0
  28: 0
  29: 0
  30: 0
  31: 0
  32: 0
  33: 0
  34: 0
  35: 0
  36: 0
  37: 0
  38: 0
  39: 0
  40: 0
  41: 0
  42: 0
  43: 0
  44: 0
  45: 0
  46: 0
  47: 0
  48: 0
  49: 0
  50: 0
  51: 0
  52: 0
  53: 0
  54: 0
  55: 0
  56: 0
  57: 0
  58: 0
  59: 0
  60: 0
  61: 0
  62: 0
  63: 0
===
