# zsim stats
===
root: # Stats
 contention: # Contention simulation stats
  domain-0: # Domain stats
   time: 5086625231 # Weave simulation time
 time: # Simulator time breakdown
  init: 3175253331
  bound: 65117188022
  weave: 6112386253
  ff: 0
 trigger: 20000 # Reason for this stats dump
 phase: 51516 # Simulated phases
 westmere: # Core stats
  westmere-0: # Core stats
   cycles: 445406550 # Simulated unhalted cycles
   cCycles: 17711664 # Cycles due to contention stalls
   instrs: 608936968 # Simulated instructions
   uops: 642595978 # Retired micro-ops
   bbls: 87789154 # Basic blocks
   approxInstrs: 81 # Instrs with approx uop decoding
   mispredBranches: 3968935 # Mispredicted branches
   condBranches: 84542268 # conditional branches
  westmere-1: # Core stats
   cycles: 441997688 # Simulated unhalted cycles
   cCycles: 16303039 # Cycles due to contention stalls
   instrs: 629883003 # Simulated instructions
   uops: 657772701 # Retired micro-ops
   bbls: 90312221 # Basic blocks
   approxInstrs: 23 # Instrs with approx uop decoding
   mispredBranches: 4120033 # Mispredicted branches
   condBranches: 88021588 # conditional branches
  westmere-2: # Core stats
   cycles: 472362665 # Simulated unhalted cycles
   cCycles: 16845020 # Cycles due to contention stalls
   instrs: 662349838 # Simulated instructions
   uops: 696234826 # Retired micro-ops
   bbls: 95158384 # Basic blocks
   approxInstrs: 25 # Instrs with approx uop decoding
   mispredBranches: 4297118 # Mispredicted branches
   condBranches: 92056526 # conditional branches
  westmere-3: # Core stats
   cycles: 402747171 # Simulated unhalted cycles
   cCycles: 17429233 # Cycles due to contention stalls
   instrs: 558765158 # Simulated instructions
   uops: 584705877 # Retired micro-ops
   bbls: 80744701 # Basic blocks
   approxInstrs: 36 # Instrs with approx uop decoding
   mispredBranches: 3612133 # Mispredicted branches
   condBranches: 78395748 # conditional branches
  westmere-4: # Core stats
   cycles: 429559025 # Simulated unhalted cycles
   cCycles: 18284018 # Cycles due to contention stalls
   instrs: 586972746 # Simulated instructions
   uops: 617990410 # Retired micro-ops
   bbls: 84958481 # Basic blocks
   approxInstrs: 35 # Instrs with approx uop decoding
   mispredBranches: 3762075 # Mispredicted branches
   condBranches: 81925862 # conditional branches
  westmere-5: # Core stats
   cycles: 486256274 # Simulated unhalted cycles
   cCycles: 16372032 # Cycles due to contention stalls
   instrs: 671839845 # Simulated instructions
   uops: 710533831 # Retired micro-ops
   bbls: 98071137 # Basic blocks
   approxInstrs: 21 # Instrs with approx uop decoding
   mispredBranches: 4198405 # Mispredicted branches
   condBranches: 93849368 # conditional branches
  westmere-6: # Core stats
   cycles: 515150208 # Simulated unhalted cycles
   cCycles: 16826074 # Cycles due to contention stalls
   instrs: 702401349 # Simulated instructions
   uops: 746971841 # Retired micro-ops
   bbls: 102423949 # Basic blocks
   approxInstrs: 22 # Instrs with approx uop decoding
   mispredBranches: 4374311 # Mispredicted branches
   condBranches: 97414647 # conditional branches
  westmere-7: # Core stats
   cycles: 416689128 # Simulated unhalted cycles
   cCycles: 17010874 # Cycles due to contention stalls
   instrs: 578933677 # Simulated instructions
   uops: 607079567 # Retired micro-ops
   bbls: 83281552 # Basic blocks
   approxInstrs: 31 # Instrs with approx uop decoding
   mispredBranches: 3804432 # Mispredicted branches
   condBranches: 80780794 # conditional branches
 l1i: # Cache stats
  l1i-0: # Filter cache stats
   fhGETS: 121343367 # Filtered GETS hits
   fhGETX: 0 # Filtered GETX hits
   hGETS: 807681 # GETS hits
   hGETX: 0 # GETX hits
   mGETS: 383 # GETS misses
   mGETXIM: 0 # GETX I->M misses
   mGETXSM: 0 # GETX S->M misses (upgrade misses)
   PUTS: 0 # Clean evictions (from lower level)
   PUTX: 0 # Dirty evictions (from lower level)
   INV: 0 # Invalidates (from upper level)
   INVX: 0 # Downgrades (from upper level)
   FWD: 0 # Forwards (from upper level)
   latGETnl: 24902 # GET request latency on next level
   latGETnet: 0 # GET request latency on network to next level
  l1i-1: # Filter cache stats
   fhGETS: 125499940 # Filtered GETS hits
   fhGETX: 0 # Filtered GETX hits
   hGETS: 563363 # GETS hits
   hGETX: 0 # GETX hits
   mGETS: 266 # GETS misses
   mGETXIM: 0 # GETX I->M misses
   mGETXSM: 0 # GETX S->M misses (upgrade misses)
   PUTS: 0 # Clean evictions (from lower level)
   PUTX: 0 # Dirty evictions (from lower level)
   INV: 0 # Invalidates (from upper level)
   INVX: 0 # Downgrades (from upper level)
   FWD: 0 # Forwards (from upper level)
   latGETnl: 13364 # GET request latency on next level
   latGETnet: 0 # GET request latency on network to next level
  l1i-2: # Filter cache stats
   fhGETS: 131763278 # Filtered GETS hits
   fhGETX: 0 # Filtered GETX hits
   hGETS: 764829 # GETS hits
   hGETX: 0 # GETX hits
   mGETS: 272 # GETS misses
   mGETXIM: 0 # GETX I->M misses
   mGETXSM: 0 # GETX S->M misses (upgrade misses)
   PUTS: 0 # Clean evictions (from lower level)
   PUTX: 0 # Dirty evictions (from lower level)
   INV: 0 # Invalidates (from upper level)
   INVX: 0 # Downgrades (from upper level)
   FWD: 0 # Forwards (from upper level)
   latGETnl: 11318 # GET request latency on next level
   latGETnet: 0 # GET request latency on network to next level
  l1i-3: # Filter cache stats
   fhGETS: 111380524 # Filtered GETS hits
   fhGETX: 0 # Filtered GETX hits
   hGETS: 642623 # GETS hits
   hGETX: 0 # GETX hits
   mGETS: 272 # GETS misses
   mGETXIM: 0 # GETX I->M misses
   mGETXSM: 0 # GETX S->M misses (upgrade misses)
   PUTS: 0 # Clean evictions (from lower level)
   PUTX: 0 # Dirty evictions (from lower level)
   INV: 0 # Invalidates (from upper level)
   INVX: 0 # Downgrades (from upper level)
   FWD: 0 # Forwards (from upper level)
   latGETnl: 14108 # GET request latency on next level
   latGETnet: 0 # GET request latency on network to next level
  l1i-4: # Filter cache stats
   fhGETS: 116810035 # Filtered GETS hits
   fhGETX: 0 # Filtered GETX hits
   hGETS: 811697 # GETS hits
   hGETX: 0 # GETX hits
   mGETS: 268 # GETS misses
   mGETXIM: 0 # GETX I->M misses
   mGETXSM: 0 # GETX S->M misses (upgrade misses)
   PUTS: 0 # Clean evictions (from lower level)
   PUTX: 0 # Dirty evictions (from lower level)
   INV: 0 # Invalidates (from upper level)
   INVX: 0 # Downgrades (from upper level)
   FWD: 0 # Forwards (from upper level)
   latGETnl: 10102 # GET request latency on next level
   latGETnet: 0 # GET request latency on network to next level
  l1i-5: # Filter cache stats
   fhGETS: 133484586 # Filtered GETS hits
   fhGETX: 0 # Filtered GETX hits
   hGETS: 1076209 # GETS hits
   hGETX: 0 # GETX hits
   mGETS: 267 # GETS misses
   mGETXIM: 0 # GETX I->M misses
   mGETXSM: 0 # GETX S->M misses (upgrade misses)
   PUTS: 0 # Clean evictions (from lower level)
   PUTX: 0 # Dirty evictions (from lower level)
   INV: 0 # Invalidates (from upper level)
   INVX: 0 # Downgrades (from upper level)
   FWD: 0 # Forwards (from upper level)
   latGETnl: 10248 # GET request latency on next level
   latGETnet: 0 # GET request latency on network to next level
  l1i-6: # Filter cache stats
   fhGETS: 139282775 # Filtered GETS hits
   fhGETX: 0 # Filtered GETX hits
   hGETS: 1268322 # GETS hits
   hGETX: 0 # GETX hits
   mGETS: 252 # GETS misses
   mGETXIM: 0 # GETX I->M misses
   mGETXSM: 0 # GETX S->M misses (upgrade misses)
   PUTS: 0 # Clean evictions (from lower level)
   PUTX: 0 # Dirty evictions (from lower level)
   INV: 1 # Invalidates (from upper level)
   INVX: 0 # Downgrades (from upper level)
   FWD: 0 # Forwards (from upper level)
   latGETnl: 15588 # GET request latency on next level
   latGETnet: 0 # GET request latency on network to next level
  l1i-7: # Filter cache stats
   fhGETS: 115529225 # Filtered GETS hits
   fhGETX: 0 # Filtered GETX hits
   hGETS: 622735 # GETS hits
   hGETX: 0 # GETX hits
   mGETS: 270 # GETS misses
   mGETXIM: 0 # GETX I->M misses
   mGETXSM: 0 # GETX S->M misses (upgrade misses)
   PUTS: 0 # Clean evictions (from lower level)
   PUTX: 0 # Dirty evictions (from lower level)
   INV: 0 # Invalidates (from upper level)
   INVX: 0 # Downgrades (from upper level)
   FWD: 0 # Forwards (from upper level)
   latGETnl: 12420 # GET request latency on next level
   latGETnet: 0 # GET request latency on network to next level
 l1d: # Cache stats
  l1d-0: # Filter cache stats
   fhGETS: 147552156 # Filtered GETS hits
   fhGETX: 23722026 # Filtered GETX hits
   hGETS: 13550760 # GETS hits
   hGETX: 3430257 # GETX hits
   mGETS: 652747 # GETS misses
   mGETXIM: 171060 # GETX I->M misses
   mGETXSM: 7830 # GETX S->M misses (upgrade misses)
   PUTS: 0 # Clean evictions (from lower level)
   PUTX: 0 # Dirty evictions (from lower level)
   INV: 10372 # Invalidates (from upper level)
   INVX: 17660 # Downgrades (from upper level)
   FWD: 0 # Forwards (from upper level)
   latGETnl: 75695352 # GET request latency on next level
   latGETnet: 0 # GET request latency on network to next level
  l1d-1: # Filter cache stats
   fhGETS: 149622132 # Filtered GETS hits
   fhGETX: 22488424 # Filtered GETX hits
   hGETS: 14451161 # GETS hits
   hGETX: 3470221 # GETX hits
   mGETS: 664607 # GETS misses
   mGETXIM: 184767 # GETX I->M misses
   mGETXSM: 30003 # GETX S->M misses (upgrade misses)
   PUTS: 0 # Clean evictions (from lower level)
   PUTX: 0 # Dirty evictions (from lower level)
   INV: 3875 # Invalidates (from upper level)
   INVX: 4686 # Downgrades (from upper level)
   FWD: 0 # Forwards (from upper level)
   latGETnl: 76076840 # GET request latency on next level
   latGETnet: 0 # GET request latency on network to next level
  l1d-2: # Filter cache stats
   fhGETS: 158672330 # Filtered GETS hits
   fhGETX: 24726376 # Filtered GETX hits
   hGETS: 15562646 # GETS hits
   hGETX: 3762306 # GETX hits
   mGETS: 700633 # GETS misses
   mGETXIM: 187241 # GETX I->M misses
   mGETXSM: 27581 # GETX S->M misses (upgrade misses)
   PUTS: 0 # Clean evictions (from lower level)
   PUTX: 0 # Dirty evictions (from lower level)
   INV: 3977 # Invalidates (from upper level)
   INVX: 4489 # Downgrades (from upper level)
   FWD: 0 # Forwards (from upper level)
   latGETnl: 78450546 # GET request latency on next level
   latGETnet: 0 # GET request latency on network to next level
  l1d-3: # Filter cache stats
   fhGETS: 133358828 # Filtered GETS hits
   fhGETX: 20667714 # Filtered GETX hits
   hGETS: 12567882 # GETS hits
   hGETX: 3081522 # GETX hits
   mGETS: 664285 # GETS misses
   mGETXIM: 163971 # GETX I->M misses
   mGETXSM: 12863 # GETX S->M misses (upgrade misses)
   PUTS: 0 # Clean evictions (from lower level)
   PUTX: 0 # Dirty evictions (from lower level)
   INV: 17045 # Invalidates (from upper level)
   INVX: 34468 # Downgrades (from upper level)
   FWD: 0 # Forwards (from upper level)
   latGETnl: 75604273 # GET request latency on next level
   latGETnet: 0 # GET request latency on network to next level
  l1d-4: # Filter cache stats
   fhGETS: 141241479 # Filtered GETS hits
   fhGETX: 22576621 # Filtered GETX hits
   hGETS: 13504047 # GETS hits
   hGETX: 3333183 # GETX hits
   mGETS: 695962 # GETS misses
   mGETXIM: 165768 # GETX I->M misses
   mGETXSM: 11048 # GETX S->M misses (upgrade misses)
   PUTS: 0 # Clean evictions (from lower level)
   PUTX: 0 # Dirty evictions (from lower level)
   INV: 16114 # Invalidates (from upper level)
   INVX: 32096 # Downgrades (from upper level)
   FWD: 0 # Forwards (from upper level)
   latGETnl: 78234174 # GET request latency on next level
   latGETnet: 0 # GET request latency on network to next level
  l1d-5: # Filter cache stats
   fhGETS: 161923041 # Filtered GETS hits
   fhGETX: 27255340 # Filtered GETX hits
   hGETS: 15103156 # GETS hits
   hGETX: 3798024 # GETX hits
   mGETS: 760021 # GETS misses
   mGETXIM: 184898 # GETX I->M misses
   mGETXSM: 38373 # GETX S->M misses (upgrade misses)
   PUTS: 0 # Clean evictions (from lower level)
   PUTX: 0 # Dirty evictions (from lower level)
   INV: 5859 # Invalidates (from upper level)
   INVX: 6493 # Downgrades (from upper level)
   FWD: 0 # Forwards (from upper level)
   latGETnl: 79152692 # GET request latency on next level
   latGETnet: 0 # GET request latency on network to next level
  l1d-6: # Filter cache stats
   fhGETS: 170484644 # Filtered GETS hits
   fhGETX: 29198058 # Filtered GETX hits
   hGETS: 16015659 # GETS hits
   hGETX: 4057004 # GETX hits
   mGETS: 797076 # GETS misses
   mGETXIM: 187266 # GETX I->M misses
   mGETXSM: 38681 # GETX S->M misses (upgrade misses)
   PUTS: 0 # Clean evictions (from lower level)
   PUTX: 0 # Dirty evictions (from lower level)
   INV: 7696 # Invalidates (from upper level)
   INVX: 10041 # Downgrades (from upper level)
   FWD: 0 # Forwards (from upper level)
   latGETnl: 81501483 # GET request latency on next level
   latGETnet: 0 # GET request latency on network to next level
  l1d-7: # Filter cache stats
   fhGETS: 139130421 # Filtered GETS hits
   fhGETX: 21645603 # Filtered GETX hits
   hGETS: 12559247 # GETS hits
   hGETX: 3144942 # GETX hits
   mGETS: 619418 # GETS misses
   mGETXIM: 168686 # GETX I->M misses
   mGETXSM: 6751 # GETX S->M misses (upgrade misses)
   PUTS: 0 # Clean evictions (from lower level)
   PUTX: 0 # Dirty evictions (from lower level)
   INV: 11621 # Invalidates (from upper level)
   INVX: 19302 # Downgrades (from upper level)
   FWD: 0 # Forwards (from upper level)
   latGETnl: 72962324 # GET request latency on next level
   latGETnet: 0 # GET request latency on network to next level
 l2: # Cache stats
  l2-0: # Cache stats
   hGETS: 135917 # GETS hits
   hGETX: 0 # GETX hits
   mGETS: 517213 # GETS misses
   mGETXIM: 170782 # GETX I->M misses
   mGETXSM: 8108 # GETX S->M misses (upgrade misses)
   PUTS: 423129 # Clean evictions (from lower level)
   PUTX: 389839 # Dirty evictions (from lower level)
   INV: 28628 # Invalidates (from upper level)
   INVX: 63922 # Downgrades (from upper level)
   FWD: 0 # Forwards (from upper level)
   latGETnl: 67400054 # GET request latency on next level
   latGETnet: 0 # GET request latency on network to next level
  l2-1: # Cache stats
   hGETS: 129144 # GETS hits
   hGETX: 2 # GETX hits
   mGETS: 535729 # GETS misses
   mGETXIM: 184784 # GETX I->M misses
   mGETXSM: 29984 # GETX S->M misses (upgrade misses)
   PUTS: 444433 # Clean evictions (from lower level)
   PUTX: 400611 # Dirty evictions (from lower level)
   INV: 12481 # Invalidates (from upper level)
   INVX: 14387 # Downgrades (from upper level)
   FWD: 0 # Forwards (from upper level)
   latGETnl: 67293774 # GET request latency on next level
   latGETnet: 0 # GET request latency on network to next level
  l2-2: # Cache stats
   hGETS: 137745 # GETS hits
   hGETX: 4 # GETX hits
   mGETS: 563160 # GETS misses
   mGETXIM: 187248 # GETX I->M misses
   mGETXSM: 27570 # GETX S->M misses (upgrade misses)
   PUTS: 456942 # Clean evictions (from lower level)
   PUTX: 426487 # Dirty evictions (from lower level)
   INV: 9040 # Invalidates (from upper level)
   INVX: 10973 # Downgrades (from upper level)
   FWD: 0 # Forwards (from upper level)
   latGETnl: 69304594 # GET request latency on next level
   latGETnet: 0 # GET request latency on network to next level
  l2-3: # Cache stats
   hGETS: 131387 # GETS hits
   hGETX: 0 # GETX hits
   mGETS: 533170 # GETS misses
   mGETXIM: 163685 # GETX I->M misses
   mGETXSM: 13149 # GETX S->M misses (upgrade misses)
   PUTS: 430784 # Clean evictions (from lower level)
   PUTX: 380007 # Dirty evictions (from lower level)
   INV: 54683 # Invalidates (from upper level)
   INVX: 117766 # Downgrades (from upper level)
   FWD: 0 # Forwards (from upper level)
   latGETnl: 67204471 # GET request latency on next level
   latGETnet: 0 # GET request latency on network to next level
  l2-4: # Cache stats
   hGETS: 138846 # GETS hits
   hGETX: 1 # GETX hits
   mGETS: 557384 # GETS misses
   mGETXIM: 165489 # GETX I->M misses
   mGETXSM: 11326 # GETX S->M misses (upgrade misses)
   PUTS: 441903 # Clean evictions (from lower level)
   PUTX: 403277 # Dirty evictions (from lower level)
   INV: 50042 # Invalidates (from upper level)
   INVX: 110631 # Downgrades (from upper level)
   FWD: 0 # Forwards (from upper level)
   latGETnl: 69513816 # GET request latency on next level
   latGETnet: 0 # GET request latency on network to next level
  l2-5: # Cache stats
   hGETS: 141073 # GETS hits
   hGETX: 4 # GETX hits
   mGETS: 619215 # GETS misses
   mGETXIM: 184912 # GETX I->M misses
   mGETXSM: 38355 # GETX S->M misses (upgrade misses)
   PUTS: 478350 # Clean evictions (from lower level)
   PUTX: 460295 # Dirty evictions (from lower level)
   INV: 13828 # Invalidates (from upper level)
   INVX: 14989 # Downgrades (from upper level)
   FWD: 0 # Forwards (from upper level)
   latGETnl: 69327350 # GET request latency on next level
   latGETnet: 0 # GET request latency on network to next level
  l2-6: # Cache stats
   hGETS: 149402 # GETS hits
   hGETX: 4 # GETX hits
   mGETS: 647926 # GETS misses
   mGETXIM: 187274 # GETX I->M misses
   mGETXSM: 38669 # GETX S->M misses (upgrade misses)
   PUTS: 491594 # Clean evictions (from lower level)
   PUTX: 484612 # Dirty evictions (from lower level)
   INV: 13045 # Invalidates (from upper level)
   INVX: 16374 # Downgrades (from upper level)
   FWD: 0 # Forwards (from upper level)
   latGETnl: 71284321 # GET request latency on next level
   latGETnet: 0 # GET request latency on network to next level
  l2-7: # Cache stats
   hGETS: 132923 # GETS hits
   hGETX: 0 # GETX hits
   mGETS: 486765 # GETS misses
   mGETXIM: 168404 # GETX I->M misses
   mGETXSM: 7033 # GETX S->M misses (upgrade misses)
   PUTS: 410573 # Clean evictions (from lower level)
   PUTX: 365436 # Dirty evictions (from lower level)
   INV: 29562 # Invalidates (from upper level)
   INVX: 64272 # Downgrades (from upper level)
   FWD: 0 # Forwards (from upper level)
   latGETnl: 65023494 # GET request latency on next level
   latGETnet: 0 # GET request latency on network to next level
 l3: # Cache stats
  l3-0b0: # Cache stats
   hGETS: 177662 # GETS hits
   hGETX: 27471 # GETX hits
   mGETS: 377607 # GETS misses
   mGETXIM: 170159 # GETX I->M misses
   mGETXSM: 0 # GETX S->M misses (upgrade misses)
   PUTS: 364006 # Clean evictions (from lower level)
   PUTX: 337971 # Dirty evictions (from lower level)
   INV: 0 # Invalidates (from upper level)
   INVX: 0 # Downgrades (from upper level)
   FWD: 0 # Forwards (from upper level)
   latGETnl: 49298940 # GET request latency on next level
   latGETnet: 0 # GET request latency on network to next level
  l3-0b1: # Cache stats
   hGETS: 179880 # GETS hits
   hGETX: 27741 # GETX hits
   mGETS: 378260 # GETS misses
   mGETXIM: 170208 # GETX I->M misses
   mGETXSM: 0 # GETX S->M misses (upgrade misses)
   PUTS: 366482 # Clean evictions (from lower level)
   PUTX: 338139 # Dirty evictions (from lower level)
   INV: 0 # Invalidates (from upper level)
   INVX: 0 # Downgrades (from upper level)
   FWD: 0 # Forwards (from upper level)
   latGETnl: 49362120 # GET request latency on next level
   latGETnet: 0 # GET request latency on network to next level
  l3-0b2: # Cache stats
   hGETS: 180736 # GETS hits
   hGETX: 29084 # GETX hits
   mGETS: 377890 # GETS misses
   mGETXIM: 170180 # GETX I->M misses
   mGETXSM: 0 # GETX S->M misses (upgrade misses)
   PUTS: 365947 # Clean evictions (from lower level)
   PUTX: 338070 # Dirty evictions (from lower level)
   INV: 0 # Invalidates (from upper level)
   INVX: 0 # Downgrades (from upper level)
   FWD: 0 # Forwards (from upper level)
   latGETnl: 49326300 # GET request latency on next level
   latGETnet: 0 # GET request latency on network to next level
  l3-0b3: # Cache stats
   hGETS: 179964 # GETS hits
   hGETX: 27856 # GETX hits
   mGETS: 377870 # GETS misses
   mGETXIM: 170250 # GETX I->M misses
   mGETXSM: 0 # GETX S->M misses (upgrade misses)
   PUTS: 366042 # Clean evictions (from lower level)
   PUTX: 338301 # Dirty evictions (from lower level)
   INV: 0 # Invalidates (from upper level)
   INVX: 0 # Downgrades (from upper level)
   FWD: 0 # Forwards (from upper level)
   latGETnl: 49330800 # GET request latency on next level
   latGETnet: 0 # GET request latency on network to next level
  l3-0b4: # Cache stats
   hGETS: 179941 # GETS hits
   hGETX: 28297 # GETX hits
   mGETS: 378584 # GETS misses
   mGETXIM: 170268 # GETX I->M misses
   mGETXSM: 0 # GETX S->M misses (upgrade misses)
   PUTS: 367114 # Clean evictions (from lower level)
   PUTX: 337166 # Dirty evictions (from lower level)
   INV: 0 # Invalidates (from upper level)
   INVX: 0 # Downgrades (from upper level)
   FWD: 0 # Forwards (from upper level)
   latGETnl: 49396680 # GET request latency on next level
   latGETnet: 0 # GET request latency on network to next level
  l3-0b5: # Cache stats
   hGETS: 180357 # GETS hits
   hGETX: 28804 # GETX hits
   mGETS: 377781 # GETS misses
   mGETXIM: 170159 # GETX I->M misses
   mGETXSM: 0 # GETX S->M misses (upgrade misses)
   PUTS: 365337 # Clean evictions (from lower level)
   PUTX: 338377 # Dirty evictions (from lower level)
   INV: 0 # Invalidates (from upper level)
   INVX: 0 # Downgrades (from upper level)
   FWD: 0 # Forwards (from upper level)
   latGETnl: 49314600 # GET request latency on next level
   latGETnet: 0 # GET request latency on network to next level
  l3-0b6: # Cache stats
   hGETS: 178925 # GETS hits
   hGETX: 28013 # GETX hits
   mGETS: 378920 # GETS misses
   mGETXIM: 170212 # GETX I->M misses
   mGETXSM: 0 # GETX S->M misses (upgrade misses)
   PUTS: 365551 # Clean evictions (from lower level)
   PUTX: 338644 # Dirty evictions (from lower level)
   INV: 0 # Invalidates (from upper level)
   INVX: 0 # Downgrades (from upper level)
   FWD: 0 # Forwards (from upper level)
   latGETnl: 49421880 # GET request latency on next level
   latGETnet: 0 # GET request latency on network to next level
  l3-0b7: # Cache stats
   hGETS: 178316 # GETS hits
   hGETX: 27919 # GETX hits
   mGETS: 377869 # GETS misses
   mGETXIM: 170151 # GETX I->M misses
   mGETXSM: 0 # GETX S->M misses (upgrade misses)
   PUTS: 364743 # Clean evictions (from lower level)
   PUTX: 337710 # Dirty evictions (from lower level)
   INV: 0 # Invalidates (from upper level)
   INVX: 0 # Downgrades (from upper level)
   FWD: 0 # Forwards (from upper level)
   latGETnl: 49321800 # GET request latency on next level
   latGETnet: 0 # GET request latency on network to next level
 mem: # Memory controller stats
  mem-0: # Memory controller stats
   rd: 1098250 # Read requests
   wr: 566532 # Write requests
   rdlat: 165126859 # Total latency experienced by read requests
   wrlat: 128443916 # Total latency experienced by write requests
   rdhits: 16549 # Read row hits
   wrhits: 6312 # Write row hits
   mlh: # latency histogram for memory requests
    0: 0
    1: 0
    2: 0
    3: 0
    4: 0
    5: 0
    6: 0
    7: 0
    8: 0
    9: 0
    10: 0
    11: 840
    12: 1145
    13: 774625
    14: 94459
    15: 66606
    16: 39183
    17: 14401
    18: 10377
    19: 10444
    20: 9402
    21: 8407
    22: 6633
    23: 6186
    24: 5682
    25: 3998
    26: 2707
    27: 2240
    28: 2204
    29: 2113
    30: 1986
    31: 2099
    32: 2173
    33: 2278
    34: 2306
    35: 2307
    36: 2386
    37: 2373
    38: 2338
    39: 2070
    40: 1991
    41: 1978
    42: 1687
    43: 1444
    44: 1171
    45: 994
    46: 826
    47: 750
    48: 599
    49: 365
    50: 294
    51: 230
    52: 191
    53: 185
    54: 160
    55: 82
    56: 82
    57: 94
    58: 65
    59: 58
    60: 54
    61: 49
    62: 46
    63: 46
    64: 41
    65: 44
    66: 60
    67: 67
    68: 62
    69: 58
    70: 61
    71: 47
    72: 52
    73: 58
    74: 36
    75: 33
    76: 25
    77: 36
    78: 25
    79: 17
    80: 16
    81: 19
    82: 10
    83: 19
    84: 11
    85: 5
    86: 8
    87: 4
    88: 4
    89: 2
    90: 0
    91: 1
    92: 2
    93: 2
    94: 4
    95: 3
    96: 2
    97: 4
    98: 2
    99: 1
  mem-1: # Memory controller stats
   rd: 1095562 # Read requests
   wr: 566577 # Write requests
   rdlat: 164826650 # Total latency experienced by read requests
   wrlat: 128266899 # Total latency experienced by write requests
   rdhits: 16885 # Read row hits
   wrhits: 6378 # Write row hits
   mlh: # latency histogram for memory requests
    0: 0
    1: 0
    2: 0
    3: 0
    4: 0
    5: 0
    6: 0
    7: 0
    8: 0
    9: 0
    10: 0
    11: 860
    12: 1145
    13: 773067
    14: 92917
    15: 66689
    16: 39373
    17: 14532
    18: 10661
    19: 10560
    20: 9508
    21: 8477
    22: 6631
    23: 5937
    24: 5520
    25: 4021
    26: 2369
    27: 2158
    28: 2175
    29: 2089
    30: 1953
    31: 2107
    32: 2138
    33: 2290
    34: 2329
    35: 2221
    36: 2251
    37: 2340
    38: 2169
    39: 2108
    40: 2084
    41: 2006
    42: 1824
    43: 1498
    44: 1253
    45: 996
    46: 927
    47: 787
    48: 660
    49: 406
    50: 289
    51: 271
    52: 199
    53: 177
    54: 140
    55: 122
    56: 87
    57: 80
    58: 72
    59: 55
    60: 54
    61: 44
    62: 56
    63: 45
    64: 56
    65: 47
    66: 43
    67: 46
    68: 51
    69: 47
    70: 49
    71: 55
    72: 66
    73: 50
    74: 49
    75: 40
    76: 50
    77: 31
    78: 29
    79: 18
    80: 26
    81: 19
    82: 11
    83: 14
    84: 11
    85: 6
    86: 4
    87: 1
    88: 4
    89: 3
    90: 1
    91: 2
    92: 2
    93: 1
    94: 0
    95: 0
    96: 1
    97: 1
    98: 0
    99: 1
  mem-2: # Memory controller stats
   rd: 1096790 # Read requests
   wr: 566125 # Write requests
   rdlat: 164708096 # Total latency experienced by read requests
   wrlat: 128130097 # Total latency experienced by write requests
   rdhits: 16543 # Read row hits
   wrhits: 6554 # Write row hits
   mlh: # latency histogram for memory requests
    0: 0
    1: 0
    2: 0
    3: 0
    4: 0
    5: 0
    6: 0
    7: 0
    8: 0
    9: 0
    10: 0
    11: 895
    12: 1191
    13: 774696
    14: 93266
    15: 66666
    16: 39399
    17: 14636
    18: 10443
    19: 10543
    20: 9600
    21: 8457
    22: 6656
    23: 5955
    24: 5474
    25: 3800
    26: 2440
    27: 2213
    28: 2163
    29: 2092
    30: 2001
    31: 2127
    32: 2181
    33: 2265
    34: 2286
    35: 2320
    36: 2285
    37: 2324
    38: 2219
    39: 2103
    40: 2040
    41: 1909
    42: 1778
    43: 1499
    44: 1188
    45: 1000
    46: 881
    47: 696
    48: 505
    49: 332
    50: 261
    51: 219
    52: 171
    53: 164
    54: 120
    55: 101
    56: 91
    57: 56
    58: 65
    59: 61
    60: 54
    61: 58
    62: 48
    63: 62
    64: 64
    65: 44
    66: 40
    67: 41
    68: 48
    69: 33
    70: 51
    71: 45
    72: 41
    73: 39
    74: 41
    75: 29
    76: 35
    77: 43
    78: 28
    79: 23
    80: 22
    81: 13
    82: 9
    83: 12
    84: 9
    85: 3
    86: 5
    87: 2
    88: 1
    89: 4
    90: 4
    91: 2
    92: 0
    93: 2
    94: 0
    95: 1
    96: 0
    97: 1
    98: 0
    99: 0
  mem-3: # Memory controller stats
   rd: 1095765 # Read requests
   wr: 567252 # Write requests
   rdlat: 164760849 # Total latency experienced by read requests
   wrlat: 128340583 # Total latency experienced by write requests
   rdhits: 17120 # Read row hits
   wrhits: 6334 # Write row hits
   mlh: # latency histogram for memory requests
    0: 0
    1: 0
    2: 0
    3: 0
    4: 0
    5: 0
    6: 0
    7: 0
    8: 0
    9: 0
    10: 0
    11: 895
    12: 1142
    13: 773211
    14: 93173
    15: 66652
    16: 39368
    17: 14727
    18: 10487
    19: 10380
    20: 9356
    21: 8313
    22: 6577
    23: 6010
    24: 5611
    25: 3956
    26: 2511
    27: 2262
    28: 2121
    29: 2091
    30: 2091
    31: 2164
    32: 2152
    33: 2222
    34: 2349
    35: 2333
    36: 2422
    37: 2420
    38: 2262
    39: 2071
    40: 2132
    41: 1943
    42: 1829
    43: 1545
    44: 1275
    45: 970
    46: 825
    47: 750
    48: 537
    49: 361
    50: 294
    51: 217
    52: 176
    53: 154
    54: 129
    55: 95
    56: 83
    57: 79
    58: 65
    59: 59
    60: 56
    61: 42
    62: 46
    63: 41
    64: 47
    65: 45
    66: 48
    67: 34
    68: 47
    69: 39
    70: 40
    71: 54
    72: 56
    73: 54
    74: 38
    75: 24
    76: 33
    77: 29
    78: 31
    79: 25
    80: 22
    81: 16
    82: 10
    83: 13
    84: 6
    85: 7
    86: 6
    87: 5
    88: 0
    89: 0
    90: 1
    91: 1
    92: 0
    93: 0
    94: 1
    95: 0
    96: 0
    97: 0
    98: 0
    99: 1
 sched: # Scheduler stats
  thCr: 9 # Threads created
  thFn: 0 # Threads finished
  schedEvs: 9 # Schedule events
  waitEvs: 1 # Wait events
  handoffEvs: 0 # Handoff events
  sleepEvs: 0 # Sleep events
  idlePhases: 0 # Phases with no thread active
  idlePeriods: 0 # Periods with no thread active
  occHist: # Occupancy histogram
   0: 0
   1: 1
   2: 0
   3: 0
   4: 0
   5: 0
   6: 0
   7: 0
   8: 51515
  rqSzHist: # Run queue size histogram
   0: 51516
   1: 0
   2: 0
   3: 0
   4: 0
   5: 0
   6: 0
   7: 0
   8: 0
   9: 0
   10: 0
   11: 0
   12: 0
   13: 0
   14: 0
   15: 0
   16: 0
 procCycles: # Per-process unhalted core cycles
  0: 3610168709
  1: 0
  2: 0
  3: 0
  4: 0
  5: 0
  6: 0
  7: 0
  8: 0
  9: 0
  10: 0
  11: 0
  12: 0
  13: 0
  14: 0
  15: 0
  16: 0
  17: 0
  18: 0
  19: 0
  20: 0
  21: 0
  22: 0
  23: 0
  24: 0
  25: 0
  26: 0
  27: 0
  28: 0
  29: 0
  30: 0
  31: 0
  32: 0
  33: 0
  34: 0
  35: 0
  36: 0
  37: 0
  38: 0
  39: 0
  40: 0
  41: 0
  42: 0
  43: 0
  44: 0
  45: 0
  46: 0
  47: 0
  48: 0
  49: 0
  50: 0
  51: 0
  52: 0
  53: 0
  54: 0
  55: 0
  56: 0
  57: 0
  58: 0
  59: 0
  60: 0
  61: 0
  62: 0
  63: 0
 procInstrs: # Per-process instructions
  0: 5000082584
  1: 0
  2: 0
  3: 0
  4: 0
  5: 0
  6: 0
  7: 0
  8: 0
  9: 0
  10: 0
  11: 0
  12: 0
  13: 0
  14: 0
  15: 0
  16: 0
  17: 0
  18: 0
  19: 0
  20: 0
  21: 0
  22: 0
  23: 0
  24: 0
  25: 0
  26: 0
  27: 0
  28: 0
  29: 0
  30: 0
  31: 0
  32: 0
  33: 0
  34: 0
  35: 0
  36: 0
  37: 0
  38: 0
  39: 0
  40: 0
  41: 0
  42: 0
  43: 0
  44: 0
  45: 0
  46: 0
  47: 0
  48: 0
  49: 0
  50: 0
  51: 0
  52: 0
  53: 0
  54: 0
  55: 0
  56: 0
  57: 0
  58: 0
  59: 0
  60: 0
  61: 0
  62: 0
  63: 0
 heartbeats: # Per-process heartbeats
  0: 0
  1: 0
  2: 0
  3: 0
  4: 0
  5: 0
  6: 0
  7: 0
  8: 0
  9: 0
  10: 0
  11: 0
  12: 0
  13: 0
  14: 0
  15: 0
  16: 0
  17: 0
  18: 0
  19: 0
  20: 0
  21: 0
  22: 0
  23: 0
  24: 0
  25: 0
  26: 0
  27: 0
  28: 0
  29: 0
  30: 0
  31: 0
  32: 0
  33: 0
  34: 0
  35: 0
  36: 0
  37: 0
  38: 0
  39: 0
  40: 0
  41: 0
  42: 0
  43: 0
  44: 0
  45: 0
  46: 0
  47: 0
  48: 0
  49: 0
  50: 0
  51: 0
  52: 0
  53: 0
  54: 0
  55: 0
  56: 0
  57: 0
  58: 0
  59: 0
  60: 0
  61: 0
  62: 0
  63: 0
===
