# zsim stats
===
root: # Stats
 contention: # Contention simulation stats
  domain-0: # Domain stats
   time: 427606813 # Weave simulation time
 time: # Simulator time breakdown
  init: 2907984975
  bound: 226103001335
  weave: 1206814807
  ff: 0
 trigger: 20000 # Reason for this stats dump
 phase: 46712 # Simulated phases
 westmere: # Core stats
  westmere-0: # Core stats
   cycles: 412814253 # Simulated unhalted cycles
   cCycles: 1213000 # Cycles due to contention stalls
   instrs: 689306069 # Simulated instructions
   uops: 773023022 # Retired micro-ops
   bbls: 68549030 # Basic blocks
   approxInstrs: 3208709 # Instrs with approx uop decoding
   mispredBranches: 833201 # Mispredicted branches
   condBranches: 57352815 # conditional branches
  westmere-1: # Core stats
   cycles: 369124575 # Simulated unhalted cycles
   cCycles: 686953 # Cycles due to contention stalls
   instrs: 613347349 # Simulated instructions
   uops: 694539156 # Retired micro-ops
   bbls: 62265369 # Basic blocks
   approxInstrs: 3851177 # Instrs with approx uop decoding
   mispredBranches: 742941 # Mispredicted branches
   condBranches: 52557730 # conditional branches
  westmere-2: # Core stats
   cycles: 369260782 # Simulated unhalted cycles
   cCycles: 424816 # Cycles due to contention stalls
   instrs: 606969456 # Simulated instructions
   uops: 683816861 # Retired micro-ops
   bbls: 62596017 # Basic blocks
   approxInstrs: 3052093 # Instrs with approx uop decoding
   mispredBranches: 800600 # Mispredicted branches
   condBranches: 52637658 # conditional branches
  westmere-3: # Core stats
   cycles: 376752421 # Simulated unhalted cycles
   cCycles: 399740 # Cycles due to contention stalls
   instrs: 617805015 # Simulated instructions
   uops: 696762621 # Retired micro-ops
   bbls: 63887288 # Basic blocks
   approxInstrs: 3117898 # Instrs with approx uop decoding
   mispredBranches: 800359 # Mispredicted branches
   condBranches: 53445004 # conditional branches
  westmere-4: # Core stats
   cycles: 367415354 # Simulated unhalted cycles
   cCycles: 373944 # Cycles due to contention stalls
   instrs: 605043939 # Simulated instructions
   uops: 681560118 # Retired micro-ops
   bbls: 62335146 # Basic blocks
   approxInstrs: 3004861 # Instrs with approx uop decoding
   mispredBranches: 774151 # Mispredicted branches
   condBranches: 52462508 # conditional branches
  westmere-5: # Core stats
   cycles: 367346478 # Simulated unhalted cycles
   cCycles: 383923 # Cycles due to contention stalls
   instrs: 604224768 # Simulated instructions
   uops: 680823756 # Retired micro-ops
   bbls: 62246443 # Basic blocks
   approxInstrs: 3007218 # Instrs with approx uop decoding
   mispredBranches: 782583 # Mispredicted branches
   condBranches: 52342768 # conditional branches
  westmere-6: # Core stats
   cycles: 392177350 # Simulated unhalted cycles
   cCycles: 471322 # Cycles due to contention stalls
   instrs: 637740914 # Simulated instructions
   uops: 720776639 # Retired micro-ops
   bbls: 66397568 # Basic blocks
   approxInstrs: 3298209 # Instrs with approx uop decoding
   mispredBranches: 843049 # Mispredicted branches
   condBranches: 54955268 # conditional branches
  westmere-7: # Core stats
   cycles: 383496536 # Simulated unhalted cycles
   cCycles: 541115 # Cycles due to contention stalls
   instrs: 625621609 # Simulated instructions
   uops: 706337745 # Retired micro-ops
   bbls: 64889370 # Basic blocks
   approxInstrs: 3195869 # Instrs with approx uop decoding
   mispredBranches: 820724 # Mispredicted branches
   condBranches: 53993661 # conditional branches
 l1i: # Cache stats
  l1i-0: # Filter cache stats
   fhGETS: 91948174 # Filtered GETS hits
   fhGETX: 0 # Filtered GETX hits
   hGETS: 2385251 # GETS hits
   hGETX: 0 # GETX hits
   mGETS: 766432 # GETS misses
   mGETXIM: 0 # GETX I->M misses
   mGETXSM: 0 # GETX S->M misses (upgrade misses)
   PUTS: 0 # Clean evictions (from lower level)
   PUTX: 0 # Dirty evictions (from lower level)
   INV: 0 # Invalidates (from upper level)
   INVX: 0 # Downgrades (from upper level)
   FWD: 0 # Forwards (from upper level)
   latGETnl: 8153368 # GET request latency on next level
   latGETnet: 0 # GET request latency on network to next level
  l1i-1: # Filter cache stats
   fhGETS: 81720345 # Filtered GETS hits
   fhGETX: 0 # Filtered GETX hits
   hGETS: 2292304 # GETS hits
   hGETX: 0 # GETX hits
   mGETS: 750552 # GETS misses
   mGETXIM: 0 # GETX I->M misses
   mGETXSM: 0 # GETX S->M misses (upgrade misses)
   PUTS: 0 # Clean evictions (from lower level)
   PUTX: 0 # Dirty evictions (from lower level)
   INV: 0 # Invalidates (from upper level)
   INVX: 0 # Downgrades (from upper level)
   FWD: 0 # Forwards (from upper level)
   latGETnl: 7859106 # GET request latency on next level
   latGETnet: 0 # GET request latency on network to next level
  l1i-2: # Filter cache stats
   fhGETS: 82624706 # Filtered GETS hits
   fhGETX: 0 # Filtered GETX hits
   hGETS: 2351454 # GETS hits
   hGETX: 0 # GETX hits
   mGETS: 760998 # GETS misses
   mGETXIM: 0 # GETX I->M misses
   mGETXSM: 0 # GETX S->M misses (upgrade misses)
   PUTS: 0 # Clean evictions (from lower level)
   PUTX: 0 # Dirty evictions (from lower level)
   INV: 0 # Invalidates (from upper level)
   INVX: 0 # Downgrades (from upper level)
   FWD: 0 # Forwards (from upper level)
   latGETnl: 7963932 # GET request latency on next level
   latGETnet: 0 # GET request latency on network to next level
  l1i-3: # Filter cache stats
   fhGETS: 84249177 # Filtered GETS hits
   fhGETX: 0 # Filtered GETX hits
   hGETS: 2356249 # GETS hits
   hGETX: 0 # GETX hits
   mGETS: 764201 # GETS misses
   mGETXIM: 0 # GETX I->M misses
   mGETXSM: 0 # GETX S->M misses (upgrade misses)
   PUTS: 0 # Clean evictions (from lower level)
   PUTX: 0 # Dirty evictions (from lower level)
   INV: 1 # Invalidates (from upper level)
   INVX: 0 # Downgrades (from upper level)
   FWD: 0 # Forwards (from upper level)
   latGETnl: 7980656 # GET request latency on next level
   latGETnet: 0 # GET request latency on network to next level
  l1i-4: # Filter cache stats
   fhGETS: 82191963 # Filtered GETS hits
   fhGETX: 0 # Filtered GETX hits
   hGETS: 2334945 # GETS hits
   hGETX: 0 # GETX hits
   mGETS: 764840 # GETS misses
   mGETXIM: 0 # GETX I->M misses
   mGETXSM: 0 # GETX S->M misses (upgrade misses)
   PUTS: 0 # Clean evictions (from lower level)
   PUTX: 0 # Dirty evictions (from lower level)
   INV: 0 # Invalidates (from upper level)
   INVX: 0 # Downgrades (from upper level)
   FWD: 0 # Forwards (from upper level)
   latGETnl: 7975184 # GET request latency on next level
   latGETnet: 0 # GET request latency on network to next level
  l1i-5: # Filter cache stats
   fhGETS: 82095431 # Filtered GETS hits
   fhGETX: 0 # Filtered GETX hits
   hGETS: 2339950 # GETS hits
   hGETX: 0 # GETX hits
   mGETS: 762267 # GETS misses
   mGETXIM: 0 # GETX I->M misses
   mGETXSM: 0 # GETX S->M misses (upgrade misses)
   PUTS: 0 # Clean evictions (from lower level)
   PUTX: 0 # Dirty evictions (from lower level)
   INV: 1 # Invalidates (from upper level)
   INVX: 0 # Downgrades (from upper level)
   FWD: 0 # Forwards (from upper level)
   latGETnl: 7949280 # GET request latency on next level
   latGETnet: 0 # GET request latency on network to next level
  l1i-6: # Filter cache stats
   fhGETS: 87547135 # Filtered GETS hits
   fhGETX: 0 # Filtered GETX hits
   hGETS: 2399415 # GETS hits
   hGETX: 0 # GETX hits
   mGETS: 764136 # GETS misses
   mGETXIM: 0 # GETX I->M misses
   mGETXSM: 0 # GETX S->M misses (upgrade misses)
   PUTS: 0 # Clean evictions (from lower level)
   PUTX: 0 # Dirty evictions (from lower level)
   INV: 0 # Invalidates (from upper level)
   INVX: 0 # Downgrades (from upper level)
   FWD: 0 # Forwards (from upper level)
   latGETnl: 8016198 # GET request latency on next level
   latGETnet: 0 # GET request latency on network to next level
  l1i-7: # Filter cache stats
   fhGETS: 85567787 # Filtered GETS hits
   fhGETX: 0 # Filtered GETX hits
   hGETS: 2376795 # GETS hits
   hGETX: 0 # GETX hits
   mGETS: 761494 # GETS misses
   mGETXIM: 0 # GETX I->M misses
   mGETXSM: 0 # GETX S->M misses (upgrade misses)
   PUTS: 0 # Clean evictions (from lower level)
   PUTX: 0 # Dirty evictions (from lower level)
   INV: 1 # Invalidates (from upper level)
   INVX: 0 # Downgrades (from upper level)
   FWD: 0 # Forwards (from upper level)
   latGETnl: 7997968 # GET request latency on next level
   latGETnet: 0 # GET request latency on network to next level
 l1d: # Cache stats
  l1d-0: # Filter cache stats
   fhGETS: 118834442 # Filtered GETS hits
   fhGETX: 35519810 # Filtered GETX hits
   hGETS: 7636804 # GETS hits
   hGETX: 3928161 # GETX hits
   mGETS: 6112919 # GETS misses
   mGETXIM: 423986 # GETX I->M misses
   mGETXSM: 7595 # GETX S->M misses (upgrade misses)
   PUTS: 0 # Clean evictions (from lower level)
   PUTX: 0 # Dirty evictions (from lower level)
   INV: 17381 # Invalidates (from upper level)
   INVX: 15347 # Downgrades (from upper level)
   FWD: 0 # Forwards (from upper level)
   latGETnl: 91915399 # GET request latency on next level
   latGETnet: 0 # GET request latency on network to next level
  l1d-1: # Filter cache stats
   fhGETS: 105822341 # Filtered GETS hits
   fhGETX: 31487988 # Filtered GETX hits
   hGETS: 5248929 # GETS hits
   hGETX: 1847872 # GETX hits
   mGETS: 5912270 # GETS misses
   mGETXIM: 323316 # GETX I->M misses
   mGETXSM: 5913 # GETX S->M misses (upgrade misses)
   PUTS: 0 # Clean evictions (from lower level)
   PUTX: 0 # Dirty evictions (from lower level)
   INV: 17393 # Invalidates (from upper level)
   INVX: 12252 # Downgrades (from upper level)
   FWD: 0 # Forwards (from upper level)
   latGETnl: 82308348 # GET request latency on next level
   latGETnet: 0 # GET request latency on network to next level
  l1d-2: # Filter cache stats
   fhGETS: 103944388 # Filtered GETS hits
   fhGETX: 30717662 # Filtered GETX hits
   hGETS: 5260601 # GETS hits
   hGETX: 1972088 # GETX hits
   mGETS: 5911097 # GETS misses
   mGETXIM: 243618 # GETX I->M misses
   mGETXSM: 6687 # GETX S->M misses (upgrade misses)
   PUTS: 0 # Clean evictions (from lower level)
   PUTX: 0 # Dirty evictions (from lower level)
   INV: 19187 # Invalidates (from upper level)
   INVX: 14570 # Downgrades (from upper level)
   FWD: 0 # Forwards (from upper level)
   latGETnl: 73626827 # GET request latency on next level
   latGETnet: 0 # GET request latency on network to next level
  l1d-3: # Filter cache stats
   fhGETS: 106242907 # Filtered GETS hits
   fhGETX: 31808427 # Filtered GETX hits
   hGETS: 5391852 # GETS hits
   hGETX: 1969538 # GETX hits
   mGETS: 5923782 # GETS misses
   mGETXIM: 259508 # GETX I->M misses
   mGETXSM: 5769 # GETX S->M misses (upgrade misses)
   PUTS: 0 # Clean evictions (from lower level)
   PUTX: 0 # Dirty evictions (from lower level)
   INV: 18353 # Invalidates (from upper level)
   INVX: 14862 # Downgrades (from upper level)
   FWD: 0 # Forwards (from upper level)
   latGETnl: 74215579 # GET request latency on next level
   latGETnet: 0 # GET request latency on network to next level
  l1d-4: # Filter cache stats
   fhGETS: 103583960 # Filtered GETS hits
   fhGETX: 30594803 # Filtered GETX hits
   hGETS: 5254862 # GETS hits
   hGETX: 1927548 # GETX hits
   mGETS: 5909482 # GETS misses
   mGETXIM: 248777 # GETX I->M misses
   mGETXSM: 9113 # GETX S->M misses (upgrade misses)
   PUTS: 0 # Clean evictions (from lower level)
   PUTX: 0 # Dirty evictions (from lower level)
   INV: 17826 # Invalidates (from upper level)
   INVX: 19342 # Downgrades (from upper level)
   FWD: 0 # Forwards (from upper level)
   latGETnl: 73606871 # GET request latency on next level
   latGETnet: 0 # GET request latency on network to next level
  l1d-5: # Filter cache stats
   fhGETS: 103556611 # Filtered GETS hits
   fhGETX: 30671944 # Filtered GETX hits
   hGETS: 5138412 # GETS hits
   hGETX: 1931350 # GETX hits
   mGETS: 5904111 # GETS misses
   mGETXIM: 251409 # GETX I->M misses
   mGETXSM: 8192 # GETX S->M misses (upgrade misses)
   PUTS: 0 # Clean evictions (from lower level)
   PUTX: 0 # Dirty evictions (from lower level)
   INV: 17087 # Invalidates (from upper level)
   INVX: 16999 # Downgrades (from upper level)
   FWD: 0 # Forwards (from upper level)
   latGETnl: 73710735 # GET request latency on next level
   latGETnet: 0 # GET request latency on network to next level
  l1d-6: # Filter cache stats
   fhGETS: 110508373 # Filtered GETS hits
   fhGETX: 33993679 # Filtered GETX hits
   hGETS: 5551836 # GETS hits
   hGETX: 1866566 # GETX hits
   mGETS: 5953455 # GETS misses
   mGETXIM: 281789 # GETX I->M misses
   mGETXSM: 9851 # GETX S->M misses (upgrade misses)
   PUTS: 0 # Clean evictions (from lower level)
   PUTX: 0 # Dirty evictions (from lower level)
   INV: 19173 # Invalidates (from upper level)
   INVX: 16320 # Downgrades (from upper level)
   FWD: 0 # Forwards (from upper level)
   latGETnl: 76510740 # GET request latency on next level
   latGETnet: 0 # GET request latency on network to next level
  l1d-7: # Filter cache stats
   fhGETS: 107948927 # Filtered GETS hits
   fhGETX: 32766817 # Filtered GETX hits
   hGETS: 5454055 # GETS hits
   hGETX: 1930153 # GETX hits
   mGETS: 5933087 # GETS misses
   mGETXIM: 269190 # GETX I->M misses
   mGETXSM: 8069 # GETX S->M misses (upgrade misses)
   PUTS: 0 # Clean evictions (from lower level)
   PUTX: 0 # Dirty evictions (from lower level)
   INV: 18767 # Invalidates (from upper level)
   INVX: 14549 # Downgrades (from upper level)
   FWD: 0 # Forwards (from upper level)
   latGETnl: 76126370 # GET request latency on next level
   latGETnet: 0 # GET request latency on network to next level
 l2: # Cache stats
  l2-0: # Cache stats
   hGETS: 6278745 # GETS hits
   hGETX: 215183 # GETX hits
   mGETS: 600606 # GETS misses
   mGETXIM: 206227 # GETX I->M misses
   mGETXSM: 10171 # GETX S->M misses (upgrade misses)
   PUTS: 6719951 # Clean evictions (from lower level)
   PUTX: 565045 # Dirty evictions (from lower level)
   INV: 31455 # Invalidates (from upper level)
   INVX: 27233 # Downgrades (from upper level)
   FWD: 0 # Forwards (from upper level)
   latGETnl: 26959447 # GET request latency on next level
   latGETnet: 0 # GET request latency on network to next level
  l2-1: # Cache stats
   hGETS: 6182347 # GETS hits
   hGETX: 208863 # GETX hits
   mGETS: 480475 # GETS misses
   mGETXIM: 112090 # GETX I->M misses
   mGETXSM: 8276 # GETX S->M misses (upgrade misses)
   PUTS: 6552170 # Clean evictions (from lower level)
   PUTX: 415615 # Dirty evictions (from lower level)
   INV: 38395 # Invalidates (from upper level)
   INVX: 22969 # Downgrades (from upper level)
   FWD: 0 # Forwards (from upper level)
   latGETnl: 20246944 # GET request latency on next level
   latGETnet: 0 # GET request latency on network to next level
  l2-2: # Cache stats
   hGETS: 6273181 # GETS hits
   hGETX: 207267 # GETX hits
   mGETS: 398914 # GETS misses
   mGETXIM: 32275 # GETX I->M misses
   mGETXSM: 10763 # GETX S->M misses (upgrade misses)
   PUTS: 6557767 # Clean evictions (from lower level)
   PUTX: 337791 # Dirty evictions (from lower level)
   INV: 32069 # Invalidates (from upper level)
   INVX: 26483 # Downgrades (from upper level)
   FWD: 0 # Forwards (from upper level)
   latGETnl: 12366759 # GET request latency on next level
   latGETnet: 0 # GET request latency on network to next level
  l2-3: # Cache stats
   hGETS: 6282040 # GETS hits
   hGETX: 210401 # GETX hits
   mGETS: 405943 # GETS misses
   mGETXIM: 46540 # GETX I->M misses
   mGETXSM: 8336 # GETX S->M misses (upgrade misses)
   PUTS: 6572821 # Clean evictions (from lower level)
   PUTX: 355374 # Dirty evictions (from lower level)
   INV: 33381 # Invalidates (from upper level)
   INVX: 26152 # Downgrades (from upper level)
   FWD: 0 # Forwards (from upper level)
   latGETnl: 12663635 # GET request latency on next level
   latGETnet: 0 # GET request latency on network to next level
  l2-4: # Cache stats
   hGETS: 6273848 # GETS hits
   hGETX: 213249 # GETX hits
   mGETS: 400474 # GETS misses
   mGETXIM: 32097 # GETX I->M misses
   mGETXSM: 12544 # GETX S->M misses (upgrade misses)
   PUTS: 6567428 # Clean evictions (from lower level)
   PUTX: 336913 # Dirty evictions (from lower level)
   INV: 29855 # Invalidates (from upper level)
   INVX: 30579 # Downgrades (from upper level)
   FWD: 0 # Forwards (from upper level)
   latGETnl: 12259935 # GET request latency on next level
   latGETnet: 0 # GET request latency on network to next level
  l2-5: # Cache stats
   hGETS: 6265340 # GETS hits
   hGETX: 212189 # GETX hits
   mGETS: 401038 # GETS misses
   mGETXIM: 35716 # GETX I->M misses
   mGETXSM: 11696 # GETX S->M misses (upgrade misses)
   PUTS: 6555654 # Clean evictions (from lower level)
   PUTX: 344096 # Dirty evictions (from lower level)
   INV: 31695 # Invalidates (from upper level)
   INVX: 28035 # Downgrades (from upper level)
   FWD: 0 # Forwards (from upper level)
   latGETnl: 12400225 # GET request latency on next level
   latGETnet: 0 # GET request latency on network to next level
  l2-6: # Cache stats
   hGETS: 6280906 # GETS hits
   hGETX: 212325 # GETX hits
   mGETS: 436685 # GETS misses
   mGETXIM: 64861 # GETX I->M misses
   mGETXSM: 14454 # GETX S->M misses (upgrade misses)
   PUTS: 6600156 # Clean evictions (from lower level)
   PUTX: 379108 # Dirty evictions (from lower level)
   INV: 31392 # Invalidates (from upper level)
   INVX: 27984 # Downgrades (from upper level)
   FWD: 0 # Forwards (from upper level)
   latGETnl: 14434628 # GET request latency on next level
   latGETnet: 0 # GET request latency on network to next level
  l2-7: # Cache stats
   hGETS: 6263541 # GETS hits
   hGETX: 209551 # GETX hits
   mGETS: 431040 # GETS misses
   mGETXIM: 56777 # GETX I->M misses
   mGETXSM: 10931 # GETX S->M misses (upgrade misses)
   PUTS: 6577900 # Clean evictions (from lower level)
   PUTX: 366157 # Dirty evictions (from lower level)
   INV: 32570 # Invalidates (from upper level)
   INVX: 25795 # Downgrades (from upper level)
   FWD: 0 # Forwards (from upper level)
   latGETnl: 14405938 # GET request latency on next level
   latGETnet: 0 # GET request latency on network to next level
 l3: # Cache stats
  l3-0b0: # Cache stats
   hGETS: 354603 # GETS hits
   hGETX: 54488 # GETX hits
   mGETS: 12152 # GETS misses
   mGETXIM: 14939 # GETX I->M misses
   mGETXSM: 0 # GETX S->M misses (upgrade misses)
   PUTS: 329776 # Clean evictions (from lower level)
   PUTX: 84679 # Dirty evictions (from lower level)
   INV: 0 # Invalidates (from upper level)
   INVX: 0 # Downgrades (from upper level)
   FWD: 0 # Forwards (from upper level)
   latGETnl: 2438190 # GET request latency on next level
   latGETnet: 0 # GET request latency on network to next level
  l3-0b1: # Cache stats
   hGETS: 501713 # GETS hits
   hGETX: 74337 # GETX hits
   mGETS: 12022 # GETS misses
   mGETXIM: 15032 # GETX I->M misses
   mGETXSM: 0 # GETX S->M misses (upgrade misses)
   PUTS: 448831 # Clean evictions (from lower level)
   PUTX: 85470 # Dirty evictions (from lower level)
   INV: 0 # Invalidates (from upper level)
   INVX: 0 # Downgrades (from upper level)
   FWD: 0 # Forwards (from upper level)
   latGETnl: 2434860 # GET request latency on next level
   latGETnet: 0 # GET request latency on network to next level
  l3-0b2: # Cache stats
   hGETS: 387194 # GETS hits
   hGETX: 66471 # GETX hits
   mGETS: 12112 # GETS misses
   mGETXIM: 14923 # GETX I->M misses
   mGETXSM: 0 # GETX S->M misses (upgrade misses)
   PUTS: 356676 # Clean evictions (from lower level)
   PUTX: 84998 # Dirty evictions (from lower level)
   INV: 0 # Invalidates (from upper level)
   INVX: 0 # Downgrades (from upper level)
   FWD: 0 # Forwards (from upper level)
   latGETnl: 2433150 # GET request latency on next level
   latGETnet: 0 # GET request latency on network to next level
  l3-0b3: # Cache stats
   hGETS: 466130 # GETS hits
   hGETX: 72016 # GETX hits
   mGETS: 12054 # GETS misses
   mGETXIM: 14979 # GETX I->M misses
   mGETXSM: 0 # GETX S->M misses (upgrade misses)
   PUTS: 429534 # Clean evictions (from lower level)
   PUTX: 84597 # Dirty evictions (from lower level)
   INV: 0 # Invalidates (from upper level)
   INVX: 0 # Downgrades (from upper level)
   FWD: 0 # Forwards (from upper level)
   latGETnl: 2432970 # GET request latency on next level
   latGETnet: 0 # GET request latency on network to next level
  l3-0b4: # Cache stats
   hGETS: 403191 # GETS hits
   hGETX: 77623 # GETX hits
   mGETS: 12121 # GETS misses
   mGETXIM: 14935 # GETX I->M misses
   mGETXSM: 0 # GETX S->M misses (upgrade misses)
   PUTS: 364083 # Clean evictions (from lower level)
   PUTX: 85372 # Dirty evictions (from lower level)
   INV: 0 # Invalidates (from upper level)
   INVX: 0 # Downgrades (from upper level)
   FWD: 0 # Forwards (from upper level)
   latGETnl: 2435040 # GET request latency on next level
   latGETnet: 0 # GET request latency on network to next level
  l3-0b5: # Cache stats
   hGETS: 442333 # GETS hits
   hGETX: 70030 # GETX hits
   mGETS: 12134 # GETS misses
   mGETXIM: 14963 # GETX I->M misses
   mGETXSM: 0 # GETX S->M misses (upgrade misses)
   PUTS: 408410 # Clean evictions (from lower level)
   PUTX: 83758 # Dirty evictions (from lower level)
   INV: 0 # Invalidates (from upper level)
   INVX: 0 # Downgrades (from upper level)
   FWD: 0 # Forwards (from upper level)
   latGETnl: 2438730 # GET request latency on next level
   latGETnet: 0 # GET request latency on network to next level
  l3-0b6: # Cache stats
   hGETS: 421590 # GETS hits
   hGETX: 81127 # GETX hits
   mGETS: 12162 # GETS misses
   mGETXIM: 14926 # GETX I->M misses
   mGETXSM: 0 # GETX S->M misses (upgrade misses)
   PUTS: 375936 # Clean evictions (from lower level)
   PUTX: 85118 # Dirty evictions (from lower level)
   INV: 0 # Invalidates (from upper level)
   INVX: 0 # Downgrades (from upper level)
   FWD: 0 # Forwards (from upper level)
   latGETnl: 2437920 # GET request latency on next level
   latGETnet: 0 # GET request latency on network to next level
  l3-0b7: # Cache stats
   hGETS: 481603 # GETS hits
   hGETX: 57927 # GETX hits
   mGETS: 12061 # GETS misses
   mGETXIM: 15038 # GETX I->M misses
   mGETXSM: 0 # GETX S->M misses (upgrade misses)
   PUTS: 455225 # Clean evictions (from lower level)
   PUTX: 86334 # Dirty evictions (from lower level)
   INV: 0 # Invalidates (from upper level)
   INVX: 0 # Downgrades (from upper level)
   FWD: 0 # Forwards (from upper level)
   latGETnl: 2438910 # GET request latency on next level
   latGETnet: 0 # GET request latency on network to next level
 mem: # Memory controller stats
  mem-0: # Memory controller stats
   rd: 54105 # Read requests
   wr: 19963 # Write requests
   rdlat: 7316331 # Total latency experienced by read requests
   wrlat: 2996048 # Total latency experienced by write requests
   rdhits: 273 # Read row hits
   wrhits: 72 # Write row hits
   mlh: # latency histogram for memory requests
    0: 0
    1: 0
    2: 0
    3: 0
    4: 0
    5: 0
    6: 0
    7: 0
    8: 0
    9: 0
    10: 0
    11: 21
    12: 31
    13: 50348
    14: 1825
    15: 507
    16: 324
    17: 73
    18: 56
    19: 65
    20: 59
    21: 65
    22: 26
    23: 38
    24: 54
    25: 47
    26: 13
    27: 18
    28: 20
    29: 35
    30: 40
    31: 47
    32: 37
    33: 41
    34: 35
    35: 40
    36: 31
    37: 30
    38: 32
    39: 17
    40: 35
    41: 30
    42: 36
    43: 13
    44: 1
    45: 10
    46: 1
    47: 2
    48: 1
    49: 0
    50: 0
    51: 0
    52: 0
    53: 1
    54: 0
    55: 0
    56: 0
    57: 0
    58: 0
    59: 0
    60: 0
    61: 0
    62: 0
    63: 0
    64: 0
    65: 0
    66: 0
    67: 0
    68: 0
    69: 0
    70: 0
    71: 0
    72: 0
    73: 0
    74: 0
    75: 0
    76: 0
    77: 0
    78: 0
    79: 0
    80: 0
    81: 0
    82: 0
    83: 0
    84: 0
    85: 0
    86: 0
    87: 0
    88: 0
    89: 0
    90: 0
    91: 0
    92: 0
    93: 0
    94: 0
    95: 0
    96: 0
    97: 0
    98: 0
    99: 0
  mem-1: # Memory controller stats
   rd: 54125 # Read requests
   wr: 19945 # Write requests
   rdlat: 7302345 # Total latency experienced by read requests
   wrlat: 2973274 # Total latency experienced by write requests
   rdhits: 275 # Read row hits
   wrhits: 61 # Write row hits
   mlh: # latency histogram for memory requests
    0: 0
    1: 0
    2: 0
    3: 0
    4: 0
    5: 0
    6: 0
    7: 0
    8: 0
    9: 0
    10: 0
    11: 15
    12: 41
    13: 50807
    14: 1715
    15: 371
    16: 226
    17: 61
    18: 56
    19: 50
    20: 64
    21: 59
    22: 31
    23: 25
    24: 32
    25: 40
    26: 14
    27: 17
    28: 20
    29: 23
    30: 52
    31: 41
    32: 37
    33: 19
    34: 23
    35: 35
    36: 35
    37: 42
    38: 23
    39: 29
    40: 38
    41: 35
    42: 29
    43: 10
    44: 2
    45: 4
    46: 2
    47: 0
    48: 0
    49: 1
    50: 0
    51: 0
    52: 0
    53: 0
    54: 0
    55: 0
    56: 0
    57: 0
    58: 0
    59: 0
    60: 0
    61: 0
    62: 0
    63: 0
    64: 0
    65: 0
    66: 0
    67: 0
    68: 1
    69: 0
    70: 0
    71: 0
    72: 0
    73: 0
    74: 0
    75: 0
    76: 0
    77: 0
    78: 0
    79: 0
    80: 0
    81: 0
    82: 0
    83: 0
    84: 0
    85: 0
    86: 0
    87: 0
    88: 0
    89: 0
    90: 0
    91: 0
    92: 0
    93: 0
    94: 0
    95: 0
    96: 0
    97: 0
    98: 0
    99: 0
  mem-2: # Memory controller stats
   rd: 54161 # Read requests
   wr: 20011 # Write requests
   rdlat: 7321096 # Total latency experienced by read requests
   wrlat: 3008197 # Total latency experienced by write requests
   rdhits: 278 # Read row hits
   wrhits: 69 # Write row hits
   mlh: # latency histogram for memory requests
    0: 0
    1: 0
    2: 0
    3: 0
    4: 0
    5: 0
    6: 0
    7: 0
    8: 0
    9: 0
    10: 0
    11: 23
    12: 45
    13: 50574
    14: 1676
    15: 453
    16: 329
    17: 73
    18: 53
    19: 63
    20: 70
    21: 78
    22: 44
    23: 30
    24: 50
    25: 44
    26: 19
    27: 23
    28: 16
    29: 31
    30: 48
    31: 44
    32: 29
    33: 29
    34: 28
    35: 39
    36: 26
    37: 27
    38: 34
    39: 34
    40: 30
    41: 33
    42: 32
    43: 17
    44: 7
    45: 6
    46: 2
    47: 1
    48: 1
    49: 0
    50: 0
    51: 0
    52: 0
    53: 0
    54: 0
    55: 0
    56: 0
    57: 0
    58: 0
    59: 0
    60: 0
    61: 0
    62: 0
    63: 0
    64: 0
    65: 0
    66: 0
    67: 0
    68: 0
    69: 0
    70: 0
    71: 0
    72: 0
    73: 0
    74: 0
    75: 0
    76: 0
    77: 0
    78: 0
    79: 0
    80: 0
    81: 0
    82: 0
    83: 0
    84: 0
    85: 0
    86: 0
    87: 0
    88: 0
    89: 0
    90: 0
    91: 0
    92: 0
    93: 0
    94: 0
    95: 0
    96: 0
    97: 0
    98: 0
    99: 0
  mem-3: # Memory controller stats
   rd: 54162 # Read requests
   wr: 20019 # Write requests
   rdlat: 7302904 # Total latency experienced by read requests
   wrlat: 2983916 # Total latency experienced by write requests
   rdhits: 271 # Read row hits
   wrhits: 69 # Write row hits
   mlh: # latency histogram for memory requests
    0: 0
    1: 0
    2: 0
    3: 0
    4: 0
    5: 0
    6: 0
    7: 0
    8: 0
    9: 0
    10: 0
    11: 23
    12: 41
    13: 50919
    14: 1633
    15: 392
    16: 235
    17: 73
    18: 37
    19: 52
    20: 51
    21: 60
    22: 31
    23: 38
    24: 32
    25: 22
    26: 17
    27: 17
    28: 17
    29: 22
    30: 39
    31: 41
    32: 34
    33: 36
    34: 32
    35: 25
    36: 41
    37: 27
    38: 30
    39: 35
    40: 23
    41: 24
    42: 39
    43: 10
    44: 6
    45: 3
    46: 3
    47: 0
    48: 2
    49: 0
    50: 0
    51: 0
    52: 0
    53: 0
    54: 0
    55: 0
    56: 0
    57: 0
    58: 0
    59: 0
    60: 0
    61: 0
    62: 0
    63: 0
    64: 0
    65: 0
    66: 0
    67: 0
    68: 0
    69: 0
    70: 0
    71: 0
    72: 0
    73: 0
    74: 0
    75: 0
    76: 0
    77: 0
    78: 0
    79: 0
    80: 0
    81: 0
    82: 0
    83: 0
    84: 0
    85: 0
    86: 0
    87: 0
    88: 0
    89: 0
    90: 0
    91: 0
    92: 0
    93: 0
    94: 0
    95: 0
    96: 0
    97: 0
    98: 0
    99: 0
 sched: # Scheduler stats
  thCr: 10 # Threads created
  thFn: 1 # Threads finished
  schedEvs: 450 # Schedule events
  waitEvs: 42 # Wait events
  handoffEvs: 0 # Handoff events
  sleepEvs: 0 # Sleep events
  idlePhases: 0 # Phases with no thread active
  idlePeriods: 0 # Periods with no thread active
  occHist: # Occupancy histogram
   0: 0
   1: 0
   2: 137
   3: 0
   4: 0
   5: 0
   6: 0
   7: 0
   8: 46575
  rqSzHist: # Run queue size histogram
   0: 45960
   1: 752
   2: 0
   3: 0
   4: 0
   5: 0
   6: 0
   7: 0
   8: 0
   9: 0
   10: 0
   11: 0
   12: 0
   13: 0
   14: 0
   15: 0
   16: 0
 procCycles: # Per-process unhalted core cycles
  0: 3038387749
  1: 0
  2: 0
  3: 0
  4: 0
  5: 0
  6: 0
  7: 0
  8: 0
  9: 0
  10: 0
  11: 0
  12: 0
  13: 0
  14: 0
  15: 0
  16: 0
  17: 0
  18: 0
  19: 0
  20: 0
  21: 0
  22: 0
  23: 0
  24: 0
  25: 0
  26: 0
  27: 0
  28: 0
  29: 0
  30: 0
  31: 0
  32: 0
  33: 0
  34: 0
  35: 0
  36: 0
  37: 0
  38: 0
  39: 0
  40: 0
  41: 0
  42: 0
  43: 0
  44: 0
  45: 0
  46: 0
  47: 0
  48: 0
  49: 0
  50: 0
  51: 0
  52: 0
  53: 0
  54: 0
  55: 0
  56: 0
  57: 0
  58: 0
  59: 0
  60: 0
  61: 0
  62: 0
  63: 0
 procInstrs: # Per-process instructions
  0: 5000059119
  1: 0
  2: 0
  3: 0
  4: 0
  5: 0
  6: 0
  7: 0
  8: 0
  9: 0
  10: 0
  11: 0
  12: 0
  13: 0
  14: 0
  15: 0
  16: 0
  17: 0
  18: 0
  19: 0
  20: 0
  21: 0
  22: 0
  23: 0
  24: 0
  25: 0
  26: 0
  27: 0
  28: 0
  29: 0
  30: 0
  31: 0
  32: 0
  33: 0
  34: 0
  35: 0
  36: 0
  37: 0
  38: 0
  39: 0
  40: 0
  41: 0
  42: 0
  43: 0
  44: 0
  45: 0
  46: 0
  47: 0
  48: 0
  49: 0
  50: 0
  51: 0
  52: 0
  53: 0
  54: 0
  55: 0
  56: 0
  57: 0
  58: 0
  59: 0
  60: 0
  61: 0
  62: 0
  63: 0
 heartbeats: # Per-process heartbeats
  0: 0
  1: 0
  2: 0
  3: 0
  4: 0
  5: 0
  6: 0
  7: 0
  8: 0
  9: 0
  10: 0
  11: 0
  12: 0
  13: 0
  14: 0
  15: 0
  16: 0
  17: 0
  18: 0
  19: 0
  20: 0
  21: 0
  22: 0
  23: 0
  24: 0
  25: 0
  26: 0
  27: 0
  28: 0
  29: 0
  30: 0
  31: 0
  32: 0
  33: 0
  34: 0
  35: 0
  36: 0
  37: 0
  38: 0
  39: 0
  40: 0
  41: 0
  42: 0
  43: 0
  44: 0
  45: 0
  46: 0
  47: 0
  48: 0
  49: 0
  50: 0
  51: 0
  52: 0
  53: 0
  54: 0
  55: 0
  56: 0
  57: 0
  58: 0
  59: 0
  60: 0
  61: 0
  62: 0
  63: 0
===
