# zsim stats
===
root: # Stats
 contention: # Contention simulation stats
  domain-0: # Domain stats
   time: 169481644 # Weave simulation time
 time: # Simulator time breakdown
  init: 1084452617212
  bound: 6157261416
  weave: 670931792
  ff: 0
 trigger: 20000 # Reason for this stats dump
 phase: 6386 # Simulated phases
 westmere: # Core stats
  westmere-0: # Core stats
   cycles: 63860347 # Simulated unhalted cycles
   cCycles: 4433559 # Cycles due to contention stalls
   instrs: 100001447 # Simulated instructions
   uops: 142670628 # Retired micro-ops
   bbls: 4785493 # Basic blocks
   approxInstrs: 434 # Instrs with approx uop decoding
   mispredBranches: 23143 # Mispredicted branches
   condBranches: 4718153 # conditional branches
 l1i: # Cache stats
  l1i-0: # Filter cache stats
   fhGETS: 9439911 # Filtered GETS hits
   fhGETX: 0 # Filtered GETX hits
   hGETS: 20237 # GETS hits
   hGETX: 0 # GETX hits
   mGETS: 2339 # GETS misses
   mGETXIM: 0 # GETX I->M misses
   mGETXSM: 0 # GETX S->M misses (upgrade misses)
   PUTS: 0 # Clean evictions (from lower level)
   PUTX: 0 # Dirty evictions (from lower level)
   INV: 668 # Invalidates (from upper level)
   INVX: 0 # Downgrades (from upper level)
   FWD: 0 # Forwards (from upper level)
   latGETnl: 176504 # GET request latency on next level
   latGETnet: 0 # GET request latency on network to next level
 l1d: # Cache stats
  l1d-0: # Filter cache stats
   fhGETS: 27520580 # Filtered GETS hits
   fhGETX: 9103913 # Filtered GETX hits
   hGETS: 15311604 # GETS hits
   hGETX: 5949798 # GETX hits
   mGETS: 241597 # GETS misses
   mGETXIM: 291825 # GETX I->M misses
   mGETXSM: 0 # GETX S->M misses (upgrade misses)
   PUTS: 0 # Clean evictions (from lower level)
   PUTX: 0 # Dirty evictions (from lower level)
   INV: 1868 # Invalidates (from upper level)
   INVX: 0 # Downgrades (from upper level)
   FWD: 0 # Forwards (from upper level)
   latGETnl: 26819614 # GET request latency on next level
   latGETnet: 0 # GET request latency on network to next level
 l2: # Cache stats
  l2-0: # Cache stats
   hGETS: 209689 # GETS hits
   hGETX: 1360 # GETX hits
   mGETS: 34247 # GETS misses
   mGETXIM: 290465 # GETX I->M misses
   mGETXSM: 0 # GETX S->M misses (upgrade misses)
   PUTS: 240116 # Clean evictions (from lower level)
   PUTX: 292201 # Dirty evictions (from lower level)
   INV: 7978 # Invalidates (from upper level)
   INVX: 0 # Downgrades (from upper level)
   FWD: 0 # Forwards (from upper level)
   latGETnl: 21638508 # GET request latency on next level
   latGETnet: 0 # GET request latency on network to next level
 l3: # Cache stats
  l3-0: # Cache stats
   hGETS: 22764 # GETS hits
   hGETX: 148110 # GETX hits
   mGETS: 11483 # GETS misses
   mGETXIM: 142355 # GETX I->M misses
   mGETXSM: 0 # GETX S->M misses (upgrade misses)
   PUTS: 25734 # Clean evictions (from lower level)
   PUTX: 286905 # Dirty evictions (from lower level)
   INV: 0 # Invalidates (from upper level)
   INVX: 0 # Downgrades (from upper level)
   FWD: 0 # Forwards (from upper level)
   latGETnl: 13845420 # GET request latency on next level
   latGETnet: 0 # GET request latency on network to next level
 mem: # Memory controller stats
  mem-0: # Memory controller stats
   rd: 38503 # Read requests
   wr: 28103 # Write requests
   rdlat: 5449516 # Total latency experienced by read requests
   wrlat: 4004085 # Total latency experienced by write requests
   rdhits: 5 # Read row hits
   wrhits: 69 # Write row hits
   mlh: # latency histogram for memory requests
    0: 0
    1: 0
    2: 0
    3: 0
    4: 0
    5: 0
    6: 0
    7: 0
    8: 0
    9: 0
    10: 0
    11: 1
    12: 1
    13: 31400
    14: 4659
    15: 57
    16: 27
    17: 10
    18: 26
    19: 22
    20: 21
    21: 26
    22: 26
    23: 1742
    24: 18
    25: 26
    26: 27
    27: 20
    28: 30
    29: 22
    30: 26
    31: 35
    32: 27
    33: 24
    34: 26
    35: 17
    36: 23
    37: 23
    38: 16
    39: 9
    40: 19
    41: 23
    42: 22
    43: 14
    44: 4
    45: 0
    46: 2
    47: 22
    48: 3
    49: 2
    50: 1
    51: 1
    52: 2
    53: 1
    54: 0
    55: 0
    56: 0
    57: 0
    58: 0
    59: 0
    60: 0
    61: 0
    62: 0
    63: 0
    64: 0
    65: 0
    66: 0
    67: 0
    68: 0
    69: 0
    70: 0
    71: 0
    72: 0
    73: 0
    74: 0
    75: 0
    76: 0
    77: 0
    78: 0
    79: 0
    80: 0
    81: 0
    82: 0
    83: 0
    84: 0
    85: 0
    86: 0
    87: 0
    88: 0
    89: 0
    90: 0
    91: 0
    92: 0
    93: 0
    94: 0
    95: 0
    96: 0
    97: 0
    98: 0
    99: 0
  mem-1: # Memory controller stats
   rd: 38420 # Read requests
   wr: 27986 # Write requests
   rdlat: 5430301 # Total latency experienced by read requests
   wrlat: 3978322 # Total latency experienced by write requests
   rdhits: 4 # Read row hits
   wrhits: 79 # Write row hits
   mlh: # latency histogram for memory requests
    0: 0
    1: 0
    2: 0
    3: 0
    4: 0
    5: 0
    6: 0
    7: 0
    8: 0
    9: 0
    10: 0
    11: 1
    12: 1
    13: 31357
    14: 4697
    15: 44
    16: 28
    17: 20
    18: 16
    19: 15
    20: 18
    21: 10
    22: 24
    23: 1722
    24: 14
    25: 20
    26: 41
    27: 35
    28: 25
    29: 25
    30: 21
    31: 23
    32: 17
    33: 17
    34: 22
    35: 15
    36: 28
    37: 25
    38: 9
    39: 15
    40: 19
    41: 18
    42: 16
    43: 16
    44: 6
    45: 0
    46: 4
    47: 20
    48: 7
    49: 0
    50: 1
    51: 2
    52: 3
    53: 3
    54: 0
    55: 0
    56: 0
    57: 0
    58: 0
    59: 0
    60: 0
    61: 0
    62: 0
    63: 0
    64: 0
    65: 0
    66: 0
    67: 0
    68: 0
    69: 0
    70: 0
    71: 0
    72: 0
    73: 0
    74: 0
    75: 0
    76: 0
    77: 0
    78: 0
    79: 0
    80: 0
    81: 0
    82: 0
    83: 0
    84: 0
    85: 0
    86: 0
    87: 0
    88: 0
    89: 0
    90: 0
    91: 0
    92: 0
    93: 0
    94: 0
    95: 0
    96: 0
    97: 0
    98: 0
    99: 0
  mem-2: # Memory controller stats
   rd: 38456 # Read requests
   wr: 28061 # Write requests
   rdlat: 5444981 # Total latency experienced by read requests
   wrlat: 3997203 # Total latency experienced by write requests
   rdhits: 2 # Read row hits
   wrhits: 67 # Write row hits
   mlh: # latency histogram for memory requests
    0: 0
    1: 0
    2: 0
    3: 0
    4: 0
    5: 0
    6: 0
    7: 0
    8: 0
    9: 0
    10: 0
    11: 1
    12: 0
    13: 31386
    14: 4613
    15: 61
    16: 27
    17: 20
    18: 21
    19: 20
    20: 18
    21: 16
    22: 22
    23: 1733
    24: 24
    25: 44
    26: 29
    27: 33
    28: 27
    29: 36
    30: 25
    31: 26
    32: 22
    33: 27
    34: 15
    35: 18
    36: 18
    37: 15
    38: 21
    39: 21
    40: 16
    41: 19
    42: 23
    43: 22
    44: 4
    45: 2
    46: 2
    47: 14
    48: 5
    49: 1
    50: 2
    51: 1
    52: 3
    53: 2
    54: 0
    55: 1
    56: 0
    57: 0
    58: 0
    59: 0
    60: 0
    61: 0
    62: 0
    63: 0
    64: 0
    65: 0
    66: 0
    67: 0
    68: 0
    69: 0
    70: 0
    71: 0
    72: 0
    73: 0
    74: 0
    75: 0
    76: 0
    77: 0
    78: 0
    79: 0
    80: 0
    81: 0
    82: 0
    83: 0
    84: 0
    85: 0
    86: 0
    87: 0
    88: 0
    89: 0
    90: 0
    91: 0
    92: 0
    93: 0
    94: 0
    95: 0
    96: 0
    97: 0
    98: 0
    99: 0
  mem-3: # Memory controller stats
   rd: 38459 # Read requests
   wr: 28091 # Write requests
   rdlat: 5432267 # Total latency experienced by read requests
   wrlat: 4004913 # Total latency experienced by write requests
   rdhits: 5 # Read row hits
   wrhits: 58 # Write row hits
   mlh: # latency histogram for memory requests
    0: 0
    1: 0
    2: 0
    3: 0
    4: 0
    5: 0
    6: 0
    7: 0
    8: 0
    9: 0
    10: 0
    11: 0
    12: 2
    13: 31435
    14: 4665
    15: 46
    16: 16
    17: 17
    18: 22
    19: 12
    20: 13
    21: 11
    22: 21
    23: 1745
    24: 27
    25: 36
    26: 29
    27: 27
    28: 17
    29: 25
    30: 21
    31: 12
    32: 21
    33: 20
    34: 20
    35: 18
    36: 27
    37: 19
    38: 8
    39: 19
    40: 18
    41: 20
    42: 24
    43: 11
    44: 2
    45: 0
    46: 3
    47: 20
    48: 3
    49: 3
    50: 0
    51: 2
    52: 2
    53: 0
    54: 0
    55: 0
    56: 0
    57: 0
    58: 0
    59: 0
    60: 0
    61: 0
    62: 0
    63: 0
    64: 0
    65: 0
    66: 0
    67: 0
    68: 0
    69: 0
    70: 0
    71: 0
    72: 0
    73: 0
    74: 0
    75: 0
    76: 0
    77: 0
    78: 0
    79: 0
    80: 0
    81: 0
    82: 0
    83: 0
    84: 0
    85: 0
    86: 0
    87: 0
    88: 0
    89: 0
    90: 0
    91: 0
    92: 0
    93: 0
    94: 0
    95: 0
    96: 0
    97: 0
    98: 0
    99: 0
 sched: # Scheduler stats
  thCr: 1 # Threads created
  thFn: 1 # Threads finished
  schedEvs: 1 # Schedule events
  waitEvs: 0 # Wait events
  handoffEvs: 0 # Handoff events
  sleepEvs: 0 # Sleep events
  idlePhases: 0 # Phases with no thread active
  idlePeriods: 0 # Periods with no thread active
  occHist: # Occupancy histogram
   0: 0
   1: 6386
  rqSzHist: # Run queue size histogram
   0: 6386
   1: 0
   2: 0
   3: 0
   4: 0
   5: 0
   6: 0
   7: 0
   8: 0
   9: 0
   10: 0
   11: 0
   12: 0
   13: 0
   14: 0
   15: 0
   16: 0
 procCycles: # Per-process unhalted core cycles
  0: 63860347
  1: 0
  2: 0
  3: 0
  4: 0
  5: 0
  6: 0
  7: 0
  8: 0
  9: 0
  10: 0
  11: 0
  12: 0
  13: 0
  14: 0
  15: 0
  16: 0
  17: 0
  18: 0
  19: 0
  20: 0
  21: 0
  22: 0
  23: 0
  24: 0
  25: 0
  26: 0
  27: 0
  28: 0
  29: 0
  30: 0
  31: 0
  32: 0
  33: 0
  34: 0
  35: 0
  36: 0
  37: 0
  38: 0
  39: 0
  40: 0
  41: 0
  42: 0
  43: 0
  44: 0
  45: 0
  46: 0
  47: 0
  48: 0
  49: 0
  50: 0
  51: 0
  52: 0
  53: 0
  54: 0
  55: 0
  56: 0
  57: 0
  58: 0
  59: 0
  60: 0
  61: 0
  62: 0
  63: 0
 procInstrs: # Per-process instructions
  0: 100001447
  1: 0
  2: 0
  3: 0
  4: 0
  5: 0
  6: 0
  7: 0
  8: 0
  9: 0
  10: 0
  11: 0
  12: 0
  13: 0
  14: 0
  15: 0
  16: 0
  17: 0
  18: 0
  19: 0
  20: 0
  21: 0
  22: 0
  23: 0
  24: 0
  25: 0
  26: 0
  27: 0
  28: 0
  29: 0
  30: 0
  31: 0
  32: 0
  33: 0
  34: 0
  35: 0
  36: 0
  37: 0
  38: 0
  39: 0
  40: 0
  41: 0
  42: 0
  43: 0
  44: 0
  45: 0
  46: 0
  47: 0
  48: 0
  49: 0
  50: 0
  51: 0
  52: 0
  53: 0
  54: 0
  55: 0
  56: 0
  57: 0
  58: 0
  59: 0
  60: 0
  61: 0
  62: 0
  63: 0
 heartbeats: # Per-process heartbeats
  0: 0
  1: 0
  2: 0
  3: 0
  4: 0
  5: 0
  6: 0
  7: 0
  8: 0
  9: 0
  10: 0
  11: 0
  12: 0
  13: 0
  14: 0
  15: 0
  16: 0
  17: 0
  18: 0
  19: 0
  20: 0
  21: 0
  22: 0
  23: 0
  24: 0
  25: 0
  26: 0
  27: 0
  28: 0
  29: 0
  30: 0
  31: 0
  32: 0
  33: 0
  34: 0
  35: 0
  36: 0
  37: 0
  38: 0
  39: 0
  40: 0
  41: 0
  42: 0
  43: 0
  44: 0
  45: 0
  46: 0
  47: 0
  48: 0
  49: 0
  50: 0
  51: 0
  52: 0
  53: 0
  54: 0
  55: 0
  56: 0
  57: 0
  58: 0
  59: 0
  60: 0
  61: 0
  62: 0
  63: 0
===
