# zsim stats
===
root: # Stats
 contention: # Contention simulation stats
  domain-0: # Domain stats
   time: 2775291103 # Weave simulation time
 time: # Simulator time breakdown
  init: 705145928116
  bound: 12835231112
  weave: 2914783677
  ff: 0
 trigger: 20000 # Reason for this stats dump
 phase: 14728 # Simulated phases
 westmere: # Core stats
  westmere-0: # Core stats
   cycles: 147282504 # Simulated unhalted cycles
   cCycles: 27026434 # Cycles due to contention stalls
   instrs: 100003026 # Simulated instructions
   uops: 114166048 # Retired micro-ops
   bbls: 2330489 # Basic blocks
   approxInstrs: 553218 # Instrs with approx uop decoding
   mispredBranches: 3146 # Mispredicted branches
   condBranches: 916849 # conditional branches
 l1i: # Cache stats
  l1i-0: # Filter cache stats
   fhGETS: 9222884 # Filtered GETS hits
   fhGETX: 0 # Filtered GETX hits
   hGETS: 6 # GETS hits
   hGETX: 0 # GETX hits
   mGETS: 3097 # GETS misses
   mGETXIM: 0 # GETX I->M misses
   mGETXSM: 0 # GETX S->M misses (upgrade misses)
   PUTS: 0 # Clean evictions (from lower level)
   PUTX: 0 # Dirty evictions (from lower level)
   INV: 3011 # Invalidates (from upper level)
   INVX: 0 # Downgrades (from upper level)
   FWD: 0 # Forwards (from upper level)
   latGETnl: 384028 # GET request latency on next level
   latGETnet: 0 # GET request latency on network to next level
 l1d: # Cache stats
  l1d-0: # Filter cache stats
   fhGETS: 18014749 # Filtered GETS hits
   fhGETX: 5400977 # Filtered GETX hits
   hGETS: 968263 # GETS hits
   hGETX: 756046 # GETX hits
   mGETS: 789127 # GETS misses
   mGETXIM: 4305989 # GETX I->M misses
   mGETXSM: 0 # GETX S->M misses (upgrade misses)
   PUTS: 0 # Clean evictions (from lower level)
   PUTX: 0 # Dirty evictions (from lower level)
   INV: 368 # Invalidates (from upper level)
   INVX: 0 # Downgrades (from upper level)
   FWD: 0 # Forwards (from upper level)
   latGETnl: 403956678 # GET request latency on next level
   latGETnet: 0 # GET request latency on network to next level
 l2: # Cache stats
  l2-0: # Cache stats
   hGETS: 94 # GETS hits
   hGETX: 1998375 # GETX hits
   mGETS: 792130 # GETS misses
   mGETXIM: 2307614 # GETX I->M misses
   mGETXSM: 0 # GETX S->M misses (upgrade misses)
   PUTS: 788355 # Clean evictions (from lower level)
   PUTX: 4305881 # Dirty evictions (from lower level)
   INV: 3388 # Invalidates (from upper level)
   INVX: 0 # Downgrades (from upper level)
   FWD: 0 # Forwards (from upper level)
   latGETnl: 353358576 # GET request latency on next level
   latGETnet: 0 # GET request latency on network to next level
 l3: # Cache stats
  l3-0: # Cache stats
   hGETS: 85 # GETS hits
   hGETX: 51 # GETX hits
   mGETS: 792045 # GETS misses
   mGETXIM: 2307563 # GETX I->M misses
   mGETXSM: 0 # GETX S->M misses (upgrade misses)
   PUTS: 784760 # Clean evictions (from lower level)
   PUTX: 2307500 # Dirty evictions (from lower level)
   INV: 0 # Invalidates (from upper level)
   INVX: 0 # Downgrades (from upper level)
   FWD: 0 # Forwards (from upper level)
   latGETnl: 278964720 # GET request latency on next level
   latGETnet: 0 # GET request latency on network to next level
 mem: # Memory controller stats
  mem-0: # Memory controller stats
   rd: 774933 # Read requests
   wr: 574518 # Write requests
   rdlat: 110669108 # Total latency experienced by read requests
   wrlat: 101325620 # Total latency experienced by write requests
   rdhits: 65 # Read row hits
   wrhits: 12098 # Write row hits
   mlh: # latency histogram for memory requests
    0: 0
    1: 0
    2: 0
    3: 0
    4: 0
    5: 0
    6: 0
    7: 0
    8: 0
    9: 0
    10: 0
    11: 1
    12: 0
    13: 452318
    14: 156183
    15: 108250
    16: 6983
    17: 30788
    18: 1092
    19: 1679
    20: 2364
    21: 3285
    22: 2198
    23: 1720
    24: 889
    25: 592
    26: 385
    27: 527
    28: 510
    29: 401
    30: 326
    31: 346
    32: 325
    33: 407
    34: 360
    35: 267
    36: 231
    37: 233
    38: 207
    39: 394
    40: 278
    41: 330
    42: 297
    43: 146
    44: 92
    45: 36
    46: 97
    47: 87
    48: 177
    49: 68
    50: 27
    51: 11
    52: 7
    53: 9
    54: 9
    55: 1
    56: 0
    57: 0
    58: 0
    59: 0
    60: 0
    61: 0
    62: 0
    63: 0
    64: 0
    65: 0
    66: 0
    67: 0
    68: 0
    69: 0
    70: 0
    71: 0
    72: 0
    73: 0
    74: 0
    75: 0
    76: 0
    77: 0
    78: 0
    79: 0
    80: 0
    81: 0
    82: 0
    83: 0
    84: 0
    85: 0
    86: 0
    87: 0
    88: 0
    89: 0
    90: 0
    91: 0
    92: 0
    93: 0
    94: 0
    95: 0
    96: 0
    97: 0
    98: 0
    99: 0
  mem-1: # Memory controller stats
   rd: 774954 # Read requests
   wr: 574517 # Write requests
   rdlat: 110607519 # Total latency experienced by read requests
   wrlat: 100655801 # Total latency experienced by write requests
   rdhits: 83 # Read row hits
   wrhits: 13211 # Write row hits
   mlh: # latency histogram for memory requests
    0: 0
    1: 0
    2: 0
    3: 0
    4: 0
    5: 0
    6: 0
    7: 0
    8: 0
    9: 1
    10: 0
    11: 2
    12: 6
    13: 452844
    14: 156210
    15: 106895
    16: 8901
    17: 31105
    18: 875
    19: 1594
    20: 2038
    21: 2975
    22: 1895
    23: 1621
    24: 834
    25: 640
    26: 423
    27: 527
    28: 469
    29: 404
    30: 365
    31: 350
    32: 313
    33: 357
    34: 324
    35: 291
    36: 233
    37: 212
    38: 207
    39: 404
    40: 302
    41: 304
    42: 282
    43: 147
    44: 86
    45: 48
    46: 74
    47: 92
    48: 157
    49: 75
    50: 21
    51: 13
    52: 13
    53: 10
    54: 9
    55: 1
    56: 2
    57: 2
    58: 0
    59: 1
    60: 0
    61: 0
    62: 0
    63: 0
    64: 0
    65: 0
    66: 0
    67: 0
    68: 0
    69: 0
    70: 0
    71: 0
    72: 0
    73: 0
    74: 0
    75: 0
    76: 0
    77: 0
    78: 0
    79: 0
    80: 0
    81: 0
    82: 0
    83: 0
    84: 0
    85: 0
    86: 0
    87: 0
    88: 0
    89: 0
    90: 0
    91: 0
    92: 0
    93: 0
    94: 0
    95: 0
    96: 0
    97: 0
    98: 0
    99: 0
  mem-2: # Memory controller stats
   rd: 774865 # Read requests
   wr: 574439 # Write requests
   rdlat: 110659095 # Total latency experienced by read requests
   wrlat: 101196726 # Total latency experienced by write requests
   rdhits: 43 # Read row hits
   wrhits: 12832 # Write row hits
   mlh: # latency histogram for memory requests
    0: 0
    1: 0
    2: 0
    3: 0
    4: 0
    5: 0
    6: 0
    7: 0
    8: 0
    9: 0
    10: 0
    11: 2
    12: 1
    13: 452015
    14: 156096
    15: 108684
    16: 7084
    17: 30613
    18: 1123
    19: 1655
    20: 2396
    21: 3301
    22: 2146
    23: 1654
    24: 863
    25: 595
    26: 403
    27: 565
    28: 511
    29: 425
    30: 377
    31: 317
    32: 335
    33: 378
    34: 370
    35: 278
    36: 230
    37: 206
    38: 202
    39: 383
    40: 267
    41: 277
    42: 323
    43: 159
    44: 113
    45: 72
    46: 78
    47: 88
    48: 157
    49: 62
    50: 13
    51: 9
    52: 8
    53: 15
    54: 14
    55: 1
    56: 0
    57: 0
    58: 0
    59: 0
    60: 0
    61: 0
    62: 0
    63: 1
    64: 0
    65: 0
    66: 0
    67: 0
    68: 0
    69: 0
    70: 0
    71: 0
    72: 0
    73: 0
    74: 0
    75: 0
    76: 0
    77: 0
    78: 0
    79: 0
    80: 0
    81: 0
    82: 0
    83: 0
    84: 0
    85: 0
    86: 0
    87: 0
    88: 0
    89: 0
    90: 0
    91: 0
    92: 0
    93: 0
    94: 0
    95: 0
    96: 0
    97: 0
    98: 0
    99: 0
  mem-3: # Memory controller stats
   rd: 774794 # Read requests
   wr: 574446 # Write requests
   rdlat: 110623657 # Total latency experienced by read requests
   wrlat: 100601127 # Total latency experienced by write requests
   rdhits: 62 # Read row hits
   wrhits: 12713 # Write row hits
   mlh: # latency histogram for memory requests
    0: 0
    1: 0
    2: 0
    3: 0
    4: 0
    5: 0
    6: 0
    7: 0
    8: 0
    9: 0
    10: 1
    11: 4
    12: 1
    13: 451994
    14: 156048
    15: 107517
    16: 8800
    17: 31230
    18: 907
    19: 1605
    20: 2033
    21: 2924
    22: 1968
    23: 1610
    24: 888
    25: 707
    26: 434
    27: 542
    28: 489
    29: 383
    30: 336
    31: 348
    32: 349
    33: 379
    34: 358
    35: 252
    36: 221
    37: 192
    38: 238
    39: 408
    40: 261
    41: 299
    42: 269
    43: 151
    44: 122
    45: 56
    46: 87
    47: 75
    48: 176
    49: 66
    50: 25
    51: 9
    52: 11
    53: 10
    54: 7
    55: 2
    56: 0
    57: 0
    58: 2
    59: 0
    60: 0
    61: 0
    62: 0
    63: 0
    64: 0
    65: 0
    66: 0
    67: 0
    68: 0
    69: 0
    70: 0
    71: 0
    72: 0
    73: 0
    74: 0
    75: 0
    76: 0
    77: 0
    78: 0
    79: 0
    80: 0
    81: 0
    82: 0
    83: 0
    84: 0
    85: 0
    86: 0
    87: 0
    88: 0
    89: 0
    90: 0
    91: 0
    92: 0
    93: 0
    94: 0
    95: 0
    96: 0
    97: 0
    98: 0
    99: 0
 sched: # Scheduler stats
  thCr: 1 # Threads created
  thFn: 1 # Threads finished
  schedEvs: 1 # Schedule events
  waitEvs: 0 # Wait events
  handoffEvs: 0 # Handoff events
  sleepEvs: 0 # Sleep events
  idlePhases: 0 # Phases with no thread active
  idlePeriods: 0 # Periods with no thread active
  occHist: # Occupancy histogram
   0: 0
   1: 14728
  rqSzHist: # Run queue size histogram
   0: 14728
   1: 0
   2: 0
   3: 0
   4: 0
   5: 0
   6: 0
   7: 0
   8: 0
   9: 0
   10: 0
   11: 0
   12: 0
   13: 0
   14: 0
   15: 0
   16: 0
 procCycles: # Per-process unhalted core cycles
  0: 147282504
  1: 0
  2: 0
  3: 0
  4: 0
  5: 0
  6: 0
  7: 0
  8: 0
  9: 0
  10: 0
  11: 0
  12: 0
  13: 0
  14: 0
  15: 0
  16: 0
  17: 0
  18: 0
  19: 0
  20: 0
  21: 0
  22: 0
  23: 0
  24: 0
  25: 0
  26: 0
  27: 0
  28: 0
  29: 0
  30: 0
  31: 0
  32: 0
  33: 0
  34: 0
  35: 0
  36: 0
  37: 0
  38: 0
  39: 0
  40: 0
  41: 0
  42: 0
  43: 0
  44: 0
  45: 0
  46: 0
  47: 0
  48: 0
  49: 0
  50: 0
  51: 0
  52: 0
  53: 0
  54: 0
  55: 0
  56: 0
  57: 0
  58: 0
  59: 0
  60: 0
  61: 0
  62: 0
  63: 0
 procInstrs: # Per-process instructions
  0: 100003026
  1: 0
  2: 0
  3: 0
  4: 0
  5: 0
  6: 0
  7: 0
  8: 0
  9: 0
  10: 0
  11: 0
  12: 0
  13: 0
  14: 0
  15: 0
  16: 0
  17: 0
  18: 0
  19: 0
  20: 0
  21: 0
  22: 0
  23: 0
  24: 0
  25: 0
  26: 0
  27: 0
  28: 0
  29: 0
  30: 0
  31: 0
  32: 0
  33: 0
  34: 0
  35: 0
  36: 0
  37: 0
  38: 0
  39: 0
  40: 0
  41: 0
  42: 0
  43: 0
  44: 0
  45: 0
  46: 0
  47: 0
  48: 0
  49: 0
  50: 0
  51: 0
  52: 0
  53: 0
  54: 0
  55: 0
  56: 0
  57: 0
  58: 0
  59: 0
  60: 0
  61: 0
  62: 0
  63: 0
 heartbeats: # Per-process heartbeats
  0: 0
  1: 0
  2: 0
  3: 0
  4: 0
  5: 0
  6: 0
  7: 0
  8: 0
  9: 0
  10: 0
  11: 0
  12: 0
  13: 0
  14: 0
  15: 0
  16: 0
  17: 0
  18: 0
  19: 0
  20: 0
  21: 0
  22: 0
  23: 0
  24: 0
  25: 0
  26: 0
  27: 0
  28: 0
  29: 0
  30: 0
  31: 0
  32: 0
  33: 0
  34: 0
  35: 0
  36: 0
  37: 0
  38: 0
  39: 0
  40: 0
  41: 0
  42: 0
  43: 0
  44: 0
  45: 0
  46: 0
  47: 0
  48: 0
  49: 0
  50: 0
  51: 0
  52: 0
  53: 0
  54: 0
  55: 0
  56: 0
  57: 0
  58: 0
  59: 0
  60: 0
  61: 0
  62: 0
  63: 0
===
