# zsim stats
===
root: # Stats
 contention: # Contention simulation stats
  domain-0: # Domain stats
   time: 231154598 # Weave simulation time
 time: # Simulator time breakdown
  init: 2799295487181
  bound: 10294919111
  weave: 297927699
  ff: 0
 trigger: 20000 # Reason for this stats dump
 phase: 6456 # Simulated phases
 westmere: # Core stats
  westmere-0: # Core stats
   cycles: 64560684 # Simulated unhalted cycles
   cCycles: 5907198 # Cycles due to contention stalls
   instrs: 100009083 # Simulated instructions
   uops: 142681200 # Retired micro-ops
   bbls: 4785904 # Basic blocks
   approxInstrs: 432 # Instrs with approx uop decoding
   mispredBranches: 23095 # Mispredicted branches
   condBranches: 4718593 # conditional branches
 l1i: # Cache stats
  l1i-0: # Filter cache stats
   fhGETS: 9440874 # Filtered GETS hits
   fhGETX: 0 # Filtered GETX hits
   hGETS: 20757 # GETS hits
   hGETX: 0 # GETX hits
   mGETS: 1890 # GETS misses
   mGETXIM: 0 # GETX I->M misses
   mGETXSM: 0 # GETX S->M misses (upgrade misses)
   PUTS: 0 # Clean evictions (from lower level)
   PUTX: 0 # Dirty evictions (from lower level)
   INV: 0 # Invalidates (from upper level)
   INVX: 0 # Downgrades (from upper level)
   FWD: 0 # Forwards (from upper level)
   latGETnl: 108276 # GET request latency on next level
   latGETnet: 0 # GET request latency on network to next level
 l1d: # Cache stats
  l1d-0: # Filter cache stats
   fhGETS: 27555396 # Filtered GETS hits
   fhGETX: 9109431 # Filtered GETX hits
   hGETS: 15286698 # GETS hits
   hGETX: 5945259 # GETX hits
   mGETS: 234855 # GETS misses
   mGETXIM: 291805 # GETX I->M misses
   mGETXSM: 0 # GETX S->M misses (upgrade misses)
   PUTS: 0 # Clean evictions (from lower level)
   PUTX: 0 # Dirty evictions (from lower level)
   INV: 0 # Invalidates (from upper level)
   INVX: 0 # Downgrades (from upper level)
   FWD: 0 # Forwards (from upper level)
   latGETnl: 26581324 # GET request latency on next level
   latGETnet: 0 # GET request latency on network to next level
 l2: # Cache stats
  l2-0: # Cache stats
   hGETS: 207391 # GETS hits
   hGETX: 1429 # GETX hits
   mGETS: 29354 # GETS misses
   mGETXIM: 290376 # GETX I->M misses
   mGETXSM: 0 # GETX S->M misses (upgrade misses)
   PUTS: 235041 # Clean evictions (from lower level)
   PUTX: 292561 # Dirty evictions (from lower level)
   INV: 0 # Invalidates (from upper level)
   INVX: 0 # Downgrades (from upper level)
   FWD: 0 # Forwards (from upper level)
   latGETnl: 21404100 # GET request latency on next level
   latGETnet: 0 # GET request latency on network to next level
 l3: # Cache stats
  l3-0: # Cache stats
   hGETS: 24016 # GETS hits
   hGETX: 143152 # GETX hits
   mGETS: 5338 # GETS misses
   mGETXIM: 147224 # GETX I->M misses
   mGETXSM: 0 # GETX S->M misses (upgrade misses)
   PUTS: 27074 # Clean evictions (from lower level)
   PUTX: 288560 # Dirty evictions (from lower level)
   INV: 0 # Invalidates (from upper level)
   INVX: 0 # Downgrades (from upper level)
   FWD: 0 # Forwards (from upper level)
   latGETnl: 13730580 # GET request latency on next level
   latGETnet: 0 # GET request latency on network to next level
 mem: # Memory controller stats
  mem-0: # Memory controller stats
   rd: 38124 # Read requests
   wr: 29219 # Write requests
   rdlat: 5861175 # Total latency experienced by read requests
   wrlat: 4406525 # Total latency experienced by write requests
   rdhits: 6 # Read row hits
   wrhits: 44 # Write row hits
   mlh: # latency histogram for memory requests
    0: 0
    1: 0
    2: 0
    3: 0
    4: 0
    5: 0
    6: 0
    7: 0
    8: 0
    9: 0
    10: 0
    11: 2
    12: 1
    13: 28694
    14: 2296
    15: 27
    16: 22
    17: 19
    18: 15
    19: 15
    20: 16
    21: 12
    22: 66
    23: 6330
    24: 23
    25: 62
    26: 39
    27: 32
    28: 27
    29: 15
    30: 24
    31: 23
    32: 18
    33: 18
    34: 21
    35: 25
    36: 38
    37: 19
    38: 22
    39: 18
    40: 18
    41: 27
    42: 18
    43: 12
    44: 8
    45: 6
    46: 5
    47: 46
    48: 16
    49: 7
    50: 6
    51: 7
    52: 5
    53: 4
    54: 0
    55: 0
    56: 0
    57: 0
    58: 0
    59: 0
    60: 0
    61: 0
    62: 0
    63: 0
    64: 0
    65: 0
    66: 0
    67: 0
    68: 0
    69: 0
    70: 0
    71: 0
    72: 0
    73: 0
    74: 0
    75: 0
    76: 0
    77: 0
    78: 0
    79: 0
    80: 0
    81: 0
    82: 0
    83: 0
    84: 0
    85: 0
    86: 0
    87: 0
    88: 0
    89: 0
    90: 0
    91: 0
    92: 0
    93: 0
    94: 0
    95: 0
    96: 0
    97: 0
    98: 0
    99: 0
  mem-1: # Memory controller stats
   rd: 38109 # Read requests
   wr: 29199 # Write requests
   rdlat: 5834780 # Total latency experienced by read requests
   wrlat: 4398422 # Total latency experienced by write requests
   rdhits: 3 # Read row hits
   wrhits: 56 # Write row hits
   mlh: # latency histogram for memory requests
    0: 0
    1: 0
    2: 0
    3: 0
    4: 0
    5: 0
    6: 0
    7: 0
    8: 0
    9: 0
    10: 0
    11: 1
    12: 0
    13: 28825
    14: 2297
    15: 20
    16: 14
    17: 9
    18: 6
    19: 12
    20: 9
    21: 11
    22: 58
    23: 6355
    24: 7
    25: 55
    26: 29
    27: 25
    28: 13
    29: 25
    30: 23
    31: 15
    32: 16
    33: 12
    34: 13
    35: 25
    36: 19
    37: 17
    38: 21
    39: 30
    40: 20
    41: 15
    42: 15
    43: 8
    44: 6
    45: 5
    46: 3
    47: 38
    48: 10
    49: 11
    50: 5
    51: 6
    52: 3
    53: 2
    54: 0
    55: 0
    56: 0
    57: 0
    58: 0
    59: 0
    60: 0
    61: 0
    62: 0
    63: 0
    64: 0
    65: 0
    66: 0
    67: 0
    68: 0
    69: 0
    70: 0
    71: 0
    72: 0
    73: 0
    74: 0
    75: 0
    76: 0
    77: 0
    78: 0
    79: 0
    80: 0
    81: 0
    82: 0
    83: 0
    84: 0
    85: 0
    86: 0
    87: 0
    88: 0
    89: 0
    90: 0
    91: 0
    92: 0
    93: 0
    94: 0
    95: 0
    96: 0
    97: 0
    98: 0
    99: 0
  mem-2: # Memory controller stats
   rd: 38166 # Read requests
   wr: 29256 # Write requests
   rdlat: 5861649 # Total latency experienced by read requests
   wrlat: 4414986 # Total latency experienced by write requests
   rdhits: 3 # Read row hits
   wrhits: 39 # Write row hits
   mlh: # latency histogram for memory requests
    0: 0
    1: 0
    2: 0
    3: 0
    4: 0
    5: 0
    6: 0
    7: 0
    8: 0
    9: 0
    10: 0
    11: 0
    12: 0
    13: 28747
    14: 2301
    15: 29
    16: 18
    17: 10
    18: 12
    19: 24
    20: 17
    21: 8
    22: 74
    23: 6381
    24: 13
    25: 51
    26: 26
    27: 25
    28: 16
    29: 23
    30: 20
    31: 27
    32: 22
    33: 21
    34: 16
    35: 20
    36: 17
    37: 15
    38: 24
    39: 22
    40: 24
    41: 27
    42: 25
    43: 19
    44: 5
    45: 2
    46: 7
    47: 34
    48: 10
    49: 6
    50: 7
    51: 8
    52: 7
    53: 6
    54: 0
    55: 0
    56: 0
    57: 0
    58: 0
    59: 0
    60: 0
    61: 0
    62: 0
    63: 0
    64: 0
    65: 0
    66: 0
    67: 0
    68: 0
    69: 0
    70: 0
    71: 0
    72: 0
    73: 0
    74: 0
    75: 0
    76: 0
    77: 0
    78: 0
    79: 0
    80: 0
    81: 0
    82: 0
    83: 0
    84: 0
    85: 0
    86: 0
    87: 0
    88: 0
    89: 0
    90: 0
    91: 0
    92: 0
    93: 0
    94: 0
    95: 0
    96: 0
    97: 0
    98: 0
    99: 0
  mem-3: # Memory controller stats
   rd: 38161 # Read requests
   wr: 29281 # Write requests
   rdlat: 5856544 # Total latency experienced by read requests
   wrlat: 4419772 # Total latency experienced by write requests
   rdhits: 3 # Read row hits
   wrhits: 55 # Write row hits
   mlh: # latency histogram for memory requests
    0: 0
    1: 0
    2: 0
    3: 0
    4: 0
    5: 0
    6: 0
    7: 0
    8: 0
    9: 0
    10: 0
    11: 0
    12: 1
    13: 28809
    14: 2311
    15: 26
    16: 18
    17: 11
    18: 17
    19: 18
    20: 20
    21: 19
    22: 62
    23: 6294
    24: 10
    25: 58
    26: 23
    27: 22
    28: 28
    29: 16
    30: 19
    31: 23
    32: 19
    33: 20
    34: 16
    35: 21
    36: 18
    37: 12
    38: 21
    39: 22
    40: 25
    41: 25
    42: 23
    43: 18
    44: 8
    45: 2
    46: 9
    47: 44
    48: 8
    49: 9
    50: 10
    51: 8
    52: 12
    53: 6
    54: 0
    55: 0
    56: 0
    57: 0
    58: 0
    59: 0
    60: 0
    61: 0
    62: 0
    63: 0
    64: 0
    65: 0
    66: 0
    67: 0
    68: 0
    69: 0
    70: 0
    71: 0
    72: 0
    73: 0
    74: 0
    75: 0
    76: 0
    77: 0
    78: 0
    79: 0
    80: 0
    81: 0
    82: 0
    83: 0
    84: 0
    85: 0
    86: 0
    87: 0
    88: 0
    89: 0
    90: 0
    91: 0
    92: 0
    93: 0
    94: 0
    95: 0
    96: 0
    97: 0
    98: 0
    99: 0
 sched: # Scheduler stats
  thCr: 1 # Threads created
  thFn: 1 # Threads finished
  schedEvs: 1 # Schedule events
  waitEvs: 0 # Wait events
  handoffEvs: 0 # Handoff events
  sleepEvs: 0 # Sleep events
  idlePhases: 0 # Phases with no thread active
  idlePeriods: 0 # Periods with no thread active
  occHist: # Occupancy histogram
   0: 0
   1: 6456
  rqSzHist: # Run queue size histogram
   0: 6456
   1: 0
   2: 0
   3: 0
   4: 0
   5: 0
   6: 0
   7: 0
   8: 0
   9: 0
   10: 0
   11: 0
   12: 0
   13: 0
   14: 0
   15: 0
   16: 0
 procCycles: # Per-process unhalted core cycles
  0: 64560684
  1: 0
  2: 0
  3: 0
  4: 0
  5: 0
  6: 0
  7: 0
  8: 0
  9: 0
  10: 0
  11: 0
  12: 0
  13: 0
  14: 0
  15: 0
  16: 0
  17: 0
  18: 0
  19: 0
  20: 0
  21: 0
  22: 0
  23: 0
  24: 0
  25: 0
  26: 0
  27: 0
  28: 0
  29: 0
  30: 0
  31: 0
  32: 0
  33: 0
  34: 0
  35: 0
  36: 0
  37: 0
  38: 0
  39: 0
  40: 0
  41: 0
  42: 0
  43: 0
  44: 0
  45: 0
  46: 0
  47: 0
  48: 0
  49: 0
  50: 0
  51: 0
  52: 0
  53: 0
  54: 0
  55: 0
  56: 0
  57: 0
  58: 0
  59: 0
  60: 0
  61: 0
  62: 0
  63: 0
 procInstrs: # Per-process instructions
  0: 100009083
  1: 0
  2: 0
  3: 0
  4: 0
  5: 0
  6: 0
  7: 0
  8: 0
  9: 0
  10: 0
  11: 0
  12: 0
  13: 0
  14: 0
  15: 0
  16: 0
  17: 0
  18: 0
  19: 0
  20: 0
  21: 0
  22: 0
  23: 0
  24: 0
  25: 0
  26: 0
  27: 0
  28: 0
  29: 0
  30: 0
  31: 0
  32: 0
  33: 0
  34: 0
  35: 0
  36: 0
  37: 0
  38: 0
  39: 0
  40: 0
  41: 0
  42: 0
  43: 0
  44: 0
  45: 0
  46: 0
  47: 0
  48: 0
  49: 0
  50: 0
  51: 0
  52: 0
  53: 0
  54: 0
  55: 0
  56: 0
  57: 0
  58: 0
  59: 0
  60: 0
  61: 0
  62: 0
  63: 0
 heartbeats: # Per-process heartbeats
  0: 0
  1: 0
  2: 0
  3: 0
  4: 0
  5: 0
  6: 0
  7: 0
  8: 0
  9: 0
  10: 0
  11: 0
  12: 0
  13: 0
  14: 0
  15: 0
  16: 0
  17: 0
  18: 0
  19: 0
  20: 0
  21: 0
  22: 0
  23: 0
  24: 0
  25: 0
  26: 0
  27: 0
  28: 0
  29: 0
  30: 0
  31: 0
  32: 0
  33: 0
  34: 0
  35: 0
  36: 0
  37: 0
  38: 0
  39: 0
  40: 0
  41: 0
  42: 0
  43: 0
  44: 0
  45: 0
  46: 0
  47: 0
  48: 0
  49: 0
  50: 0
  51: 0
  52: 0
  53: 0
  54: 0
  55: 0
  56: 0
  57: 0
  58: 0
  59: 0
  60: 0
  61: 0
  62: 0
  63: 0
===
