# zsim stats
===
root: # Stats
 contention: # Contention simulation stats
  domain-0: # Domain stats
   time: 217165895 # Weave simulation time
 time: # Simulator time breakdown
  init: 2783454308975
  bound: 9288054659
  weave: 285636105
  ff: 0
 trigger: 20000 # Reason for this stats dump
 phase: 6405 # Simulated phases
 westmere: # Core stats
  westmere-0: # Core stats
   cycles: 64050185 # Simulated unhalted cycles
   cCycles: 3228981 # Cycles due to contention stalls
   instrs: 100015190 # Simulated instructions
   uops: 114232860 # Retired micro-ops
   bbls: 31383757 # Basic blocks
   approxInstrs: 258589 # Instrs with approx uop decoding
   mispredBranches: 197842 # Mispredicted branches
   condBranches: 25019898 # conditional branches
 l1i: # Cache stats
  l1i-0: # Filter cache stats
   fhGETS: 29767156 # Filtered GETS hits
   fhGETX: 0 # Filtered GETX hits
   hGETS: 2364313 # GETS hits
   hGETX: 0 # GETX hits
   mGETS: 317721 # GETS misses
   mGETXIM: 0 # GETX I->M misses
   mGETXSM: 0 # GETX S->M misses (upgrade misses)
   PUTS: 0 # Clean evictions (from lower level)
   PUTX: 0 # Dirty evictions (from lower level)
   INV: 18 # Invalidates (from upper level)
   INVX: 0 # Downgrades (from upper level)
   FWD: 0 # Forwards (from upper level)
   latGETnl: 4050642 # GET request latency on next level
   latGETnet: 0 # GET request latency on network to next level
 l1d: # Cache stats
  l1d-0: # Filter cache stats
   fhGETS: 25869241 # Filtered GETS hits
   fhGETX: 7642029 # Filtered GETX hits
   hGETS: 4066451 # GETS hits
   hGETX: 1131501 # GETX hits
   mGETS: 1166325 # GETS misses
   mGETXIM: 167771 # GETX I->M misses
   mGETXSM: 0 # GETX S->M misses (upgrade misses)
   PUTS: 0 # Clean evictions (from lower level)
   PUTX: 0 # Dirty evictions (from lower level)
   INV: 0 # Invalidates (from upper level)
   INVX: 0 # Downgrades (from upper level)
   FWD: 0 # Forwards (from upper level)
   latGETnl: 34706678 # GET request latency on next level
   latGETnet: 0 # GET request latency on network to next level
 l2: # Cache stats
  l2-0: # Cache stats
   hGETS: 1299961 # GETS hits
   hGETX: 19731 # GETX hits
   mGETS: 184085 # GETS misses
   mGETXIM: 148040 # GETX I->M misses
   mGETXSM: 0 # GETX S->M misses (upgrade misses)
   PUTS: 1346152 # Clean evictions (from lower level)
   PUTX: 304623 # Dirty evictions (from lower level)
   INV: 0 # Invalidates (from upper level)
   INVX: 0 # Downgrades (from upper level)
   FWD: 0 # Forwards (from upper level)
   latGETnl: 22239150 # GET request latency on next level
   latGETnet: 0 # GET request latency on network to next level
 l3: # Cache stats
  l3-0: # Cache stats
   hGETS: 117656 # GETS hits
   hGETX: 55934 # GETX hits
   mGETS: 66429 # GETS misses
   mGETXIM: 92106 # GETX I->M misses
   mGETXSM: 0 # GETX S->M misses (upgrade misses)
   PUTS: 86830 # Clean evictions (from lower level)
   PUTX: 241199 # Dirty evictions (from lower level)
   INV: 0 # Invalidates (from upper level)
   INVX: 0 # Downgrades (from upper level)
   FWD: 0 # Forwards (from upper level)
   latGETnl: 14268150 # GET request latency on next level
   latGETnet: 0 # GET request latency on network to next level
 mem: # Memory controller stats
  mem-0: # Memory controller stats
   rd: 39781 # Read requests
   wr: 25430 # Write requests
   rdlat: 5364492 # Total latency experienced by read requests
   wrlat: 3931358 # Total latency experienced by write requests
   rdhits: 26 # Read row hits
   wrhits: 48 # Write row hits
   mlh: # latency histogram for memory requests
    0: 0
    1: 0
    2: 0
    3: 0
    4: 0
    5: 0
    6: 0
    7: 0
    8: 0
    9: 0
    10: 0
    11: 4
    12: 4
    13: 37524
    14: 884
    15: 462
    16: 320
    17: 21
    18: 11
    19: 22
    20: 13
    21: 22
    22: 17
    23: 21
    24: 31
    25: 19
    26: 12
    27: 19
    28: 20
    29: 19
    30: 27
    31: 35
    32: 24
    33: 23
    34: 22
    35: 26
    36: 21
    37: 26
    38: 26
    39: 15
    40: 20
    41: 29
    42: 16
    43: 13
    44: 3
    45: 3
    46: 1
    47: 2
    48: 3
    49: 1
    50: 0
    51: 0
    52: 0
    53: 0
    54: 0
    55: 0
    56: 0
    57: 0
    58: 0
    59: 0
    60: 0
    61: 0
    62: 0
    63: 0
    64: 0
    65: 0
    66: 0
    67: 0
    68: 0
    69: 0
    70: 0
    71: 0
    72: 0
    73: 0
    74: 0
    75: 0
    76: 0
    77: 0
    78: 0
    79: 0
    80: 0
    81: 0
    82: 0
    83: 0
    84: 0
    85: 0
    86: 0
    87: 0
    88: 0
    89: 0
    90: 0
    91: 0
    92: 0
    93: 0
    94: 0
    95: 0
    96: 0
    97: 0
    98: 0
    99: 0
  mem-1: # Memory controller stats
   rd: 39441 # Read requests
   wr: 25494 # Write requests
   rdlat: 5312264 # Total latency experienced by read requests
   wrlat: 3950071 # Total latency experienced by write requests
   rdhits: 37 # Read row hits
   wrhits: 40 # Write row hits
   mlh: # latency histogram for memory requests
    0: 0
    1: 0
    2: 0
    3: 0
    4: 0
    5: 0
    6: 0
    7: 0
    8: 0
    9: 0
    10: 0
    11: 0
    12: 7
    13: 37380
    14: 632
    15: 528
    16: 312
    17: 34
    18: 19
    19: 20
    20: 22
    21: 15
    22: 13
    23: 28
    24: 28
    25: 31
    26: 22
    27: 14
    28: 23
    29: 20
    30: 22
    31: 22
    32: 22
    33: 18
    34: 18
    35: 21
    36: 28
    37: 24
    38: 19
    39: 22
    40: 19
    41: 19
    42: 16
    43: 8
    44: 2
    45: 5
    46: 4
    47: 1
    48: 1
    49: 0
    50: 0
    51: 0
    52: 0
    53: 1
    54: 1
    55: 0
    56: 0
    57: 0
    58: 0
    59: 0
    60: 0
    61: 0
    62: 0
    63: 0
    64: 0
    65: 0
    66: 0
    67: 0
    68: 0
    69: 0
    70: 0
    71: 0
    72: 0
    73: 0
    74: 0
    75: 0
    76: 0
    77: 0
    78: 0
    79: 0
    80: 0
    81: 0
    82: 0
    83: 0
    84: 0
    85: 0
    86: 0
    87: 0
    88: 0
    89: 0
    90: 0
    91: 0
    92: 0
    93: 0
    94: 0
    95: 0
    96: 0
    97: 0
    98: 0
    99: 0
  mem-2: # Memory controller stats
   rd: 39768 # Read requests
   wr: 25656 # Write requests
   rdlat: 5362577 # Total latency experienced by read requests
   wrlat: 3966051 # Total latency experienced by write requests
   rdhits: 35 # Read row hits
   wrhits: 41 # Write row hits
   mlh: # latency histogram for memory requests
    0: 0
    1: 0
    2: 0
    3: 0
    4: 0
    5: 0
    6: 0
    7: 0
    8: 0
    9: 0
    10: 0
    11: 6
    12: 6
    13: 37486
    14: 870
    15: 501
    16: 308
    17: 19
    18: 26
    19: 22
    20: 10
    21: 17
    22: 22
    23: 32
    24: 29
    25: 19
    26: 10
    27: 21
    28: 17
    29: 22
    30: 27
    31: 21
    32: 29
    33: 16
    34: 28
    35: 22
    36: 18
    37: 31
    38: 20
    39: 20
    40: 25
    41: 16
    42: 25
    43: 7
    44: 8
    45: 6
    46: 3
    47: 1
    48: 1
    49: 0
    50: 0
    51: 0
    52: 0
    53: 0
    54: 1
    55: 0
    56: 0
    57: 0
    58: 0
    59: 0
    60: 0
    61: 0
    62: 0
    63: 0
    64: 0
    65: 0
    66: 0
    67: 0
    68: 0
    69: 0
    70: 0
    71: 0
    72: 0
    73: 0
    74: 0
    75: 0
    76: 0
    77: 0
    78: 0
    79: 0
    80: 0
    81: 0
    82: 0
    83: 0
    84: 0
    85: 0
    86: 0
    87: 0
    88: 0
    89: 0
    90: 0
    91: 0
    92: 0
    93: 0
    94: 0
    95: 0
    96: 0
    97: 0
    98: 0
    99: 0
  mem-3: # Memory controller stats
   rd: 39545 # Read requests
   wr: 25528 # Write requests
   rdlat: 5323715 # Total latency experienced by read requests
   wrlat: 3953513 # Total latency experienced by write requests
   rdhits: 26 # Read row hits
   wrhits: 37 # Write row hits
   mlh: # latency histogram for memory requests
    0: 0
    1: 0
    2: 0
    3: 0
    4: 0
    5: 0
    6: 0
    7: 0
    8: 0
    9: 0
    10: 0
    11: 0
    12: 5
    13: 37579
    14: 645
    15: 448
    16: 281
    17: 28
    18: 25
    19: 24
    20: 23
    21: 18
    22: 19
    23: 12
    24: 35
    25: 37
    26: 11
    27: 18
    28: 12
    29: 14
    30: 21
    31: 26
    32: 25
    33: 19
    34: 23
    35: 22
    36: 32
    37: 18
    38: 24
    39: 29
    40: 19
    41: 22
    42: 15
    43: 6
    44: 4
    45: 3
    46: 0
    47: 2
    48: 0
    49: 0
    50: 0
    51: 1
    52: 0
    53: 0
    54: 0
    55: 0
    56: 0
    57: 0
    58: 0
    59: 0
    60: 0
    61: 0
    62: 0
    63: 0
    64: 0
    65: 0
    66: 0
    67: 0
    68: 0
    69: 0
    70: 0
    71: 0
    72: 0
    73: 0
    74: 0
    75: 0
    76: 0
    77: 0
    78: 0
    79: 0
    80: 0
    81: 0
    82: 0
    83: 0
    84: 0
    85: 0
    86: 0
    87: 0
    88: 0
    89: 0
    90: 0
    91: 0
    92: 0
    93: 0
    94: 0
    95: 0
    96: 0
    97: 0
    98: 0
    99: 0
 sched: # Scheduler stats
  thCr: 1 # Threads created
  thFn: 1 # Threads finished
  schedEvs: 1 # Schedule events
  waitEvs: 0 # Wait events
  handoffEvs: 0 # Handoff events
  sleepEvs: 0 # Sleep events
  idlePhases: 0 # Phases with no thread active
  idlePeriods: 0 # Periods with no thread active
  occHist: # Occupancy histogram
   0: 0
   1: 6405
  rqSzHist: # Run queue size histogram
   0: 6405
   1: 0
   2: 0
   3: 0
   4: 0
   5: 0
   6: 0
   7: 0
   8: 0
   9: 0
   10: 0
   11: 0
   12: 0
   13: 0
   14: 0
   15: 0
   16: 0
 procCycles: # Per-process unhalted core cycles
  0: 64050185
  1: 0
  2: 0
  3: 0
  4: 0
  5: 0
  6: 0
  7: 0
  8: 0
  9: 0
  10: 0
  11: 0
  12: 0
  13: 0
  14: 0
  15: 0
  16: 0
  17: 0
  18: 0
  19: 0
  20: 0
  21: 0
  22: 0
  23: 0
  24: 0
  25: 0
  26: 0
  27: 0
  28: 0
  29: 0
  30: 0
  31: 0
  32: 0
  33: 0
  34: 0
  35: 0
  36: 0
  37: 0
  38: 0
  39: 0
  40: 0
  41: 0
  42: 0
  43: 0
  44: 0
  45: 0
  46: 0
  47: 0
  48: 0
  49: 0
  50: 0
  51: 0
  52: 0
  53: 0
  54: 0
  55: 0
  56: 0
  57: 0
  58: 0
  59: 0
  60: 0
  61: 0
  62: 0
  63: 0
 procInstrs: # Per-process instructions
  0: 100015190
  1: 0
  2: 0
  3: 0
  4: 0
  5: 0
  6: 0
  7: 0
  8: 0
  9: 0
  10: 0
  11: 0
  12: 0
  13: 0
  14: 0
  15: 0
  16: 0
  17: 0
  18: 0
  19: 0
  20: 0
  21: 0
  22: 0
  23: 0
  24: 0
  25: 0
  26: 0
  27: 0
  28: 0
  29: 0
  30: 0
  31: 0
  32: 0
  33: 0
  34: 0
  35: 0
  36: 0
  37: 0
  38: 0
  39: 0
  40: 0
  41: 0
  42: 0
  43: 0
  44: 0
  45: 0
  46: 0
  47: 0
  48: 0
  49: 0
  50: 0
  51: 0
  52: 0
  53: 0
  54: 0
  55: 0
  56: 0
  57: 0
  58: 0
  59: 0
  60: 0
  61: 0
  62: 0
  63: 0
 heartbeats: # Per-process heartbeats
  0: 0
  1: 0
  2: 0
  3: 0
  4: 0
  5: 0
  6: 0
  7: 0
  8: 0
  9: 0
  10: 0
  11: 0
  12: 0
  13: 0
  14: 0
  15: 0
  16: 0
  17: 0
  18: 0
  19: 0
  20: 0
  21: 0
  22: 0
  23: 0
  24: 0
  25: 0
  26: 0
  27: 0
  28: 0
  29: 0
  30: 0
  31: 0
  32: 0
  33: 0
  34: 0
  35: 0
  36: 0
  37: 0
  38: 0
  39: 0
  40: 0
  41: 0
  42: 0
  43: 0
  44: 0
  45: 0
  46: 0
  47: 0
  48: 0
  49: 0
  50: 0
  51: 0
  52: 0
  53: 0
  54: 0
  55: 0
  56: 0
  57: 0
  58: 0
  59: 0
  60: 0
  61: 0
  62: 0
  63: 0
===
