# zsim stats
===
root: # Stats
 contention: # Contention simulation stats
  domain-0: # Domain stats
   time: 158028924 # Weave simulation time
 time: # Simulator time breakdown
  init: 8207504565910
  bound: 8226490535
  weave: 679639345
  ff: 0
 trigger: 20000 # Reason for this stats dump
 phase: 6332 # Simulated phases
 westmere: # Core stats
  westmere-0: # Core stats
   cycles: 63320334 # Simulated unhalted cycles
   cCycles: 4275277 # Cycles due to contention stalls
   instrs: 100013190 # Simulated instructions
   uops: 142687126 # Retired micro-ops
   bbls: 4786144 # Basic blocks
   approxInstrs: 434 # Instrs with approx uop decoding
   mispredBranches: 23143 # Mispredicted branches
   condBranches: 4718803 # conditional branches
 l1i: # Cache stats
  l1i-0: # Filter cache stats
   fhGETS: 9441050 # Filtered GETS hits
   fhGETX: 0 # Filtered GETX hits
   hGETS: 20088 # GETS hits
   hGETX: 0 # GETX hits
   mGETS: 2419 # GETS misses
   mGETXIM: 0 # GETX I->M misses
   mGETXSM: 0 # GETX S->M misses (upgrade misses)
   PUTS: 0 # Clean evictions (from lower level)
   PUTX: 0 # Dirty evictions (from lower level)
   INV: 736 # Invalidates (from upper level)
   INVX: 0 # Downgrades (from upper level)
   FWD: 0 # Forwards (from upper level)
   latGETnl: 186352 # GET request latency on next level
   latGETnet: 0 # GET request latency on network to next level
 l1d: # Cache stats
  l1d-0: # Filter cache stats
   fhGETS: 27655551 # Filtered GETS hits
   fhGETX: 9106232 # Filtered GETX hits
   hGETS: 15192804 # GETS hits
   hGETX: 5949156 # GETX hits
   mGETS: 230321 # GETS misses
   mGETXIM: 291844 # GETX I->M misses
   mGETXSM: 0 # GETX S->M misses (upgrade misses)
   PUTS: 0 # Clean evictions (from lower level)
   PUTX: 0 # Dirty evictions (from lower level)
   INV: 1369 # Invalidates (from upper level)
   INVX: 0 # Downgrades (from upper level)
   FWD: 0 # Forwards (from upper level)
   latGETnl: 26286066 # GET request latency on next level
   latGETnet: 0 # GET request latency on network to next level
 l2: # Cache stats
  l2-0: # Cache stats
   hGETS: 199788 # GETS hits
   hGETX: 1539 # GETX hits
   mGETS: 32952 # GETS misses
   mGETXIM: 290305 # GETX I->M misses
   mGETXSM: 0 # GETX S->M misses (upgrade misses)
   PUTS: 229029 # Clean evictions (from lower level)
   PUTX: 292540 # Dirty evictions (from lower level)
   INV: 5120 # Invalidates (from upper level)
   INVX: 0 # Downgrades (from upper level)
   FWD: 0 # Forwards (from upper level)
   latGETnl: 21226578 # GET request latency on next level
   latGETnet: 0 # GET request latency on network to next level
 l3: # Cache stats
  l3-0: # Cache stats
   hGETS: 23392 # GETS hits
   hGETX: 150216 # GETX hits
   mGETS: 9560 # GETS misses
   mGETXIM: 140089 # GETX I->M misses
   mGETXSM: 0 # GETX S->M misses (upgrade misses)
   PUTS: 26134 # Clean evictions (from lower level)
   PUTX: 287907 # Dirty evictions (from lower level)
   INV: 0 # Invalidates (from upper level)
   INVX: 0 # Downgrades (from upper level)
   FWD: 0 # Forwards (from upper level)
   latGETnl: 13468410 # GET request latency on next level
   latGETnet: 0 # GET request latency on network to next level
 mem: # Memory controller stats
  mem-0: # Memory controller stats
   rd: 37391 # Read requests
   wr: 27439 # Write requests
   rdlat: 5309508 # Total latency experienced by read requests
   wrlat: 3920447 # Total latency experienced by write requests
   rdhits: 3 # Read row hits
   wrhits: 61 # Write row hits
   mlh: # latency histogram for memory requests
    0: 0
    1: 0
    2: 0
    3: 0
    4: 0
    5: 0
    6: 0
    7: 0
    8: 0
    9: 0
    10: 0
    11: 0
    12: 2
    13: 30214
    14: 4675
    15: 54
    16: 58
    17: 15
    18: 14
    19: 15
    20: 13
    21: 30
    22: 36
    23: 1790
    24: 24
    25: 35
    26: 19
    27: 23
    28: 33
    29: 19
    30: 14
    31: 18
    32: 25
    33: 17
    34: 20
    35: 21
    36: 19
    37: 8
    38: 19
    39: 19
    40: 23
    41: 24
    42: 31
    43: 16
    44: 2
    45: 2
    46: 0
    47: 26
    48: 6
    49: 1
    50: 2
    51: 3
    52: 4
    53: 2
    54: 0
    55: 0
    56: 0
    57: 0
    58: 0
    59: 0
    60: 0
    61: 0
    62: 0
    63: 0
    64: 0
    65: 0
    66: 0
    67: 0
    68: 0
    69: 0
    70: 0
    71: 0
    72: 0
    73: 0
    74: 0
    75: 0
    76: 0
    77: 0
    78: 0
    79: 0
    80: 0
    81: 0
    82: 0
    83: 0
    84: 0
    85: 0
    86: 0
    87: 0
    88: 0
    89: 0
    90: 0
    91: 0
    92: 0
    93: 0
    94: 0
    95: 0
    96: 0
    97: 0
    98: 0
    99: 0
  mem-1: # Memory controller stats
   rd: 37434 # Read requests
   wr: 27450 # Write requests
   rdlat: 5322856 # Total latency experienced by read requests
   wrlat: 3925157 # Total latency experienced by write requests
   rdhits: 4 # Read row hits
   wrhits: 74 # Write row hits
   mlh: # latency histogram for memory requests
    0: 0
    1: 0
    2: 0
    3: 0
    4: 0
    5: 0
    6: 0
    7: 0
    8: 0
    9: 0
    10: 0
    11: 0
    12: 1
    13: 30254
    14: 4644
    15: 59
    16: 61
    17: 21
    18: 22
    19: 24
    20: 18
    21: 17
    22: 33
    23: 1759
    24: 13
    25: 32
    26: 32
    27: 44
    28: 27
    29: 17
    30: 25
    31: 23
    32: 21
    33: 12
    34: 12
    35: 36
    36: 29
    37: 25
    38: 20
    39: 15
    40: 12
    41: 17
    42: 16
    43: 19
    44: 2
    45: 2
    46: 3
    47: 40
    48: 11
    49: 4
    50: 3
    51: 2
    52: 4
    53: 3
    54: 0
    55: 0
    56: 0
    57: 0
    58: 0
    59: 0
    60: 0
    61: 0
    62: 0
    63: 0
    64: 0
    65: 0
    66: 0
    67: 0
    68: 0
    69: 0
    70: 0
    71: 0
    72: 0
    73: 0
    74: 0
    75: 0
    76: 0
    77: 0
    78: 0
    79: 0
    80: 0
    81: 0
    82: 0
    83: 0
    84: 0
    85: 0
    86: 0
    87: 0
    88: 0
    89: 0
    90: 0
    91: 0
    92: 0
    93: 0
    94: 0
    95: 0
    96: 0
    97: 0
    98: 0
    99: 0
  mem-2: # Memory controller stats
   rd: 37459 # Read requests
   wr: 27469 # Write requests
   rdlat: 5312547 # Total latency experienced by read requests
   wrlat: 3924516 # Total latency experienced by write requests
   rdhits: 3 # Read row hits
   wrhits: 79 # Write row hits
   mlh: # latency histogram for memory requests
    0: 0
    1: 0
    2: 0
    3: 0
    4: 0
    5: 0
    6: 0
    7: 0
    8: 0
    9: 0
    10: 0
    11: 0
    12: 0
    13: 30276
    14: 4691
    15: 46
    16: 70
    17: 25
    18: 21
    19: 15
    20: 20
    21: 15
    22: 22
    23: 1789
    24: 17
    25: 31
    26: 20
    27: 41
    28: 31
    29: 27
    30: 27
    31: 19
    32: 17
    33: 18
    34: 20
    35: 17
    36: 19
    37: 25
    38: 18
    39: 18
    40: 22
    41: 20
    42: 15
    43: 8
    44: 1
    45: 2
    46: 0
    47: 22
    48: 4
    49: 1
    50: 2
    51: 3
    52: 2
    53: 2
    54: 0
    55: 0
    56: 0
    57: 0
    58: 0
    59: 0
    60: 0
    61: 0
    62: 0
    63: 0
    64: 0
    65: 0
    66: 0
    67: 0
    68: 0
    69: 0
    70: 0
    71: 0
    72: 0
    73: 0
    74: 0
    75: 0
    76: 0
    77: 0
    78: 0
    79: 0
    80: 0
    81: 0
    82: 0
    83: 0
    84: 0
    85: 0
    86: 0
    87: 0
    88: 0
    89: 0
    90: 0
    91: 0
    92: 0
    93: 0
    94: 0
    95: 0
    96: 0
    97: 0
    98: 0
    99: 0
  mem-3: # Memory controller stats
   rd: 37365 # Read requests
   wr: 27489 # Write requests
   rdlat: 5291072 # Total latency experienced by read requests
   wrlat: 3926260 # Total latency experienced by write requests
   rdhits: 5 # Read row hits
   wrhits: 81 # Write row hits
   mlh: # latency histogram for memory requests
    0: 0
    1: 0
    2: 0
    3: 0
    4: 0
    5: 0
    6: 0
    7: 0
    8: 0
    9: 0
    10: 0
    11: 0
    12: 2
    13: 30287
    14: 4652
    15: 50
    16: 48
    17: 10
    18: 10
    19: 18
    20: 10
    21: 19
    22: 24
    23: 1808
    24: 22
    25: 37
    26: 27
    27: 30
    28: 17
    29: 16
    30: 9
    31: 10
    32: 21
    33: 29
    34: 27
    35: 20
    36: 18
    37: 16
    38: 10
    39: 10
    40: 18
    41: 25
    42: 17
    43: 11
    44: 3
    45: 1
    46: 0
    47: 22
    48: 3
    49: 2
    50: 1
    51: 2
    52: 1
    53: 2
    54: 0
    55: 0
    56: 0
    57: 0
    58: 0
    59: 0
    60: 0
    61: 0
    62: 0
    63: 0
    64: 0
    65: 0
    66: 0
    67: 0
    68: 0
    69: 0
    70: 0
    71: 0
    72: 0
    73: 0
    74: 0
    75: 0
    76: 0
    77: 0
    78: 0
    79: 0
    80: 0
    81: 0
    82: 0
    83: 0
    84: 0
    85: 0
    86: 0
    87: 0
    88: 0
    89: 0
    90: 0
    91: 0
    92: 0
    93: 0
    94: 0
    95: 0
    96: 0
    97: 0
    98: 0
    99: 0
 sched: # Scheduler stats
  thCr: 1 # Threads created
  thFn: 1 # Threads finished
  schedEvs: 1 # Schedule events
  waitEvs: 0 # Wait events
  handoffEvs: 0 # Handoff events
  sleepEvs: 0 # Sleep events
  idlePhases: 0 # Phases with no thread active
  idlePeriods: 0 # Periods with no thread active
  occHist: # Occupancy histogram
   0: 0
   1: 6332
  rqSzHist: # Run queue size histogram
   0: 6332
   1: 0
   2: 0
   3: 0
   4: 0
   5: 0
   6: 0
   7: 0
   8: 0
   9: 0
   10: 0
   11: 0
   12: 0
   13: 0
   14: 0
   15: 0
   16: 0
 procCycles: # Per-process unhalted core cycles
  0: 63320334
  1: 0
  2: 0
  3: 0
  4: 0
  5: 0
  6: 0
  7: 0
  8: 0
  9: 0
  10: 0
  11: 0
  12: 0
  13: 0
  14: 0
  15: 0
  16: 0
  17: 0
  18: 0
  19: 0
  20: 0
  21: 0
  22: 0
  23: 0
  24: 0
  25: 0
  26: 0
  27: 0
  28: 0
  29: 0
  30: 0
  31: 0
  32: 0
  33: 0
  34: 0
  35: 0
  36: 0
  37: 0
  38: 0
  39: 0
  40: 0
  41: 0
  42: 0
  43: 0
  44: 0
  45: 0
  46: 0
  47: 0
  48: 0
  49: 0
  50: 0
  51: 0
  52: 0
  53: 0
  54: 0
  55: 0
  56: 0
  57: 0
  58: 0
  59: 0
  60: 0
  61: 0
  62: 0
  63: 0
 procInstrs: # Per-process instructions
  0: 100013190
  1: 0
  2: 0
  3: 0
  4: 0
  5: 0
  6: 0
  7: 0
  8: 0
  9: 0
  10: 0
  11: 0
  12: 0
  13: 0
  14: 0
  15: 0
  16: 0
  17: 0
  18: 0
  19: 0
  20: 0
  21: 0
  22: 0
  23: 0
  24: 0
  25: 0
  26: 0
  27: 0
  28: 0
  29: 0
  30: 0
  31: 0
  32: 0
  33: 0
  34: 0
  35: 0
  36: 0
  37: 0
  38: 0
  39: 0
  40: 0
  41: 0
  42: 0
  43: 0
  44: 0
  45: 0
  46: 0
  47: 0
  48: 0
  49: 0
  50: 0
  51: 0
  52: 0
  53: 0
  54: 0
  55: 0
  56: 0
  57: 0
  58: 0
  59: 0
  60: 0
  61: 0
  62: 0
  63: 0
 heartbeats: # Per-process heartbeats
  0: 0
  1: 0
  2: 0
  3: 0
  4: 0
  5: 0
  6: 0
  7: 0
  8: 0
  9: 0
  10: 0
  11: 0
  12: 0
  13: 0
  14: 0
  15: 0
  16: 0
  17: 0
  18: 0
  19: 0
  20: 0
  21: 0
  22: 0
  23: 0
  24: 0
  25: 0
  26: 0
  27: 0
  28: 0
  29: 0
  30: 0
  31: 0
  32: 0
  33: 0
  34: 0
  35: 0
  36: 0
  37: 0
  38: 0
  39: 0
  40: 0
  41: 0
  42: 0
  43: 0
  44: 0
  45: 0
  46: 0
  47: 0
  48: 0
  49: 0
  50: 0
  51: 0
  52: 0
  53: 0
  54: 0
  55: 0
  56: 0
  57: 0
  58: 0
  59: 0
  60: 0
  61: 0
  62: 0
  63: 0
===
