# zsim stats
===
root: # Stats
 contention: # Contention simulation stats
  domain-0: # Domain stats
   time: 13870703628 # Weave simulation time
 time: # Simulator time breakdown
  init: 18657118344
  bound: 51783166824
  weave: 18537436782
  ff: 5582734
 trigger: 20000 # Reason for this stats dump
 phase: 64414 # Simulated phases
 westmere: # Core stats
  westmere-0: # Core stats
   cycles: 635106497 # Simulated unhalted cycles
   cCycles: 127457369 # Cycles due to contention stalls
   instrs: 215316444 # Simulated instructions
   uops: 272215614 # Retired micro-ops
   bbls: 21788097 # Basic blocks
   approxInstrs: 15796970 # Instrs with approx uop decoding
   mispredBranches: 799059 # Mispredicted branches
   condBranches: 13969364 # conditional branches
  westmere-1: # Core stats
   cycles: 635211229 # Simulated unhalted cycles
   cCycles: 127473594 # Cycles due to contention stalls
   instrs: 215264231 # Simulated instructions
   uops: 272149219 # Retired micro-ops
   bbls: 21785189 # Basic blocks
   approxInstrs: 15795303 # Instrs with approx uop decoding
   mispredBranches: 798774 # Mispredicted branches
   condBranches: 13967484 # conditional branches
  westmere-2: # Core stats
   cycles: 634468028 # Simulated unhalted cycles
   cCycles: 127376201 # Cycles due to contention stalls
   instrs: 215056125 # Simulated instructions
   uops: 271884946 # Retired micro-ops
   bbls: 21771101 # Basic blocks
   approxInstrs: 15771936 # Instrs with approx uop decoding
   mispredBranches: 798617 # Mispredicted branches
   condBranches: 13956990 # conditional branches
  westmere-3: # Core stats
   cycles: 634043870 # Simulated unhalted cycles
   cCycles: 127243214 # Cycles due to contention stalls
   instrs: 215152914 # Simulated instructions
   uops: 271976182 # Retired micro-ops
   bbls: 21783386 # Basic blocks
   approxInstrs: 15772018 # Instrs with approx uop decoding
   mispredBranches: 797057 # Mispredicted branches
   condBranches: 13965617 # conditional branches
  westmere-4: # Core stats
   cycles: 635152250 # Simulated unhalted cycles
   cCycles: 127444463 # Cycles due to contention stalls
   instrs: 215340211 # Simulated instructions
   uops: 272254334 # Retired micro-ops
   bbls: 21785552 # Basic blocks
   approxInstrs: 15803835 # Instrs with approx uop decoding
   mispredBranches: 798696 # Mispredicted branches
   condBranches: 13967342 # conditional branches
  westmere-5: # Core stats
   cycles: 635539305 # Simulated unhalted cycles
   cCycles: 127485907 # Cycles due to contention stalls
   instrs: 215496565 # Simulated instructions
   uops: 272444457 # Retired micro-ops
   bbls: 21803954 # Basic blocks
   approxInstrs: 15815567 # Instrs with approx uop decoding
   mispredBranches: 800438 # Mispredicted branches
   condBranches: 13980158 # conditional branches
  westmere-6: # Core stats
   cycles: 634534154 # Simulated unhalted cycles
   cCycles: 127364739 # Cycles due to contention stalls
   instrs: 215128491 # Simulated instructions
   uops: 271980977 # Retired micro-ops
   bbls: 21773315 # Basic blocks
   approxInstrs: 15781494 # Instrs with approx uop decoding
   mispredBranches: 799172 # Mispredicted branches
   condBranches: 13957952 # conditional branches
  westmere-7: # Core stats
   cycles: 634174649 # Simulated unhalted cycles
   cCycles: 127217527 # Cycles due to contention stalls
   instrs: 215145745 # Simulated instructions
   uops: 271990517 # Retired micro-ops
   bbls: 21780250 # Basic blocks
   approxInstrs: 15777674 # Instrs with approx uop decoding
   mispredBranches: 799612 # Mispredicted branches
   condBranches: 13962435 # conditional branches
 l1i: # Cache stats
  l1i-0: # Filter cache stats
   fhGETS: 30431192 # Filtered GETS hits
   fhGETX: 0 # Filtered GETX hits
   hGETS: 520651 # GETS hits
   hGETX: 0 # GETX hits
   mGETS: 19332 # GETS misses
   mGETXIM: 0 # GETX I->M misses
   mGETXSM: 0 # GETX S->M misses (upgrade misses)
   PUTS: 0 # Clean evictions (from lower level)
   PUTX: 0 # Dirty evictions (from lower level)
   INV: 19061 # Invalidates (from upper level)
   INVX: 0 # Downgrades (from upper level)
   FWD: 0 # Forwards (from upper level)
   latGETnl: 896304 # GET request latency on next level
   latGETnet: 0 # GET request latency on network to next level
  l1i-1: # Filter cache stats
   fhGETS: 30424871 # Filtered GETS hits
   fhGETX: 0 # Filtered GETX hits
   hGETS: 520344 # GETS hits
   hGETX: 0 # GETX hits
   mGETS: 19239 # GETS misses
   mGETXIM: 0 # GETX I->M misses
   mGETXSM: 0 # GETX S->M misses (upgrade misses)
   PUTS: 0 # Clean evictions (from lower level)
   PUTX: 0 # Dirty evictions (from lower level)
   INV: 19097 # Invalidates (from upper level)
   INVX: 0 # Downgrades (from upper level)
   FWD: 0 # Forwards (from upper level)
   latGETnl: 894336 # GET request latency on next level
   latGETnet: 0 # GET request latency on network to next level
  l1i-2: # Filter cache stats
   fhGETS: 30405596 # Filtered GETS hits
   fhGETX: 0 # Filtered GETX hits
   hGETS: 519963 # GETS hits
   hGETX: 0 # GETX hits
   mGETS: 19107 # GETS misses
   mGETXIM: 0 # GETX I->M misses
   mGETXSM: 0 # GETX S->M misses (upgrade misses)
   PUTS: 0 # Clean evictions (from lower level)
   PUTX: 0 # Dirty evictions (from lower level)
   INV: 18963 # Invalidates (from upper level)
   INVX: 0 # Downgrades (from upper level)
   FWD: 0 # Forwards (from upper level)
   latGETnl: 884808 # GET request latency on next level
   latGETnet: 0 # GET request latency on network to next level
  l1i-3: # Filter cache stats
   fhGETS: 30412423 # Filtered GETS hits
   fhGETX: 0 # Filtered GETX hits
   hGETS: 520505 # GETS hits
   hGETX: 0 # GETX hits
   mGETS: 19150 # GETS misses
   mGETXIM: 0 # GETX I->M misses
   mGETXSM: 0 # GETX S->M misses (upgrade misses)
   PUTS: 0 # Clean evictions (from lower level)
   PUTX: 0 # Dirty evictions (from lower level)
   INV: 19011 # Invalidates (from upper level)
   INVX: 0 # Downgrades (from upper level)
   FWD: 0 # Forwards (from upper level)
   latGETnl: 886450 # GET request latency on next level
   latGETnet: 0 # GET request latency on network to next level
  l1i-4: # Filter cache stats
   fhGETS: 30426184 # Filtered GETS hits
   fhGETX: 0 # Filtered GETX hits
   hGETS: 520627 # GETS hits
   hGETX: 0 # GETX hits
   mGETS: 19169 # GETS misses
   mGETXIM: 0 # GETX I->M misses
   mGETXSM: 0 # GETX S->M misses (upgrade misses)
   PUTS: 0 # Clean evictions (from lower level)
   PUTX: 0 # Dirty evictions (from lower level)
   INV: 19024 # Invalidates (from upper level)
   INVX: 0 # Downgrades (from upper level)
   FWD: 0 # Forwards (from upper level)
   latGETnl: 867926 # GET request latency on next level
   latGETnet: 0 # GET request latency on network to next level
  l1i-5: # Filter cache stats
   fhGETS: 30458112 # Filtered GETS hits
   fhGETX: 0 # Filtered GETX hits
   hGETS: 520907 # GETS hits
   hGETX: 0 # GETX hits
   mGETS: 19189 # GETS misses
   mGETXIM: 0 # GETX I->M misses
   mGETXSM: 0 # GETX S->M misses (upgrade misses)
   PUTS: 0 # Clean evictions (from lower level)
   PUTX: 0 # Dirty evictions (from lower level)
   INV: 19045 # Invalidates (from upper level)
   INVX: 0 # Downgrades (from upper level)
   FWD: 0 # Forwards (from upper level)
   latGETnl: 883186 # GET request latency on next level
   latGETnet: 0 # GET request latency on network to next level
  l1i-6: # Filter cache stats
   fhGETS: 30411714 # Filtered GETS hits
   fhGETX: 0 # Filtered GETX hits
   hGETS: 519907 # GETS hits
   hGETX: 0 # GETX hits
   mGETS: 19144 # GETS misses
   mGETXIM: 0 # GETX I->M misses
   mGETXSM: 0 # GETX S->M misses (upgrade misses)
   PUTS: 0 # Clean evictions (from lower level)
   PUTX: 0 # Dirty evictions (from lower level)
   INV: 18991 # Invalidates (from upper level)
   INVX: 0 # Downgrades (from upper level)
   FWD: 0 # Forwards (from upper level)
   latGETnl: 876346 # GET request latency on next level
   latGETnet: 0 # GET request latency on network to next level
  l1i-7: # Filter cache stats
   fhGETS: 30420258 # Filtered GETS hits
   fhGETX: 0 # Filtered GETX hits
   hGETS: 521134 # GETS hits
   hGETX: 0 # GETX hits
   mGETS: 19141 # GETS misses
   mGETXIM: 0 # GETX I->M misses
   mGETXSM: 0 # GETX S->M misses (upgrade misses)
   PUTS: 0 # Clean evictions (from lower level)
   PUTX: 0 # Dirty evictions (from lower level)
   INV: 18993 # Invalidates (from upper level)
   INVX: 0 # Downgrades (from upper level)
   FWD: 0 # Forwards (from upper level)
   latGETnl: 888034 # GET request latency on next level
   latGETnet: 0 # GET request latency on network to next level
 l1d: # Cache stats
  l1d-0: # Filter cache stats
   fhGETS: 45720525 # Filtered GETS hits
   fhGETX: 10760525 # Filtered GETX hits
   hGETS: 6177527 # GETS hits
   hGETX: 3696747 # GETX hits
   mGETS: 4696754 # GETS misses
   mGETXIM: 645 # GETX I->M misses
   mGETXSM: 60247 # GETX S->M misses (upgrade misses)
   PUTS: 0 # Clean evictions (from lower level)
   PUTX: 0 # Dirty evictions (from lower level)
   INV: 40399 # Invalidates (from upper level)
   INVX: 46142 # Downgrades (from upper level)
   FWD: 0 # Forwards (from upper level)
   latGETnl: 434543762 # GET request latency on next level
   latGETnet: 0 # GET request latency on network to next level
  l1d-1: # Filter cache stats
   fhGETS: 45711436 # Filtered GETS hits
   fhGETX: 10753863 # Filtered GETX hits
   hGETS: 6178031 # GETS hits
   hGETX: 3697367 # GETX hits
   mGETS: 4696644 # GETS misses
   mGETXIM: 604 # GETX I->M misses
   mGETXSM: 60190 # GETX S->M misses (upgrade misses)
   PUTS: 0 # Clean evictions (from lower level)
   PUTX: 0 # Dirty evictions (from lower level)
   INV: 40064 # Invalidates (from upper level)
   INVX: 46102 # Downgrades (from upper level)
   FWD: 0 # Forwards (from upper level)
   latGETnl: 434718695 # GET request latency on next level
   latGETnet: 0 # GET request latency on network to next level
  l1d-2: # Filter cache stats
   fhGETS: 45671815 # Filtered GETS hits
   fhGETX: 10757147 # Filtered GETX hits
   hGETS: 6161422 # GETS hits
   hGETX: 3692443 # GETX hits
   mGETS: 4689086 # GETS misses
   mGETXIM: 543 # GETX I->M misses
   mGETXSM: 59363 # GETX S->M misses (upgrade misses)
   PUTS: 0 # Clean evictions (from lower level)
   PUTX: 0 # Dirty evictions (from lower level)
   INV: 40460 # Invalidates (from upper level)
   INVX: 46069 # Downgrades (from upper level)
   FWD: 0 # Forwards (from upper level)
   latGETnl: 434066282 # GET request latency on next level
   latGETnet: 0 # GET request latency on network to next level
  l1d-3: # Filter cache stats
   fhGETS: 45690284 # Filtered GETS hits
   fhGETX: 10763326 # Filtered GETX hits
   hGETS: 6155146 # GETS hits
   hGETX: 3692912 # GETX hits
   mGETS: 4690032 # GETS misses
   mGETXIM: 590 # GETX I->M misses
   mGETXSM: 60283 # GETX S->M misses (upgrade misses)
   PUTS: 0 # Clean evictions (from lower level)
   PUTX: 0 # Dirty evictions (from lower level)
   INV: 39902 # Invalidates (from upper level)
   INVX: 45414 # Downgrades (from upper level)
   FWD: 0 # Forwards (from upper level)
   latGETnl: 433782511 # GET request latency on next level
   latGETnet: 0 # GET request latency on network to next level
  l1d-4: # Filter cache stats
   fhGETS: 45751442 # Filtered GETS hits
   fhGETX: 10756414 # Filtered GETX hits
   hGETS: 6158515 # GETS hits
   hGETX: 3696291 # GETX hits
   mGETS: 4699012 # GETS misses
   mGETXIM: 490 # GETX I->M misses
   mGETXSM: 61097 # GETX S->M misses (upgrade misses)
   PUTS: 0 # Clean evictions (from lower level)
   PUTX: 0 # Dirty evictions (from lower level)
   INV: 39785 # Invalidates (from upper level)
   INVX: 46016 # Downgrades (from upper level)
   FWD: 0 # Forwards (from upper level)
   latGETnl: 434682349 # GET request latency on next level
   latGETnet: 0 # GET request latency on network to next level
  l1d-5: # Filter cache stats
   fhGETS: 45779928 # Filtered GETS hits
   fhGETX: 10759860 # Filtered GETX hits
   hGETS: 6165520 # GETS hits
   hGETX: 3701661 # GETX hits
   mGETS: 4701129 # GETS misses
   mGETXIM: 537 # GETX I->M misses
   mGETXSM: 60378 # GETX S->M misses (upgrade misses)
   PUTS: 0 # Clean evictions (from lower level)
   PUTX: 0 # Dirty evictions (from lower level)
   INV: 40023 # Invalidates (from upper level)
   INVX: 46082 # Downgrades (from upper level)
   FWD: 0 # Forwards (from upper level)
   latGETnl: 434866182 # GET request latency on next level
   latGETnet: 0 # GET request latency on network to next level
  l1d-6: # Filter cache stats
   fhGETS: 45697250 # Filtered GETS hits
   fhGETX: 10756107 # Filtered GETX hits
   hGETS: 6157451 # GETS hits
   hGETX: 3693351 # GETX hits
   mGETS: 4692330 # GETS misses
   mGETXIM: 509 # GETX I->M misses
   mGETXSM: 60048 # GETX S->M misses (upgrade misses)
   PUTS: 0 # Clean evictions (from lower level)
   PUTX: 0 # Dirty evictions (from lower level)
   INV: 39990 # Invalidates (from upper level)
   INVX: 46100 # Downgrades (from upper level)
   FWD: 0 # Forwards (from upper level)
   latGETnl: 434178635 # GET request latency on next level
   latGETnet: 0 # GET request latency on network to next level
  l1d-7: # Filter cache stats
   fhGETS: 45684562 # Filtered GETS hits
   fhGETX: 10760262 # Filtered GETX hits
   hGETS: 6167308 # GETS hits
   hGETX: 3693187 # GETX hits
   mGETS: 4691428 # GETS misses
   mGETXIM: 558 # GETX I->M misses
   mGETXSM: 60496 # GETX S->M misses (upgrade misses)
   PUTS: 0 # Clean evictions (from lower level)
   PUTX: 0 # Dirty evictions (from lower level)
   INV: 39973 # Invalidates (from upper level)
   INVX: 46219 # Downgrades (from upper level)
   FWD: 0 # Forwards (from upper level)
   latGETnl: 433981904 # GET request latency on next level
   latGETnet: 0 # GET request latency on network to next level
 l2: # Cache stats
  l2-0: # Cache stats
   hGETS: 193577 # GETS hits
   hGETX: 52 # GETX hits
   mGETS: 4522509 # GETS misses
   mGETXIM: 594 # GETX I->M misses
   mGETXSM: 60246 # GETX S->M misses (upgrade misses)
   PUTS: 2641771 # Clean evictions (from lower level)
   PUTX: 2014737 # Dirty evictions (from lower level)
   INV: 308364 # Invalidates (from upper level)
   INVX: 331309 # Downgrades (from upper level)
   FWD: 0 # Forwards (from upper level)
   latGETnl: 387670286 # GET request latency on next level
   latGETnet: 0 # GET request latency on network to next level
  l2-1: # Cache stats
   hGETS: 193107 # GETS hits
   hGETX: 53 # GETX hits
   mGETS: 4522776 # GETS misses
   mGETXIM: 553 # GETX I->M misses
   mGETXSM: 60188 # GETX S->M misses (upgrade misses)
   PUTS: 2642025 # Clean evictions (from lower level)
   PUTX: 2014668 # Dirty evictions (from lower level)
   INV: 307434 # Invalidates (from upper level)
   INVX: 331720 # Downgrades (from upper level)
   FWD: 0 # Forwards (from upper level)
   latGETnl: 387846261 # GET request latency on next level
   latGETnet: 0 # GET request latency on network to next level
  l2-2: # Cache stats
   hGETS: 192144 # GETS hits
   hGETX: 45 # GETX hits
   mGETS: 4516049 # GETS misses
   mGETXIM: 498 # GETX I->M misses
   mGETXSM: 59363 # GETX S->M misses (upgrade misses)
   PUTS: 2637111 # Clean evictions (from lower level)
   PUTX: 2011571 # Dirty evictions (from lower level)
   INV: 308196 # Invalidates (from upper level)
   INVX: 329993 # Downgrades (from upper level)
   FWD: 0 # Forwards (from upper level)
   latGETnl: 387270100 # GET request latency on next level
   latGETnet: 0 # GET request latency on network to next level
  l2-3: # Cache stats
   hGETS: 193906 # GETS hits
   hGETX: 53 # GETX hits
   mGETS: 4515276 # GETS misses
   mGETXIM: 541 # GETX I->M misses
   mGETXSM: 60279 # GETX S->M misses (upgrade misses)
   PUTS: 2638241 # Clean evictions (from lower level)
   PUTX: 2011995 # Dirty evictions (from lower level)
   INV: 308024 # Invalidates (from upper level)
   INVX: 331034 # Downgrades (from upper level)
   FWD: 0 # Forwards (from upper level)
   latGETnl: 386968411 # GET request latency on next level
   latGETnet: 0 # GET request latency on network to next level
  l2-4: # Cache stats
   hGETS: 194501 # GETS hits
   hGETX: 46 # GETX hits
   mGETS: 4523680 # GETS misses
   mGETXIM: 446 # GETX I->M misses
   mGETXSM: 61095 # GETX S->M misses (upgrade misses)
   PUTS: 2643453 # Clean evictions (from lower level)
   PUTX: 2015775 # Dirty evictions (from lower level)
   INV: 307127 # Invalidates (from upper level)
   INVX: 330068 # Downgrades (from upper level)
   FWD: 0 # Forwards (from upper level)
   latGETnl: 387752595 # GET request latency on next level
   latGETnet: 0 # GET request latency on network to next level
  l2-5: # Cache stats
   hGETS: 194174 # GETS hits
   hGETX: 41 # GETX hits
   mGETS: 4526144 # GETS misses
   mGETXIM: 496 # GETX I->M misses
   mGETXSM: 60378 # GETX S->M misses (upgrade misses)
   PUTS: 2644069 # Clean evictions (from lower level)
   PUTX: 2017082 # Dirty evictions (from lower level)
   INV: 307539 # Invalidates (from upper level)
   INVX: 331667 # Downgrades (from upper level)
   FWD: 0 # Forwards (from upper level)
   latGETnl: 387937038 # GET request latency on next level
   latGETnet: 0 # GET request latency on network to next level
  l2-6: # Cache stats
   hGETS: 193499 # GETS hits
   hGETX: 50 # GETX hits
   mGETS: 4517975 # GETS misses
   mGETXIM: 464 # GETX I->M misses
   mGETXSM: 60043 # GETX S->M misses (upgrade misses)
   PUTS: 2639404 # Clean evictions (from lower level)
   PUTX: 2012957 # Dirty evictions (from lower level)
   INV: 308574 # Invalidates (from upper level)
   INVX: 331130 # Downgrades (from upper level)
   FWD: 0 # Forwards (from upper level)
   latGETnl: 387334671 # GET request latency on next level
   latGETnet: 0 # GET request latency on network to next level
  l2-7: # Cache stats
   hGETS: 194014 # GETS hits
   hGETX: 52 # GETX hits
   mGETS: 4516555 # GETS misses
   mGETXIM: 507 # GETX I->M misses
   mGETXSM: 60495 # GETX S->M misses (upgrade misses)
   PUTS: 2639017 # Clean evictions (from lower level)
   PUTX: 2012501 # Dirty evictions (from lower level)
   INV: 307927 # Invalidates (from upper level)
   INVX: 332567 # Downgrades (from upper level)
   FWD: 0 # Forwards (from upper level)
   latGETnl: 387153708 # GET request latency on next level
   latGETnet: 0 # GET request latency on network to next level
 l3: # Cache stats
  l3-0b0: # Cache stats
   hGETS: 1479480 # GETS hits
   hGETX: 59906 # GETX hits
   mGETS: 3043906 # GETS misses
   mGETXIM: 856 # GETX I->M misses
   mGETXSM: 0 # GETX S->M misses (upgrade misses)
   PUTS: 2360846 # Clean evictions (from lower level)
   PUTX: 1850844 # Dirty evictions (from lower level)
   INV: 0 # Invalidates (from upper level)
   INVX: 0 # Downgrades (from upper level)
   FWD: 0 # Forwards (from upper level)
   latGETnl: 274028580 # GET request latency on next level
   latGETnet: 0 # GET request latency on network to next level
  l3-0b1: # Cache stats
   hGETS: 1483409 # GETS hits
   hGETX: 60545 # GETX hits
   mGETS: 3042920 # GETS misses
   mGETXIM: 473 # GETX I->M misses
   mGETXSM: 0 # GETX S->M misses (upgrade misses)
   PUTS: 2362792 # Clean evictions (from lower level)
   PUTX: 1848743 # Dirty evictions (from lower level)
   INV: 0 # Invalidates (from upper level)
   INVX: 0 # Downgrades (from upper level)
   FWD: 0 # Forwards (from upper level)
   latGETnl: 273905370 # GET request latency on next level
   latGETnet: 0 # GET request latency on network to next level
  l3-0b2: # Cache stats
   hGETS: 1484242 # GETS hits
   hGETX: 59481 # GETX hits
   mGETS: 3040501 # GETS misses
   mGETXIM: 156 # GETX I->M misses
   mGETXSM: 0 # GETX S->M misses (upgrade misses)
   PUTS: 2365243 # Clean evictions (from lower level)
   PUTX: 1849225 # Dirty evictions (from lower level)
   INV: 0 # Invalidates (from upper level)
   INVX: 0 # Downgrades (from upper level)
   FWD: 0 # Forwards (from upper level)
   latGETnl: 273659130 # GET request latency on next level
   latGETnet: 0 # GET request latency on network to next level
  l3-0b3: # Cache stats
   hGETS: 1474454 # GETS hits
   hGETX: 59843 # GETX hits
   mGETS: 3034088 # GETS misses
   mGETXIM: 491 # GETX I->M misses
   mGETXSM: 0 # GETX S->M misses (upgrade misses)
   PUTS: 2354017 # Clean evictions (from lower level)
   PUTX: 1847523 # Dirty evictions (from lower level)
   INV: 0 # Invalidates (from upper level)
   INVX: 0 # Downgrades (from upper level)
   FWD: 0 # Forwards (from upper level)
   latGETnl: 273112110 # GET request latency on next level
   latGETnet: 0 # GET request latency on network to next level
  l3-0b4: # Cache stats
   hGETS: 1480131 # GETS hits
   hGETX: 60395 # GETX hits
   mGETS: 3038533 # GETS misses
   mGETXIM: 479 # GETX I->M misses
   mGETXSM: 0 # GETX S->M misses (upgrade misses)
   PUTS: 2355384 # Clean evictions (from lower level)
   PUTX: 1853787 # Dirty evictions (from lower level)
   INV: 0 # Invalidates (from upper level)
   INVX: 0 # Downgrades (from upper level)
   FWD: 0 # Forwards (from upper level)
   latGETnl: 273511080 # GET request latency on next level
   latGETnet: 0 # GET request latency on network to next level
  l3-0b5: # Cache stats
   hGETS: 1480031 # GETS hits
   hGETX: 59874 # GETX hits
   mGETS: 3037026 # GETS misses
   mGETXIM: 856 # GETX I->M misses
   mGETXSM: 0 # GETX S->M misses (upgrade misses)
   PUTS: 2357742 # Clean evictions (from lower level)
   PUTX: 1847696 # Dirty evictions (from lower level)
   INV: 0 # Invalidates (from upper level)
   INVX: 0 # Downgrades (from upper level)
   FWD: 0 # Forwards (from upper level)
   latGETnl: 273409380 # GET request latency on next level
   latGETnet: 0 # GET request latency on network to next level
  l3-0b6: # Cache stats
   hGETS: 1487407 # GETS hits
   hGETX: 62537 # GETX hits
   mGETS: 3042346 # GETS misses
   mGETXIM: 156 # GETX I->M misses
   mGETXSM: 0 # GETX S->M misses (upgrade misses)
   PUTS: 2365149 # Clean evictions (from lower level)
   PUTX: 1846500 # Dirty evictions (from lower level)
   INV: 0 # Invalidates (from upper level)
   INVX: 0 # Downgrades (from upper level)
   FWD: 0 # Forwards (from upper level)
   latGETnl: 273825180 # GET request latency on next level
   latGETnet: 0 # GET request latency on network to next level
  l3-0b7: # Cache stats
   hGETS: 1477408 # GETS hits
   hGETX: 59625 # GETX hits
   mGETS: 3035082 # GETS misses
   mGETXIM: 513 # GETX I->M misses
   mGETXSM: 0 # GETX S->M misses (upgrade misses)
   PUTS: 2358014 # Clean evictions (from lower level)
   PUTX: 1846038 # Dirty evictions (from lower level)
   INV: 0 # Invalidates (from upper level)
   INVX: 0 # Downgrades (from upper level)
   FWD: 0 # Forwards (from upper level)
   latGETnl: 273203550 # GET request latency on next level
   latGETnet: 0 # GET request latency on network to next level
 mem: # Memory controller stats
  mem-0: # Memory controller stats
   rd: 6081343 # Read requests
   wr: 3262432 # Write requests
   rdlat: 857494015 # Total latency experienced by read requests
   wrlat: 550812548 # Total latency experienced by write requests
   rdhits: 13748 # Read row hits
   wrhits: 9619 # Write row hits
   mlh: # latency histogram for memory requests
    0: 0
    1: 0
    2: 0
    3: 0
    4: 0
    5: 0
    6: 0
    7: 0
    8: 0
    9: 0
    10: 1
    11: 2079
    12: 2553
    13: 4660637
    14: 576837
    15: 343898
    16: 190860
    17: 38970
    18: 28483
    19: 26480
    20: 25520
    21: 25767
    22: 22516
    23: 24176
    24: 27832
    25: 13109
    26: 2483
    27: 2301
    28: 2485
    29: 2665
    30: 3150
    31: 3394
    32: 3777
    33: 3636
    34: 3826
    35: 3678
    36: 4079
    37: 3965
    38: 3763
    39: 3891
    40: 3816
    41: 3903
    42: 3841
    43: 3100
    44: 2330
    45: 2095
    46: 1708
    47: 1712
    48: 985
    49: 283
    50: 173
    51: 142
    52: 113
    53: 100
    54: 74
    55: 53
    56: 35
    57: 24
    58: 20
    59: 9
    60: 3
    61: 2
    62: 5
    63: 3
    64: 2
    65: 0
    66: 0
    67: 0
    68: 0
    69: 0
    70: 0
    71: 0
    72: 1
    73: 0
    74: 0
    75: 0
    76: 0
    77: 0
    78: 0
    79: 0
    80: 0
    81: 0
    82: 0
    83: 0
    84: 0
    85: 0
    86: 0
    87: 0
    88: 0
    89: 0
    90: 0
    91: 0
    92: 0
    93: 0
    94: 0
    95: 0
    96: 0
    97: 0
    98: 0
    99: 0
  mem-1: # Memory controller stats
   rd: 6077527 # Read requests
   wr: 3265938 # Write requests
   rdlat: 856984812 # Total latency experienced by read requests
   wrlat: 551468581 # Total latency experienced by write requests
   rdhits: 13574 # Read row hits
   wrhits: 9736 # Write row hits
   mlh: # latency histogram for memory requests
    0: 0
    1: 0
    2: 0
    3: 0
    4: 0
    5: 0
    6: 0
    7: 0
    8: 0
    9: 3
    10: 2
    11: 2079
    12: 2540
    13: 4657199
    14: 577537
    15: 343702
    16: 190326
    17: 38894
    18: 28354
    19: 26551
    20: 25412
    21: 25877
    22: 22315
    23: 24289
    24: 27534
    25: 13067
    26: 2346
    27: 2295
    28: 2467
    29: 2791
    30: 3081
    31: 3432
    32: 3670
    33: 3633
    34: 3788
    35: 3892
    36: 4072
    37: 3898
    38: 3772
    39: 3991
    40: 3884
    41: 4053
    42: 3889
    43: 3165
    44: 2309
    45: 2103
    46: 1820
    47: 1645
    48: 903
    49: 267
    50: 167
    51: 127
    52: 127
    53: 77
    54: 67
    55: 34
    56: 25
    57: 19
    58: 13
    59: 11
    60: 6
    61: 1
    62: 3
    63: 1
    64: 1
    65: 1
    66: 0
    67: 0
    68: 0
    69: 0
    70: 0
    71: 0
    72: 0
    73: 0
    74: 0
    75: 0
    76: 0
    77: 0
    78: 0
    79: 0
    80: 0
    81: 0
    82: 0
    83: 0
    84: 0
    85: 0
    86: 0
    87: 0
    88: 0
    89: 0
    90: 0
    91: 0
    92: 0
    93: 0
    94: 0
    95: 0
    96: 0
    97: 0
    98: 0
    99: 0
  mem-2: # Memory controller stats
   rd: 6078855 # Read requests
   wr: 3262302 # Write requests
   rdlat: 857235099 # Total latency experienced by read requests
   wrlat: 550899755 # Total latency experienced by write requests
   rdhits: 13632 # Read row hits
   wrhits: 9688 # Write row hits
   mlh: # latency histogram for memory requests
    0: 0
    1: 0
    2: 0
    3: 0
    4: 0
    5: 0
    6: 0
    7: 0
    8: 0
    9: 2
    10: 2
    11: 2016
    12: 2521
    13: 4659442
    14: 575626
    15: 342937
    16: 191655
    17: 38992
    18: 28503
    19: 26655
    20: 25577
    21: 25562
    22: 22582
    23: 24288
    24: 27609
    25: 13158
    26: 2409
    27: 2201
    28: 2504
    29: 2741
    30: 2993
    31: 3420
    32: 3614
    33: 3540
    34: 3773
    35: 3751
    36: 4089
    37: 4004
    38: 3829
    39: 3962
    40: 3833
    41: 3982
    42: 3991
    43: 3199
    44: 2340
    45: 2091
    46: 1714
    47: 1647
    48: 1034
    49: 287
    50: 183
    51: 145
    52: 112
    53: 109
    54: 72
    55: 53
    56: 28
    57: 19
    58: 18
    59: 16
    60: 4
    61: 4
    62: 8
    63: 4
    64: 2
    65: 2
    66: 0
    67: 1
    68: 0
    69: 0
    70: 0
    71: 0
    72: 0
    73: 0
    74: 0
    75: 0
    76: 0
    77: 0
    78: 0
    79: 0
    80: 0
    81: 0
    82: 0
    83: 0
    84: 0
    85: 0
    86: 0
    87: 0
    88: 0
    89: 0
    90: 0
    91: 0
    92: 0
    93: 0
    94: 0
    95: 0
    96: 0
    97: 0
    98: 0
    99: 0
  mem-3: # Memory controller stats
   rd: 6080642 # Read requests
   wr: 3265933 # Write requests
   rdlat: 857327902 # Total latency experienced by read requests
   wrlat: 551482729 # Total latency experienced by write requests
   rdhits: 13558 # Read row hits
   wrhits: 9696 # Write row hits
   mlh: # latency histogram for memory requests
    0: 0
    1: 0
    2: 0
    3: 0
    4: 0
    5: 0
    6: 0
    7: 0
    8: 0
    9: 0
    10: 1
    11: 2015
    12: 2536
    13: 4661764
    14: 577282
    15: 342763
    16: 190108
    17: 39196
    18: 28428
    19: 26338
    20: 25390
    21: 25705
    22: 22637
    23: 24032
    24: 27785
    25: 13109
    26: 2580
    27: 2264
    28: 2535
    29: 2700
    30: 3118
    31: 3326
    32: 3649
    33: 3545
    34: 3660
    35: 3749
    36: 4108
    37: 3975
    38: 3774
    39: 3980
    40: 3944
    41: 3913
    42: 3766
    43: 3150
    44: 2321
    45: 2061
    46: 1705
    47: 1675
    48: 1003
    49: 266
    50: 192
    51: 145
    52: 94
    53: 103
    54: 84
    55: 67
    56: 33
    57: 20
    58: 17
    59: 11
    60: 7
    61: 0
    62: 7
    63: 3
    64: 2
    65: 0
    66: 0
    67: 1
    68: 0
    69: 0
    70: 0
    71: 0
    72: 0
    73: 0
    74: 0
    75: 0
    76: 0
    77: 0
    78: 0
    79: 0
    80: 0
    81: 0
    82: 0
    83: 0
    84: 0
    85: 0
    86: 0
    87: 0
    88: 0
    89: 0
    90: 0
    91: 0
    92: 0
    93: 0
    94: 0
    95: 0
    96: 0
    97: 0
    98: 0
    99: 0
 sched: # Scheduler stats
  thCr: 9 # Threads created
  thFn: 9 # Threads finished
  schedEvs: 17 # Schedule events
  waitEvs: 0 # Wait events
  handoffEvs: 0 # Handoff events
  sleepEvs: 0 # Sleep events
  idlePhases: 0 # Phases with no thread active
  idlePeriods: 0 # Periods with no thread active
  occHist: # Occupancy histogram
   0: 0
   1: 3
   2: 1
   3: 0
   4: 0
   5: 0
   6: 0
   7: 1
   8: 64409
  rqSzHist: # Run queue size histogram
   0: 64414
   1: 0
   2: 0
   3: 0
   4: 0
   5: 0
   6: 0
   7: 0
   8: 0
   9: 0
   10: 0
   11: 0
   12: 0
   13: 0
   14: 0
   15: 0
   16: 0
 procCycles: # Per-process unhalted core cycles
  0: 5078224153
  1: 0
  2: 0
  3: 0
  4: 0
  5: 0
  6: 0
  7: 0
  8: 0
  9: 0
  10: 0
  11: 0
  12: 0
  13: 0
  14: 0
  15: 0
  16: 0
  17: 0
  18: 0
  19: 0
  20: 0
  21: 0
  22: 0
  23: 0
  24: 0
  25: 0
  26: 0
  27: 0
  28: 0
  29: 0
  30: 0
  31: 0
  32: 0
  33: 0
  34: 0
  35: 0
  36: 0
  37: 0
  38: 0
  39: 0
  40: 0
  41: 0
  42: 0
  43: 0
  44: 0
  45: 0
  46: 0
  47: 0
  48: 0
  49: 0
  50: 0
  51: 0
  52: 0
  53: 0
  54: 0
  55: 0
  56: 0
  57: 0
  58: 0
  59: 0
  60: 0
  61: 0
  62: 0
  63: 0
 procInstrs: # Per-process instructions
  0: 1721900726
  1: 0
  2: 0
  3: 0
  4: 0
  5: 0
  6: 0
  7: 0
  8: 0
  9: 0
  10: 0
  11: 0
  12: 0
  13: 0
  14: 0
  15: 0
  16: 0
  17: 0
  18: 0
  19: 0
  20: 0
  21: 0
  22: 0
  23: 0
  24: 0
  25: 0
  26: 0
  27: 0
  28: 0
  29: 0
  30: 0
  31: 0
  32: 0
  33: 0
  34: 0
  35: 0
  36: 0
  37: 0
  38: 0
  39: 0
  40: 0
  41: 0
  42: 0
  43: 0
  44: 0
  45: 0
  46: 0
  47: 0
  48: 0
  49: 0
  50: 0
  51: 0
  52: 0
  53: 0
  54: 0
  55: 0
  56: 0
  57: 0
  58: 0
  59: 0
  60: 0
  61: 0
  62: 0
  63: 0
 heartbeats: # Per-process heartbeats
  0: 0
  1: 0
  2: 0
  3: 0
  4: 0
  5: 0
  6: 0
  7: 0
  8: 0
  9: 0
  10: 0
  11: 0
  12: 0
  13: 0
  14: 0
  15: 0
  16: 0
  17: 0
  18: 0
  19: 0
  20: 0
  21: 0
  22: 0
  23: 0
  24: 0
  25: 0
  26: 0
  27: 0
  28: 0
  29: 0
  30: 0
  31: 0
  32: 0
  33: 0
  34: 0
  35: 0
  36: 0
  37: 0
  38: 0
  39: 0
  40: 0
  41: 0
  42: 0
  43: 0
  44: 0
  45: 0
  46: 0
  47: 0
  48: 0
  49: 0
  50: 0
  51: 0
  52: 0
  53: 0
  54: 0
  55: 0
  56: 0
  57: 0
  58: 0
  59: 0
  60: 0
  61: 0
  62: 0
  63: 0
===
