# zsim stats
===
root: # Stats
 contention: # Contention simulation stats
  domain-0: # Domain stats
   time: 253837330 # Weave simulation time
 time: # Simulator time breakdown
  init: 1788244690427
  bound: 6087793181
  weave: 772223304
  ff: 0
 trigger: 20000 # Reason for this stats dump
 phase: 8448 # Simulated phases
 westmere: # Core stats
  westmere-0: # Core stats
   cycles: 84481237 # Simulated unhalted cycles
   cCycles: 9997396 # Cycles due to contention stalls
   instrs: 100005073 # Simulated instructions
   uops: 132220146 # Retired micro-ops
   bbls: 1458016 # Basic blocks
   approxInstrs: 967601 # Instrs with approx uop decoding
   mispredBranches: 1057 # Mispredicted branches
   condBranches: 120269 # conditional branches
 l1i: # Cache stats
  l1i-0: # Filter cache stats
   fhGETS: 6773113 # Filtered GETS hits
   fhGETX: 0 # Filtered GETX hits
   hGETS: 4032269 # GETS hits
   hGETX: 0 # GETX hits
   mGETS: 2082 # GETS misses
   mGETXIM: 0 # GETX I->M misses
   mGETXSM: 0 # GETX S->M misses (upgrade misses)
   PUTS: 0 # Clean evictions (from lower level)
   PUTX: 0 # Dirty evictions (from lower level)
   INV: 1891 # Invalidates (from upper level)
   INVX: 0 # Downgrades (from upper level)
   FWD: 0 # Forwards (from upper level)
   latGETnl: 257628 # GET request latency on next level
   latGETnet: 0 # GET request latency on network to next level
 l1d: # Cache stats
  l1d-0: # Filter cache stats
   fhGETS: 35402972 # Filtered GETS hits
   fhGETX: 9143776 # Filtered GETX hits
   hGETS: 6800737 # GETS hits
   hGETX: 2065128 # GETX hits
   mGETS: 617802 # GETS misses
   mGETXIM: 140019 # GETX I->M misses
   mGETXSM: 0 # GETX S->M misses (upgrade misses)
   PUTS: 0 # Clean evictions (from lower level)
   PUTX: 0 # Dirty evictions (from lower level)
   INV: 131 # Invalidates (from upper level)
   INVX: 0 # Downgrades (from upper level)
   FWD: 0 # Forwards (from upper level)
   latGETnl: 62518530 # GET request latency on next level
   latGETnet: 0 # GET request latency on network to next level
 l2: # Cache stats
  l2-0: # Cache stats
   hGETS: 257806 # GETS hits
   hGETX: 5 # GETX hits
   mGETS: 362078 # GETS misses
   mGETXIM: 140014 # GETX I->M misses
   mGETXSM: 0 # GETX S->M misses (upgrade misses)
   PUTS: 616144 # Clean evictions (from lower level)
   PUTX: 141034 # Dirty evictions (from lower level)
   INV: 2488 # Invalidates (from upper level)
   INVX: 0 # Downgrades (from upper level)
   FWD: 0 # Forwards (from upper level)
   latGETnl: 55177128 # GET request latency on next level
   latGETnet: 0 # GET request latency on network to next level
 l3: # Cache stats
  l3-0: # Cache stats
   hGETS: 18204 # GETS hits
   hGETX: 4700 # GETX hits
   mGETS: 343874 # GETS misses
   mGETXIM: 135314 # GETX I->M misses
   mGETXSM: 0 # GETX S->M misses (upgrade misses)
   PUTS: 355856 # Clean evictions (from lower level)
   PUTX: 139653 # Dirty evictions (from lower level)
   INV: 0 # Invalidates (from upper level)
   INVX: 0 # Downgrades (from upper level)
   FWD: 0 # Forwards (from upper level)
   latGETnl: 43126920 # GET request latency on next level
   latGETnet: 0 # GET request latency on network to next level
 mem: # Memory controller stats
  mem-0: # Memory controller stats
   rd: 119732 # Read requests
   wr: 33723 # Write requests
   rdlat: 17470329 # Total latency experienced by read requests
   wrlat: 5545307 # Total latency experienced by write requests
   rdhits: 11 # Read row hits
   wrhits: 118 # Write row hits
   mlh: # latency histogram for memory requests
    0: 0
    1: 0
    2: 0
    3: 0
    4: 0
    5: 0
    6: 0
    7: 0
    8: 0
    9: 0
    10: 0
    11: 0
    12: 0
    13: 78061
    14: 20340
    15: 6123
    16: 1529
    17: 5020
    18: 883
    19: 1005
    20: 912
    21: 162
    22: 422
    23: 148
    24: 322
    25: 3001
    26: 360
    27: 120
    28: 136
    29: 84
    30: 66
    31: 56
    32: 53
    33: 52
    34: 51
    35: 84
    36: 77
    37: 72
    38: 63
    39: 64
    40: 66
    41: 54
    42: 71
    43: 53
    44: 21
    45: 21
    46: 17
    47: 38
    48: 53
    49: 20
    50: 12
    51: 9
    52: 9
    53: 3
    54: 2
    55: 8
    56: 2
    57: 5
    58: 2
    59: 0
    60: 0
    61: 0
    62: 0
    63: 0
    64: 0
    65: 0
    66: 0
    67: 0
    68: 0
    69: 0
    70: 0
    71: 0
    72: 0
    73: 0
    74: 0
    75: 0
    76: 0
    77: 0
    78: 0
    79: 0
    80: 0
    81: 0
    82: 0
    83: 0
    84: 0
    85: 0
    86: 0
    87: 0
    88: 0
    89: 0
    90: 0
    91: 0
    92: 0
    93: 0
    94: 0
    95: 0
    96: 0
    97: 0
    98: 0
    99: 0
  mem-1: # Memory controller stats
   rd: 119817 # Read requests
   wr: 33716 # Write requests
   rdlat: 17453004 # Total latency experienced by read requests
   wrlat: 5525478 # Total latency experienced by write requests
   rdhits: 7 # Read row hits
   wrhits: 120 # Write row hits
   mlh: # latency histogram for memory requests
    0: 0
    1: 0
    2: 0
    3: 0
    4: 0
    5: 0
    6: 0
    7: 0
    8: 0
    9: 0
    10: 0
    11: 0
    12: 0
    13: 78164
    14: 20438
    15: 6127
    16: 1592
    17: 5002
    18: 823
    19: 1028
    20: 881
    21: 156
    22: 423
    23: 152
    24: 393
    25: 2973
    26: 337
    27: 97
    28: 132
    29: 65
    30: 55
    31: 47
    32: 50
    33: 53
    34: 56
    35: 71
    36: 56
    37: 65
    38: 93
    39: 60
    40: 59
    41: 58
    42: 68
    43: 51
    44: 34
    45: 21
    46: 15
    47: 36
    48: 34
    49: 20
    50: 9
    51: 6
    52: 3
    53: 1
    54: 2
    55: 6
    56: 2
    57: 1
    58: 1
    59: 0
    60: 1
    61: 0
    62: 0
    63: 0
    64: 0
    65: 0
    66: 0
    67: 0
    68: 0
    69: 0
    70: 0
    71: 0
    72: 0
    73: 0
    74: 0
    75: 0
    76: 0
    77: 0
    78: 0
    79: 0
    80: 0
    81: 0
    82: 0
    83: 0
    84: 0
    85: 0
    86: 0
    87: 0
    88: 0
    89: 0
    90: 0
    91: 0
    92: 0
    93: 0
    94: 0
    95: 0
    96: 0
    97: 0
    98: 0
    99: 0
  mem-2: # Memory controller stats
   rd: 119820 # Read requests
   wr: 33730 # Write requests
   rdlat: 17480898 # Total latency experienced by read requests
   wrlat: 5548141 # Total latency experienced by write requests
   rdhits: 3 # Read row hits
   wrhits: 78 # Write row hits
   mlh: # latency histogram for memory requests
    0: 0
    1: 0
    2: 0
    3: 0
    4: 0
    5: 0
    6: 0
    7: 0
    8: 0
    9: 0
    10: 0
    11: 0
    12: 0
    13: 78123
    14: 20375
    15: 6093
    16: 1550
    17: 5064
    18: 867
    19: 997
    20: 905
    21: 153
    22: 418
    23: 177
    24: 347
    25: 2987
    26: 335
    27: 101
    28: 160
    29: 82
    30: 70
    31: 58
    32: 42
    33: 53
    34: 50
    35: 79
    36: 73
    37: 56
    38: 58
    39: 59
    40: 66
    41: 56
    42: 68
    43: 52
    44: 25
    45: 16
    46: 21
    47: 50
    48: 50
    49: 19
    50: 11
    51: 13
    52: 5
    53: 11
    54: 3
    55: 9
    56: 2
    57: 1
    58: 5
    59: 4
    60: 1
    61: 0
    62: 0
    63: 0
    64: 0
    65: 0
    66: 0
    67: 0
    68: 0
    69: 0
    70: 0
    71: 0
    72: 0
    73: 0
    74: 0
    75: 0
    76: 0
    77: 0
    78: 0
    79: 0
    80: 0
    81: 0
    82: 0
    83: 0
    84: 0
    85: 0
    86: 0
    87: 0
    88: 0
    89: 0
    90: 0
    91: 0
    92: 0
    93: 0
    94: 0
    95: 0
    96: 0
    97: 0
    98: 0
    99: 0
  mem-3: # Memory controller stats
   rd: 119815 # Read requests
   wr: 33725 # Write requests
   rdlat: 17481423 # Total latency experienced by read requests
   wrlat: 5539517 # Total latency experienced by write requests
   rdhits: 1 # Read row hits
   wrhits: 85 # Write row hits
   mlh: # latency histogram for memory requests
    0: 0
    1: 0
    2: 0
    3: 0
    4: 0
    5: 0
    6: 0
    7: 0
    8: 0
    9: 0
    10: 0
    11: 0
    12: 0
    13: 78101
    14: 20421
    15: 6109
    16: 1627
    17: 4990
    18: 847
    19: 1045
    20: 858
    21: 149
    22: 413
    23: 175
    24: 410
    25: 2943
    26: 337
    27: 94
    28: 117
    29: 56
    30: 53
    31: 47
    32: 44
    33: 57
    34: 47
    35: 95
    36: 56
    37: 63
    38: 71
    39: 72
    40: 60
    41: 62
    42: 60
    43: 65
    44: 39
    45: 26
    46: 20
    47: 39
    48: 54
    49: 18
    50: 16
    51: 8
    52: 13
    53: 7
    54: 8
    55: 7
    56: 2
    57: 3
    58: 7
    59: 3
    60: 1
    61: 0
    62: 0
    63: 0
    64: 0
    65: 0
    66: 0
    67: 0
    68: 0
    69: 0
    70: 0
    71: 0
    72: 0
    73: 0
    74: 0
    75: 0
    76: 0
    77: 0
    78: 0
    79: 0
    80: 0
    81: 0
    82: 0
    83: 0
    84: 0
    85: 0
    86: 0
    87: 0
    88: 0
    89: 0
    90: 0
    91: 0
    92: 0
    93: 0
    94: 0
    95: 0
    96: 0
    97: 0
    98: 0
    99: 0
 sched: # Scheduler stats
  thCr: 1 # Threads created
  thFn: 1 # Threads finished
  schedEvs: 1 # Schedule events
  waitEvs: 0 # Wait events
  handoffEvs: 0 # Handoff events
  sleepEvs: 0 # Sleep events
  idlePhases: 0 # Phases with no thread active
  idlePeriods: 0 # Periods with no thread active
  occHist: # Occupancy histogram
   0: 0
   1: 8448
  rqSzHist: # Run queue size histogram
   0: 8448
   1: 0
   2: 0
   3: 0
   4: 0
   5: 0
   6: 0
   7: 0
   8: 0
   9: 0
   10: 0
   11: 0
   12: 0
   13: 0
   14: 0
   15: 0
   16: 0
 procCycles: # Per-process unhalted core cycles
  0: 84481237
  1: 0
  2: 0
  3: 0
  4: 0
  5: 0
  6: 0
  7: 0
  8: 0
  9: 0
  10: 0
  11: 0
  12: 0
  13: 0
  14: 0
  15: 0
  16: 0
  17: 0
  18: 0
  19: 0
  20: 0
  21: 0
  22: 0
  23: 0
  24: 0
  25: 0
  26: 0
  27: 0
  28: 0
  29: 0
  30: 0
  31: 0
  32: 0
  33: 0
  34: 0
  35: 0
  36: 0
  37: 0
  38: 0
  39: 0
  40: 0
  41: 0
  42: 0
  43: 0
  44: 0
  45: 0
  46: 0
  47: 0
  48: 0
  49: 0
  50: 0
  51: 0
  52: 0
  53: 0
  54: 0
  55: 0
  56: 0
  57: 0
  58: 0
  59: 0
  60: 0
  61: 0
  62: 0
  63: 0
 procInstrs: # Per-process instructions
  0: 100005073
  1: 0
  2: 0
  3: 0
  4: 0
  5: 0
  6: 0
  7: 0
  8: 0
  9: 0
  10: 0
  11: 0
  12: 0
  13: 0
  14: 0
  15: 0
  16: 0
  17: 0
  18: 0
  19: 0
  20: 0
  21: 0
  22: 0
  23: 0
  24: 0
  25: 0
  26: 0
  27: 0
  28: 0
  29: 0
  30: 0
  31: 0
  32: 0
  33: 0
  34: 0
  35: 0
  36: 0
  37: 0
  38: 0
  39: 0
  40: 0
  41: 0
  42: 0
  43: 0
  44: 0
  45: 0
  46: 0
  47: 0
  48: 0
  49: 0
  50: 0
  51: 0
  52: 0
  53: 0
  54: 0
  55: 0
  56: 0
  57: 0
  58: 0
  59: 0
  60: 0
  61: 0
  62: 0
  63: 0
 heartbeats: # Per-process heartbeats
  0: 0
  1: 0
  2: 0
  3: 0
  4: 0
  5: 0
  6: 0
  7: 0
  8: 0
  9: 0
  10: 0
  11: 0
  12: 0
  13: 0
  14: 0
  15: 0
  16: 0
  17: 0
  18: 0
  19: 0
  20: 0
  21: 0
  22: 0
  23: 0
  24: 0
  25: 0
  26: 0
  27: 0
  28: 0
  29: 0
  30: 0
  31: 0
  32: 0
  33: 0
  34: 0
  35: 0
  36: 0
  37: 0
  38: 0
  39: 0
  40: 0
  41: 0
  42: 0
  43: 0
  44: 0
  45: 0
  46: 0
  47: 0
  48: 0
  49: 0
  50: 0
  51: 0
  52: 0
  53: 0
  54: 0
  55: 0
  56: 0
  57: 0
  58: 0
  59: 0
  60: 0
  61: 0
  62: 0
  63: 0
===
