# zsim stats
===
root: # Stats
 contention: # Contention simulation stats
  domain-0: # Domain stats
   time: 4557860162 # Weave simulation time
 time: # Simulator time breakdown
  init: 263675852733
  bound: 17504919796
  weave: 9141851586
  ff: 0
 trigger: 20000 # Reason for this stats dump
 phase: 65927 # Simulated phases
 westmere: # Core stats
  westmere-0: # Core stats
   cycles: 659272520 # Simulated unhalted cycles
   cCycles: 151022078 # Cycles due to contention stalls
   instrs: 100001089 # Simulated instructions
   uops: 101926469 # Retired micro-ops
   bbls: 27656466 # Basic blocks
   approxInstrs: 22458 # Instrs with approx uop decoding
   mispredBranches: 1592085 # Mispredicted branches
   condBranches: 25804531 # conditional branches
 l1i: # Cache stats
  l1i-0: # Filter cache stats
   fhGETS: 35457562 # Filtered GETS hits
   fhGETX: 0 # Filtered GETX hits
   hGETS: 0 # GETS hits
   hGETX: 0 # GETX hits
   mGETS: 6240 # GETS misses
   mGETXIM: 0 # GETX I->M misses
   mGETXSM: 0 # GETX S->M misses (upgrade misses)
   PUTS: 0 # Clean evictions (from lower level)
   PUTX: 0 # Dirty evictions (from lower level)
   INV: 6203 # Invalidates (from upper level)
   INVX: 0 # Downgrades (from upper level)
   FWD: 0 # Forwards (from upper level)
   latGETnl: 773760 # GET request latency on next level
   latGETnet: 0 # GET request latency on network to next level
 l1d: # Cache stats
  l1d-0: # Filter cache stats
   fhGETS: 22266069 # Filtered GETS hits
   fhGETX: 2297318 # Filtered GETX hits
   hGETS: 1846877 # GETS hits
   hGETX: 3237484 # GETX hits
   mGETS: 12462027 # GETS misses
   mGETXIM: 256853 # GETX I->M misses
   mGETXSM: 0 # GETX S->M misses (upgrade misses)
   PUTS: 0 # Clean evictions (from lower level)
   PUTX: 0 # Dirty evictions (from lower level)
   INV: 27447 # Invalidates (from upper level)
   INVX: 0 # Downgrades (from upper level)
   FWD: 0 # Forwards (from upper level)
   latGETnl: 1124100020 # GET request latency on next level
   latGETnet: 0 # GET request latency on network to next level
 l2: # Cache stats
  l2-0: # Cache stats
   hGETS: 2397064 # GETS hits
   hGETX: 83531 # GETX hits
   mGETS: 10071203 # GETS misses
   mGETXIM: 173322 # GETX I->M misses
   mGETXSM: 0 # GETX S->M misses (upgrade misses)
   PUTS: 9443389 # Clean evictions (from lower level)
   PUTX: 3247532 # Dirty evictions (from lower level)
   INV: 161708 # Invalidates (from upper level)
   INVX: 0 # Downgrades (from upper level)
   FWD: 0 # Forwards (from upper level)
   latGETnl: 997622580 # GET request latency on next level
   latGETnet: 0 # GET request latency on network to next level
 l3: # Cache stats
  l3-0: # Cache stats
   hGETS: 1842332 # GETS hits
   hGETX: 49371 # GETX hits
   mGETS: 8228871 # GETS misses
   mGETXIM: 123951 # GETX I->M misses
   mGETXSM: 0 # GETX S->M misses (upgrade misses)
   PUTS: 7343757 # Clean evictions (from lower level)
   PUTX: 2734973 # Dirty evictions (from lower level)
   INV: 0 # Invalidates (from upper level)
   INVX: 0 # Downgrades (from upper level)
   FWD: 0 # Forwards (from upper level)
   latGETnl: 751753980 # GET request latency on next level
   latGETnet: 0 # GET request latency on network to next level
 mem: # Memory controller stats
  mem-0: # Memory controller stats
   rd: 2084937 # Read requests
   wr: 661056 # Write requests
   rdlat: 283838880 # Total latency experienced by read requests
   wrlat: 96446571 # Total latency experienced by write requests
   rdhits: 2641 # Read row hits
   wrhits: 2220 # Write row hits
   mlh: # latency histogram for memory requests
    0: 0
    1: 0
    2: 0
    3: 0
    4: 0
    5: 0
    6: 0
    7: 0
    8: 0
    9: 0
    10: 0
    11: 333
    12: 501
    13: 1838942
    14: 144888
    15: 49811
    16: 14199
    17: 2930
    18: 1219
    19: 1226
    20: 1309
    21: 1417
    22: 1107
    23: 1501
    24: 3167
    25: 1950
    26: 512
    27: 638
    28: 656
    29: 717
    30: 1082
    31: 1496
    32: 1177
    33: 1200
    34: 1365
    35: 1502
    36: 1391
    37: 1334
    38: 1195
    39: 1197
    40: 1139
    41: 1145
    42: 1143
    43: 494
    44: 203
    45: 184
    46: 163
    47: 248
    48: 155
    49: 51
    50: 17
    51: 14
    52: 7
    53: 7
    54: 1
    55: 4
    56: 0
    57: 0
    58: 0
    59: 0
    60: 0
    61: 0
    62: 0
    63: 0
    64: 0
    65: 0
    66: 0
    67: 0
    68: 0
    69: 0
    70: 0
    71: 0
    72: 0
    73: 0
    74: 0
    75: 0
    76: 0
    77: 0
    78: 0
    79: 0
    80: 0
    81: 0
    82: 0
    83: 0
    84: 0
    85: 0
    86: 0
    87: 0
    88: 0
    89: 0
    90: 0
    91: 0
    92: 0
    93: 0
    94: 0
    95: 0
    96: 0
    97: 0
    98: 0
    99: 0
  mem-1: # Memory controller stats
   rd: 2084094 # Read requests
   wr: 660989 # Write requests
   rdlat: 283762652 # Total latency experienced by read requests
   wrlat: 96542324 # Total latency experienced by write requests
   rdhits: 2646 # Read row hits
   wrhits: 2357 # Write row hits
   mlh: # latency histogram for memory requests
    0: 0
    1: 0
    2: 0
    3: 0
    4: 0
    5: 0
    6: 0
    7: 0
    8: 0
    9: 0
    10: 0
    11: 297
    12: 603
    13: 1838186
    14: 144109
    15: 50056
    16: 14357
    17: 2900
    18: 1239
    19: 1165
    20: 1319
    21: 1375
    22: 1112
    23: 1546
    24: 3131
    25: 2252
    26: 504
    27: 589
    28: 682
    29: 751
    30: 1119
    31: 1444
    32: 1211
    33: 1267
    34: 1375
    35: 1464
    36: 1422
    37: 1253
    38: 1187
    39: 1166
    40: 1128
    41: 1149
    42: 1147
    43: 562
    44: 232
    45: 155
    46: 158
    47: 232
    48: 160
    49: 49
    50: 14
    51: 9
    52: 4
    53: 6
    54: 4
    55: 0
    56: 1
    57: 1
    58: 1
    59: 1
    60: 0
    61: 0
    62: 0
    63: 0
    64: 0
    65: 0
    66: 0
    67: 0
    68: 0
    69: 0
    70: 0
    71: 0
    72: 0
    73: 0
    74: 0
    75: 0
    76: 0
    77: 0
    78: 0
    79: 0
    80: 0
    81: 0
    82: 0
    83: 0
    84: 0
    85: 0
    86: 0
    87: 0
    88: 0
    89: 0
    90: 0
    91: 0
    92: 0
    93: 0
    94: 0
    95: 0
    96: 0
    97: 0
    98: 0
    99: 0
  mem-2: # Memory controller stats
   rd: 2102356 # Read requests
   wr: 660670 # Write requests
   rdlat: 286315073 # Total latency experienced by read requests
   wrlat: 96706334 # Total latency experienced by write requests
   rdhits: 2868 # Read row hits
   wrhits: 2308 # Write row hits
   mlh: # latency histogram for memory requests
    0: 0
    1: 0
    2: 0
    3: 0
    4: 0
    5: 0
    6: 0
    7: 0
    8: 0
    9: 0
    10: 0
    11: 372
    12: 748
    13: 1848102
    14: 152073
    15: 50845
    16: 13376
    17: 2507
    18: 1156
    19: 1206
    20: 1380
    21: 1403
    22: 1034
    23: 1660
    24: 3648
    25: 2425
    26: 550
    27: 590
    28: 654
    29: 779
    30: 1086
    31: 1481
    32: 1129
    33: 1253
    34: 1332
    35: 1465
    36: 1408
    37: 1251
    38: 1171
    39: 1223
    40: 1134
    41: 1166
    42: 1090
    43: 512
    44: 213
    45: 198
    46: 165
    47: 285
    48: 171
    49: 59
    50: 17
    51: 10
    52: 9
    53: 13
    54: 4
    55: 0
    56: 0
    57: 2
    58: 0
    59: 1
    60: 0
    61: 0
    62: 0
    63: 0
    64: 0
    65: 0
    66: 0
    67: 0
    68: 0
    69: 0
    70: 0
    71: 0
    72: 0
    73: 0
    74: 0
    75: 0
    76: 0
    77: 0
    78: 0
    79: 0
    80: 0
    81: 0
    82: 0
    83: 0
    84: 0
    85: 0
    86: 0
    87: 0
    88: 0
    89: 0
    90: 0
    91: 0
    92: 0
    93: 0
    94: 0
    95: 0
    96: 0
    97: 0
    98: 0
    99: 0
  mem-3: # Memory controller stats
   rd: 2081386 # Read requests
   wr: 660257 # Write requests
   rdlat: 283478826 # Total latency experienced by read requests
   wrlat: 96383910 # Total latency experienced by write requests
   rdhits: 2922 # Read row hits
   wrhits: 2334 # Write row hits
   mlh: # latency histogram for memory requests
    0: 0
    1: 0
    2: 0
    3: 0
    4: 0
    5: 0
    6: 0
    7: 0
    8: 0
    9: 0
    10: 0
    11: 424
    12: 611
    13: 1834688
    14: 143904
    15: 50071
    16: 15053
    17: 2623
    18: 1172
    19: 1185
    20: 1418
    21: 1567
    22: 1117
    23: 1522
    24: 3504
    25: 1945
    26: 534
    27: 593
    28: 638
    29: 757
    30: 1116
    31: 1445
    32: 1171
    33: 1293
    34: 1367
    35: 1475
    36: 1373
    37: 1272
    38: 1153
    39: 1236
    40: 1147
    41: 1208
    42: 1146
    43: 523
    44: 247
    45: 207
    46: 171
    47: 257
    48: 151
    49: 50
    50: 14
    51: 10
    52: 10
    53: 4
    54: 6
    55: 3
    56: 2
    57: 1
    58: 1
    59: 1
    60: 0
    61: 0
    62: 0
    63: 0
    64: 0
    65: 0
    66: 0
    67: 0
    68: 0
    69: 0
    70: 0
    71: 0
    72: 0
    73: 0
    74: 0
    75: 0
    76: 0
    77: 0
    78: 0
    79: 0
    80: 0
    81: 0
    82: 0
    83: 0
    84: 0
    85: 0
    86: 0
    87: 0
    88: 0
    89: 0
    90: 0
    91: 0
    92: 0
    93: 0
    94: 0
    95: 0
    96: 0
    97: 0
    98: 0
    99: 0
 sched: # Scheduler stats
  thCr: 1 # Threads created
  thFn: 1 # Threads finished
  schedEvs: 1 # Schedule events
  waitEvs: 0 # Wait events
  handoffEvs: 0 # Handoff events
  sleepEvs: 0 # Sleep events
  idlePhases: 0 # Phases with no thread active
  idlePeriods: 0 # Periods with no thread active
  occHist: # Occupancy histogram
   0: 0
   1: 65927
  rqSzHist: # Run queue size histogram
   0: 65927
   1: 0
   2: 0
   3: 0
   4: 0
   5: 0
   6: 0
   7: 0
   8: 0
   9: 0
   10: 0
   11: 0
   12: 0
   13: 0
   14: 0
   15: 0
   16: 0
 procCycles: # Per-process unhalted core cycles
  0: 659272520
  1: 0
  2: 0
  3: 0
  4: 0
  5: 0
  6: 0
  7: 0
  8: 0
  9: 0
  10: 0
  11: 0
  12: 0
  13: 0
  14: 0
  15: 0
  16: 0
  17: 0
  18: 0
  19: 0
  20: 0
  21: 0
  22: 0
  23: 0
  24: 0
  25: 0
  26: 0
  27: 0
  28: 0
  29: 0
  30: 0
  31: 0
  32: 0
  33: 0
  34: 0
  35: 0
  36: 0
  37: 0
  38: 0
  39: 0
  40: 0
  41: 0
  42: 0
  43: 0
  44: 0
  45: 0
  46: 0
  47: 0
  48: 0
  49: 0
  50: 0
  51: 0
  52: 0
  53: 0
  54: 0
  55: 0
  56: 0
  57: 0
  58: 0
  59: 0
  60: 0
  61: 0
  62: 0
  63: 0
 procInstrs: # Per-process instructions
  0: 100001089
  1: 0
  2: 0
  3: 0
  4: 0
  5: 0
  6: 0
  7: 0
  8: 0
  9: 0
  10: 0
  11: 0
  12: 0
  13: 0
  14: 0
  15: 0
  16: 0
  17: 0
  18: 0
  19: 0
  20: 0
  21: 0
  22: 0
  23: 0
  24: 0
  25: 0
  26: 0
  27: 0
  28: 0
  29: 0
  30: 0
  31: 0
  32: 0
  33: 0
  34: 0
  35: 0
  36: 0
  37: 0
  38: 0
  39: 0
  40: 0
  41: 0
  42: 0
  43: 0
  44: 0
  45: 0
  46: 0
  47: 0
  48: 0
  49: 0
  50: 0
  51: 0
  52: 0
  53: 0
  54: 0
  55: 0
  56: 0
  57: 0
  58: 0
  59: 0
  60: 0
  61: 0
  62: 0
  63: 0
 heartbeats: # Per-process heartbeats
  0: 0
  1: 0
  2: 0
  3: 0
  4: 0
  5: 0
  6: 0
  7: 0
  8: 0
  9: 0
  10: 0
  11: 0
  12: 0
  13: 0
  14: 0
  15: 0
  16: 0
  17: 0
  18: 0
  19: 0
  20: 0
  21: 0
  22: 0
  23: 0
  24: 0
  25: 0
  26: 0
  27: 0
  28: 0
  29: 0
  30: 0
  31: 0
  32: 0
  33: 0
  34: 0
  35: 0
  36: 0
  37: 0
  38: 0
  39: 0
  40: 0
  41: 0
  42: 0
  43: 0
  44: 0
  45: 0
  46: 0
  47: 0
  48: 0
  49: 0
  50: 0
  51: 0
  52: 0
  53: 0
  54: 0
  55: 0
  56: 0
  57: 0
  58: 0
  59: 0
  60: 0
  61: 0
  62: 0
  63: 0
===
