# zsim stats
===
root: # Stats
 contention: # Contention simulation stats
  domain-0: # Domain stats
   time: 383187541 # Weave simulation time
 time: # Simulator time breakdown
  init: 44908674358
  bound: 8863862211
  weave: 505272108
  ff: 0
 trigger: 20000 # Reason for this stats dump
 phase: 10882 # Simulated phases
 westmere: # Core stats
  westmere-0: # Core stats
   cycles: 108820087 # Simulated unhalted cycles
   cCycles: 8452831 # Cycles due to contention stalls
   instrs: 100008607 # Simulated instructions
   uops: 113808888 # Retired micro-ops
   bbls: 14846411 # Basic blocks
   approxInstrs: 596117 # Instrs with approx uop decoding
   mispredBranches: 789664 # Mispredicted branches
   condBranches: 12875433 # conditional branches
 l1i: # Cache stats
  l1i-0: # Filter cache stats
   fhGETS: 19608367 # Filtered GETS hits
   fhGETX: 0 # Filtered GETX hits
   hGETS: 198 # GETS hits
   hGETX: 0 # GETX hits
   mGETS: 162 # GETS misses
   mGETXIM: 0 # GETX I->M misses
   mGETXSM: 0 # GETX S->M misses (upgrade misses)
   PUTS: 0 # Clean evictions (from lower level)
   PUTX: 0 # Dirty evictions (from lower level)
   INV: 0 # Invalidates (from upper level)
   INVX: 0 # Downgrades (from upper level)
   FWD: 0 # Forwards (from upper level)
   latGETnl: 20088 # GET request latency on next level
   latGETnet: 0 # GET request latency on network to next level
 l1d: # Cache stats
  l1d-0: # Filter cache stats
   fhGETS: 25363097 # Filtered GETS hits
   fhGETX: 11434701 # Filtered GETX hits
   hGETS: 998985 # GETS hits
   hGETX: 1630317 # GETX hits
   mGETS: 1934508 # GETS misses
   mGETXIM: 1093032 # GETX I->M misses
   mGETXSM: 0 # GETX S->M misses (upgrade misses)
   PUTS: 0 # Clean evictions (from lower level)
   PUTX: 0 # Dirty evictions (from lower level)
   INV: 0 # Invalidates (from upper level)
   INVX: 0 # Downgrades (from upper level)
   FWD: 0 # Forwards (from upper level)
   latGETnl: 103924560 # GET request latency on next level
   latGETnet: 0 # GET request latency on network to next level
 l2: # Cache stats
  l2-0: # Cache stats
   hGETS: 940602 # GETS hits
   hGETX: 119073 # GETX hits
   mGETS: 994068 # GETS misses
   mGETXIM: 973959 # GETX I->M misses
   mGETXSM: 0 # GETX S->M misses (upgrade misses)
   PUTS: 942345 # Clean evictions (from lower level)
   PUTX: 2084683 # Dirty evictions (from lower level)
   INV: 0 # Invalidates (from upper level)
   INVX: 0 # Downgrades (from upper level)
   FWD: 0 # Forwards (from upper level)
   latGETnl: 73667628 # GET request latency on next level
   latGETnet: 0 # GET request latency on network to next level
 l3: # Cache stats
  l3-0: # Cache stats
   hGETS: 889216 # GETS hits
   hGETX: 785089 # GETX hits
   mGETS: 104852 # GETS misses
   mGETXIM: 188870 # GETX I->M misses
   mGETXSM: 0 # GETX S->M misses (upgrade misses)
   PUTS: 580370 # Clean evictions (from lower level)
   PUTX: 1383561 # Dirty evictions (from lower level)
   INV: 0 # Invalidates (from upper level)
   INVX: 0 # Downgrades (from upper level)
   FWD: 0 # Forwards (from upper level)
   latGETnl: 26434980 # GET request latency on next level
   latGETnet: 0 # GET request latency on network to next level
 mem: # Memory controller stats
  mem-0: # Memory controller stats
   rd: 73166 # Read requests
   wr: 53033 # Write requests
   rdlat: 9970465 # Total latency experienced by read requests
   wrlat: 7754529 # Total latency experienced by write requests
   rdhits: 1754 # Read row hits
   wrhits: 603 # Write row hits
   mlh: # latency histogram for memory requests
    0: 0
    1: 0
    2: 0
    3: 0
    4: 0
    5: 0
    6: 0
    7: 0
    8: 0
    9: 0
    10: 0
    11: 235
    12: 234
    13: 66762
    14: 1435
    15: 1092
    16: 614
    17: 333
    18: 334
    19: 386
    20: 417
    21: 252
    22: 85
    23: 106
    24: 75
    25: 71
    26: 40
    27: 26
    28: 37
    29: 36
    30: 26
    31: 29
    32: 54
    33: 49
    34: 36
    35: 45
    36: 30
    37: 47
    38: 44
    39: 37
    40: 49
    41: 42
    42: 43
    43: 25
    44: 7
    45: 12
    46: 4
    47: 4
    48: 6
    49: 3
    50: 3
    51: 1
    52: 0
    53: 0
    54: 0
    55: 0
    56: 0
    57: 0
    58: 0
    59: 0
    60: 0
    61: 0
    62: 0
    63: 0
    64: 0
    65: 0
    66: 0
    67: 0
    68: 0
    69: 0
    70: 0
    71: 0
    72: 0
    73: 0
    74: 0
    75: 0
    76: 0
    77: 0
    78: 0
    79: 0
    80: 0
    81: 0
    82: 0
    83: 0
    84: 0
    85: 0
    86: 0
    87: 0
    88: 0
    89: 0
    90: 0
    91: 0
    92: 0
    93: 0
    94: 0
    95: 0
    96: 0
    97: 0
    98: 0
    99: 0
  mem-1: # Memory controller stats
   rd: 73494 # Read requests
   wr: 53511 # Write requests
   rdlat: 10034661 # Total latency experienced by read requests
   wrlat: 7825568 # Total latency experienced by write requests
   rdhits: 1876 # Read row hits
   wrhits: 666 # Write row hits
   mlh: # latency histogram for memory requests
    0: 0
    1: 0
    2: 0
    3: 0
    4: 0
    5: 0
    6: 0
    7: 0
    8: 0
    9: 0
    10: 0
    11: 235
    12: 293
    13: 66766
    14: 1487
    15: 1134
    16: 672
    17: 359
    18: 357
    19: 401
    20: 455
    21: 229
    22: 86
    23: 79
    24: 75
    25: 57
    26: 43
    27: 42
    28: 30
    29: 35
    30: 38
    31: 55
    32: 63
    33: 50
    34: 50
    35: 41
    36: 37
    37: 48
    38: 43
    39: 47
    40: 48
    41: 50
    42: 40
    43: 17
    44: 2
    45: 11
    46: 3
    47: 7
    48: 5
    49: 2
    50: 1
    51: 1
    52: 0
    53: 0
    54: 0
    55: 0
    56: 0
    57: 0
    58: 0
    59: 0
    60: 0
    61: 0
    62: 0
    63: 0
    64: 0
    65: 0
    66: 0
    67: 0
    68: 0
    69: 0
    70: 0
    71: 0
    72: 0
    73: 0
    74: 0
    75: 0
    76: 0
    77: 0
    78: 0
    79: 0
    80: 0
    81: 0
    82: 0
    83: 0
    84: 0
    85: 0
    86: 0
    87: 0
    88: 0
    89: 0
    90: 0
    91: 0
    92: 0
    93: 0
    94: 0
    95: 0
    96: 0
    97: 0
    98: 0
    99: 0
  mem-2: # Memory controller stats
   rd: 73798 # Read requests
   wr: 53589 # Write requests
   rdlat: 10072642 # Total latency experienced by read requests
   wrlat: 7889334 # Total latency experienced by write requests
   rdhits: 2021 # Read row hits
   wrhits: 660 # Write row hits
   mlh: # latency histogram for memory requests
    0: 0
    1: 0
    2: 0
    3: 0
    4: 0
    5: 0
    6: 0
    7: 0
    8: 0
    9: 0
    10: 1
    11: 237
    12: 275
    13: 66867
    14: 1458
    15: 1135
    16: 726
    17: 388
    18: 425
    19: 469
    20: 490
    21: 248
    22: 96
    23: 98
    24: 70
    25: 70
    26: 45
    27: 37
    28: 33
    29: 50
    30: 38
    31: 48
    32: 53
    33: 41
    34: 42
    35: 29
    36: 35
    37: 29
    38: 37
    39: 43
    40: 48
    41: 38
    42: 46
    43: 20
    44: 4
    45: 9
    46: 1
    47: 4
    48: 2
    49: 5
    50: 0
    51: 1
    52: 1
    53: 4
    54: 0
    55: 0
    56: 0
    57: 0
    58: 0
    59: 0
    60: 2
    61: 0
    62: 0
    63: 0
    64: 0
    65: 0
    66: 0
    67: 0
    68: 0
    69: 0
    70: 0
    71: 0
    72: 0
    73: 0
    74: 0
    75: 0
    76: 0
    77: 0
    78: 0
    79: 0
    80: 0
    81: 0
    82: 0
    83: 0
    84: 0
    85: 0
    86: 0
    87: 0
    88: 0
    89: 0
    90: 0
    91: 0
    92: 0
    93: 0
    94: 0
    95: 0
    96: 0
    97: 0
    98: 0
    99: 0
  mem-3: # Memory controller stats
   rd: 73264 # Read requests
   wr: 53336 # Write requests
   rdlat: 9965791 # Total latency experienced by read requests
   wrlat: 7754309 # Total latency experienced by write requests
   rdhits: 1677 # Read row hits
   wrhits: 539 # Write row hits
   mlh: # latency histogram for memory requests
    0: 0
    1: 0
    2: 0
    3: 0
    4: 0
    5: 0
    6: 0
    7: 0
    8: 0
    9: 0
    10: 0
    11: 206
    12: 259
    13: 67034
    14: 1458
    15: 1071
    16: 585
    17: 331
    18: 355
    19: 364
    20: 442
    21: 214
    22: 81
    23: 66
    24: 71
    25: 40
    26: 42
    27: 29
    28: 28
    29: 36
    30: 48
    31: 32
    32: 34
    33: 38
    34: 37
    35: 27
    36: 25
    37: 48
    38: 55
    39: 41
    40: 24
    41: 32
    42: 41
    43: 21
    44: 9
    45: 7
    46: 7
    47: 11
    48: 4
    49: 0
    50: 4
    51: 1
    52: 2
    53: 1
    54: 0
    55: 1
    56: 0
    57: 2
    58: 0
    59: 0
    60: 0
    61: 0
    62: 0
    63: 0
    64: 0
    65: 0
    66: 0
    67: 0
    68: 0
    69: 0
    70: 0
    71: 0
    72: 0
    73: 0
    74: 0
    75: 0
    76: 0
    77: 0
    78: 0
    79: 0
    80: 0
    81: 0
    82: 0
    83: 0
    84: 0
    85: 0
    86: 0
    87: 0
    88: 0
    89: 0
    90: 0
    91: 0
    92: 0
    93: 0
    94: 0
    95: 0
    96: 0
    97: 0
    98: 0
    99: 0
 sched: # Scheduler stats
  thCr: 1 # Threads created
  thFn: 1 # Threads finished
  schedEvs: 1 # Schedule events
  waitEvs: 0 # Wait events
  handoffEvs: 0 # Handoff events
  sleepEvs: 0 # Sleep events
  idlePhases: 0 # Phases with no thread active
  idlePeriods: 0 # Periods with no thread active
  occHist: # Occupancy histogram
   0: 0
   1: 10882
  rqSzHist: # Run queue size histogram
   0: 10882
   1: 0
   2: 0
   3: 0
   4: 0
   5: 0
   6: 0
   7: 0
   8: 0
   9: 0
   10: 0
   11: 0
   12: 0
   13: 0
   14: 0
   15: 0
   16: 0
 procCycles: # Per-process unhalted core cycles
  0: 108820087
  1: 0
  2: 0
  3: 0
  4: 0
  5: 0
  6: 0
  7: 0
  8: 0
  9: 0
  10: 0
  11: 0
  12: 0
  13: 0
  14: 0
  15: 0
  16: 0
  17: 0
  18: 0
  19: 0
  20: 0
  21: 0
  22: 0
  23: 0
  24: 0
  25: 0
  26: 0
  27: 0
  28: 0
  29: 0
  30: 0
  31: 0
  32: 0
  33: 0
  34: 0
  35: 0
  36: 0
  37: 0
  38: 0
  39: 0
  40: 0
  41: 0
  42: 0
  43: 0
  44: 0
  45: 0
  46: 0
  47: 0
  48: 0
  49: 0
  50: 0
  51: 0
  52: 0
  53: 0
  54: 0
  55: 0
  56: 0
  57: 0
  58: 0
  59: 0
  60: 0
  61: 0
  62: 0
  63: 0
 procInstrs: # Per-process instructions
  0: 100008607
  1: 0
  2: 0
  3: 0
  4: 0
  5: 0
  6: 0
  7: 0
  8: 0
  9: 0
  10: 0
  11: 0
  12: 0
  13: 0
  14: 0
  15: 0
  16: 0
  17: 0
  18: 0
  19: 0
  20: 0
  21: 0
  22: 0
  23: 0
  24: 0
  25: 0
  26: 0
  27: 0
  28: 0
  29: 0
  30: 0
  31: 0
  32: 0
  33: 0
  34: 0
  35: 0
  36: 0
  37: 0
  38: 0
  39: 0
  40: 0
  41: 0
  42: 0
  43: 0
  44: 0
  45: 0
  46: 0
  47: 0
  48: 0
  49: 0
  50: 0
  51: 0
  52: 0
  53: 0
  54: 0
  55: 0
  56: 0
  57: 0
  58: 0
  59: 0
  60: 0
  61: 0
  62: 0
  63: 0
 heartbeats: # Per-process heartbeats
  0: 0
  1: 0
  2: 0
  3: 0
  4: 0
  5: 0
  6: 0
  7: 0
  8: 0
  9: 0
  10: 0
  11: 0
  12: 0
  13: 0
  14: 0
  15: 0
  16: 0
  17: 0
  18: 0
  19: 0
  20: 0
  21: 0
  22: 0
  23: 0
  24: 0
  25: 0
  26: 0
  27: 0
  28: 0
  29: 0
  30: 0
  31: 0
  32: 0
  33: 0
  34: 0
  35: 0
  36: 0
  37: 0
  38: 0
  39: 0
  40: 0
  41: 0
  42: 0
  43: 0
  44: 0
  45: 0
  46: 0
  47: 0
  48: 0
  49: 0
  50: 0
  51: 0
  52: 0
  53: 0
  54: 0
  55: 0
  56: 0
  57: 0
  58: 0
  59: 0
  60: 0
  61: 0
  62: 0
  63: 0
===
