# zsim stats
===
root: # Stats
 contention: # Contention simulation stats
  domain-0: # Domain stats
   time: 211936233 # Weave simulation time
 time: # Simulator time breakdown
  init: 243893116462
  bound: 7605321729
  weave: 1106394662
  ff: 0
 trigger: 20000 # Reason for this stats dump
 phase: 11636 # Simulated phases
 westmere: # Core stats
  westmere-0: # Core stats
   cycles: 116360003 # Simulated unhalted cycles
   cCycles: 6082936 # Cycles due to contention stalls
   instrs: 100000656 # Simulated instructions
   uops: 119738718 # Retired micro-ops
   bbls: 21922015 # Basic blocks
   approxInstrs: 220518 # Instrs with approx uop decoding
   mispredBranches: 1067753 # Mispredicted branches
   condBranches: 17171615 # conditional branches
 l1i: # Cache stats
  l1i-0: # Filter cache stats
   fhGETS: 24329799 # Filtered GETS hits
   fhGETX: 0 # Filtered GETX hits
   hGETS: 1891505 # GETS hits
   hGETX: 0 # GETX hits
   mGETS: 678378 # GETS misses
   mGETXIM: 0 # GETX I->M misses
   mGETXSM: 0 # GETX S->M misses (upgrade misses)
   PUTS: 0 # Clean evictions (from lower level)
   PUTX: 0 # Dirty evictions (from lower level)
   INV: 2497 # Invalidates (from upper level)
   INVX: 0 # Downgrades (from upper level)
   FWD: 0 # Forwards (from upper level)
   latGETnl: 8678118 # GET request latency on next level
   latGETnet: 0 # GET request latency on network to next level
 l1d: # Cache stats
  l1d-0: # Filter cache stats
   fhGETS: 22673245 # Filtered GETS hits
   fhGETX: 15954992 # Filtered GETX hits
   hGETS: 1830782 # GETS hits
   hGETX: 986752 # GETX hits
   mGETS: 1515219 # GETS misses
   mGETXIM: 1973770 # GETX I->M misses
   mGETXSM: 0 # GETX S->M misses (upgrade misses)
   PUTS: 0 # Clean evictions (from lower level)
   PUTX: 0 # Dirty evictions (from lower level)
   INV: 144 # Invalidates (from upper level)
   INVX: 0 # Downgrades (from upper level)
   FWD: 0 # Forwards (from upper level)
   latGETnl: 96324820 # GET request latency on next level
   latGETnet: 0 # GET request latency on network to next level
 l2: # Cache stats
  l2-0: # Cache stats
   hGETS: 1137178 # GETS hits
   hGETX: 1215952 # GETX hits
   mGETS: 1056419 # GETS misses
   mGETXIM: 757818 # GETX I->M misses
   mGETXSM: 0 # GETX S->M misses (upgrade misses)
   PUTS: 1824690 # Clean evictions (from lower level)
   PUTX: 2339013 # Dirty evictions (from lower level)
   INV: 3161 # Invalidates (from upper level)
   INVX: 0 # Downgrades (from upper level)
   FWD: 0 # Forwards (from upper level)
   latGETnl: 63329268 # GET request latency on next level
   latGETnet: 0 # GET request latency on network to next level
 l3: # Cache stats
  l3-0: # Cache stats
   hGETS: 890042 # GETS hits
   hGETX: 704333 # GETX hits
   mGETS: 166377 # GETS misses
   mGETXIM: 53485 # GETX I->M misses
   mGETXSM: 0 # GETX S->M misses (upgrade misses)
   PUTS: 876254 # Clean evictions (from lower level)
   PUTX: 930726 # Dirty evictions (from lower level)
   INV: 0 # Invalidates (from upper level)
   INVX: 0 # Downgrades (from upper level)
   FWD: 0 # Forwards (from upper level)
   latGETnl: 19787580 # GET request latency on next level
   latGETnet: 0 # GET request latency on network to next level
 mem: # Memory controller stats
  mem-0: # Memory controller stats
   rd: 56775 # Read requests
   wr: 15382 # Write requests
   rdlat: 7620827 # Total latency experienced by read requests
   wrlat: 2269416 # Total latency experienced by write requests
   rdhits: 18 # Read row hits
   wrhits: 42 # Write row hits
   mlh: # latency histogram for memory requests
    0: 0
    1: 0
    2: 0
    3: 0
    4: 0
    5: 0
    6: 0
    7: 0
    8: 0
    9: 0
    10: 0
    11: 0
    12: 0
    13: 54713
    14: 556
    15: 436
    16: 190
    17: 47
    18: 35
    19: 42
    20: 47
    21: 46
    22: 38
    23: 41
    24: 38
    25: 34
    26: 27
    27: 23
    28: 27
    29: 19
    30: 25
    31: 27
    32: 39
    33: 27
    34: 24
    35: 25
    36: 50
    37: 24
    38: 26
    39: 37
    40: 35
    41: 32
    42: 27
    43: 8
    44: 3
    45: 1
    46: 5
    47: 0
    48: 1
    49: 0
    50: 0
    51: 0
    52: 0
    53: 0
    54: 0
    55: 0
    56: 0
    57: 0
    58: 0
    59: 0
    60: 0
    61: 0
    62: 0
    63: 0
    64: 0
    65: 0
    66: 0
    67: 0
    68: 0
    69: 0
    70: 0
    71: 0
    72: 0
    73: 0
    74: 0
    75: 0
    76: 0
    77: 0
    78: 0
    79: 0
    80: 0
    81: 0
    82: 0
    83: 0
    84: 0
    85: 0
    86: 0
    87: 0
    88: 0
    89: 0
    90: 0
    91: 0
    92: 0
    93: 0
    94: 0
    95: 0
    96: 0
    97: 0
    98: 0
    99: 0
  mem-1: # Memory controller stats
   rd: 53184 # Read requests
   wr: 14838 # Write requests
   rdlat: 7141328 # Total latency experienced by read requests
   wrlat: 2184249 # Total latency experienced by write requests
   rdhits: 28 # Read row hits
   wrhits: 25 # Write row hits
   mlh: # latency histogram for memory requests
    0: 0
    1: 0
    2: 0
    3: 0
    4: 0
    5: 0
    6: 0
    7: 0
    8: 0
    9: 0
    10: 0
    11: 2
    12: 7
    13: 51281
    14: 470
    15: 453
    16: 194
    17: 38
    18: 19
    19: 35
    20: 36
    21: 25
    22: 24
    23: 31
    24: 27
    25: 31
    26: 22
    27: 20
    28: 29
    29: 15
    30: 22
    31: 27
    32: 36
    33: 34
    34: 32
    35: 28
    36: 35
    37: 41
    38: 30
    39: 25
    40: 28
    41: 36
    42: 29
    43: 14
    44: 0
    45: 5
    46: 3
    47: 0
    48: 0
    49: 0
    50: 0
    51: 0
    52: 0
    53: 0
    54: 0
    55: 0
    56: 0
    57: 0
    58: 0
    59: 0
    60: 0
    61: 0
    62: 0
    63: 0
    64: 0
    65: 0
    66: 0
    67: 0
    68: 0
    69: 0
    70: 0
    71: 0
    72: 0
    73: 0
    74: 0
    75: 0
    76: 0
    77: 0
    78: 0
    79: 0
    80: 0
    81: 0
    82: 0
    83: 0
    84: 0
    85: 0
    86: 0
    87: 0
    88: 0
    89: 0
    90: 0
    91: 0
    92: 0
    93: 0
    94: 0
    95: 0
    96: 0
    97: 0
    98: 0
    99: 0
  mem-2: # Memory controller stats
   rd: 56679 # Read requests
   wr: 15417 # Write requests
   rdlat: 7609695 # Total latency experienced by read requests
   wrlat: 2274537 # Total latency experienced by write requests
   rdhits: 31 # Read row hits
   wrhits: 19 # Write row hits
   mlh: # latency histogram for memory requests
    0: 0
    1: 0
    2: 0
    3: 0
    4: 0
    5: 0
    6: 0
    7: 0
    8: 0
    9: 0
    10: 0
    11: 1
    12: 18
    13: 54663
    14: 478
    15: 489
    16: 166
    17: 49
    18: 37
    19: 38
    20: 41
    21: 34
    22: 42
    23: 27
    24: 30
    25: 20
    26: 23
    27: 18
    28: 32
    29: 25
    30: 27
    31: 37
    32: 33
    33: 35
    34: 22
    35: 41
    36: 49
    37: 34
    38: 38
    39: 28
    40: 18
    41: 26
    42: 23
    43: 17
    44: 9
    45: 4
    46: 4
    47: 2
    48: 1
    49: 0
    50: 0
    51: 0
    52: 0
    53: 0
    54: 0
    55: 0
    56: 0
    57: 0
    58: 0
    59: 0
    60: 0
    61: 0
    62: 0
    63: 0
    64: 0
    65: 0
    66: 0
    67: 0
    68: 0
    69: 0
    70: 0
    71: 0
    72: 0
    73: 0
    74: 0
    75: 0
    76: 0
    77: 0
    78: 0
    79: 0
    80: 0
    81: 0
    82: 0
    83: 0
    84: 0
    85: 0
    86: 0
    87: 0
    88: 0
    89: 0
    90: 0
    91: 0
    92: 0
    93: 0
    94: 0
    95: 0
    96: 0
    97: 0
    98: 0
    99: 0
  mem-3: # Memory controller stats
   rd: 53224 # Read requests
   wr: 14846 # Write requests
   rdlat: 7147151 # Total latency experienced by read requests
   wrlat: 2201231 # Total latency experienced by write requests
   rdhits: 20 # Read row hits
   wrhits: 32 # Write row hits
   mlh: # latency histogram for memory requests
    0: 0
    1: 0
    2: 0
    3: 0
    4: 0
    5: 0
    6: 0
    7: 0
    8: 0
    9: 0
    10: 0
    11: 3
    12: 1
    13: 51247
    14: 482
    15: 482
    16: 223
    17: 25
    18: 36
    19: 36
    20: 37
    21: 39
    22: 40
    23: 30
    24: 28
    25: 25
    26: 16
    27: 18
    28: 20
    29: 18
    30: 27
    31: 29
    32: 34
    33: 40
    34: 25
    35: 19
    36: 28
    37: 39
    38: 31
    39: 38
    40: 30
    41: 29
    42: 27
    43: 9
    44: 1
    45: 4
    46: 5
    47: 2
    48: 1
    49: 0
    50: 0
    51: 0
    52: 0
    53: 0
    54: 0
    55: 0
    56: 0
    57: 0
    58: 0
    59: 0
    60: 0
    61: 0
    62: 0
    63: 0
    64: 0
    65: 0
    66: 0
    67: 0
    68: 0
    69: 0
    70: 0
    71: 0
    72: 0
    73: 0
    74: 0
    75: 0
    76: 0
    77: 0
    78: 0
    79: 0
    80: 0
    81: 0
    82: 0
    83: 0
    84: 0
    85: 0
    86: 0
    87: 0
    88: 0
    89: 0
    90: 0
    91: 0
    92: 0
    93: 0
    94: 0
    95: 0
    96: 0
    97: 0
    98: 0
    99: 0
 sched: # Scheduler stats
  thCr: 1 # Threads created
  thFn: 1 # Threads finished
  schedEvs: 1 # Schedule events
  waitEvs: 0 # Wait events
  handoffEvs: 0 # Handoff events
  sleepEvs: 0 # Sleep events
  idlePhases: 0 # Phases with no thread active
  idlePeriods: 0 # Periods with no thread active
  occHist: # Occupancy histogram
   0: 0
   1: 11636
  rqSzHist: # Run queue size histogram
   0: 11636
   1: 0
   2: 0
   3: 0
   4: 0
   5: 0
   6: 0
   7: 0
   8: 0
   9: 0
   10: 0
   11: 0
   12: 0
   13: 0
   14: 0
   15: 0
   16: 0
 procCycles: # Per-process unhalted core cycles
  0: 116360003
  1: 0
  2: 0
  3: 0
  4: 0
  5: 0
  6: 0
  7: 0
  8: 0
  9: 0
  10: 0
  11: 0
  12: 0
  13: 0
  14: 0
  15: 0
  16: 0
  17: 0
  18: 0
  19: 0
  20: 0
  21: 0
  22: 0
  23: 0
  24: 0
  25: 0
  26: 0
  27: 0
  28: 0
  29: 0
  30: 0
  31: 0
  32: 0
  33: 0
  34: 0
  35: 0
  36: 0
  37: 0
  38: 0
  39: 0
  40: 0
  41: 0
  42: 0
  43: 0
  44: 0
  45: 0
  46: 0
  47: 0
  48: 0
  49: 0
  50: 0
  51: 0
  52: 0
  53: 0
  54: 0
  55: 0
  56: 0
  57: 0
  58: 0
  59: 0
  60: 0
  61: 0
  62: 0
  63: 0
 procInstrs: # Per-process instructions
  0: 100000656
  1: 0
  2: 0
  3: 0
  4: 0
  5: 0
  6: 0
  7: 0
  8: 0
  9: 0
  10: 0
  11: 0
  12: 0
  13: 0
  14: 0
  15: 0
  16: 0
  17: 0
  18: 0
  19: 0
  20: 0
  21: 0
  22: 0
  23: 0
  24: 0
  25: 0
  26: 0
  27: 0
  28: 0
  29: 0
  30: 0
  31: 0
  32: 0
  33: 0
  34: 0
  35: 0
  36: 0
  37: 0
  38: 0
  39: 0
  40: 0
  41: 0
  42: 0
  43: 0
  44: 0
  45: 0
  46: 0
  47: 0
  48: 0
  49: 0
  50: 0
  51: 0
  52: 0
  53: 0
  54: 0
  55: 0
  56: 0
  57: 0
  58: 0
  59: 0
  60: 0
  61: 0
  62: 0
  63: 0
 heartbeats: # Per-process heartbeats
  0: 0
  1: 0
  2: 0
  3: 0
  4: 0
  5: 0
  6: 0
  7: 0
  8: 0
  9: 0
  10: 0
  11: 0
  12: 0
  13: 0
  14: 0
  15: 0
  16: 0
  17: 0
  18: 0
  19: 0
  20: 0
  21: 0
  22: 0
  23: 0
  24: 0
  25: 0
  26: 0
  27: 0
  28: 0
  29: 0
  30: 0
  31: 0
  32: 0
  33: 0
  34: 0
  35: 0
  36: 0
  37: 0
  38: 0
  39: 0
  40: 0
  41: 0
  42: 0
  43: 0
  44: 0
  45: 0
  46: 0
  47: 0
  48: 0
  49: 0
  50: 0
  51: 0
  52: 0
  53: 0
  54: 0
  55: 0
  56: 0
  57: 0
  58: 0
  59: 0
  60: 0
  61: 0
  62: 0
  63: 0
===
