# zsim stats
===
root: # Stats
 contention: # Contention simulation stats
  domain-0: # Domain stats
   time: 289079532 # Weave simulation time
 time: # Simulator time breakdown
  init: 317200632643
  bound: 8146151031
  weave: 1219302565
  ff: 0
 trigger: 20000 # Reason for this stats dump
 phase: 12342 # Simulated phases
 westmere: # Core stats
  westmere-0: # Core stats
   cycles: 123420087 # Simulated unhalted cycles
   cCycles: 8405895 # Cycles due to contention stalls
   instrs: 100004112 # Simulated instructions
   uops: 119743038 # Retired micro-ops
   bbls: 21922447 # Basic blocks
   approxInstrs: 220518 # Instrs with approx uop decoding
   mispredBranches: 1067753 # Mispredicted branches
   condBranches: 17172047 # conditional branches
 l1i: # Cache stats
  l1i-0: # Filter cache stats
   fhGETS: 24330267 # Filtered GETS hits
   fhGETX: 0 # Filtered GETX hits
   hGETS: 1891492 # GETS hits
   hGETX: 0 # GETX hits
   mGETS: 678410 # GETS misses
   mGETXIM: 0 # GETX I->M misses
   mGETXSM: 0 # GETX S->M misses (upgrade misses)
   PUTS: 0 # Clean evictions (from lower level)
   PUTX: 0 # Dirty evictions (from lower level)
   INV: 2819 # Invalidates (from upper level)
   INVX: 0 # Downgrades (from upper level)
   FWD: 0 # Forwards (from upper level)
   latGETnl: 8789822 # GET request latency on next level
   latGETnet: 0 # GET request latency on network to next level
 l1d: # Cache stats
  l1d-0: # Filter cache stats
   fhGETS: 22674277 # Filtered GETS hits
   fhGETX: 15955233 # Filtered GETX hits
   hGETS: 1830561 # GETS hits
   hGETX: 986840 # GETX hits
   mGETS: 1515704 # GETS misses
   mGETXIM: 1973873 # GETX I->M misses
   mGETXSM: 0 # GETX S->M misses (upgrade misses)
   PUTS: 0 # Clean evictions (from lower level)
   PUTX: 0 # Dirty evictions (from lower level)
   INV: 9196 # Invalidates (from upper level)
   INVX: 0 # Downgrades (from upper level)
   FWD: 0 # Forwards (from upper level)
   latGETnl: 102227530 # GET request latency on next level
   latGETnet: 0 # GET request latency on network to next level
 l2: # Cache stats
  l2-0: # Cache stats
   hGETS: 1135800 # GETS hits
   hGETX: 1215629 # GETX hits
   mGETS: 1058314 # GETS misses
   mGETXIM: 758244 # GETX I->M misses
   mGETXSM: 0 # GETX S->M misses (upgrade misses)
   PUTS: 1819620 # Clean evictions (from lower level)
   PUTX: 2335330 # Dirty evictions (from lower level)
   INV: 43114 # Invalidates (from upper level)
   INVX: 0 # Downgrades (from upper level)
   FWD: 0 # Forwards (from upper level)
   latGETnl: 69337482 # GET request latency on next level
   latGETnet: 0 # GET request latency on network to next level
 l3: # Cache stats
  l3-0: # Cache stats
   hGETS: 833808 # GETS hits
   hGETX: 696749 # GETX hits
   mGETS: 224506 # GETS misses
   mGETXIM: 61495 # GETX I->M misses
   mGETXSM: 0 # GETX S->M misses (upgrade misses)
   PUTS: 850932 # Clean evictions (from lower level)
   PUTX: 918417 # Dirty evictions (from lower level)
   INV: 0 # Invalidates (from upper level)
   INVX: 0 # Downgrades (from upper level)
   FWD: 0 # Forwards (from upper level)
   latGETnl: 25740090 # GET request latency on next level
   latGETnet: 0 # GET request latency on network to next level
 mem: # Memory controller stats
  mem-0: # Memory controller stats
   rd: 74609 # Read requests
   wr: 20179 # Write requests
   rdlat: 10017724 # Total latency experienced by read requests
   wrlat: 2930636 # Total latency experienced by write requests
   rdhits: 23 # Read row hits
   wrhits: 24 # Write row hits
   mlh: # latency histogram for memory requests
    0: 0
    1: 0
    2: 0
    3: 0
    4: 0
    5: 0
    6: 0
    7: 0
    8: 0
    9: 0
    10: 0
    11: 1
    12: 0
    13: 72144
    14: 626
    15: 444
    16: 213
    17: 66
    18: 48
    19: 70
    20: 55
    21: 58
    22: 48
    23: 40
    24: 52
    25: 45
    26: 29
    27: 31
    28: 31
    29: 29
    30: 35
    31: 65
    32: 35
    33: 38
    34: 29
    35: 42
    36: 40
    37: 49
    38: 44
    39: 46
    40: 38
    41: 50
    42: 40
    43: 11
    44: 3
    45: 5
    46: 4
    47: 1
    48: 2
    49: 0
    50: 1
    51: 0
    52: 1
    53: 0
    54: 0
    55: 0
    56: 0
    57: 0
    58: 0
    59: 0
    60: 0
    61: 0
    62: 0
    63: 0
    64: 0
    65: 0
    66: 0
    67: 0
    68: 0
    69: 0
    70: 0
    71: 0
    72: 0
    73: 0
    74: 0
    75: 0
    76: 0
    77: 0
    78: 0
    79: 0
    80: 0
    81: 0
    82: 0
    83: 0
    84: 0
    85: 0
    86: 0
    87: 0
    88: 0
    89: 0
    90: 0
    91: 0
    92: 0
    93: 0
    94: 0
    95: 0
    96: 0
    97: 0
    98: 0
    99: 0
  mem-1: # Memory controller stats
   rd: 68429 # Read requests
   wr: 19693 # Write requests
   rdlat: 9192544 # Total latency experienced by read requests
   wrlat: 2840701 # Total latency experienced by write requests
   rdhits: 24 # Read row hits
   wrhits: 20 # Write row hits
   mlh: # latency histogram for memory requests
    0: 0
    1: 0
    2: 0
    3: 0
    4: 0
    5: 0
    6: 0
    7: 0
    8: 0
    9: 0
    10: 0
    11: 2
    12: 7
    13: 66093
    14: 570
    15: 463
    16: 212
    17: 52
    18: 45
    19: 52
    20: 55
    21: 40
    22: 31
    23: 33
    24: 51
    25: 48
    26: 40
    27: 33
    28: 42
    29: 25
    30: 42
    31: 33
    32: 36
    33: 39
    34: 45
    35: 42
    36: 36
    37: 48
    38: 49
    39: 33
    40: 37
    41: 37
    42: 37
    43: 13
    44: 0
    45: 3
    46: 1
    47: 3
    48: 1
    49: 0
    50: 0
    51: 0
    52: 0
    53: 0
    54: 0
    55: 0
    56: 0
    57: 0
    58: 0
    59: 0
    60: 0
    61: 0
    62: 0
    63: 0
    64: 0
    65: 0
    66: 0
    67: 0
    68: 0
    69: 0
    70: 0
    71: 0
    72: 0
    73: 0
    74: 0
    75: 0
    76: 0
    77: 0
    78: 0
    79: 0
    80: 0
    81: 0
    82: 0
    83: 0
    84: 0
    85: 0
    86: 0
    87: 0
    88: 0
    89: 0
    90: 0
    91: 0
    92: 0
    93: 0
    94: 0
    95: 0
    96: 0
    97: 0
    98: 0
    99: 0
  mem-2: # Memory controller stats
   rd: 75143 # Read requests
   wr: 20247 # Write requests
   rdlat: 10088375 # Total latency experienced by read requests
   wrlat: 2931388 # Total latency experienced by write requests
   rdhits: 23 # Read row hits
   wrhits: 17 # Write row hits
   mlh: # latency histogram for memory requests
    0: 0
    1: 0
    2: 0
    3: 0
    4: 0
    5: 0
    6: 0
    7: 0
    8: 0
    9: 0
    10: 0
    11: 5
    12: 10
    13: 72737
    14: 549
    15: 464
    16: 205
    17: 56
    18: 46
    19: 53
    20: 58
    21: 45
    22: 37
    23: 42
    24: 52
    25: 42
    26: 43
    27: 40
    28: 36
    29: 50
    30: 28
    31: 38
    32: 50
    33: 62
    34: 36
    35: 51
    36: 43
    37: 41
    38: 34
    39: 40
    40: 43
    41: 40
    42: 44
    43: 13
    44: 4
    45: 3
    46: 3
    47: 0
    48: 0
    49: 0
    50: 0
    51: 0
    52: 0
    53: 0
    54: 0
    55: 0
    56: 0
    57: 0
    58: 0
    59: 0
    60: 0
    61: 0
    62: 0
    63: 0
    64: 0
    65: 0
    66: 0
    67: 0
    68: 0
    69: 0
    70: 0
    71: 0
    72: 0
    73: 0
    74: 0
    75: 0
    76: 0
    77: 0
    78: 0
    79: 0
    80: 0
    81: 0
    82: 0
    83: 0
    84: 0
    85: 0
    86: 0
    87: 0
    88: 0
    89: 0
    90: 0
    91: 0
    92: 0
    93: 0
    94: 0
    95: 0
    96: 0
    97: 0
    98: 0
    99: 0
  mem-3: # Memory controller stats
   rd: 67820 # Read requests
   wr: 19490 # Write requests
   rdlat: 9097113 # Total latency experienced by read requests
   wrlat: 2818421 # Total latency experienced by write requests
   rdhits: 13 # Read row hits
   wrhits: 19 # Write row hits
   mlh: # latency histogram for memory requests
    0: 0
    1: 0
    2: 0
    3: 0
    4: 0
    5: 0
    6: 0
    7: 0
    8: 0
    9: 0
    10: 0
    11: 1
    12: 3
    13: 65613
    14: 559
    15: 474
    16: 196
    17: 45
    18: 45
    19: 35
    20: 35
    21: 31
    22: 44
    23: 33
    24: 45
    25: 27
    26: 37
    27: 29
    28: 37
    29: 35
    30: 30
    31: 34
    32: 44
    33: 35
    34: 45
    35: 34
    36: 29
    37: 39
    38: 44
    39: 40
    40: 28
    41: 35
    42: 33
    43: 15
    44: 2
    45: 1
    46: 4
    47: 2
    48: 1
    49: 1
    50: 0
    51: 0
    52: 0
    53: 0
    54: 0
    55: 0
    56: 0
    57: 0
    58: 0
    59: 0
    60: 0
    61: 0
    62: 0
    63: 0
    64: 0
    65: 0
    66: 0
    67: 0
    68: 0
    69: 0
    70: 0
    71: 0
    72: 0
    73: 0
    74: 0
    75: 0
    76: 0
    77: 0
    78: 0
    79: 0
    80: 0
    81: 0
    82: 0
    83: 0
    84: 0
    85: 0
    86: 0
    87: 0
    88: 0
    89: 0
    90: 0
    91: 0
    92: 0
    93: 0
    94: 0
    95: 0
    96: 0
    97: 0
    98: 0
    99: 0
 sched: # Scheduler stats
  thCr: 1 # Threads created
  thFn: 1 # Threads finished
  schedEvs: 1 # Schedule events
  waitEvs: 0 # Wait events
  handoffEvs: 0 # Handoff events
  sleepEvs: 0 # Sleep events
  idlePhases: 0 # Phases with no thread active
  idlePeriods: 0 # Periods with no thread active
  occHist: # Occupancy histogram
   0: 0
   1: 12342
  rqSzHist: # Run queue size histogram
   0: 12342
   1: 0
   2: 0
   3: 0
   4: 0
   5: 0
   6: 0
   7: 0
   8: 0
   9: 0
   10: 0
   11: 0
   12: 0
   13: 0
   14: 0
   15: 0
   16: 0
 procCycles: # Per-process unhalted core cycles
  0: 123420087
  1: 0
  2: 0
  3: 0
  4: 0
  5: 0
  6: 0
  7: 0
  8: 0
  9: 0
  10: 0
  11: 0
  12: 0
  13: 0
  14: 0
  15: 0
  16: 0
  17: 0
  18: 0
  19: 0
  20: 0
  21: 0
  22: 0
  23: 0
  24: 0
  25: 0
  26: 0
  27: 0
  28: 0
  29: 0
  30: 0
  31: 0
  32: 0
  33: 0
  34: 0
  35: 0
  36: 0
  37: 0
  38: 0
  39: 0
  40: 0
  41: 0
  42: 0
  43: 0
  44: 0
  45: 0
  46: 0
  47: 0
  48: 0
  49: 0
  50: 0
  51: 0
  52: 0
  53: 0
  54: 0
  55: 0
  56: 0
  57: 0
  58: 0
  59: 0
  60: 0
  61: 0
  62: 0
  63: 0
 procInstrs: # Per-process instructions
  0: 100004112
  1: 0
  2: 0
  3: 0
  4: 0
  5: 0
  6: 0
  7: 0
  8: 0
  9: 0
  10: 0
  11: 0
  12: 0
  13: 0
  14: 0
  15: 0
  16: 0
  17: 0
  18: 0
  19: 0
  20: 0
  21: 0
  22: 0
  23: 0
  24: 0
  25: 0
  26: 0
  27: 0
  28: 0
  29: 0
  30: 0
  31: 0
  32: 0
  33: 0
  34: 0
  35: 0
  36: 0
  37: 0
  38: 0
  39: 0
  40: 0
  41: 0
  42: 0
  43: 0
  44: 0
  45: 0
  46: 0
  47: 0
  48: 0
  49: 0
  50: 0
  51: 0
  52: 0
  53: 0
  54: 0
  55: 0
  56: 0
  57: 0
  58: 0
  59: 0
  60: 0
  61: 0
  62: 0
  63: 0
 heartbeats: # Per-process heartbeats
  0: 0
  1: 0
  2: 0
  3: 0
  4: 0
  5: 0
  6: 0
  7: 0
  8: 0
  9: 0
  10: 0
  11: 0
  12: 0
  13: 0
  14: 0
  15: 0
  16: 0
  17: 0
  18: 0
  19: 0
  20: 0
  21: 0
  22: 0
  23: 0
  24: 0
  25: 0
  26: 0
  27: 0
  28: 0
  29: 0
  30: 0
  31: 0
  32: 0
  33: 0
  34: 0
  35: 0
  36: 0
  37: 0
  38: 0
  39: 0
  40: 0
  41: 0
  42: 0
  43: 0
  44: 0
  45: 0
  46: 0
  47: 0
  48: 0
  49: 0
  50: 0
  51: 0
  52: 0
  53: 0
  54: 0
  55: 0
  56: 0
  57: 0
  58: 0
  59: 0
  60: 0
  61: 0
  62: 0
  63: 0
===
