# zsim stats
===
root: # Stats
 contention: # Contention simulation stats
  domain-0: # Domain stats
   time: 22211603799 # Weave simulation time
 time: # Simulator time breakdown
  init: 507211775
  bound: 96195999753
  weave: 24028483772
  ff: 0
 trigger: 20000 # Reason for this stats dump
 phase: 90235 # Simulated phases
 westmere: # Core stats
  westmere-0: # Core stats
   cycles: 891538721 # Simulated unhalted cycles
   cCycles: 119520064 # Cycles due to contention stalls
   instrs: 732999305 # Simulated instructions
   uops: 885119992 # Retired micro-ops
   bbls: 61422874 # Basic blocks
   approxInstrs: 80162 # Instrs with approx uop decoding
   mispredBranches: 258721 # Mispredicted branches
   condBranches: 41157788 # conditional branches
  westmere-1: # Core stats
   cycles: 832017458 # Simulated unhalted cycles
   cCycles: 112002283 # Cycles due to contention stalls
   instrs: 619459089 # Simulated instructions
   uops: 736498863 # Retired micro-ops
   bbls: 43369728 # Basic blocks
   approxInstrs: 10834 # Instrs with approx uop decoding
   mispredBranches: 255783 # Mispredicted branches
   condBranches: 35001541 # conditional branches
  westmere-2: # Core stats
   cycles: 822860325 # Simulated unhalted cycles
   cCycles: 115477393 # Cycles due to contention stalls
   instrs: 602976500 # Simulated instructions
   uops: 717262775 # Retired micro-ops
   bbls: 40505863 # Basic blocks
   approxInstrs: 79922 # Instrs with approx uop decoding
   mispredBranches: 255208 # Mispredicted branches
   condBranches: 32825602 # conditional branches
  westmere-3: # Core stats
   cycles: 821512731 # Simulated unhalted cycles
   cCycles: 115235827 # Cycles due to contention stalls
   instrs: 606728121 # Simulated instructions
   uops: 720988532 # Retired micro-ops
   bbls: 41338975 # Basic blocks
   approxInstrs: 80149 # Instrs with approx uop decoding
   mispredBranches: 262575 # Mispredicted branches
   condBranches: 33669218 # conditional branches
  westmere-4: # Core stats
   cycles: 822997697 # Simulated unhalted cycles
   cCycles: 116210253 # Cycles due to contention stalls
   instrs: 604406965 # Simulated instructions
   uops: 718693816 # Retired micro-ops
   bbls: 40825417 # Basic blocks
   approxInstrs: 79883 # Instrs with approx uop decoding
   mispredBranches: 258688 # Mispredicted branches
   condBranches: 33148240 # conditional branches
  westmere-5: # Core stats
   cycles: 822840407 # Simulated unhalted cycles
   cCycles: 115154121 # Cycles due to contention stalls
   instrs: 606169880 # Simulated instructions
   uops: 720479243 # Retired micro-ops
   bbls: 41217958 # Basic blocks
   approxInstrs: 79900 # Instrs with approx uop decoding
   mispredBranches: 255027 # Mispredicted branches
   condBranches: 33534120 # conditional branches
  westmere-6: # Core stats
   cycles: 822976633 # Simulated unhalted cycles
   cCycles: 115947499 # Cycles due to contention stalls
   instrs: 600225118 # Simulated instructions
   uops: 714502963 # Retired micro-ops
   bbls: 39895296 # Basic blocks
   approxInstrs: 80043 # Instrs with approx uop decoding
   mispredBranches: 258194 # Mispredicted branches
   condBranches: 32218641 # conditional branches
  westmere-7: # Core stats
   cycles: 823069757 # Simulated unhalted cycles
   cCycles: 112250106 # Cycles due to contention stalls
   instrs: 627049359 # Simulated instructions
   uops: 741361557 # Retired micro-ops
   bbls: 45857817 # Basic blocks
   approxInstrs: 79783 # Instrs with approx uop decoding
   mispredBranches: 255239 # Mispredicted branches
   condBranches: 38174070 # conditional branches
 l1i: # Cache stats
  l1i-0: # Filter cache stats
   fhGETS: 96331578 # Filtered GETS hits
   fhGETX: 0 # Filtered GETX hits
   hGETS: 7070 # GETS hits
   hGETX: 0 # GETX hits
   mGETS: 41992 # GETS misses
   mGETXIM: 0 # GETX I->M misses
   mGETXSM: 0 # GETX S->M misses (upgrade misses)
   PUTS: 0 # Clean evictions (from lower level)
   PUTX: 0 # Dirty evictions (from lower level)
   INV: 41871 # Invalidates (from upper level)
   INVX: 0 # Downgrades (from upper level)
   FWD: 0 # Forwards (from upper level)
   latGETnl: 1971148 # GET request latency on next level
   latGETnet: 0 # GET request latency on network to next level
  l1i-1: # Filter cache stats
   fhGETS: 78306438 # Filtered GETS hits
   fhGETX: 0 # Filtered GETX hits
   hGETS: 13805 # GETS hits
   hGETX: 0 # GETX hits
   mGETS: 57441 # GETS misses
   mGETXIM: 0 # GETX I->M misses
   mGETXSM: 0 # GETX S->M misses (upgrade misses)
   PUTS: 0 # Clean evictions (from lower level)
   PUTX: 0 # Dirty evictions (from lower level)
   INV: 57288 # Invalidates (from upper level)
   INVX: 0 # Downgrades (from upper level)
   FWD: 0 # Forwards (from upper level)
   latGETnl: 3951624 # GET request latency on next level
   latGETnet: 0 # GET request latency on network to next level
  l1i-2: # Filter cache stats
   fhGETS: 75390411 # Filtered GETS hits
   fhGETX: 0 # Filtered GETX hits
   hGETS: 6998 # GETS hits
   hGETX: 0 # GETX hits
   mGETS: 41723 # GETS misses
   mGETXIM: 0 # GETX I->M misses
   mGETXSM: 0 # GETX S->M misses (upgrade misses)
   PUTS: 0 # Clean evictions (from lower level)
   PUTX: 0 # Dirty evictions (from lower level)
   INV: 41622 # Invalidates (from upper level)
   INVX: 0 # Downgrades (from upper level)
   FWD: 0 # Forwards (from upper level)
   latGETnl: 1975772 # GET request latency on next level
   latGETnet: 0 # GET request latency on network to next level
  l1i-3: # Filter cache stats
   fhGETS: 76260631 # Filtered GETS hits
   fhGETX: 0 # Filtered GETX hits
   hGETS: 6913 # GETS hits
   hGETX: 0 # GETX hits
   mGETS: 42022 # GETS misses
   mGETXIM: 0 # GETX I->M misses
   mGETXSM: 0 # GETX S->M misses (upgrade misses)
   PUTS: 0 # Clean evictions (from lower level)
   PUTX: 0 # Dirty evictions (from lower level)
   INV: 41920 # Invalidates (from upper level)
   INVX: 0 # Downgrades (from upper level)
   FWD: 0 # Forwards (from upper level)
   latGETnl: 1989538 # GET request latency on next level
   latGETnet: 0 # GET request latency on network to next level
  l1i-4: # Filter cache stats
   fhGETS: 75729033 # Filtered GETS hits
   fhGETX: 0 # Filtered GETX hits
   hGETS: 6619 # GETS hits
   hGETX: 0 # GETX hits
   mGETS: 41553 # GETS misses
   mGETXIM: 0 # GETX I->M misses
   mGETXSM: 0 # GETX S->M misses (upgrade misses)
   PUTS: 0 # Clean evictions (from lower level)
   PUTX: 0 # Dirty evictions (from lower level)
   INV: 41449 # Invalidates (from upper level)
   INVX: 0 # Downgrades (from upper level)
   FWD: 0 # Forwards (from upper level)
   latGETnl: 1851822 # GET request latency on next level
   latGETnet: 0 # GET request latency on network to next level
  l1i-5: # Filter cache stats
   fhGETS: 76103828 # Filtered GETS hits
   fhGETX: 0 # Filtered GETX hits
   hGETS: 6534 # GETS hits
   hGETX: 0 # GETX hits
   mGETS: 41522 # GETS misses
   mGETXIM: 0 # GETX I->M misses
   mGETXSM: 0 # GETX S->M misses (upgrade misses)
   PUTS: 0 # Clean evictions (from lower level)
   PUTX: 0 # Dirty evictions (from lower level)
   INV: 41416 # Invalidates (from upper level)
   INVX: 0 # Downgrades (from upper level)
   FWD: 0 # Forwards (from upper level)
   latGETnl: 1876598 # GET request latency on next level
   latGETnet: 0 # GET request latency on network to next level
  l1i-6: # Filter cache stats
   fhGETS: 74796417 # Filtered GETS hits
   fhGETX: 0 # Filtered GETX hits
   hGETS: 6618 # GETS hits
   hGETX: 0 # GETX hits
   mGETS: 41540 # GETS misses
   mGETXIM: 0 # GETX I->M misses
   mGETXSM: 0 # GETX S->M misses (upgrade misses)
   PUTS: 0 # Clean evictions (from lower level)
   PUTX: 0 # Dirty evictions (from lower level)
   INV: 41436 # Invalidates (from upper level)
   INVX: 0 # Downgrades (from upper level)
   FWD: 0 # Forwards (from upper level)
   latGETnl: 1894580 # GET request latency on next level
   latGETnet: 0 # GET request latency on network to next level
  l1i-7: # Filter cache stats
   fhGETS: 80743793 # Filtered GETS hits
   fhGETX: 0 # Filtered GETX hits
   hGETS: 6743 # GETS hits
   hGETX: 0 # GETX hits
   mGETS: 41604 # GETS misses
   mGETXIM: 0 # GETX I->M misses
   mGETXSM: 0 # GETX S->M misses (upgrade misses)
   PUTS: 0 # Clean evictions (from lower level)
   PUTX: 0 # Dirty evictions (from lower level)
   INV: 41501 # Invalidates (from upper level)
   INVX: 0 # Downgrades (from upper level)
   FWD: 0 # Forwards (from upper level)
   latGETnl: 1868946 # GET request latency on next level
   latGETnet: 0 # GET request latency on network to next level
 l1d: # Cache stats
  l1d-0: # Filter cache stats
   fhGETS: 257808829 # Filtered GETS hits
   fhGETX: 28616939 # Filtered GETX hits
   hGETS: 29758050 # GETS hits
   hGETX: 388033 # GETX hits
   mGETS: 8766367 # GETS misses
   mGETXIM: 185038 # GETX I->M misses
   mGETXSM: 513885 # GETX S->M misses (upgrade misses)
   PUTS: 0 # Clean evictions (from lower level)
   PUTX: 0 # Dirty evictions (from lower level)
   INV: 589390 # Invalidates (from upper level)
   INVX: 528784 # Downgrades (from upper level)
   FWD: 0 # Forwards (from upper level)
   latGETnl: 744449896 # GET request latency on next level
   latGETnet: 0 # GET request latency on network to next level
  l1d-1: # Filter cache stats
   fhGETS: 225618094 # Filtered GETS hits
   fhGETX: 8356396 # Filtered GETX hits
   hGETS: 29591769 # GETS hits
   hGETX: 254249 # GETX hits
   mGETS: 8889704 # GETS misses
   mGETXIM: 43535 # GETX I->M misses
   mGETXSM: 528338 # GETX S->M misses (upgrade misses)
   PUTS: 0 # Clean evictions (from lower level)
   PUTX: 0 # Dirty evictions (from lower level)
   INV: 583639 # Invalidates (from upper level)
   INVX: 523686 # Downgrades (from upper level)
   FWD: 0 # Forwards (from upper level)
   latGETnl: 712186149 # GET request latency on next level
   latGETnet: 0 # GET request latency on network to next level
  l1d-2: # Filter cache stats
   fhGETS: 221019177 # Filtered GETS hits
   fhGETX: 5988642 # Filtered GETX hits
   hGETS: 29071915 # GETS hits
   hGETX: 149196 # GETX hits
   mGETS: 8757199 # GETS misses
   mGETXIM: 44211 # GETX I->M misses
   mGETXSM: 513171 # GETX S->M misses (upgrade misses)
   PUTS: 0 # Clean evictions (from lower level)
   PUTX: 0 # Dirty evictions (from lower level)
   INV: 588041 # Invalidates (from upper level)
   INVX: 528863 # Downgrades (from upper level)
   FWD: 0 # Forwards (from upper level)
   latGETnl: 729810181 # GET request latency on next level
   latGETnet: 0 # GET request latency on network to next level
  l1d-3: # Filter cache stats
   fhGETS: 221986682 # Filtered GETS hits
   fhGETX: 6418877 # Filtered GETX hits
   hGETS: 29357894 # GETS hits
   hGETX: 145804 # GETX hits
   mGETS: 8747338 # GETS misses
   mGETXIM: 43023 # GETX I->M misses
   mGETXSM: 506745 # GETX S->M misses (upgrade misses)
   PUTS: 0 # Clean evictions (from lower level)
   PUTX: 0 # Dirty evictions (from lower level)
   INV: 583538 # Invalidates (from upper level)
   INVX: 521366 # Downgrades (from upper level)
   FWD: 0 # Forwards (from upper level)
   latGETnl: 728722505 # GET request latency on next level
   latGETnet: 0 # GET request latency on network to next level
  l1d-4: # Filter cache stats
   fhGETS: 221433206 # Filtered GETS hits
   fhGETX: 6153055 # Filtered GETX hits
   hGETS: 29140110 # GETS hits
   hGETX: 155505 # GETX hits
   mGETS: 8744517 # GETS misses
   mGETXIM: 42578 # GETX I->M misses
   mGETXSM: 508230 # GETX S->M misses (upgrade misses)
   PUTS: 0 # Clean evictions (from lower level)
   PUTX: 0 # Dirty evictions (from lower level)
   INV: 579796 # Invalidates (from upper level)
   INVX: 518332 # Downgrades (from upper level)
   FWD: 0 # Forwards (from upper level)
   latGETnl: 732396424 # GET request latency on next level
   latGETnet: 0 # GET request latency on network to next level
  l1d-5: # Filter cache stats
   fhGETS: 221781907 # Filtered GETS hits
   fhGETX: 6357601 # Filtered GETX hits
   hGETS: 29374378 # GETS hits
   hGETX: 142717 # GETX hits
   mGETS: 8750209 # GETS misses
   mGETXIM: 42973 # GETX I->M misses
   mGETXSM: 513471 # GETX S->M misses (upgrade misses)
   PUTS: 0 # Clean evictions (from lower level)
   PUTX: 0 # Dirty evictions (from lower level)
   INV: 586314 # Invalidates (from upper level)
   INVX: 529706 # Downgrades (from upper level)
   FWD: 0 # Forwards (from upper level)
   latGETnl: 727825754 # GET request latency on next level
   latGETnet: 0 # GET request latency on network to next level
  l1d-6: # Filter cache stats
   fhGETS: 220075128 # Filtered GETS hits
   fhGETX: 5685677 # Filtered GETX hits
   hGETS: 29102513 # GETS hits
   hGETX: 150669 # GETX hits
   mGETS: 8749469 # GETS misses
   mGETXIM: 42360 # GETX I->M misses
   mGETXSM: 513959 # GETX S->M misses (upgrade misses)
   PUTS: 0 # Clean evictions (from lower level)
   PUTX: 0 # Dirty evictions (from lower level)
   INV: 584032 # Invalidates (from upper level)
   INVX: 525245 # Downgrades (from upper level)
   FWD: 0 # Forwards (from upper level)
   latGETnl: 731630449 # GET request latency on next level
   latGETnet: 0 # GET request latency on network to next level
  l1d-7: # Filter cache stats
   fhGETS: 229071088 # Filtered GETS hits
   fhGETX: 8670536 # Filtered GETX hits
   hGETS: 29040822 # GETS hits
   hGETX: 147537 # GETX hits
   mGETS: 8752186 # GETS misses
   mGETXIM: 41911 # GETX I->M misses
   mGETXSM: 517684 # GETX S->M misses (upgrade misses)
   PUTS: 0 # Clean evictions (from lower level)
   PUTX: 0 # Dirty evictions (from lower level)
   INV: 583517 # Invalidates (from upper level)
   INVX: 527624 # Downgrades (from upper level)
   FWD: 0 # Forwards (from upper level)
   latGETnl: 716851106 # GET request latency on next level
   latGETnet: 0 # GET request latency on network to next level
 l2: # Cache stats
  l2-0: # Cache stats
   hGETS: 22825 # GETS hits
   hGETX: 2996 # GETX hits
   mGETS: 8785534 # GETS misses
   mGETXIM: 186358 # GETX I->M misses
   mGETXSM: 509569 # GETX S->M misses (upgrade misses)
   PUTS: 8186749 # Clean evictions (from lower level)
   PUTX: 190905 # Dirty evictions (from lower level)
   INV: 651977 # Invalidates (from upper level)
   INVX: 693241 # Downgrades (from upper level)
   FWD: 0 # Forwards (from upper level)
   latGETnl: 651348224 # GET request latency on next level
   latGETnet: 0 # GET request latency on network to next level
  l2-1: # Cache stats
   hGETS: 66341 # GETS hits
   hGETX: 4174 # GETX hits
   mGETS: 8880804 # GETS misses
   mGETXIM: 43392 # GETX I->M misses
   mGETXSM: 524307 # GETX S->M misses (upgrade misses)
   PUTS: 8239399 # Clean evictions (from lower level)
   PUTX: 125736 # Dirty evictions (from lower level)
   INV: 668179 # Invalidates (from upper level)
   INVX: 678409 # Downgrades (from upper level)
   FWD: 0 # Forwards (from upper level)
   latGETnl: 620947593 # GET request latency on next level
   latGETnet: 0 # GET request latency on network to next level
  l2-2: # Cache stats
   hGETS: 24749 # GETS hits
   hGETX: 2923 # GETX hits
   mGETS: 8774173 # GETS misses
   mGETXIM: 45532 # GETX I->M misses
   mGETXSM: 508927 # GETX S->M misses (upgrade misses)
   PUTS: 8188423 # Clean evictions (from lower level)
   PUTX: 42149 # Dirty evictions (from lower level)
   INV: 650551 # Invalidates (from upper level)
   INVX: 701785 # Downgrades (from upper level)
   FWD: 0 # Forwards (from upper level)
   latGETnl: 638222913 # GET request latency on next level
   latGETnet: 0 # GET request latency on network to next level
  l2-3: # Cache stats
   hGETS: 25938 # GETS hits
   hGETX: 4056 # GETX hits
   mGETS: 8763422 # GETS misses
   mGETXIM: 42822 # GETX I->M misses
   mGETXSM: 502890 # GETX S->M misses (upgrade misses)
   PUTS: 8182570 # Clean evictions (from lower level)
   PUTX: 42178 # Dirty evictions (from lower level)
   INV: 660409 # Invalidates (from upper level)
   INVX: 674676 # Downgrades (from upper level)
   FWD: 0 # Forwards (from upper level)
   latGETnl: 637320763 # GET request latency on next level
   latGETnet: 0 # GET request latency on network to next level
  l2-4: # Cache stats
   hGETS: 18895 # GETS hits
   hGETX: 4895 # GETX hits
   mGETS: 8767175 # GETS misses
   mGETXIM: 41638 # GETX I->M misses
   mGETXSM: 504275 # GETX S->M misses (upgrade misses)
   PUTS: 8184432 # Clean evictions (from lower level)
   PUTX: 42085 # Dirty evictions (from lower level)
   INV: 638811 # Invalidates (from upper level)
   INVX: 677819 # Downgrades (from upper level)
   FWD: 0 # Forwards (from upper level)
   latGETnl: 640879466 # GET request latency on next level
   latGETnet: 0 # GET request latency on network to next level
  l2-5: # Cache stats
   hGETS: 25637 # GETS hits
   hGETX: 5144 # GETX hits
   mGETS: 8766094 # GETS misses
   mGETXIM: 41910 # GETX I->M misses
   mGETXSM: 509390 # GETX S->M misses (upgrade misses)
   PUTS: 8184999 # Clean evictions (from lower level)
   PUTX: 42244 # Dirty evictions (from lower level)
   INV: 649264 # Invalidates (from upper level)
   INVX: 695910 # Downgrades (from upper level)
   FWD: 0 # Forwards (from upper level)
   latGETnl: 636220602 # GET request latency on next level
   latGETnet: 0 # GET request latency on network to next level
  l2-6: # Cache stats
   hGETS: 26577 # GETS hits
   hGETX: 2977 # GETX hits
   mGETS: 8764432 # GETS misses
   mGETXIM: 43349 # GETX I->M misses
   mGETXSM: 509993 # GETX S->M misses (upgrade misses)
   PUTS: 8186274 # Clean evictions (from lower level)
   PUTX: 42387 # Dirty evictions (from lower level)
   INV: 648846 # Invalidates (from upper level)
   INVX: 688301 # Downgrades (from upper level)
   FWD: 0 # Forwards (from upper level)
   latGETnl: 640051749 # GET request latency on next level
   latGETnet: 0 # GET request latency on network to next level
  l2-7: # Cache stats
   hGETS: 24294 # GETS hits
   hGETX: 5582 # GETX hits
   mGETS: 8769496 # GETS misses
   mGETXIM: 40134 # GETX I->M misses
   mGETXSM: 513879 # GETX S->M misses (upgrade misses)
   PUTS: 8190130 # Clean evictions (from lower level)
   PUTX: 42602 # Dirty evictions (from lower level)
   INV: 643833 # Invalidates (from upper level)
   INVX: 689523 # Downgrades (from upper level)
   FWD: 0 # Forwards (from upper level)
   latGETnl: 625186202 # GET request latency on next level
   latGETnet: 0 # GET request latency on network to next level
 l3: # Cache stats
  l3-0b0: # Cache stats
   hGETS: 2916405 # GETS hits
   hGETX: 16346 # GETX hits
   mGETS: 4675962 # GETS misses
   mGETXIM: 24758 # GETX I->M misses
   mGETXSM: 0 # GETX S->M misses (upgrade misses)
   PUTS: 7465790 # Clean evictions (from lower level)
   PUTX: 59981 # Dirty evictions (from lower level)
   INV: 0 # Invalidates (from upper level)
   INVX: 0 # Downgrades (from upper level)
   FWD: 0 # Forwards (from upper level)
   latGETnl: 423064800 # GET request latency on next level
   latGETnet: 0 # GET request latency on network to next level
  l3-0b1: # Cache stats
   hGETS: 2690862 # GETS hits
   hGETX: 23394 # GETX hits
   mGETS: 4730842 # GETS misses
   mGETXIM: 23139 # GETX I->M misses
   mGETXSM: 0 # GETX S->M misses (upgrade misses)
   PUTS: 7297905 # Clean evictions (from lower level)
   PUTX: 63556 # Dirty evictions (from lower level)
   INV: 0 # Invalidates (from upper level)
   INVX: 0 # Downgrades (from upper level)
   FWD: 0 # Forwards (from upper level)
   latGETnl: 427858290 # GET request latency on next level
   latGETnet: 0 # GET request latency on network to next level
  l3-0b2: # Cache stats
   hGETS: 3979250 # GETS hits
   hGETX: 1403333 # GETX hits
   mGETS: 4727784 # GETS misses
   mGETXIM: 24913 # GETX I->M misses
   mGETXSM: 0 # GETX S->M misses (upgrade misses)
   PUTS: 7297131 # Clean evictions (from lower level)
   PUTX: 60154 # Dirty evictions (from lower level)
   INV: 0 # Invalidates (from upper level)
   INVX: 0 # Downgrades (from upper level)
   FWD: 0 # Forwards (from upper level)
   latGETnl: 427742730 # GET request latency on next level
   latGETnet: 0 # GET request latency on network to next level
  l3-0b3: # Cache stats
   hGETS: 3674122 # GETS hits
   hGETX: 997921 # GETX hits
   mGETS: 4737811 # GETS misses
   mGETXIM: 25093 # GETX I->M misses
   mGETXSM: 0 # GETX S->M misses (upgrade misses)
   PUTS: 7300460 # Clean evictions (from lower level)
   PUTX: 59777 # Dirty evictions (from lower level)
   INV: 0 # Invalidates (from upper level)
   INVX: 0 # Downgrades (from upper level)
   FWD: 0 # Forwards (from upper level)
   latGETnl: 428661360 # GET request latency on next level
   latGETnet: 0 # GET request latency on network to next level
  l3-0b4: # Cache stats
   hGETS: 3661073 # GETS hits
   hGETX: 948936 # GETX hits
   mGETS: 4726924 # GETS misses
   mGETXIM: 24358 # GETX I->M misses
   mGETXSM: 0 # GETX S->M misses (upgrade misses)
   PUTS: 7297895 # Clean evictions (from lower level)
   PUTX: 61128 # Dirty evictions (from lower level)
   INV: 0 # Invalidates (from upper level)
   INVX: 0 # Downgrades (from upper level)
   FWD: 0 # Forwards (from upper level)
   latGETnl: 427615380 # GET request latency on next level
   latGETnet: 0 # GET request latency on network to next level
  l3-0b5: # Cache stats
   hGETS: 3623257 # GETS hits
   hGETX: 946704 # GETX hits
   mGETS: 4736990 # GETS misses
   mGETXIM: 24490 # GETX I->M misses
   mGETXSM: 0 # GETX S->M misses (upgrade misses)
   PUTS: 7297541 # Clean evictions (from lower level)
   PUTX: 60021 # Dirty evictions (from lower level)
   INV: 0 # Invalidates (from upper level)
   INVX: 0 # Downgrades (from upper level)
   FWD: 0 # Forwards (from upper level)
   latGETnl: 428533200 # GET request latency on next level
   latGETnet: 0 # GET request latency on network to next level
  l3-0b6: # Cache stats
   hGETS: 7151189 # GETS hits
   hGETX: 17945 # GETX hits
   mGETS: 3469809 # GETS misses
   mGETXIM: 24638 # GETX I->M misses
   mGETXSM: 0 # GETX S->M misses (upgrade misses)
   PUTS: 10519659 # Clean evictions (from lower level)
   PUTX: 60828 # Dirty evictions (from lower level)
   INV: 0 # Invalidates (from upper level)
   INVX: 0 # Downgrades (from upper level)
   FWD: 0 # Forwards (from upper level)
   latGETnl: 314500230 # GET request latency on next level
   latGETnet: 0 # GET request latency on network to next level
  l3-0b7: # Cache stats
   hGETS: 7347470 # GETS hits
   hGETX: 18056 # GETX hits
   mGETS: 3421380 # GETS misses
   mGETXIM: 24341 # GETX I->M misses
   mGETXSM: 0 # GETX S->M misses (upgrade misses)
   PUTS: 10670342 # Clean evictions (from lower level)
   PUTX: 60245 # Dirty evictions (from lower level)
   INV: 0 # Invalidates (from upper level)
   INVX: 0 # Downgrades (from upper level)
   FWD: 0 # Forwards (from upper level)
   latGETnl: 310114890 # GET request latency on next level
   latGETnet: 0 # GET request latency on network to next level
 mem: # Memory controller stats
  mem-0: # Memory controller stats
   rd: 6209869 # Read requests
   wr: 60203 # Write requests
   rdlat: 842123865 # Total latency experienced by read requests
   wrlat: 9145023 # Total latency experienced by write requests
   rdhits: 49563 # Read row hits
   wrhits: 150 # Write row hits
   mlh: # latency histogram for memory requests
    0: 0
    1: 0
    2: 0
    3: 0
    4: 0
    5: 0
    6: 0
    7: 0
    8: 0
    9: 0
    10: 0
    11: 5742
    12: 8003
    13: 5829189
    14: 199598
    15: 16877
    16: 9706
    17: 12348
    18: 10903
    19: 9847
    20: 8297
    21: 7784
    22: 5592
    23: 6611
    24: 6972
    25: 4770
    26: 3421
    27: 3415
    28: 3760
    29: 3704
    30: 3636
    31: 3200
    32: 4016
    33: 3859
    34: 3579
    35: 3527
    36: 3741
    37: 4110
    38: 3737
    39: 3867
    40: 3336
    41: 3901
    42: 3811
    43: 2069
    44: 847
    45: 763
    46: 571
    47: 476
    48: 144
    49: 33
    50: 35
    51: 24
    52: 11
    53: 20
    54: 12
    55: 2
    56: 2
    57: 1
    58: 0
    59: 0
    60: 0
    61: 0
    62: 0
    63: 0
    64: 0
    65: 0
    66: 0
    67: 0
    68: 0
    69: 0
    70: 0
    71: 0
    72: 0
    73: 0
    74: 0
    75: 0
    76: 0
    77: 0
    78: 0
    79: 0
    80: 0
    81: 0
    82: 0
    83: 0
    84: 0
    85: 0
    86: 0
    87: 0
    88: 0
    89: 0
    90: 0
    91: 0
    92: 0
    93: 0
    94: 0
    95: 0
    96: 0
    97: 0
    98: 0
    99: 0
  mem-1: # Memory controller stats
   rd: 10064277 # Read requests
   wr: 63884 # Write requests
   rdlat: 1375953939 # Total latency experienced by read requests
   wrlat: 10499328 # Total latency experienced by write requests
   rdhits: 108942 # Read row hits
   wrhits: 209 # Write row hits
   mlh: # latency histogram for memory requests
    0: 0
    1: 0
    2: 0
    3: 0
    4: 0
    5: 0
    6: 0
    7: 0
    8: 0
    9: 0
    10: 0
    11: 16020
    12: 20549
    13: 8958845
    14: 662482
    15: 70568
    16: 31586
    17: 35691
    18: 28174
    19: 25642
    20: 23905
    21: 24184
    22: 11267
    23: 15834
    24: 11137
    25: 7797
    26: 5513
    27: 5447
    28: 6259
    29: 6210
    30: 6393
    31: 6107
    32: 6724
    33: 6448
    34: 6356
    35: 6379
    36: 6396
    37: 7143
    38: 6493
    39: 6437
    40: 6157
    41: 6555
    42: 6491
    43: 4252
    44: 2544
    45: 2237
    46: 1877
    47: 1152
    48: 566
    49: 138
    50: 110
    51: 69
    52: 40
    53: 34
    54: 29
    55: 21
    56: 8
    57: 8
    58: 1
    59: 1
    60: 0
    61: 1
    62: 0
    63: 0
    64: 0
    65: 0
    66: 0
    67: 0
    68: 0
    69: 0
    70: 0
    71: 0
    72: 0
    73: 0
    74: 0
    75: 0
    76: 0
    77: 0
    78: 0
    79: 0
    80: 0
    81: 0
    82: 0
    83: 0
    84: 0
    85: 0
    86: 0
    87: 0
    88: 0
    89: 0
    90: 0
    91: 0
    92: 0
    93: 0
    94: 0
    95: 0
    96: 0
    97: 0
    98: 0
    99: 0
  mem-2: # Memory controller stats
   rd: 9571049 # Read requests
   wr: 65668 # Write requests
   rdlat: 1305056132 # Total latency experienced by read requests
   wrlat: 10409463 # Total latency experienced by write requests
   rdhits: 93906 # Read row hits
   wrhits: 183 # Write row hits
   mlh: # latency histogram for memory requests
    0: 0
    1: 0
    2: 0
    3: 0
    4: 0
    5: 0
    6: 0
    7: 0
    8: 0
    9: 0
    10: 0
    11: 13004
    12: 18292
    13: 8634048
    14: 567295
    15: 57382
    16: 26319
    17: 22884
    18: 22133
    19: 21374
    20: 21615
    21: 20804
    22: 9156
    23: 9248
    24: 9316
    25: 7020
    26: 4800
    27: 4762
    28: 5434
    29: 5696
    30: 5867
    31: 5699
    32: 6288
    33: 6160
    34: 6209
    35: 6054
    36: 5924
    37: 6300
    38: 6164
    39: 6299
    40: 5857
    41: 6522
    42: 6058
    43: 3941
    44: 2249
    45: 1755
    46: 1384
    47: 1000
    48: 467
    49: 85
    50: 50
    51: 43
    52: 35
    53: 15
    54: 19
    55: 12
    56: 7
    57: 3
    58: 0
    59: 0
    60: 0
    61: 1
    62: 0
    63: 0
    64: 0
    65: 0
    66: 0
    67: 0
    68: 0
    69: 0
    70: 0
    71: 0
    72: 0
    73: 0
    74: 0
    75: 0
    76: 0
    77: 0
    78: 0
    79: 0
    80: 0
    81: 0
    82: 0
    83: 0
    84: 0
    85: 0
    86: 0
    87: 0
    88: 0
    89: 0
    90: 0
    91: 0
    92: 0
    93: 0
    94: 0
    95: 0
    96: 0
    97: 0
    98: 0
    99: 0
  mem-3: # Memory controller stats
   rd: 9577944 # Read requests
   wr: 65244 # Write requests
   rdlat: 1301645534 # Total latency experienced by read requests
   wrlat: 10339562 # Total latency experienced by write requests
   rdhits: 93765 # Read row hits
   wrhits: 199 # Write row hits
   mlh: # latency histogram for memory requests
    0: 0
    1: 0
    2: 0
    3: 0
    4: 0
    5: 0
    6: 0
    7: 0
    8: 0
    9: 0
    10: 0
    11: 10127
    12: 13730
    13: 8985153
    14: 321975
    15: 21806
    16: 12901
    17: 11266
    18: 10526
    19: 12182
    20: 12753
    21: 13895
    22: 9165
    23: 10808
    24: 10384
    25: 8177
    26: 5187
    27: 5260
    28: 6110
    29: 6488
    30: 5954
    31: 5254
    32: 6530
    33: 6398
    34: 6352
    35: 5552
    36: 5932
    37: 6604
    38: 6227
    39: 6383
    40: 5330
    41: 6349
    42: 6276
    43: 4056
    44: 2103
    45: 1812
    46: 1355
    47: 1121
    48: 257
    49: 45
    50: 41
    51: 35
    52: 32
    53: 18
    54: 11
    55: 8
    56: 9
    57: 2
    58: 3
    59: 1
    60: 1
    61: 0
    62: 0
    63: 0
    64: 0
    65: 0
    66: 0
    67: 0
    68: 0
    69: 0
    70: 0
    71: 0
    72: 0
    73: 0
    74: 0
    75: 0
    76: 0
    77: 0
    78: 0
    79: 0
    80: 0
    81: 0
    82: 0
    83: 0
    84: 0
    85: 0
    86: 0
    87: 0
    88: 0
    89: 0
    90: 0
    91: 0
    92: 0
    93: 0
    94: 0
    95: 0
    96: 0
    97: 0
    98: 0
    99: 0
 sched: # Scheduler stats
  thCr: 9 # Threads created
  thFn: 0 # Threads finished
  schedEvs: 9 # Schedule events
  waitEvs: 1 # Wait events
  handoffEvs: 0 # Handoff events
  sleepEvs: 0 # Sleep events
  idlePhases: 0 # Phases with no thread active
  idlePeriods: 0 # Periods with no thread active
  occHist: # Occupancy histogram
   0: 0
   1: 6876
   2: 0
   3: 1
   4: 0
   5: 0
   6: 0
   7: 0
   8: 83358
  rqSzHist: # Run queue size histogram
   0: 90235
   1: 0
   2: 0
   3: 0
   4: 0
   5: 0
   6: 0
   7: 0
   8: 0
   9: 0
   10: 0
   11: 0
   12: 0
   13: 0
   14: 0
   15: 0
   16: 0
 procCycles: # Per-process unhalted core cycles
  0: 6659813729
  1: 0
  2: 0
  3: 0
  4: 0
  5: 0
  6: 0
  7: 0
  8: 0
  9: 0
  10: 0
  11: 0
  12: 0
  13: 0
  14: 0
  15: 0
  16: 0
  17: 0
  18: 0
  19: 0
  20: 0
  21: 0
  22: 0
  23: 0
  24: 0
  25: 0
  26: 0
  27: 0
  28: 0
  29: 0
  30: 0
  31: 0
  32: 0
  33: 0
  34: 0
  35: 0
  36: 0
  37: 0
  38: 0
  39: 0
  40: 0
  41: 0
  42: 0
  43: 0
  44: 0
  45: 0
  46: 0
  47: 0
  48: 0
  49: 0
  50: 0
  51: 0
  52: 0
  53: 0
  54: 0
  55: 0
  56: 0
  57: 0
  58: 0
  59: 0
  60: 0
  61: 0
  62: 0
  63: 0
 procInstrs: # Per-process instructions
  0: 5000014337
  1: 0
  2: 0
  3: 0
  4: 0
  5: 0
  6: 0
  7: 0
  8: 0
  9: 0
  10: 0
  11: 0
  12: 0
  13: 0
  14: 0
  15: 0
  16: 0
  17: 0
  18: 0
  19: 0
  20: 0
  21: 0
  22: 0
  23: 0
  24: 0
  25: 0
  26: 0
  27: 0
  28: 0
  29: 0
  30: 0
  31: 0
  32: 0
  33: 0
  34: 0
  35: 0
  36: 0
  37: 0
  38: 0
  39: 0
  40: 0
  41: 0
  42: 0
  43: 0
  44: 0
  45: 0
  46: 0
  47: 0
  48: 0
  49: 0
  50: 0
  51: 0
  52: 0
  53: 0
  54: 0
  55: 0
  56: 0
  57: 0
  58: 0
  59: 0
  60: 0
  61: 0
  62: 0
  63: 0
 heartbeats: # Per-process heartbeats
  0: 0
  1: 0
  2: 0
  3: 0
  4: 0
  5: 0
  6: 0
  7: 0
  8: 0
  9: 0
  10: 0
  11: 0
  12: 0
  13: 0
  14: 0
  15: 0
  16: 0
  17: 0
  18: 0
  19: 0
  20: 0
  21: 0
  22: 0
  23: 0
  24: 0
  25: 0
  26: 0
  27: 0
  28: 0
  29: 0
  30: 0
  31: 0
  32: 0
  33: 0
  34: 0
  35: 0
  36: 0
  37: 0
  38: 0
  39: 0
  40: 0
  41: 0
  42: 0
  43: 0
  44: 0
  45: 0
  46: 0
  47: 0
  48: 0
  49: 0
  50: 0
  51: 0
  52: 0
  53: 0
  54: 0
  55: 0
  56: 0
  57: 0
  58: 0
  59: 0
  60: 0
  61: 0
  62: 0
  63: 0
===
