# zsim stats
===
root: # Stats
 contention: # Contention simulation stats
  domain-0: # Domain stats
   time: 23899243929 # Weave simulation time
 time: # Simulator time breakdown
  init: 31472545877
  bound: 44863110287
  weave: 25289749609
  ff: 8501765
 trigger: 20000 # Reason for this stats dump
 phase: 63512 # Simulated phases
 westmere: # Core stats
  westmere-0: # Core stats
   cycles: 626119265 # Simulated unhalted cycles
   cCycles: 123374273 # Cycles due to contention stalls
   instrs: 215324128 # Simulated instructions
   uops: 272221712 # Retired micro-ops
   bbls: 21789153 # Basic blocks
   approxInstrs: 15796144 # Instrs with approx uop decoding
   mispredBranches: 798884 # Mispredicted branches
   condBranches: 13969955 # conditional branches
  westmere-1: # Core stats
   cycles: 626330631 # Simulated unhalted cycles
   cCycles: 123466274 # Cycles due to contention stalls
   instrs: 215268622 # Simulated instructions
   uops: 272154000 # Retired micro-ops
   bbls: 21785611 # Basic blocks
   approxInstrs: 15795668 # Instrs with approx uop decoding
   mispredBranches: 798447 # Mispredicted branches
   condBranches: 13967821 # conditional branches
  westmere-2: # Core stats
   cycles: 625250263 # Simulated unhalted cycles
   cCycles: 123252170 # Cycles due to contention stalls
   instrs: 215131554 # Simulated instructions
   uops: 271951366 # Retired micro-ops
   bbls: 21781784 # Basic blocks
   approxInstrs: 15771119 # Instrs with approx uop decoding
   mispredBranches: 796917 # Mispredicted branches
   condBranches: 13964577 # conditional branches
  westmere-3: # Core stats
   cycles: 625448768 # Simulated unhalted cycles
   cCycles: 123291983 # Cycles due to contention stalls
   instrs: 215064356 # Simulated instructions
   uops: 271895553 # Retired micro-ops
   bbls: 21771767 # Basic blocks
   approxInstrs: 15772734 # Instrs with approx uop decoding
   mispredBranches: 798455 # Mispredicted branches
   condBranches: 13957444 # conditional branches
  westmere-4: # Core stats
   cycles: 626436475 # Simulated unhalted cycles
   cCycles: 123377868 # Cycles due to contention stalls
   instrs: 215500377 # Simulated instructions
   uops: 272448421 # Retired micro-ops
   bbls: 21804565 # Basic blocks
   approxInstrs: 15815861 # Instrs with approx uop decoding
   mispredBranches: 799800 # Mispredicted branches
   condBranches: 13980542 # conditional branches
  westmere-5: # Core stats
   cycles: 625953729 # Simulated unhalted cycles
   cCycles: 123315864 # Cycles due to contention stalls
   instrs: 215326512 # Simulated instructions
   uops: 272234379 # Retired micro-ops
   bbls: 21785243 # Basic blocks
   approxInstrs: 15801822 # Instrs with approx uop decoding
   mispredBranches: 798446 # Mispredicted branches
   condBranches: 13967031 # conditional branches
  westmere-6: # Core stats
   cycles: 625506967 # Simulated unhalted cycles
   cCycles: 123273633 # Cycles due to contention stalls
   instrs: 215117472 # Simulated instructions
   uops: 271967375 # Retired micro-ops
   bbls: 21772266 # Basic blocks
   approxInstrs: 15780502 # Instrs with approx uop decoding
   mispredBranches: 798960 # Mispredicted branches
   condBranches: 13957211 # conditional branches
  westmere-7: # Core stats
   cycles: 625297011 # Simulated unhalted cycles
   cCycles: 123235697 # Cycles due to contention stalls
   instrs: 215141876 # Simulated instructions
   uops: 271985794 # Retired micro-ops
   bbls: 21779726 # Basic blocks
   approxInstrs: 15777265 # Instrs with approx uop decoding
   mispredBranches: 799951 # Mispredicted branches
   condBranches: 13962119 # conditional branches
 l1i: # Cache stats
  l1i-0: # Filter cache stats
   fhGETS: 30429280 # Filtered GETS hits
   fhGETX: 0 # Filtered GETX hits
   hGETS: 521298 # GETS hits
   hGETX: 0 # GETX hits
   mGETS: 20281 # GETS misses
   mGETXIM: 0 # GETX I->M misses
   mGETXSM: 0 # GETX S->M misses (upgrade misses)
   PUTS: 0 # Clean evictions (from lower level)
   PUTX: 0 # Dirty evictions (from lower level)
   INV: 20005 # Invalidates (from upper level)
   INVX: 0 # Downgrades (from upper level)
   FWD: 0 # Forwards (from upper level)
   latGETnl: 943780 # GET request latency on next level
   latGETnet: 0 # GET request latency on network to next level
  l1i-1: # Filter cache stats
   fhGETS: 30421661 # Filtered GETS hits
   fhGETX: 0 # Filtered GETX hits
   hGETS: 520637 # GETS hits
   hGETX: 0 # GETX hits
   mGETS: 20260 # GETS misses
   mGETXIM: 0 # GETX I->M misses
   mGETXSM: 0 # GETX S->M misses (upgrade misses)
   PUTS: 0 # Clean evictions (from lower level)
   PUTX: 0 # Dirty evictions (from lower level)
   INV: 20120 # Invalidates (from upper level)
   INVX: 0 # Downgrades (from upper level)
   FWD: 0 # Forwards (from upper level)
   latGETnl: 949750 # GET request latency on next level
   latGETnet: 0 # GET request latency on network to next level
  l1i-2: # Filter cache stats
   fhGETS: 30407414 # Filtered GETS hits
   fhGETX: 0 # Filtered GETX hits
   hGETS: 520786 # GETS hits
   hGETX: 0 # GETX hits
   mGETS: 20127 # GETS misses
   mGETXIM: 0 # GETX I->M misses
   mGETXSM: 0 # GETX S->M misses (upgrade misses)
   PUTS: 0 # Clean evictions (from lower level)
   PUTX: 0 # Dirty evictions (from lower level)
   INV: 19982 # Invalidates (from upper level)
   INVX: 0 # Downgrades (from upper level)
   FWD: 0 # Forwards (from upper level)
   latGETnl: 925608 # GET request latency on next level
   latGETnet: 0 # GET request latency on network to next level
  l1i-3: # Filter cache stats
   fhGETS: 30403558 # Filtered GETS hits
   fhGETX: 0 # Filtered GETX hits
   hGETS: 520472 # GETS hits
   hGETX: 0 # GETX hits
   mGETS: 20072 # GETS misses
   mGETXIM: 0 # GETX I->M misses
   mGETXSM: 0 # GETX S->M misses (upgrade misses)
   PUTS: 0 # Clean evictions (from lower level)
   PUTX: 0 # Dirty evictions (from lower level)
   INV: 19943 # Invalidates (from upper level)
   INVX: 0 # Downgrades (from upper level)
   FWD: 0 # Forwards (from upper level)
   latGETnl: 909608 # GET request latency on next level
   latGETnet: 0 # GET request latency on network to next level
  l1i-4: # Filter cache stats
   fhGETS: 30453255 # Filtered GETS hits
   fhGETX: 0 # Filtered GETX hits
   hGETS: 521371 # GETS hits
   hGETX: 0 # GETX hits
   mGETS: 20202 # GETS misses
   mGETXIM: 0 # GETX I->M misses
   mGETXSM: 0 # GETX S->M misses (upgrade misses)
   PUTS: 0 # Clean evictions (from lower level)
   PUTX: 0 # Dirty evictions (from lower level)
   INV: 20059 # Invalidates (from upper level)
   INVX: 0 # Downgrades (from upper level)
   FWD: 0 # Forwards (from upper level)
   latGETnl: 930588 # GET request latency on next level
   latGETnet: 0 # GET request latency on network to next level
  l1i-5: # Filter cache stats
   fhGETS: 30422263 # Filtered GETS hits
   fhGETX: 0 # Filtered GETX hits
   hGETS: 520925 # GETS hits
   hGETX: 0 # GETX hits
   mGETS: 20081 # GETS misses
   mGETXIM: 0 # GETX I->M misses
   mGETXSM: 0 # GETX S->M misses (upgrade misses)
   PUTS: 0 # Clean evictions (from lower level)
   PUTX: 0 # Dirty evictions (from lower level)
   INV: 19934 # Invalidates (from upper level)
   INVX: 0 # Downgrades (from upper level)
   FWD: 0 # Forwards (from upper level)
   latGETnl: 909824 # GET request latency on next level
   latGETnet: 0 # GET request latency on network to next level
  l1i-6: # Filter cache stats
   fhGETS: 30407249 # Filtered GETS hits
   fhGETX: 0 # Filtered GETX hits
   hGETS: 520352 # GETS hits
   hGETX: 0 # GETX hits
   mGETS: 20060 # GETS misses
   mGETXIM: 0 # GETX I->M misses
   mGETXSM: 0 # GETX S->M misses (upgrade misses)
   PUTS: 0 # Clean evictions (from lower level)
   PUTX: 0 # Dirty evictions (from lower level)
   INV: 19894 # Invalidates (from upper level)
   INVX: 0 # Downgrades (from upper level)
   FWD: 0 # Forwards (from upper level)
   latGETnl: 911966 # GET request latency on next level
   latGETnet: 0 # GET request latency on network to next level
  l1i-7: # Filter cache stats
   fhGETS: 30419490 # Filtered GETS hits
   fhGETX: 0 # Filtered GETX hits
   hGETS: 521332 # GETS hits
   hGETX: 0 # GETX hits
   mGETS: 20188 # GETS misses
   mGETXIM: 0 # GETX I->M misses
   mGETXSM: 0 # GETX S->M misses (upgrade misses)
   PUTS: 0 # Clean evictions (from lower level)
   PUTX: 0 # Dirty evictions (from lower level)
   INV: 20034 # Invalidates (from upper level)
   INVX: 0 # Downgrades (from upper level)
   FWD: 0 # Forwards (from upper level)
   latGETnl: 922102 # GET request latency on next level
   latGETnet: 0 # GET request latency on network to next level
 l1d: # Cache stats
  l1d-0: # Filter cache stats
   fhGETS: 45472484 # Filtered GETS hits
   fhGETX: 10759372 # Filtered GETX hits
   hGETS: 6426108 # GETS hits
   hGETX: 3699211 # GETX hits
   mGETS: 4696231 # GETS misses
   mGETXIM: 692 # GETX I->M misses
   mGETXSM: 60135 # GETX S->M misses (upgrade misses)
   PUTS: 0 # Clean evictions (from lower level)
   PUTX: 0 # Dirty evictions (from lower level)
   INV: 16409 # Invalidates (from upper level)
   INVX: 45676 # Downgrades (from upper level)
   FWD: 0 # Forwards (from upper level)
   latGETnl: 418636891 # GET request latency on next level
   latGETnet: 0 # GET request latency on network to next level
  l1d-1: # Filter cache stats
   fhGETS: 45443280 # Filtered GETS hits
   fhGETX: 10752281 # Filtered GETX hits
   hGETS: 6446890 # GETS hits
   hGETX: 3699219 # GETX hits
   mGETS: 4696894 # GETS misses
   mGETXIM: 663 # GETX I->M misses
   mGETXSM: 59988 # GETX S->M misses (upgrade misses)
   PUTS: 0 # Clean evictions (from lower level)
   PUTX: 0 # Dirty evictions (from lower level)
   INV: 16525 # Invalidates (from upper level)
   INVX: 45864 # Downgrades (from upper level)
   FWD: 0 # Forwards (from upper level)
   latGETnl: 418945402 # GET request latency on next level
   latGETnet: 0 # GET request latency on network to next level
  l1d-2: # Filter cache stats
   fhGETS: 45416717 # Filtered GETS hits
   fhGETX: 10759657 # Filtered GETX hits
   hGETS: 6424871 # GETS hits
   hGETX: 3695417 # GETX hits
   mGETS: 4689389 # GETS misses
   mGETXIM: 665 # GETX I->M misses
   mGETXSM: 60049 # GETX S->M misses (upgrade misses)
   PUTS: 0 # Clean evictions (from lower level)
   PUTX: 0 # Dirty evictions (from lower level)
   INV: 16413 # Invalidates (from upper level)
   INVX: 45872 # Downgrades (from upper level)
   FWD: 0 # Forwards (from upper level)
   latGETnl: 418083355 # GET request latency on next level
   latGETnet: 0 # GET request latency on network to next level
  l1d-3: # Filter cache stats
   fhGETS: 45415399 # Filtered GETS hits
   fhGETX: 10753889 # Filtered GETX hits
   hGETS: 6420028 # GETS hits
   hGETX: 3696068 # GETX hits
   mGETS: 4689281 # GETS misses
   mGETXIM: 595 # GETX I->M misses
   mGETXSM: 59239 # GETX S->M misses (upgrade misses)
   PUTS: 0 # Clean evictions (from lower level)
   PUTX: 0 # Dirty evictions (from lower level)
   INV: 16567 # Invalidates (from upper level)
   INVX: 46142 # Downgrades (from upper level)
   FWD: 0 # Forwards (from upper level)
   latGETnl: 418249010 # GET request latency on next level
   latGETnet: 0 # GET request latency on network to next level
  l1d-4: # Filter cache stats
   fhGETS: 45523337 # Filtered GETS hits
   fhGETX: 10757440 # Filtered GETX hits
   hGETS: 6423024 # GETS hits
   hGETX: 3704293 # GETX hits
   mGETS: 4701176 # GETS misses
   mGETXIM: 586 # GETX I->M misses
   mGETXSM: 60321 # GETX S->M misses (upgrade misses)
   PUTS: 0 # Clean evictions (from lower level)
   PUTX: 0 # Dirty evictions (from lower level)
   INV: 16466 # Invalidates (from upper level)
   INVX: 46030 # Downgrades (from upper level)
   FWD: 0 # Forwards (from upper level)
   latGETnl: 418993913 # GET request latency on next level
   latGETnet: 0 # GET request latency on network to next level
  l1d-5: # Filter cache stats
   fhGETS: 45483498 # Filtered GETS hits
   fhGETX: 10753590 # Filtered GETX hits
   hGETS: 6422482 # GETS hits
   hGETX: 3699294 # GETX hits
   mGETS: 4698086 # GETS misses
   mGETXIM: 555 # GETX I->M misses
   mGETXSM: 60949 # GETX S->M misses (upgrade misses)
   PUTS: 0 # Clean evictions (from lower level)
   PUTX: 0 # Dirty evictions (from lower level)
   INV: 16369 # Invalidates (from upper level)
   INVX: 45509 # Downgrades (from upper level)
   FWD: 0 # Forwards (from upper level)
   latGETnl: 418658358 # GET request latency on next level
   latGETnet: 0 # GET request latency on network to next level
  l1d-6: # Filter cache stats
   fhGETS: 45416538 # Filtered GETS hits
   fhGETX: 10753209 # Filtered GETX hits
   hGETS: 6435557 # GETS hits
   hGETX: 3695636 # GETX hits
   mGETS: 4692002 # GETS misses
   mGETXIM: 541 # GETX I->M misses
   mGETXSM: 60189 # GETX S->M misses (upgrade misses)
   PUTS: 0 # Clean evictions (from lower level)
   PUTX: 0 # Dirty evictions (from lower level)
   INV: 16334 # Invalidates (from upper level)
   INVX: 45551 # Downgrades (from upper level)
   FWD: 0 # Forwards (from upper level)
   latGETnl: 418301559 # GET request latency on next level
   latGETnet: 0 # GET request latency on network to next level
  l1d-7: # Filter cache stats
   fhGETS: 45420522 # Filtered GETS hits
   fhGETX: 10757446 # Filtered GETX hits
   hGETS: 6431009 # GETS hits
   hGETX: 3695995 # GETX hits
   mGETS: 4690562 # GETS misses
   mGETXIM: 591 # GETX I->M misses
   mGETXSM: 60316 # GETX S->M misses (upgrade misses)
   PUTS: 0 # Clean evictions (from lower level)
   PUTX: 0 # Dirty evictions (from lower level)
   INV: 16476 # Invalidates (from upper level)
   INVX: 46135 # Downgrades (from upper level)
   FWD: 0 # Forwards (from upper level)
   latGETnl: 418220582 # GET request latency on next level
   latGETnet: 0 # GET request latency on network to next level
 l2: # Cache stats
  l2-0: # Cache stats
   hGETS: 198305 # GETS hits
   hGETX: 53 # GETX hits
   mGETS: 4518207 # GETS misses
   mGETXIM: 641 # GETX I->M misses
   mGETXSM: 60133 # GETX S->M misses (upgrade misses)
   PUTS: 2659051 # Clean evictions (from lower level)
   PUTX: 2020972 # Dirty evictions (from lower level)
   INV: 127732 # Invalidates (from upper level)
   INVX: 335983 # Downgrades (from upper level)
   FWD: 0 # Forwards (from upper level)
   latGETnl: 371807281 # GET request latency on next level
   latGETnet: 0 # GET request latency on network to next level
  l2-1: # Cache stats
   hGETS: 197824 # GETS hits
   hGETX: 50 # GETX hits
   mGETS: 4519330 # GETS misses
   mGETXIM: 613 # GETX I->M misses
   mGETXSM: 59988 # GETX S->M misses (upgrade misses)
   PUTS: 2659657 # Clean evictions (from lower level)
   PUTX: 2020882 # Dirty evictions (from lower level)
   INV: 127160 # Invalidates (from upper level)
   INVX: 335580 # Downgrades (from upper level)
   FWD: 0 # Forwards (from upper level)
   latGETnl: 372117102 # GET request latency on next level
   latGETnet: 0 # GET request latency on network to next level
  l2-2: # Cache stats
   hGETS: 198776 # GETS hits
   hGETX: 55 # GETX hits
   mGETS: 4510740 # GETS misses
   mGETXIM: 611 # GETX I->M misses
   mGETXSM: 60048 # GETX S->M misses (upgrade misses)
   PUTS: 2655257 # Clean evictions (from lower level)
   PUTX: 2017891 # Dirty evictions (from lower level)
   INV: 127501 # Invalidates (from upper level)
   INVX: 336388 # Downgrades (from upper level)
   FWD: 0 # Forwards (from upper level)
   latGETnl: 371306663 # GET request latency on next level
   latGETnet: 0 # GET request latency on network to next level
  l2-3: # Cache stats
   hGETS: 198400 # GETS hits
   hGETX: 46 # GETX hits
   mGETS: 4510953 # GETS misses
   mGETXIM: 550 # GETX I->M misses
   mGETXSM: 59238 # GETX S->M misses (upgrade misses)
   PUTS: 2654940 # Clean evictions (from lower level)
   PUTX: 2017879 # Dirty evictions (from lower level)
   INV: 127320 # Invalidates (from upper level)
   INVX: 335526 # Downgrades (from upper level)
   FWD: 0 # Forwards (from upper level)
   latGETnl: 371466748 # GET request latency on next level
   latGETnet: 0 # GET request latency on network to next level
  l2-4: # Cache stats
   hGETS: 198473 # GETS hits
   hGETX: 46 # GETX hits
   mGETS: 4522905 # GETS misses
   mGETXIM: 541 # GETX I->M misses
   mGETXSM: 60320 # GETX S->M misses (upgrade misses)
   PUTS: 2661372 # Clean evictions (from lower level)
   PUTX: 2023435 # Dirty evictions (from lower level)
   INV: 127375 # Invalidates (from upper level)
   INVX: 336559 # Downgrades (from upper level)
   FWD: 0 # Forwards (from upper level)
   latGETnl: 372101651 # GET request latency on next level
   latGETnet: 0 # GET request latency on network to next level
  l2-5: # Cache stats
   hGETS: 199621 # GETS hits
   hGETX: 46 # GETX hits
   mGETS: 4518546 # GETS misses
   mGETXIM: 513 # GETX I->M misses
   mGETXSM: 60945 # GETX S->M misses (upgrade misses)
   PUTS: 2660155 # Clean evictions (from lower level)
   PUTX: 2021631 # Dirty evictions (from lower level)
   INV: 126449 # Invalidates (from upper level)
   INVX: 334851 # Downgrades (from upper level)
   FWD: 0 # Forwards (from upper level)
   latGETnl: 371771472 # GET request latency on next level
   latGETnet: 0 # GET request latency on network to next level
  l2-6: # Cache stats
   hGETS: 198616 # GETS hits
   hGETX: 54 # GETX hits
   mGETS: 4513446 # GETS misses
   mGETXIM: 489 # GETX I->M misses
   mGETXSM: 60187 # GETX S->M misses (upgrade misses)
   PUTS: 2656715 # Clean evictions (from lower level)
   PUTX: 2018999 # Dirty evictions (from lower level)
   INV: 127204 # Invalidates (from upper level)
   INVX: 334989 # Downgrades (from upper level)
   FWD: 0 # Forwards (from upper level)
   latGETnl: 371485605 # GET request latency on next level
   latGETnet: 0 # GET request latency on network to next level
  l2-7: # Cache stats
   hGETS: 199027 # GETS hits
   hGETX: 59 # GETX hits
   mGETS: 4511723 # GETS misses
   mGETXIM: 535 # GETX I->M misses
   mGETXSM: 60313 # GETX S->M misses (upgrade misses)
   PUTS: 2655704 # Clean evictions (from lower level)
   PUTX: 2018482 # Dirty evictions (from lower level)
   INV: 127380 # Invalidates (from upper level)
   INVX: 337042 # Downgrades (from upper level)
   FWD: 0 # Forwards (from upper level)
   latGETnl: 371426114 # GET request latency on next level
   latGETnet: 0 # GET request latency on network to next level
 l3: # Cache stats
  l3-0b0: # Cache stats
   hGETS: 1644407 # GETS hits
   hGETX: 59692 # GETX hits
   mGETS: 2865820 # GETS misses
   mGETXIM: 891 # GETX I->M misses
   mGETXSM: 0 # GETX S->M misses (upgrade misses)
   PUTS: 2486280 # Clean evictions (from lower level)
   PUTX: 1894169 # Dirty evictions (from lower level)
   INV: 0 # Invalidates (from upper level)
   INVX: 0 # Downgrades (from upper level)
   FWD: 0 # Forwards (from upper level)
   latGETnl: 258003990 # GET request latency on next level
   latGETnet: 0 # GET request latency on network to next level
  l3-0b1: # Cache stats
   hGETS: 1660739 # GETS hits
   hGETX: 59983 # GETX hits
   mGETS: 2865352 # GETS misses
   mGETXIM: 523 # GETX I->M misses
   mGETXSM: 0 # GETX S->M misses (upgrade misses)
   PUTS: 2501423 # Clean evictions (from lower level)
   PUTX: 1893306 # Dirty evictions (from lower level)
   INV: 0 # Invalidates (from upper level)
   INVX: 0 # Downgrades (from upper level)
   FWD: 0 # Forwards (from upper level)
   latGETnl: 257928750 # GET request latency on next level
   latGETnet: 0 # GET request latency on network to next level
  l3-0b2: # Cache stats
   hGETS: 1652219 # GETS hits
   hGETX: 59363 # GETX hits
   mGETS: 2862819 # GETS misses
   mGETXIM: 158 # GETX I->M misses
   mGETXSM: 0 # GETX S->M misses (upgrade misses)
   PUTS: 2493090 # Clean evictions (from lower level)
   PUTX: 1892657 # Dirty evictions (from lower level)
   INV: 0 # Invalidates (from upper level)
   INVX: 0 # Downgrades (from upper level)
   FWD: 0 # Forwards (from upper level)
   latGETnl: 257667930 # GET request latency on next level
   latGETnet: 0 # GET request latency on network to next level
  l3-0b3: # Cache stats
   hGETS: 1651745 # GETS hits
   hGETX: 59588 # GETX hits
   mGETS: 2863562 # GETS misses
   mGETXIM: 553 # GETX I->M misses
   mGETXSM: 0 # GETX S->M misses (upgrade misses)
   PUTS: 2495340 # Clean evictions (from lower level)
   PUTX: 1890678 # Dirty evictions (from lower level)
   INV: 0 # Invalidates (from upper level)
   INVX: 0 # Downgrades (from upper level)
   FWD: 0 # Forwards (from upper level)
   latGETnl: 257770350 # GET request latency on next level
   latGETnet: 0 # GET request latency on network to next level
  l3-0b4: # Cache stats
   hGETS: 1646335 # GETS hits
   hGETX: 60348 # GETX hits
   mGETS: 2866177 # GETS misses
   mGETXIM: 1324 # GETX I->M misses
   mGETXSM: 0 # GETX S->M misses (upgrade misses)
   PUTS: 2485937 # Clean evictions (from lower level)
   PUTX: 1897755 # Dirty evictions (from lower level)
   INV: 0 # Invalidates (from upper level)
   INVX: 0 # Downgrades (from upper level)
   FWD: 0 # Forwards (from upper level)
   latGETnl: 258075090 # GET request latency on next level
   latGETnet: 0 # GET request latency on network to next level
  l3-0b5: # Cache stats
   hGETS: 1659367 # GETS hits
   hGETX: 61163 # GETX hits
   mGETS: 2865629 # GETS misses
   mGETXIM: 555 # GETX I->M misses
   mGETXSM: 0 # GETX S->M misses (upgrade misses)
   PUTS: 2495521 # Clean evictions (from lower level)
   PUTX: 1891029 # Dirty evictions (from lower level)
   INV: 0 # Invalidates (from upper level)
   INVX: 0 # Downgrades (from upper level)
   FWD: 0 # Forwards (from upper level)
   latGETnl: 257956560 # GET request latency on next level
   latGETnet: 0 # GET request latency on network to next level
  l3-0b6: # Cache stats
   hGETS: 1646658 # GETS hits
   hGETX: 61974 # GETX hits
   mGETS: 2863187 # GETS misses
   mGETXIM: 173 # GETX I->M misses
   mGETXSM: 0 # GETX S->M misses (upgrade misses)
   PUTS: 2490133 # Clean evictions (from lower level)
   PUTX: 1887818 # Dirty evictions (from lower level)
   INV: 0 # Invalidates (from upper level)
   INVX: 0 # Downgrades (from upper level)
   FWD: 0 # Forwards (from upper level)
   latGETnl: 257702400 # GET request latency on next level
   latGETnet: 0 # GET request latency on network to next level
  l3-0b7: # Cache stats
   hGETS: 1649913 # GETS hits
   hGETX: 59201 # GETX hits
   mGETS: 2861921 # GETS misses
   mGETXIM: 176 # GETX I->M misses
   mGETXSM: 0 # GETX S->M misses (upgrade misses)
   PUTS: 2493805 # Clean evictions (from lower level)
   PUTX: 1890711 # Dirty evictions (from lower level)
   INV: 0 # Invalidates (from upper level)
   INVX: 0 # Downgrades (from upper level)
   FWD: 0 # Forwards (from upper level)
   latGETnl: 257588730 # GET request latency on next level
   latGETnet: 0 # GET request latency on network to next level
 mem: # Memory controller stats
  mem-0: # Memory controller stats
   rd: 5728542 # Read requests
   wr: 3269088 # Write requests
   rdlat: 806569368 # Total latency experienced by read requests
   wrlat: 545916416 # Total latency experienced by write requests
   rdhits: 10787 # Read row hits
   wrhits: 9652 # Write row hits
   mlh: # latency histogram for memory requests
    0: 0
    1: 0
    2: 0
    3: 0
    4: 0
    5: 0
    6: 0
    7: 0
    8: 0
    9: 0
    10: 1
    11: 1739
    12: 1988
    13: 4419345
    14: 528182
    15: 323177
    16: 175915
    17: 34869
    18: 25505
    19: 24156
    20: 23229
    21: 23489
    22: 20733
    23: 22497
    24: 25329
    25: 11695
    26: 2314
    27: 2125
    28: 2422
    29: 2554
    30: 2849
    31: 3150
    32: 3378
    33: 3426
    34: 3425
    35: 3600
    36: 3977
    37: 3742
    38: 3552
    39: 3540
    40: 3461
    41: 3744
    42: 3648
    43: 2873
    44: 2181
    45: 1806
    46: 1654
    47: 1447
    48: 852
    49: 267
    50: 157
    51: 130
    52: 129
    53: 81
    54: 83
    55: 46
    56: 19
    57: 23
    58: 8
    59: 16
    60: 6
    61: 2
    62: 2
    63: 0
    64: 2
    65: 1
    66: 1
    67: 0
    68: 0
    69: 0
    70: 0
    71: 0
    72: 0
    73: 0
    74: 0
    75: 0
    76: 0
    77: 0
    78: 0
    79: 0
    80: 0
    81: 0
    82: 0
    83: 0
    84: 0
    85: 0
    86: 0
    87: 0
    88: 0
    89: 0
    90: 0
    91: 0
    92: 0
    93: 0
    94: 0
    95: 0
    96: 0
    97: 0
    98: 0
    99: 0
  mem-1: # Memory controller stats
   rd: 5734135 # Read requests
   wr: 3274683 # Write requests
   rdlat: 807496469 # Total latency experienced by read requests
   wrlat: 546962627 # Total latency experienced by write requests
   rdhits: 10840 # Read row hits
   wrhits: 9705 # Write row hits
   mlh: # latency histogram for memory requests
    0: 0
    1: 0
    2: 0
    3: 0
    4: 0
    5: 0
    6: 0
    7: 0
    8: 0
    9: 1
    10: 2
    11: 1724
    12: 2103
    13: 4421602
    14: 530677
    15: 322861
    16: 175940
    17: 34588
    18: 25933
    19: 24325
    20: 23399
    21: 23632
    22: 20649
    23: 22563
    24: 25075
    25: 11751
    26: 2261
    27: 2096
    28: 2380
    29: 2653
    30: 2968
    31: 3284
    32: 3425
    33: 3451
    34: 3534
    35: 3596
    36: 3910
    37: 3674
    38: 3529
    39: 3651
    40: 3548
    41: 3846
    42: 3759
    43: 2910
    44: 2167
    45: 1908
    46: 1596
    47: 1491
    48: 798
    49: 223
    50: 147
    51: 123
    52: 108
    53: 87
    54: 67
    55: 39
    56: 24
    57: 20
    58: 16
    59: 11
    60: 4
    61: 4
    62: 0
    63: 2
    64: 0
    65: 0
    66: 0
    67: 0
    68: 0
    69: 0
    70: 0
    71: 0
    72: 0
    73: 0
    74: 0
    75: 0
    76: 0
    77: 0
    78: 0
    79: 0
    80: 0
    81: 0
    82: 0
    83: 0
    84: 0
    85: 0
    86: 0
    87: 0
    88: 0
    89: 0
    90: 0
    91: 0
    92: 0
    93: 0
    94: 0
    95: 0
    96: 0
    97: 0
    98: 0
    99: 0
  mem-2: # Memory controller stats
   rd: 5726515 # Read requests
   wr: 3269068 # Write requests
   rdlat: 806422398 # Total latency experienced by read requests
   wrlat: 545759940 # Total latency experienced by write requests
   rdhits: 10617 # Read row hits
   wrhits: 9739 # Write row hits
   mlh: # latency histogram for memory requests
    0: 0
    1: 0
    2: 0
    3: 0
    4: 0
    5: 0
    6: 0
    7: 0
    8: 0
    9: 1
    10: 1
    11: 1681
    12: 2105
    13: 4415846
    14: 529059
    15: 323269
    16: 176180
    17: 34773
    18: 25631
    19: 24371
    20: 23455
    21: 23152
    22: 20626
    23: 22451
    24: 24939
    25: 11636
    26: 2347
    27: 2075
    28: 2457
    29: 2565
    30: 2838
    31: 3168
    32: 3511
    33: 3376
    34: 3506
    35: 3566
    36: 3948
    37: 3819
    38: 3499
    39: 3545
    40: 3643
    41: 3910
    42: 3748
    43: 2897
    44: 2144
    45: 1860
    46: 1600
    47: 1513
    48: 861
    49: 225
    50: 171
    51: 130
    52: 104
    53: 91
    54: 83
    55: 49
    56: 25
    57: 28
    58: 11
    59: 10
    60: 3
    61: 1
    62: 3
    63: 2
    64: 4
    65: 2
    66: 0
    67: 1
    68: 0
    69: 0
    70: 0
    71: 0
    72: 0
    73: 0
    74: 0
    75: 0
    76: 0
    77: 0
    78: 0
    79: 0
    80: 0
    81: 0
    82: 0
    83: 0
    84: 0
    85: 0
    86: 0
    87: 0
    88: 0
    89: 0
    90: 0
    91: 0
    92: 0
    93: 0
    94: 0
    95: 0
    96: 0
    97: 0
    98: 0
    99: 0
  mem-3: # Memory controller stats
   rd: 5729610 # Read requests
   wr: 3271314 # Write requests
   rdlat: 806883706 # Total latency experienced by read requests
   wrlat: 546311476 # Total latency experienced by write requests
   rdhits: 10816 # Read row hits
   wrhits: 9650 # Write row hits
   mlh: # latency histogram for memory requests
    0: 0
    1: 0
    2: 0
    3: 0
    4: 0
    5: 0
    6: 0
    7: 0
    8: 0
    9: 2
    10: 0
    11: 1714
    12: 2094
    13: 4418111
    14: 530319
    15: 322162
    16: 176232
    17: 35089
    18: 25176
    19: 24297
    20: 23293
    21: 23458
    22: 20868
    23: 22576
    24: 25195
    25: 11648
    26: 2341
    27: 2173
    28: 2386
    29: 2572
    30: 2925
    31: 3137
    32: 3431
    33: 3475
    34: 3609
    35: 3502
    36: 3816
    37: 3759
    38: 3521
    39: 3624
    40: 3636
    41: 3910
    42: 3710
    43: 2850
    44: 2135
    45: 1929
    46: 1611
    47: 1558
    48: 890
    49: 215
    50: 156
    51: 123
    52: 101
    53: 101
    54: 53
    55: 38
    56: 26
    57: 20
    58: 17
    59: 12
    60: 2
    61: 6
    62: 2
    63: 1
    64: 2
    65: 1
    66: 0
    67: 0
    68: 0
    69: 0
    70: 0
    71: 0
    72: 0
    73: 0
    74: 0
    75: 0
    76: 0
    77: 0
    78: 0
    79: 0
    80: 0
    81: 0
    82: 0
    83: 0
    84: 0
    85: 0
    86: 0
    87: 0
    88: 0
    89: 0
    90: 0
    91: 0
    92: 0
    93: 0
    94: 0
    95: 0
    96: 0
    97: 0
    98: 0
    99: 0
 sched: # Scheduler stats
  thCr: 9 # Threads created
  thFn: 9 # Threads finished
  schedEvs: 17 # Schedule events
  waitEvs: 0 # Wait events
  handoffEvs: 0 # Handoff events
  sleepEvs: 0 # Sleep events
  idlePhases: 0 # Phases with no thread active
  idlePeriods: 0 # Periods with no thread active
  occHist: # Occupancy histogram
   0: 0
   1: 4
   2: 0
   3: 0
   4: 0
   5: 0
   6: 0
   7: 1
   8: 63507
  rqSzHist: # Run queue size histogram
   0: 63512
   1: 0
   2: 0
   3: 0
   4: 0
   5: 0
   6: 0
   7: 0
   8: 0
   9: 0
   10: 0
   11: 0
   12: 0
   13: 0
   14: 0
   15: 0
   16: 0
 procCycles: # Per-process unhalted core cycles
  0: 5006336325
  1: 0
  2: 0
  3: 0
  4: 0
  5: 0
  6: 0
  7: 0
  8: 0
  9: 0
  10: 0
  11: 0
  12: 0
  13: 0
  14: 0
  15: 0
  16: 0
  17: 0
  18: 0
  19: 0
  20: 0
  21: 0
  22: 0
  23: 0
  24: 0
  25: 0
  26: 0
  27: 0
  28: 0
  29: 0
  30: 0
  31: 0
  32: 0
  33: 0
  34: 0
  35: 0
  36: 0
  37: 0
  38: 0
  39: 0
  40: 0
  41: 0
  42: 0
  43: 0
  44: 0
  45: 0
  46: 0
  47: 0
  48: 0
  49: 0
  50: 0
  51: 0
  52: 0
  53: 0
  54: 0
  55: 0
  56: 0
  57: 0
  58: 0
  59: 0
  60: 0
  61: 0
  62: 0
  63: 0
 procInstrs: # Per-process instructions
  0: 1721874897
  1: 0
  2: 0
  3: 0
  4: 0
  5: 0
  6: 0
  7: 0
  8: 0
  9: 0
  10: 0
  11: 0
  12: 0
  13: 0
  14: 0
  15: 0
  16: 0
  17: 0
  18: 0
  19: 0
  20: 0
  21: 0
  22: 0
  23: 0
  24: 0
  25: 0
  26: 0
  27: 0
  28: 0
  29: 0
  30: 0
  31: 0
  32: 0
  33: 0
  34: 0
  35: 0
  36: 0
  37: 0
  38: 0
  39: 0
  40: 0
  41: 0
  42: 0
  43: 0
  44: 0
  45: 0
  46: 0
  47: 0
  48: 0
  49: 0
  50: 0
  51: 0
  52: 0
  53: 0
  54: 0
  55: 0
  56: 0
  57: 0
  58: 0
  59: 0
  60: 0
  61: 0
  62: 0
  63: 0
 heartbeats: # Per-process heartbeats
  0: 0
  1: 0
  2: 0
  3: 0
  4: 0
  5: 0
  6: 0
  7: 0
  8: 0
  9: 0
  10: 0
  11: 0
  12: 0
  13: 0
  14: 0
  15: 0
  16: 0
  17: 0
  18: 0
  19: 0
  20: 0
  21: 0
  22: 0
  23: 0
  24: 0
  25: 0
  26: 0
  27: 0
  28: 0
  29: 0
  30: 0
  31: 0
  32: 0
  33: 0
  34: 0
  35: 0
  36: 0
  37: 0
  38: 0
  39: 0
  40: 0
  41: 0
  42: 0
  43: 0
  44: 0
  45: 0
  46: 0
  47: 0
  48: 0
  49: 0
  50: 0
  51: 0
  52: 0
  53: 0
  54: 0
  55: 0
  56: 0
  57: 0
  58: 0
  59: 0
  60: 0
  61: 0
  62: 0
  63: 0
===
