# zsim stats
===
root: # Stats
 contention: # Contention simulation stats
  domain-0: # Domain stats
   time: 6029592580 # Weave simulation time
 time: # Simulator time breakdown
  init: 2863851104
  bound: 271501617893
  weave: 24525270330
  ff: 0
 trigger: 20000 # Reason for this stats dump
 phase: 51515 # Simulated phases
 westmere: # Core stats
  westmere-0: # Core stats
   cycles: 446383841 # Simulated unhalted cycles
   cCycles: 18167099 # Cycles due to contention stalls
   instrs: 609046642 # Simulated instructions
   uops: 642713230 # Retired micro-ops
   bbls: 87809310 # Basic blocks
   approxInstrs: 76 # Instrs with approx uop decoding
   mispredBranches: 3969170 # Mispredicted branches
   condBranches: 84561315 # conditional branches
  westmere-1: # Core stats
   cycles: 442039572 # Simulated unhalted cycles
   cCycles: 16329579 # Cycles due to contention stalls
   instrs: 629944289 # Simulated instructions
   uops: 657838630 # Retired micro-ops
   bbls: 90319031 # Basic blocks
   approxInstrs: 21 # Instrs with approx uop decoding
   mispredBranches: 4120504 # Mispredicted branches
   condBranches: 88027877 # conditional branches
  westmere-2: # Core stats
   cycles: 472302972 # Simulated unhalted cycles
   cCycles: 16802301 # Cycles due to contention stalls
   instrs: 662511964 # Simulated instructions
   uops: 696405907 # Retired micro-ops
   bbls: 95190329 # Basic blocks
   approxInstrs: 21 # Instrs with approx uop decoding
   mispredBranches: 4297382 # Mispredicted branches
   condBranches: 92087203 # conditional branches
  westmere-3: # Core stats
   cycles: 404801140 # Simulated unhalted cycles
   cCycles: 18265029 # Cycles due to contention stalls
   instrs: 558365070 # Simulated instructions
   uops: 584308492 # Retired micro-ops
   bbls: 80650124 # Basic blocks
   approxInstrs: 41 # Instrs with approx uop decoding
   mispredBranches: 3612469 # Mispredicted branches
   condBranches: 78301036 # conditional branches
  westmere-4: # Core stats
   cycles: 431248952 # Simulated unhalted cycles
   cCycles: 18901399 # Cycles due to contention stalls
   instrs: 586836224 # Simulated instructions
   uops: 617861384 # Retired micro-ops
   bbls: 84924090 # Basic blocks
   approxInstrs: 26 # Instrs with approx uop decoding
   mispredBranches: 3762266 # Mispredicted branches
   condBranches: 81890390 # conditional branches
  westmere-5: # Core stats
   cycles: 486318952 # Simulated unhalted cycles
   cCycles: 16402009 # Cycles due to contention stalls
   instrs: 671912527 # Simulated instructions
   uops: 710614084 # Retired micro-ops
   bbls: 98082779 # Basic blocks
   approxInstrs: 22 # Instrs with approx uop decoding
   mispredBranches: 4198699 # Mispredicted branches
   condBranches: 93859945 # conditional branches
  westmere-6: # Core stats
   cycles: 515140101 # Simulated unhalted cycles
   cCycles: 16802393 # Cycles due to contention stalls
   instrs: 702469165 # Simulated instructions
   uops: 747047130 # Retired micro-ops
   bbls: 102435492 # Basic blocks
   approxInstrs: 23 # Instrs with approx uop decoding
   mispredBranches: 4374508 # Mispredicted branches
   condBranches: 97425068 # conditional branches
  westmere-7: # Core stats
   cycles: 417794909 # Simulated unhalted cycles
   cCycles: 17463426 # Cycles due to contention stalls
   instrs: 578933644 # Simulated instructions
   uops: 607089283 # Retired micro-ops
   bbls: 83276851 # Basic blocks
   approxInstrs: 31 # Instrs with approx uop decoding
   mispredBranches: 3804775 # Mispredicted branches
   condBranches: 80774792 # conditional branches
 l1i: # Cache stats
  l1i-0: # Filter cache stats
   fhGETS: 121362891 # Filtered GETS hits
   fhGETX: 0 # Filtered GETX hits
   hGETS: 807974 # GETS hits
   hGETX: 0 # GETX hits
   mGETS: 1967 # GETS misses
   mGETXIM: 0 # GETX I->M misses
   mGETXSM: 0 # GETX S->M misses (upgrade misses)
   PUTS: 0 # Clean evictions (from lower level)
   PUTX: 0 # Dirty evictions (from lower level)
   INV: 1855 # Invalidates (from upper level)
   INVX: 0 # Downgrades (from upper level)
   FWD: 0 # Forwards (from upper level)
   latGETnl: 91268 # GET request latency on next level
   latGETnet: 0 # GET request latency on network to next level
  l1i-1: # Filter cache stats
   fhGETS: 125509550 # Filtered GETS hits
   fhGETX: 0 # Filtered GETX hits
   hGETS: 563042 # GETS hits
   hGETX: 0 # GETX hits
   mGETS: 1817 # GETS misses
   mGETXIM: 0 # GETX I->M misses
   mGETXSM: 0 # GETX S->M misses (upgrade misses)
   PUTS: 0 # Clean evictions (from lower level)
   PUTX: 0 # Dirty evictions (from lower level)
   INV: 1695 # Invalidates (from upper level)
   INVX: 0 # Downgrades (from upper level)
   FWD: 0 # Forwards (from upper level)
   latGETnl: 80138 # GET request latency on next level
   latGETnet: 0 # GET request latency on network to next level
  l1i-2: # Filter cache stats
   fhGETS: 131794949 # Filtered GETS hits
   fhGETX: 0 # Filtered GETX hits
   hGETS: 765242 # GETS hits
   hGETX: 0 # GETX hits
   mGETS: 1792 # GETS misses
   mGETXIM: 0 # GETX I->M misses
   mGETXSM: 0 # GETX S->M misses (upgrade misses)
   PUTS: 0 # Clean evictions (from lower level)
   PUTX: 0 # Dirty evictions (from lower level)
   INV: 1676 # Invalidates (from upper level)
   INVX: 0 # Downgrades (from upper level)
   FWD: 0 # Forwards (from upper level)
   latGETnl: 81898 # GET request latency on next level
   latGETnet: 0 # GET request latency on network to next level
  l1i-3: # Filter cache stats
   fhGETS: 111287607 # Filtered GETS hits
   fhGETX: 0 # Filtered GETX hits
   hGETS: 642140 # GETS hits
   hGETX: 0 # GETX hits
   mGETS: 1880 # GETS misses
   mGETXIM: 0 # GETX I->M misses
   mGETXSM: 0 # GETX S->M misses (upgrade misses)
   PUTS: 0 # Clean evictions (from lower level)
   PUTX: 0 # Dirty evictions (from lower level)
   INV: 1754 # Invalidates (from upper level)
   INVX: 0 # Downgrades (from upper level)
   FWD: 0 # Forwards (from upper level)
   latGETnl: 110810 # GET request latency on next level
   latGETnet: 0 # GET request latency on network to next level
  l1i-4: # Filter cache stats
   fhGETS: 116775200 # Filtered GETS hits
   fhGETX: 0 # Filtered GETX hits
   hGETS: 811902 # GETS hits
   hGETX: 0 # GETX hits
   mGETS: 1829 # GETS misses
   mGETXIM: 0 # GETX I->M misses
   mGETXSM: 0 # GETX S->M misses (upgrade misses)
   PUTS: 0 # Clean evictions (from lower level)
   PUTX: 0 # Dirty evictions (from lower level)
   INV: 1717 # Invalidates (from upper level)
   INVX: 0 # Downgrades (from upper level)
   FWD: 0 # Forwards (from upper level)
   latGETnl: 81806 # GET request latency on next level
   latGETnet: 0 # GET request latency on network to next level
  l1i-5: # Filter cache stats
   fhGETS: 133496695 # Filtered GETS hits
   fhGETX: 0 # Filtered GETX hits
   hGETS: 1076259 # GETS hits
   hGETX: 0 # GETX hits
   mGETS: 1853 # GETS misses
   mGETXIM: 0 # GETX I->M misses
   mGETXSM: 0 # GETX S->M misses (upgrade misses)
   PUTS: 0 # Clean evictions (from lower level)
   PUTX: 0 # Dirty evictions (from lower level)
   INV: 1729 # Invalidates (from upper level)
   INVX: 0 # Downgrades (from upper level)
   FWD: 0 # Forwards (from upper level)
   latGETnl: 74702 # GET request latency on next level
   latGETnet: 0 # GET request latency on network to next level
  l1i-6: # Filter cache stats
   fhGETS: 139293815 # Filtered GETS hits
   fhGETX: 0 # Filtered GETX hits
   hGETS: 1268493 # GETS hits
   hGETX: 0 # GETX hits
   mGETS: 1691 # GETS misses
   mGETXIM: 0 # GETX I->M misses
   mGETXSM: 0 # GETX S->M misses (upgrade misses)
   PUTS: 0 # Clean evictions (from lower level)
   PUTX: 0 # Dirty evictions (from lower level)
   INV: 1583 # Invalidates (from upper level)
   INVX: 0 # Downgrades (from upper level)
   FWD: 0 # Forwards (from upper level)
   latGETnl: 89714 # GET request latency on next level
   latGETnet: 0 # GET request latency on network to next level
  l1i-7: # Filter cache stats
   fhGETS: 115525086 # Filtered GETS hits
   fhGETX: 0 # Filtered GETX hits
   hGETS: 622709 # GETS hits
   hGETX: 0 # GETX hits
   mGETS: 1876 # GETS misses
   mGETXIM: 0 # GETX I->M misses
   mGETXSM: 0 # GETX S->M misses (upgrade misses)
   PUTS: 0 # Clean evictions (from lower level)
   PUTX: 0 # Dirty evictions (from lower level)
   INV: 1752 # Invalidates (from upper level)
   INVX: 0 # Downgrades (from upper level)
   FWD: 0 # Forwards (from upper level)
   latGETnl: 89794 # GET request latency on next level
   latGETnet: 0 # GET request latency on network to next level
 l1d: # Cache stats
  l1d-0: # Filter cache stats
   fhGETS: 147620996 # Filtered GETS hits
   fhGETX: 23731096 # Filtered GETX hits
   hGETS: 13515243 # GETS hits
   hGETX: 3431778 # GETX hits
   mGETS: 653069 # GETS misses
   mGETXIM: 171329 # GETX I->M misses
   mGETXSM: 7756 # GETX S->M misses (upgrade misses)
   PUTS: 0 # Clean evictions (from lower level)
   PUTX: 0 # Dirty evictions (from lower level)
   INV: 10407 # Invalidates (from upper level)
   INVX: 17160 # Downgrades (from upper level)
   FWD: 0 # Forwards (from upper level)
   latGETnl: 76427265 # GET request latency on next level
   latGETnet: 0 # GET request latency on network to next level
  l1d-1: # Filter cache stats
   fhGETS: 149623533 # Filtered GETS hits
   fhGETX: 22490235 # Filtered GETX hits
   hGETS: 14461943 # GETS hits
   hGETX: 3470491 # GETX hits
   mGETS: 665095 # GETS misses
   mGETXIM: 184445 # GETX I->M misses
   mGETXSM: 30279 # GETX S->M misses (upgrade misses)
   PUTS: 0 # Clean evictions (from lower level)
   PUTX: 0 # Dirty evictions (from lower level)
   INV: 4300 # Invalidates (from upper level)
   INVX: 7044 # Downgrades (from upper level)
   FWD: 0 # Forwards (from upper level)
   latGETnl: 75778249 # GET request latency on next level
   latGETnet: 0 # GET request latency on network to next level
  l1d-2: # Filter cache stats
   fhGETS: 158710327 # Filtered GETS hits
   fhGETX: 24739054 # Filtered GETX hits
   hGETS: 15576287 # GETS hits
   hGETX: 3766289 # GETX hits
   mGETS: 701082 # GETS misses
   mGETXIM: 187241 # GETX I->M misses
   mGETXSM: 28370 # GETX S->M misses (upgrade misses)
   PUTS: 0 # Clean evictions (from lower level)
   PUTX: 0 # Dirty evictions (from lower level)
   INV: 5382 # Invalidates (from upper level)
   INVX: 7258 # Downgrades (from upper level)
   FWD: 0 # Forwards (from upper level)
   latGETnl: 78140778 # GET request latency on next level
   latGETnet: 0 # GET request latency on network to next level
  l1d-3: # Filter cache stats
   fhGETS: 133317996 # Filtered GETS hits
   fhGETX: 20628529 # Filtered GETX hits
   hGETS: 12475497 # GETS hits
   hGETX: 3072127 # GETX hits
   mGETS: 659369 # GETS misses
   mGETXIM: 163702 # GETX I->M misses
   mGETXSM: 13504 # GETX S->M misses (upgrade misses)
   PUTS: 0 # Clean evictions (from lower level)
   PUTX: 0 # Dirty evictions (from lower level)
   INV: 14548 # Invalidates (from upper level)
   INVX: 30792 # Downgrades (from upper level)
   FWD: 0 # Forwards (from upper level)
   latGETnl: 77077513 # GET request latency on next level
   latGETnet: 0 # GET request latency on network to next level
  l1d-4: # Filter cache stats
   fhGETS: 141240796 # Filtered GETS hits
   fhGETX: 22575234 # Filtered GETX hits
   hGETS: 13463126 # GETS hits
   hGETX: 3317715 # GETX hits
   mGETS: 689194 # GETS misses
   mGETXIM: 165523 # GETX I->M misses
   mGETXSM: 11615 # GETX S->M misses (upgrade misses)
   PUTS: 0 # Clean evictions (from lower level)
   PUTX: 0 # Dirty evictions (from lower level)
   INV: 13806 # Invalidates (from upper level)
   INVX: 28227 # Downgrades (from upper level)
   FWD: 0 # Forwards (from upper level)
   latGETnl: 79377572 # GET request latency on next level
   latGETnet: 0 # GET request latency on network to next level
  l1d-5: # Filter cache stats
   fhGETS: 161934009 # Filtered GETS hits
   fhGETX: 27253274 # Filtered GETX hits
   hGETS: 15113371 # GETS hits
   hGETX: 3806439 # GETX hits
   mGETS: 758378 # GETS misses
   mGETXIM: 184613 # GETX I->M misses
   mGETXSM: 38767 # GETX S->M misses (upgrade misses)
   PUTS: 0 # Clean evictions (from lower level)
   PUTX: 0 # Dirty evictions (from lower level)
   INV: 6117 # Invalidates (from upper level)
   INVX: 10324 # Downgrades (from upper level)
   FWD: 0 # Forwards (from upper level)
   latGETnl: 78820352 # GET request latency on next level
   latGETnet: 0 # GET request latency on network to next level
  l1d-6: # Filter cache stats
   fhGETS: 170484272 # Filtered GETS hits
   fhGETX: 29193251 # Filtered GETX hits
   hGETS: 16034883 # GETS hits
   hGETX: 4066662 # GETX hits
   mGETS: 798037 # GETS misses
   mGETXIM: 187212 # GETX I->M misses
   mGETXSM: 40412 # GETX S->M misses (upgrade misses)
   PUTS: 0 # Clean evictions (from lower level)
   PUTX: 0 # Dirty evictions (from lower level)
   INV: 7641 # Invalidates (from upper level)
   INVX: 11546 # Downgrades (from upper level)
   FWD: 0 # Forwards (from upper level)
   latGETnl: 81259546 # GET request latency on next level
   latGETnet: 0 # GET request latency on network to next level
  l1d-7: # Filter cache stats
   fhGETS: 139112194 # Filtered GETS hits
   fhGETX: 21636157 # Filtered GETX hits
   hGETS: 12570353 # GETS hits
   hGETX: 3153068 # GETX hits
   mGETS: 621537 # GETS misses
   mGETXIM: 168471 # GETX I->M misses
   mGETXSM: 6600 # GETX S->M misses (upgrade misses)
   PUTS: 0 # Clean evictions (from lower level)
   PUTX: 0 # Dirty evictions (from lower level)
   INV: 11017 # Invalidates (from upper level)
   INVX: 19560 # Downgrades (from upper level)
   FWD: 0 # Forwards (from upper level)
   latGETnl: 73908142 # GET request latency on next level
   latGETnet: 0 # GET request latency on network to next level
 l2: # Cache stats
  l2-0: # Cache stats
   hGETS: 146280 # GETS hits
   hGETX: 1 # GETX hits
   mGETS: 508756 # GETS misses
   mGETXIM: 170966 # GETX I->M misses
   mGETXSM: 8118 # GETX S->M misses (upgrade misses)
   PUTS: 422853 # Clean evictions (from lower level)
   PUTX: 390633 # Dirty evictions (from lower level)
   INV: 34481 # Invalidates (from upper level)
   INVX: 67919 # Downgrades (from upper level)
   FWD: 0 # Forwards (from upper level)
   latGETnl: 68177323 # GET request latency on next level
   latGETnet: 0 # GET request latency on network to next level
  l2-1: # Cache stats
   hGETS: 137125 # GETS hits
   hGETX: 4 # GETX hits
   mGETS: 529787 # GETS misses
   mGETXIM: 184443 # GETX I->M misses
   mGETXSM: 30277 # GETX S->M misses (upgrade misses)
   PUTS: 444399 # Clean evictions (from lower level)
   PUTX: 400337 # Dirty evictions (from lower level)
   INV: 16549 # Invalidates (from upper level)
   INVX: 17293 # Downgrades (from upper level)
   FWD: 0 # Forwards (from upper level)
   latGETnl: 67042027 # GET request latency on next level
   latGETnet: 0 # GET request latency on network to next level
  l2-2: # Cache stats
   hGETS: 146484 # GETS hits
   hGETX: 3 # GETX hits
   mGETS: 556390 # GETS misses
   mGETXIM: 187239 # GETX I->M misses
   mGETXSM: 28369 # GETX S->M misses (upgrade misses)
   PUTS: 456923 # Clean evictions (from lower level)
   PUTX: 425509 # Dirty evictions (from lower level)
   INV: 13438 # Invalidates (from upper level)
   INVX: 13171 # Downgrades (from upper level)
   FWD: 0 # Forwards (from upper level)
   latGETnl: 69037826 # GET request latency on next level
   latGETnet: 0 # GET request latency on network to next level
  l2-3: # Cache stats
   hGETS: 141104 # GETS hits
   hGETX: 1 # GETX hits
   mGETS: 520145 # GETS misses
   mGETXIM: 163361 # GETX I->M misses
   mGETXSM: 13844 # GETX S->M misses (upgrade misses)
   PUTS: 430780 # Clean evictions (from lower level)
   PUTX: 377257 # Dirty evictions (from lower level)
   INV: 56901 # Invalidates (from upper level)
   INVX: 113711 # Downgrades (from upper level)
   FWD: 0 # Forwards (from upper level)
   latGETnl: 68803773 # GET request latency on next level
   latGETnet: 0 # GET request latency on network to next level
  l2-4: # Cache stats
   hGETS: 147551 # GETS hits
   hGETX: 0 # GETX hits
   mGETS: 543472 # GETS misses
   mGETXIM: 165219 # GETX I->M misses
   mGETXSM: 11919 # GETX S->M misses (upgrade misses)
   PUTS: 440155 # Clean evictions (from lower level)
   PUTX: 400252 # Dirty evictions (from lower level)
   INV: 52649 # Invalidates (from upper level)
   INVX: 108886 # Downgrades (from upper level)
   FWD: 0 # Forwards (from upper level)
   latGETnl: 70777768 # GET request latency on next level
   latGETnet: 0 # GET request latency on network to next level
  l2-5: # Cache stats
   hGETS: 149248 # GETS hits
   hGETX: 4 # GETX hits
   mGETS: 610983 # GETS misses
   mGETXIM: 184611 # GETX I->M misses
   mGETXSM: 38765 # GETX S->M misses (upgrade misses)
   PUTS: 479477 # Clean evictions (from lower level)
   PUTX: 456899 # Dirty evictions (from lower level)
   INV: 17323 # Invalidates (from upper level)
   INVX: 19786 # Downgrades (from upper level)
   FWD: 0 # Forwards (from upper level)
   latGETnl: 69058944 # GET request latency on next level
   latGETnet: 0 # GET request latency on network to next level
  l2-6: # Cache stats
   hGETS: 159928 # GETS hits
   hGETX: 4 # GETX hits
   mGETS: 639800 # GETS misses
   mGETXIM: 187210 # GETX I->M misses
   mGETXSM: 40410 # GETX S->M misses (upgrade misses)
   PUTS: 493828 # Clean evictions (from lower level)
   PUTX: 483288 # Dirty evictions (from lower level)
   INV: 16246 # Invalidates (from upper level)
   INVX: 19723 # Downgrades (from upper level)
   FWD: 0 # Forwards (from upper level)
   latGETnl: 71075740 # GET request latency on next level
   latGETnet: 0 # GET request latency on network to next level
  l2-7: # Cache stats
   hGETS: 140423 # GETS hits
   hGETX: 1 # GETX hits
   mGETS: 482990 # GETS misses
   mGETXIM: 168138 # GETX I->M misses
   mGETXSM: 6932 # GETX S->M misses (upgrade misses)
   PUTS: 411766 # Clean evictions (from lower level)
   PUTX: 366723 # Dirty evictions (from lower level)
   INV: 34039 # Invalidates (from upper level)
   INVX: 66998 # Downgrades (from upper level)
   FWD: 0 # Forwards (from upper level)
   latGETnl: 66013096 # GET request latency on next level
   latGETnet: 0 # GET request latency on network to next level
 l3: # Cache stats
  l3-0b0: # Cache stats
   hGETS: 165312 # GETS hits
   hGETX: 27205 # GETX hits
   mGETS: 384476 # GETS misses
   mGETXIM: 171356 # GETX I->M misses
   mGETXSM: 0 # GETX S->M misses (upgrade misses)
   PUTS: 359266 # Clean evictions (from lower level)
   PUTX: 332881 # Dirty evictions (from lower level)
   INV: 0 # Invalidates (from upper level)
   INVX: 0 # Downgrades (from upper level)
   FWD: 0 # Forwards (from upper level)
   latGETnl: 50024880 # GET request latency on next level
   latGETnet: 0 # GET request latency on network to next level
  l3-0b1: # Cache stats
   hGETS: 164957 # GETS hits
   hGETX: 27469 # GETX hits
   mGETS: 384072 # GETS misses
   mGETXIM: 171134 # GETX I->M misses
   mGETXSM: 0 # GETX S->M misses (upgrade misses)
   PUTS: 358900 # Clean evictions (from lower level)
   PUTX: 332575 # Dirty evictions (from lower level)
   INV: 0 # Invalidates (from upper level)
   INVX: 0 # Downgrades (from upper level)
   FWD: 0 # Forwards (from upper level)
   latGETnl: 49968540 # GET request latency on next level
   latGETnet: 0 # GET request latency on network to next level
  l3-0b2: # Cache stats
   hGETS: 166214 # GETS hits
   hGETX: 28273 # GETX hits
   mGETS: 383846 # GETS misses
   mGETXIM: 171319 # GETX I->M misses
   mGETXSM: 0 # GETX S->M misses (upgrade misses)
   PUTS: 359541 # Clean evictions (from lower level)
   PUTX: 332199 # Dirty evictions (from lower level)
   INV: 0 # Invalidates (from upper level)
   INVX: 0 # Downgrades (from upper level)
   FWD: 0 # Forwards (from upper level)
   latGETnl: 49964850 # GET request latency on next level
   latGETnet: 0 # GET request latency on network to next level
  l3-0b3: # Cache stats
   hGETS: 165355 # GETS hits
   hGETX: 27543 # GETX hits
   mGETS: 383607 # GETS misses
   mGETXIM: 171210 # GETX I->M misses
   mGETXSM: 0 # GETX S->M misses (upgrade misses)
   PUTS: 358552 # Clean evictions (from lower level)
   PUTX: 332296 # Dirty evictions (from lower level)
   INV: 0 # Invalidates (from upper level)
   INVX: 0 # Downgrades (from upper level)
   FWD: 0 # Forwards (from upper level)
   latGETnl: 49933530 # GET request latency on next level
   latGETnet: 0 # GET request latency on network to next level
  l3-0b4: # Cache stats
   hGETS: 163910 # GETS hits
   hGETX: 27270 # GETX hits
   mGETS: 383677 # GETS misses
   mGETXIM: 171236 # GETX I->M misses
   mGETXSM: 0 # GETX S->M misses (upgrade misses)
   PUTS: 357916 # Clean evictions (from lower level)
   PUTX: 331704 # Dirty evictions (from lower level)
   INV: 0 # Invalidates (from upper level)
   INVX: 0 # Downgrades (from upper level)
   FWD: 0 # Forwards (from upper level)
   latGETnl: 49942170 # GET request latency on next level
   latGETnet: 0 # GET request latency on network to next level
  l3-0b5: # Cache stats
   hGETS: 164981 # GETS hits
   hGETX: 27738 # GETX hits
   mGETS: 384141 # GETS misses
   mGETXIM: 171281 # GETX I->M misses
   mGETXSM: 0 # GETX S->M misses (upgrade misses)
   PUTS: 358984 # Clean evictions (from lower level)
   PUTX: 332359 # Dirty evictions (from lower level)
   INV: 0 # Invalidates (from upper level)
   INVX: 0 # Downgrades (from upper level)
   FWD: 0 # Forwards (from upper level)
   latGETnl: 49987980 # GET request latency on next level
   latGETnet: 0 # GET request latency on network to next level
  l3-0b6: # Cache stats
   hGETS: 164794 # GETS hits
   hGETX: 27210 # GETX hits
   mGETS: 383910 # GETS misses
   mGETXIM: 171227 # GETX I->M misses
   mGETXSM: 0 # GETX S->M misses (upgrade misses)
   PUTS: 358475 # Clean evictions (from lower level)
   PUTX: 332074 # Dirty evictions (from lower level)
   INV: 0 # Invalidates (from upper level)
   INVX: 0 # Downgrades (from upper level)
   FWD: 0 # Forwards (from upper level)
   latGETnl: 49962330 # GET request latency on next level
   latGETnet: 0 # GET request latency on network to next level
  l3-0b7: # Cache stats
   hGETS: 164506 # GETS hits
   hGETX: 27153 # GETX hits
   mGETS: 384565 # GETS misses
   mGETXIM: 171197 # GETX I->M misses
   mGETXSM: 0 # GETX S->M misses (upgrade misses)
   PUTS: 359273 # Clean evictions (from lower level)
   PUTX: 332361 # Dirty evictions (from lower level)
   INV: 0 # Invalidates (from upper level)
   INVX: 0 # Downgrades (from upper level)
   FWD: 0 # Forwards (from upper level)
   latGETnl: 50018580 # GET request latency on next level
   latGETnet: 0 # GET request latency on network to next level
 mem: # Memory controller stats
  mem-0: # Memory controller stats
   rd: 1111949 # Read requests
   wr: 567909 # Write requests
   rdlat: 166939354 # Total latency experienced by read requests
   wrlat: 128580760 # Total latency experienced by write requests
   rdhits: 21206 # Read row hits
   wrhits: 5103 # Write row hits
   mlh: # latency histogram for memory requests
    0: 0
    1: 0
    2: 0
    3: 0
    4: 0
    5: 0
    6: 0
    7: 0
    8: 0
    9: 0
    10: 0
    11: 1003
    12: 1334
    13: 783443
    14: 94821
    15: 67316
    16: 40245
    17: 15359
    18: 10972
    19: 10958
    20: 9889
    21: 8795
    22: 6591
    23: 6155
    24: 5922
    25: 4032
    26: 2597
    27: 2350
    28: 2265
    29: 2126
    30: 1985
    31: 2074
    32: 2062
    33: 2209
    34: 2180
    35: 2270
    36: 2316
    37: 2339
    38: 2213
    39: 2021
    40: 2083
    41: 1901
    42: 1746
    43: 1432
    44: 1190
    45: 1001
    46: 894
    47: 810
    48: 597
    49: 355
    50: 241
    51: 233
    52: 165
    53: 136
    54: 106
    55: 66
    56: 79
    57: 66
    58: 49
    59: 46
    60: 51
    61: 41
    62: 44
    63: 45
    64: 61
    65: 46
    66: 55
    67: 49
    68: 57
    69: 58
    70: 50
    71: 50
    72: 49
    73: 42
    74: 29
    75: 27
    76: 30
    77: 27
    78: 25
    79: 14
    80: 15
    81: 11
    82: 12
    83: 9
    84: 5
    85: 3
    86: 4
    87: 1
    88: 0
    89: 0
    90: 0
    91: 0
    92: 0
    93: 1
    94: 0
    95: 0
    96: 0
    97: 0
    98: 0
    99: 0
  mem-1: # Memory controller stats
   rd: 1109102 # Read requests
   wr: 568476 # Write requests
   rdlat: 166621551 # Total latency experienced by read requests
   wrlat: 128537635 # Total latency experienced by write requests
   rdhits: 21006 # Read row hits
   wrhits: 5165 # Write row hits
   mlh: # latency histogram for memory requests
    0: 0
    1: 0
    2: 0
    3: 0
    4: 0
    5: 0
    6: 0
    7: 0
    8: 0
    9: 0
    10: 0
    11: 1004
    12: 1245
    13: 782012
    14: 95092
    15: 66935
    16: 39881
    17: 15083
    18: 11028
    19: 10931
    20: 9647
    21: 8365
    22: 6595
    23: 6077
    24: 5671
    25: 3915
    26: 2477
    27: 2339
    28: 2207
    29: 2185
    30: 2027
    31: 2154
    32: 2246
    33: 2251
    34: 2362
    35: 2190
    36: 2162
    37: 2210
    38: 2176
    39: 2077
    40: 2001
    41: 1903
    42: 1697
    43: 1505
    44: 1222
    45: 1077
    46: 925
    47: 811
    48: 629
    49: 398
    50: 307
    51: 269
    52: 197
    53: 160
    54: 142
    55: 101
    56: 104
    57: 70
    58: 66
    59: 47
    60: 51
    61: 43
    62: 44
    63: 51
    64: 57
    65: 45
    66: 45
    67: 39
    68: 49
    69: 44
    70: 46
    71: 46
    72: 43
    73: 54
    74: 43
    75: 32
    76: 30
    77: 31
    78: 29
    79: 27
    80: 24
    81: 11
    82: 16
    83: 10
    84: 6
    85: 1
    86: 1
    87: 2
    88: 0
    89: 0
    90: 3
    91: 1
    92: 1
    93: 1
    94: 0
    95: 0
    96: 0
    97: 0
    98: 0
    99: 1
  mem-2: # Memory controller stats
   rd: 1111694 # Read requests
   wr: 567667 # Write requests
   rdlat: 166905016 # Total latency experienced by read requests
   wrlat: 128447901 # Total latency experienced by write requests
   rdhits: 20800 # Read row hits
   wrhits: 5200 # Write row hits
   mlh: # latency histogram for memory requests
    0: 0
    1: 0
    2: 0
    3: 0
    4: 0
    5: 0
    6: 0
    7: 0
    8: 0
    9: 0
    10: 0
    11: 988
    12: 1311
    13: 784235
    14: 94815
    15: 67497
    16: 40106
    17: 15146
    18: 10777
    19: 10880
    20: 9758
    21: 8617
    22: 6670
    23: 6050
    24: 5639
    25: 3894
    26: 2451
    27: 2347
    28: 2198
    29: 2076
    30: 2015
    31: 2134
    32: 2091
    33: 2203
    34: 2286
    35: 2239
    36: 2260
    37: 2320
    38: 2189
    39: 2071
    40: 2110
    41: 1976
    42: 1693
    43: 1451
    44: 1232
    45: 1094
    46: 889
    47: 779
    48: 579
    49: 381
    50: 324
    51: 225
    52: 188
    53: 153
    54: 133
    55: 89
    56: 87
    57: 64
    58: 60
    59: 42
    60: 49
    61: 39
    62: 54
    63: 61
    64: 65
    65: 62
    66: 42
    67: 52
    68: 43
    69: 57
    70: 41
    71: 40
    72: 35
    73: 32
    74: 30
    75: 25
    76: 27
    77: 21
    78: 20
    79: 15
    80: 10
    81: 6
    82: 7
    83: 12
    84: 12
    85: 7
    86: 4
    87: 7
    88: 3
    89: 0
    90: 3
    91: 1
    92: 0
    93: 0
    94: 0
    95: 0
    96: 0
    97: 0
    98: 0
    99: 0
  mem-3: # Memory controller stats
   rd: 1109506 # Read requests
   wr: 568479 # Write requests
   rdlat: 167053237 # Total latency experienced by read requests
   wrlat: 128782427 # Total latency experienced by write requests
   rdhits: 21383 # Read row hits
   wrhits: 5114 # Write row hits
   mlh: # latency histogram for memory requests
    0: 0
    1: 0
    2: 0
    3: 0
    4: 0
    5: 0
    6: 0
    7: 0
    8: 0
    9: 0
    10: 0
    11: 979
    12: 1240
    13: 780728
    14: 95421
    15: 66925
    16: 39923
    17: 15246
    18: 10876
    19: 10740
    20: 9556
    21: 8567
    22: 6608
    23: 6249
    24: 5673
    25: 4049
    26: 2431
    27: 2422
    28: 2266
    29: 2071
    30: 2050
    31: 2158
    32: 2205
    33: 2292
    34: 2286
    35: 2391
    36: 2365
    37: 2475
    38: 2210
    39: 2023
    40: 2121
    41: 1958
    42: 1743
    43: 1511
    44: 1304
    45: 1118
    46: 870
    47: 849
    48: 618
    49: 416
    50: 323
    51: 278
    52: 197
    53: 172
    54: 145
    55: 136
    56: 90
    57: 76
    58: 57
    59: 64
    60: 55
    61: 46
    62: 50
    63: 38
    64: 50
    65: 58
    66: 38
    67: 36
    68: 41
    69: 63
    70: 82
    71: 74
    72: 53
    73: 57
    74: 43
    75: 41
    76: 33
    77: 37
    78: 27
    79: 19
    80: 20
    81: 9
    82: 13
    83: 5
    84: 8
    85: 6
    86: 5
    87: 5
    88: 3
    89: 2
    90: 2
    91: 5
    92: 1
    93: 1
    94: 0
    95: 0
    96: 1
    97: 1
    98: 0
    99: 7
 sched: # Scheduler stats
  thCr: 9 # Threads created
  thFn: 0 # Threads finished
  schedEvs: 9 # Schedule events
  waitEvs: 1 # Wait events
  handoffEvs: 0 # Handoff events
  sleepEvs: 0 # Sleep events
  idlePhases: 0 # Phases with no thread active
  idlePeriods: 0 # Periods with no thread active
  occHist: # Occupancy histogram
   0: 0
   1: 1
   2: 0
   3: 0
   4: 0
   5: 0
   6: 0
   7: 0
   8: 51514
  rqSzHist: # Run queue size histogram
   0: 51515
   1: 0
   2: 0
   3: 0
   4: 0
   5: 0
   6: 0
   7: 0
   8: 0
   9: 0
   10: 0
   11: 0
   12: 0
   13: 0
   14: 0
   15: 0
   16: 0
 procCycles: # Per-process unhalted core cycles
  0: 3616030439
  1: 0
  2: 0
  3: 0
  4: 0
  5: 0
  6: 0
  7: 0
  8: 0
  9: 0
  10: 0
  11: 0
  12: 0
  13: 0
  14: 0
  15: 0
  16: 0
  17: 0
  18: 0
  19: 0
  20: 0
  21: 0
  22: 0
  23: 0
  24: 0
  25: 0
  26: 0
  27: 0
  28: 0
  29: 0
  30: 0
  31: 0
  32: 0
  33: 0
  34: 0
  35: 0
  36: 0
  37: 0
  38: 0
  39: 0
  40: 0
  41: 0
  42: 0
  43: 0
  44: 0
  45: 0
  46: 0
  47: 0
  48: 0
  49: 0
  50: 0
  51: 0
  52: 0
  53: 0
  54: 0
  55: 0
  56: 0
  57: 0
  58: 0
  59: 0
  60: 0
  61: 0
  62: 0
  63: 0
 procInstrs: # Per-process instructions
  0: 5000019525
  1: 0
  2: 0
  3: 0
  4: 0
  5: 0
  6: 0
  7: 0
  8: 0
  9: 0
  10: 0
  11: 0
  12: 0
  13: 0
  14: 0
  15: 0
  16: 0
  17: 0
  18: 0
  19: 0
  20: 0
  21: 0
  22: 0
  23: 0
  24: 0
  25: 0
  26: 0
  27: 0
  28: 0
  29: 0
  30: 0
  31: 0
  32: 0
  33: 0
  34: 0
  35: 0
  36: 0
  37: 0
  38: 0
  39: 0
  40: 0
  41: 0
  42: 0
  43: 0
  44: 0
  45: 0
  46: 0
  47: 0
  48: 0
  49: 0
  50: 0
  51: 0
  52: 0
  53: 0
  54: 0
  55: 0
  56: 0
  57: 0
  58: 0
  59: 0
  60: 0
  61: 0
  62: 0
  63: 0
 heartbeats: # Per-process heartbeats
  0: 0
  1: 0
  2: 0
  3: 0
  4: 0
  5: 0
  6: 0
  7: 0
  8: 0
  9: 0
  10: 0
  11: 0
  12: 0
  13: 0
  14: 0
  15: 0
  16: 0
  17: 0
  18: 0
  19: 0
  20: 0
  21: 0
  22: 0
  23: 0
  24: 0
  25: 0
  26: 0
  27: 0
  28: 0
  29: 0
  30: 0
  31: 0
  32: 0
  33: 0
  34: 0
  35: 0
  36: 0
  37: 0
  38: 0
  39: 0
  40: 0
  41: 0
  42: 0
  43: 0
  44: 0
  45: 0
  46: 0
  47: 0
  48: 0
  49: 0
  50: 0
  51: 0
  52: 0
  53: 0
  54: 0
  55: 0
  56: 0
  57: 0
  58: 0
  59: 0
  60: 0
  61: 0
  62: 0
  63: 0
===
