# zsim stats
===
root: # Stats
 contention: # Contention simulation stats
  domain-0: # Domain stats
   time: 473874830 # Weave simulation time
 time: # Simulator time breakdown
  init: 2832368115534
  bound: 10726329363
  weave: 590336354
  ff: 0
 trigger: 20000 # Reason for this stats dump
 phase: 8461 # Simulated phases
 westmere: # Core stats
  westmere-0: # Core stats
   cycles: 84611110 # Simulated unhalted cycles
   cCycles: 10062472 # Cycles due to contention stalls
   instrs: 100007862 # Simulated instructions
   uops: 132223797 # Retired micro-ops
   bbls: 1458056 # Basic blocks
   approxInstrs: 967624 # Instrs with approx uop decoding
   mispredBranches: 1055 # Mispredicted branches
   condBranches: 120270 # conditional branches
 l1i: # Cache stats
  l1i-0: # Filter cache stats
   fhGETS: 6773463 # Filtered GETS hits
   fhGETX: 0 # Filtered GETX hits
   hGETS: 4032398 # GETS hits
   hGETX: 0 # GETX hits
   mGETS: 1896 # GETS misses
   mGETXIM: 0 # GETX I->M misses
   mGETXSM: 0 # GETX S->M misses (upgrade misses)
   PUTS: 0 # Clean evictions (from lower level)
   PUTX: 0 # Dirty evictions (from lower level)
   INV: 1705 # Invalidates (from upper level)
   INVX: 0 # Downgrades (from upper level)
   FWD: 0 # Forwards (from upper level)
   latGETnl: 234294 # GET request latency on next level
   latGETnet: 0 # GET request latency on network to next level
 l1d: # Cache stats
  l1d-0: # Filter cache stats
   fhGETS: 35803528 # Filtered GETS hits
   fhGETX: 9553220 # Filtered GETX hits
   hGETS: 6400984 # GETS hits
   hGETX: 1655981 # GETX hits
   mGETS: 618139 # GETS misses
   mGETXIM: 140040 # GETX I->M misses
   mGETXSM: 0 # GETX S->M misses (upgrade misses)
   PUTS: 0 # Clean evictions (from lower level)
   PUTX: 0 # Dirty evictions (from lower level)
   INV: 161 # Invalidates (from upper level)
   INVX: 0 # Downgrades (from upper level)
   FWD: 0 # Forwards (from upper level)
   latGETnl: 62916244 # GET request latency on next level
   latGETnet: 0 # GET request latency on network to next level
 l2: # Cache stats
  l2-0: # Cache stats
   hGETS: 258107 # GETS hits
   hGETX: 1 # GETX hits
   mGETS: 361928 # GETS misses
   mGETXIM: 140039 # GETX I->M misses
   mGETXSM: 0 # GETX S->M misses (upgrade misses)
   PUTS: 616341 # Clean evictions (from lower level)
   PUTX: 141165 # Dirty evictions (from lower level)
   INV: 2534 # Invalidates (from upper level)
   INVX: 0 # Downgrades (from upper level)
   FWD: 0 # Forwards (from upper level)
   latGETnl: 55549788 # GET request latency on next level
   latGETnet: 0 # GET request latency on network to next level
 l3: # Cache stats
  l3-0: # Cache stats
   hGETS: 14322 # GETS hits
   hGETX: 4283 # GETX hits
   mGETS: 347606 # GETS misses
   mGETXIM: 135756 # GETX I->M misses
   mGETXSM: 0 # GETX S->M misses (upgrade misses)
   PUTS: 355888 # Clean evictions (from lower level)
   PUTX: 139449 # Dirty evictions (from lower level)
   INV: 0 # Invalidates (from upper level)
   INVX: 0 # Downgrades (from upper level)
   FWD: 0 # Forwards (from upper level)
   latGETnl: 43502580 # GET request latency on next level
   latGETnet: 0 # GET request latency on network to next level
 mem: # Memory controller stats
  mem-0: # Memory controller stats
   rd: 120803 # Read requests
   wr: 33789 # Write requests
   rdlat: 17628394 # Total latency experienced by read requests
   wrlat: 5559040 # Total latency experienced by write requests
   rdhits: 10 # Read row hits
   wrhits: 140 # Write row hits
   mlh: # latency histogram for memory requests
    0: 0
    1: 0
    2: 0
    3: 0
    4: 0
    5: 0
    6: 0
    7: 0
    8: 0
    9: 0
    10: 0
    11: 0
    12: 0
    13: 78631
    14: 21042
    15: 6091
    16: 1415
    17: 4949
    18: 853
    19: 1079
    20: 846
    21: 122
    22: 485
    23: 124
    24: 308
    25: 3121
    26: 351
    27: 68
    28: 70
    29: 75
    30: 57
    31: 56
    32: 48
    33: 49
    34: 45
    35: 91
    36: 58
    37: 58
    38: 83
    39: 62
    40: 70
    41: 56
    42: 75
    43: 81
    44: 49
    45: 25
    46: 22
    47: 65
    48: 50
    49: 20
    50: 13
    51: 13
    52: 6
    53: 4
    54: 3
    55: 5
    56: 0
    57: 2
    58: 4
    59: 2
    60: 1
    61: 0
    62: 0
    63: 0
    64: 0
    65: 0
    66: 0
    67: 0
    68: 0
    69: 0
    70: 0
    71: 0
    72: 0
    73: 0
    74: 0
    75: 0
    76: 0
    77: 0
    78: 0
    79: 0
    80: 0
    81: 0
    82: 0
    83: 0
    84: 0
    85: 0
    86: 0
    87: 0
    88: 0
    89: 0
    90: 0
    91: 0
    92: 0
    93: 0
    94: 0
    95: 0
    96: 0
    97: 0
    98: 0
    99: 0
  mem-1: # Memory controller stats
   rd: 120842 # Read requests
   wr: 33799 # Write requests
   rdlat: 17639374 # Total latency experienced by read requests
   wrlat: 5580971 # Total latency experienced by write requests
   rdhits: 8 # Read row hits
   wrhits: 137 # Write row hits
   mlh: # latency histogram for memory requests
    0: 0
    1: 0
    2: 0
    3: 0
    4: 0
    5: 0
    6: 0
    7: 0
    8: 0
    9: 0
    10: 0
    11: 0
    12: 0
    13: 78689
    14: 21057
    15: 6029
    16: 1448
    17: 4931
    18: 865
    19: 1088
    20: 819
    21: 126
    22: 480
    23: 117
    24: 398
    25: 3021
    26: 355
    27: 68
    28: 75
    29: 65
    30: 72
    31: 64
    32: 42
    33: 35
    34: 54
    35: 85
    36: 82
    37: 50
    38: 73
    39: 61
    40: 70
    41: 92
    42: 85
    43: 63
    44: 43
    45: 22
    46: 16
    47: 37
    48: 49
    49: 22
    50: 22
    51: 18
    52: 15
    53: 2
    54: 7
    55: 15
    56: 2
    57: 4
    58: 4
    59: 5
    60: 0
    61: 0
    62: 0
    63: 0
    64: 0
    65: 0
    66: 0
    67: 0
    68: 0
    69: 0
    70: 0
    71: 0
    72: 0
    73: 0
    74: 0
    75: 0
    76: 0
    77: 0
    78: 0
    79: 0
    80: 0
    81: 0
    82: 0
    83: 0
    84: 0
    85: 0
    86: 0
    87: 0
    88: 0
    89: 0
    90: 0
    91: 0
    92: 0
    93: 0
    94: 0
    95: 0
    96: 0
    97: 0
    98: 0
    99: 0
  mem-2: # Memory controller stats
   rd: 120857 # Read requests
   wr: 33838 # Write requests
   rdlat: 17622346 # Total latency experienced by read requests
   wrlat: 5565172 # Total latency experienced by write requests
   rdhits: 4 # Read row hits
   wrhits: 126 # Write row hits
   mlh: # latency histogram for memory requests
    0: 0
    1: 0
    2: 0
    3: 0
    4: 0
    5: 0
    6: 0
    7: 0
    8: 0
    9: 0
    10: 0
    11: 0
    12: 0
    13: 78572
    14: 21168
    15: 6015
    16: 1497
    17: 4938
    18: 869
    19: 1119
    20: 823
    21: 110
    22: 456
    23: 160
    24: 294
    25: 3124
    26: 370
    27: 57
    28: 93
    29: 86
    30: 48
    31: 48
    32: 49
    33: 69
    34: 62
    35: 72
    36: 78
    37: 53
    38: 71
    39: 66
    40: 67
    41: 49
    42: 66
    43: 64
    44: 40
    45: 17
    46: 20
    47: 44
    48: 49
    49: 19
    50: 8
    51: 11
    52: 10
    53: 6
    54: 2
    55: 8
    56: 3
    57: 2
    58: 1
    59: 3
    60: 1
    61: 0
    62: 0
    63: 0
    64: 0
    65: 0
    66: 0
    67: 0
    68: 0
    69: 0
    70: 0
    71: 0
    72: 0
    73: 0
    74: 0
    75: 0
    76: 0
    77: 0
    78: 0
    79: 0
    80: 0
    81: 0
    82: 0
    83: 0
    84: 0
    85: 0
    86: 0
    87: 0
    88: 0
    89: 0
    90: 0
    91: 0
    92: 0
    93: 0
    94: 0
    95: 0
    96: 0
    97: 0
    98: 0
    99: 0
  mem-3: # Memory controller stats
   rd: 120854 # Read requests
   wr: 33823 # Write requests
   rdlat: 17631319 # Total latency experienced by read requests
   wrlat: 5575668 # Total latency experienced by write requests
   rdhits: 2 # Read row hits
   wrhits: 133 # Write row hits
   mlh: # latency histogram for memory requests
    0: 0
    1: 0
    2: 0
    3: 0
    4: 0
    5: 0
    6: 0
    7: 0
    8: 0
    9: 0
    10: 0
    11: 0
    12: 0
    13: 78545
    14: 21225
    15: 5979
    16: 1413
    17: 5005
    18: 840
    19: 1052
    20: 871
    21: 123
    22: 460
    23: 177
    24: 377
    25: 3031
    26: 368
    27: 55
    28: 75
    29: 74
    30: 66
    31: 66
    32: 60
    33: 61
    34: 61
    35: 78
    36: 71
    37: 53
    38: 90
    39: 70
    40: 71
    41: 48
    42: 78
    43: 80
    44: 37
    45: 25
    46: 16
    47: 45
    48: 42
    49: 23
    50: 5
    51: 7
    52: 11
    53: 2
    54: 4
    55: 10
    56: 0
    57: 1
    58: 1
    59: 1
    60: 1
    61: 0
    62: 0
    63: 0
    64: 0
    65: 0
    66: 0
    67: 0
    68: 0
    69: 0
    70: 0
    71: 0
    72: 0
    73: 0
    74: 0
    75: 0
    76: 0
    77: 0
    78: 0
    79: 0
    80: 0
    81: 0
    82: 0
    83: 0
    84: 0
    85: 0
    86: 0
    87: 0
    88: 0
    89: 0
    90: 0
    91: 0
    92: 0
    93: 0
    94: 0
    95: 0
    96: 0
    97: 0
    98: 0
    99: 0
 sched: # Scheduler stats
  thCr: 1 # Threads created
  thFn: 1 # Threads finished
  schedEvs: 1 # Schedule events
  waitEvs: 0 # Wait events
  handoffEvs: 0 # Handoff events
  sleepEvs: 0 # Sleep events
  idlePhases: 0 # Phases with no thread active
  idlePeriods: 0 # Periods with no thread active
  occHist: # Occupancy histogram
   0: 0
   1: 8461
  rqSzHist: # Run queue size histogram
   0: 8461
   1: 0
   2: 0
   3: 0
   4: 0
   5: 0
   6: 0
   7: 0
   8: 0
   9: 0
   10: 0
   11: 0
   12: 0
   13: 0
   14: 0
   15: 0
   16: 0
 procCycles: # Per-process unhalted core cycles
  0: 84611110
  1: 0
  2: 0
  3: 0
  4: 0
  5: 0
  6: 0
  7: 0
  8: 0
  9: 0
  10: 0
  11: 0
  12: 0
  13: 0
  14: 0
  15: 0
  16: 0
  17: 0
  18: 0
  19: 0
  20: 0
  21: 0
  22: 0
  23: 0
  24: 0
  25: 0
  26: 0
  27: 0
  28: 0
  29: 0
  30: 0
  31: 0
  32: 0
  33: 0
  34: 0
  35: 0
  36: 0
  37: 0
  38: 0
  39: 0
  40: 0
  41: 0
  42: 0
  43: 0
  44: 0
  45: 0
  46: 0
  47: 0
  48: 0
  49: 0
  50: 0
  51: 0
  52: 0
  53: 0
  54: 0
  55: 0
  56: 0
  57: 0
  58: 0
  59: 0
  60: 0
  61: 0
  62: 0
  63: 0
 procInstrs: # Per-process instructions
  0: 100007862
  1: 0
  2: 0
  3: 0
  4: 0
  5: 0
  6: 0
  7: 0
  8: 0
  9: 0
  10: 0
  11: 0
  12: 0
  13: 0
  14: 0
  15: 0
  16: 0
  17: 0
  18: 0
  19: 0
  20: 0
  21: 0
  22: 0
  23: 0
  24: 0
  25: 0
  26: 0
  27: 0
  28: 0
  29: 0
  30: 0
  31: 0
  32: 0
  33: 0
  34: 0
  35: 0
  36: 0
  37: 0
  38: 0
  39: 0
  40: 0
  41: 0
  42: 0
  43: 0
  44: 0
  45: 0
  46: 0
  47: 0
  48: 0
  49: 0
  50: 0
  51: 0
  52: 0
  53: 0
  54: 0
  55: 0
  56: 0
  57: 0
  58: 0
  59: 0
  60: 0
  61: 0
  62: 0
  63: 0
 heartbeats: # Per-process heartbeats
  0: 0
  1: 0
  2: 0
  3: 0
  4: 0
  5: 0
  6: 0
  7: 0
  8: 0
  9: 0
  10: 0
  11: 0
  12: 0
  13: 0
  14: 0
  15: 0
  16: 0
  17: 0
  18: 0
  19: 0
  20: 0
  21: 0
  22: 0
  23: 0
  24: 0
  25: 0
  26: 0
  27: 0
  28: 0
  29: 0
  30: 0
  31: 0
  32: 0
  33: 0
  34: 0
  35: 0
  36: 0
  37: 0
  38: 0
  39: 0
  40: 0
  41: 0
  42: 0
  43: 0
  44: 0
  45: 0
  46: 0
  47: 0
  48: 0
  49: 0
  50: 0
  51: 0
  52: 0
  53: 0
  54: 0
  55: 0
  56: 0
  57: 0
  58: 0
  59: 0
  60: 0
  61: 0
  62: 0
  63: 0
===
