# zsim stats
===
root: # Stats
 contention: # Contention simulation stats
  domain-0: # Domain stats
   time: 487385220 # Weave simulation time
 time: # Simulator time breakdown
  init: 2819314024730
  bound: 10783610279
  weave: 563919558
  ff: 0
 trigger: 20000 # Reason for this stats dump
 phase: 8440 # Simulated phases
 westmere: # Core stats
  westmere-0: # Core stats
   cycles: 84400998 # Simulated unhalted cycles
   cCycles: 10015764 # Cycles due to contention stalls
   instrs: 100010850 # Simulated instructions
   uops: 132227751 # Retired micro-ops
   bbls: 1458099 # Basic blocks
   approxInstrs: 967656 # Instrs with approx uop decoding
   mispredBranches: 1055 # Mispredicted branches
   condBranches: 120272 # conditional branches
 l1i: # Cache stats
  l1i-0: # Filter cache stats
   fhGETS: 6774174 # Filtered GETS hits
   fhGETX: 0 # Filtered GETX hits
   hGETS: 4033665 # GETS hits
   hGETX: 0 # GETX hits
   mGETS: 263 # GETS misses
   mGETXIM: 0 # GETX I->M misses
   mGETXSM: 0 # GETX S->M misses (upgrade misses)
   PUTS: 0 # Clean evictions (from lower level)
   PUTX: 0 # Dirty evictions (from lower level)
   INV: 18 # Invalidates (from upper level)
   INVX: 0 # Downgrades (from upper level)
   FWD: 0 # Forwards (from upper level)
   latGETnl: 32612 # GET request latency on next level
   latGETnet: 0 # GET request latency on network to next level
 l1d: # Cache stats
  l1d-0: # Filter cache stats
   fhGETS: 35804645 # Filtered GETS hits
   fhGETX: 9553529 # Filtered GETX hits
   hGETS: 6401234 # GETS hits
   hGETX: 1656028 # GETX hits
   mGETS: 618047 # GETS misses
   mGETXIM: 140007 # GETX I->M misses
   mGETXSM: 0 # GETX S->M misses (upgrade misses)
   PUTS: 0 # Clean evictions (from lower level)
   PUTX: 0 # Dirty evictions (from lower level)
   INV: 4 # Invalidates (from upper level)
   INVX: 0 # Downgrades (from upper level)
   FWD: 0 # Forwards (from upper level)
   latGETnl: 63009650 # GET request latency on next level
   latGETnet: 0 # GET request latency on network to next level
 l2: # Cache stats
  l2-0: # Cache stats
   hGETS: 257743 # GETS hits
   hGETX: 1 # GETX hits
   mGETS: 360567 # GETS misses
   mGETXIM: 140006 # GETX I->M misses
   mGETXSM: 0 # GETX S->M misses (upgrade misses)
   PUTS: 616369 # Clean evictions (from lower level)
   PUTX: 141169 # Dirty evictions (from lower level)
   INV: 0 # Invalidates (from upper level)
   INVX: 0 # Downgrades (from upper level)
   FWD: 0 # Forwards (from upper level)
   latGETnl: 55459092 # GET request latency on next level
   latGETnet: 0 # GET request latency on network to next level
 l3: # Cache stats
  l3-0: # Cache stats
   hGETS: 13782 # GETS hits
   hGETX: 4065 # GETX hits
   mGETS: 346785 # GETS misses
   mGETXIM: 135941 # GETX I->M misses
   mGETXSM: 0 # GETX S->M misses (upgrade misses)
   PUTS: 356540 # Clean evictions (from lower level)
   PUTX: 139937 # Dirty evictions (from lower level)
   INV: 0 # Invalidates (from upper level)
   INVX: 0 # Downgrades (from upper level)
   FWD: 0 # Forwards (from upper level)
   latGETnl: 43445340 # GET request latency on next level
   latGETnet: 0 # GET request latency on network to next level
 mem: # Memory controller stats
  mem-0: # Memory controller stats
   rd: 120656 # Read requests
   wr: 33818 # Write requests
   rdlat: 17579435 # Total latency experienced by read requests
   wrlat: 5554818 # Total latency experienced by write requests
   rdhits: 12 # Read row hits
   wrhits: 119 # Write row hits
   mlh: # latency histogram for memory requests
    0: 0
    1: 0
    2: 0
    3: 0
    4: 0
    5: 0
    6: 0
    7: 0
    8: 0
    9: 0
    10: 0
    11: 0
    12: 0
    13: 78655
    14: 21132
    15: 5997
    16: 1389
    17: 4963
    18: 848
    19: 1052
    20: 885
    21: 111
    22: 463
    23: 115
    24: 250
    25: 3160
    26: 358
    27: 48
    28: 64
    29: 64
    30: 52
    31: 55
    32: 36
    33: 46
    34: 53
    35: 78
    36: 78
    37: 56
    38: 68
    39: 58
    40: 67
    41: 52
    42: 68
    43: 65
    44: 41
    45: 29
    46: 20
    47: 44
    48: 46
    49: 36
    50: 17
    51: 11
    52: 12
    53: 2
    54: 1
    55: 7
    56: 0
    57: 1
    58: 0
    59: 2
    60: 1
    61: 0
    62: 0
    63: 0
    64: 0
    65: 0
    66: 0
    67: 0
    68: 0
    69: 0
    70: 0
    71: 0
    72: 0
    73: 0
    74: 0
    75: 0
    76: 0
    77: 0
    78: 0
    79: 0
    80: 0
    81: 0
    82: 0
    83: 0
    84: 0
    85: 0
    86: 0
    87: 0
    88: 0
    89: 0
    90: 0
    91: 0
    92: 0
    93: 0
    94: 0
    95: 0
    96: 0
    97: 0
    98: 0
    99: 0
  mem-1: # Memory controller stats
   rd: 120686 # Read requests
   wr: 33831 # Write requests
   rdlat: 17596770 # Total latency experienced by read requests
   wrlat: 5542162 # Total latency experienced by write requests
   rdhits: 7 # Read row hits
   wrhits: 118 # Write row hits
   mlh: # latency histogram for memory requests
    0: 0
    1: 0
    2: 0
    3: 0
    4: 0
    5: 0
    6: 0
    7: 0
    8: 0
    9: 0
    10: 0
    11: 0
    12: 0
    13: 78524
    14: 21161
    15: 6010
    16: 1379
    17: 4974
    18: 838
    19: 1075
    20: 867
    21: 103
    22: 491
    23: 121
    24: 348
    25: 3106
    26: 351
    27: 75
    28: 66
    29: 57
    30: 51
    31: 58
    32: 50
    33: 60
    34: 62
    35: 77
    36: 69
    37: 70
    38: 78
    39: 63
    40: 67
    41: 56
    42: 73
    43: 66
    44: 40
    45: 23
    46: 19
    47: 60
    48: 46
    49: 16
    50: 4
    51: 7
    52: 7
    53: 1
    54: 2
    55: 7
    56: 1
    57: 1
    58: 3
    59: 1
    60: 2
    61: 0
    62: 0
    63: 0
    64: 0
    65: 0
    66: 0
    67: 0
    68: 0
    69: 0
    70: 0
    71: 0
    72: 0
    73: 0
    74: 0
    75: 0
    76: 0
    77: 0
    78: 0
    79: 0
    80: 0
    81: 0
    82: 0
    83: 0
    84: 0
    85: 0
    86: 0
    87: 0
    88: 0
    89: 0
    90: 0
    91: 0
    92: 0
    93: 0
    94: 0
    95: 0
    96: 0
    97: 0
    98: 0
    99: 0
  mem-2: # Memory controller stats
   rd: 120706 # Read requests
   wr: 33866 # Write requests
   rdlat: 17590430 # Total latency experienced by read requests
   wrlat: 5545148 # Total latency experienced by write requests
   rdhits: 4 # Read row hits
   wrhits: 105 # Write row hits
   mlh: # latency histogram for memory requests
    0: 0
    1: 0
    2: 0
    3: 0
    4: 0
    5: 0
    6: 0
    7: 0
    8: 0
    9: 0
    10: 0
    11: 0
    12: 0
    13: 78669
    14: 21095
    15: 5928
    16: 1451
    17: 4968
    18: 881
    19: 1104
    20: 863
    21: 131
    22: 452
    23: 167
    24: 280
    25: 3094
    26: 372
    27: 59
    28: 61
    29: 58
    30: 32
    31: 40
    32: 39
    33: 46
    34: 56
    35: 68
    36: 76
    37: 62
    38: 68
    39: 59
    40: 65
    41: 51
    42: 69
    43: 59
    44: 42
    45: 24
    46: 14
    47: 49
    48: 60
    49: 31
    50: 13
    51: 16
    52: 10
    53: 2
    54: 3
    55: 10
    56: 2
    57: 4
    58: 2
    59: 1
    60: 0
    61: 0
    62: 0
    63: 0
    64: 0
    65: 0
    66: 0
    67: 0
    68: 0
    69: 0
    70: 0
    71: 0
    72: 0
    73: 0
    74: 0
    75: 0
    76: 0
    77: 0
    78: 0
    79: 0
    80: 0
    81: 0
    82: 0
    83: 0
    84: 0
    85: 0
    86: 0
    87: 0
    88: 0
    89: 0
    90: 0
    91: 0
    92: 0
    93: 0
    94: 0
    95: 0
    96: 0
    97: 0
    98: 0
    99: 0
  mem-3: # Memory controller stats
   rd: 120675 # Read requests
   wr: 33851 # Write requests
   rdlat: 17612665 # Total latency experienced by read requests
   wrlat: 5546998 # Total latency experienced by write requests
   rdhits: 4 # Read row hits
   wrhits: 102 # Write row hits
   mlh: # latency histogram for memory requests
    0: 0
    1: 0
    2: 0
    3: 0
    4: 0
    5: 0
    6: 0
    7: 0
    8: 0
    9: 0
    10: 0
    11: 0
    12: 0
    13: 78494
    14: 21113
    15: 5988
    16: 1392
    17: 4954
    18: 853
    19: 1102
    20: 828
    21: 145
    22: 486
    23: 183
    24: 345
    25: 3070
    26: 363
    27: 58
    28: 68
    29: 56
    30: 58
    31: 57
    32: 49
    33: 52
    34: 54
    35: 80
    36: 65
    37: 54
    38: 81
    39: 68
    40: 75
    41: 65
    42: 97
    43: 58
    44: 47
    45: 25
    46: 22
    47: 60
    48: 39
    49: 15
    50: 11
    51: 10
    52: 13
    53: 4
    54: 3
    55: 6
    56: 2
    57: 1
    58: 3
    59: 3
    60: 0
    61: 0
    62: 0
    63: 0
    64: 0
    65: 0
    66: 0
    67: 0
    68: 0
    69: 0
    70: 0
    71: 0
    72: 0
    73: 0
    74: 0
    75: 0
    76: 0
    77: 0
    78: 0
    79: 0
    80: 0
    81: 0
    82: 0
    83: 0
    84: 0
    85: 0
    86: 0
    87: 0
    88: 0
    89: 0
    90: 0
    91: 0
    92: 0
    93: 0
    94: 0
    95: 0
    96: 0
    97: 0
    98: 0
    99: 0
 sched: # Scheduler stats
  thCr: 1 # Threads created
  thFn: 1 # Threads finished
  schedEvs: 1 # Schedule events
  waitEvs: 0 # Wait events
  handoffEvs: 0 # Handoff events
  sleepEvs: 0 # Sleep events
  idlePhases: 0 # Phases with no thread active
  idlePeriods: 0 # Periods with no thread active
  occHist: # Occupancy histogram
   0: 0
   1: 8440
  rqSzHist: # Run queue size histogram
   0: 8440
   1: 0
   2: 0
   3: 0
   4: 0
   5: 0
   6: 0
   7: 0
   8: 0
   9: 0
   10: 0
   11: 0
   12: 0
   13: 0
   14: 0
   15: 0
   16: 0
 procCycles: # Per-process unhalted core cycles
  0: 84400998
  1: 0
  2: 0
  3: 0
  4: 0
  5: 0
  6: 0
  7: 0
  8: 0
  9: 0
  10: 0
  11: 0
  12: 0
  13: 0
  14: 0
  15: 0
  16: 0
  17: 0
  18: 0
  19: 0
  20: 0
  21: 0
  22: 0
  23: 0
  24: 0
  25: 0
  26: 0
  27: 0
  28: 0
  29: 0
  30: 0
  31: 0
  32: 0
  33: 0
  34: 0
  35: 0
  36: 0
  37: 0
  38: 0
  39: 0
  40: 0
  41: 0
  42: 0
  43: 0
  44: 0
  45: 0
  46: 0
  47: 0
  48: 0
  49: 0
  50: 0
  51: 0
  52: 0
  53: 0
  54: 0
  55: 0
  56: 0
  57: 0
  58: 0
  59: 0
  60: 0
  61: 0
  62: 0
  63: 0
 procInstrs: # Per-process instructions
  0: 100010850
  1: 0
  2: 0
  3: 0
  4: 0
  5: 0
  6: 0
  7: 0
  8: 0
  9: 0
  10: 0
  11: 0
  12: 0
  13: 0
  14: 0
  15: 0
  16: 0
  17: 0
  18: 0
  19: 0
  20: 0
  21: 0
  22: 0
  23: 0
  24: 0
  25: 0
  26: 0
  27: 0
  28: 0
  29: 0
  30: 0
  31: 0
  32: 0
  33: 0
  34: 0
  35: 0
  36: 0
  37: 0
  38: 0
  39: 0
  40: 0
  41: 0
  42: 0
  43: 0
  44: 0
  45: 0
  46: 0
  47: 0
  48: 0
  49: 0
  50: 0
  51: 0
  52: 0
  53: 0
  54: 0
  55: 0
  56: 0
  57: 0
  58: 0
  59: 0
  60: 0
  61: 0
  62: 0
  63: 0
 heartbeats: # Per-process heartbeats
  0: 0
  1: 0
  2: 0
  3: 0
  4: 0
  5: 0
  6: 0
  7: 0
  8: 0
  9: 0
  10: 0
  11: 0
  12: 0
  13: 0
  14: 0
  15: 0
  16: 0
  17: 0
  18: 0
  19: 0
  20: 0
  21: 0
  22: 0
  23: 0
  24: 0
  25: 0
  26: 0
  27: 0
  28: 0
  29: 0
  30: 0
  31: 0
  32: 0
  33: 0
  34: 0
  35: 0
  36: 0
  37: 0
  38: 0
  39: 0
  40: 0
  41: 0
  42: 0
  43: 0
  44: 0
  45: 0
  46: 0
  47: 0
  48: 0
  49: 0
  50: 0
  51: 0
  52: 0
  53: 0
  54: 0
  55: 0
  56: 0
  57: 0
  58: 0
  59: 0
  60: 0
  61: 0
  62: 0
  63: 0
===
