# zsim stats
===
root: # Stats
 contention: # Contention simulation stats
  domain-0: # Domain stats
   time: 4432772883 # Weave simulation time
 time: # Simulator time breakdown
  init: 1221735473
  bound: 254245829648
  weave: 20694879571
  ff: 0
 trigger: 20000 # Reason for this stats dump
 phase: 47950 # Simulated phases
 westmere: # Core stats
  westmere-0: # Core stats
   cycles: 392085561 # Simulated unhalted cycles
   cCycles: 7593642 # Cycles due to contention stalls
   instrs: 654271851 # Simulated instructions
   uops: 762258764 # Retired micro-ops
   bbls: 47688389 # Basic blocks
   approxInstrs: 101407826 # Instrs with approx uop decoding
   mispredBranches: 3323313 # Mispredicted branches
   condBranches: 26908819 # conditional branches
  westmere-1: # Core stats
   cycles: 366663213 # Simulated unhalted cycles
   cCycles: 5654799 # Cycles due to contention stalls
   instrs: 605320471 # Simulated instructions
   uops: 704285481 # Retired micro-ops
   bbls: 43978636 # Basic blocks
   approxInstrs: 94824211 # Instrs with approx uop decoding
   mispredBranches: 3203074 # Mispredicted branches
   condBranches: 24635463 # conditional branches
  westmere-2: # Core stats
   cycles: 382304415 # Simulated unhalted cycles
   cCycles: 6446416 # Cycles due to contention stalls
   instrs: 635723210 # Simulated instructions
   uops: 741549114 # Retired micro-ops
   bbls: 47220386 # Basic blocks
   approxInstrs: 99554793 # Instrs with approx uop decoding
   mispredBranches: 3538035 # Mispredicted branches
   condBranches: 26256167 # conditional branches
  westmere-3: # Core stats
   cycles: 382952086 # Simulated unhalted cycles
   cCycles: 6432337 # Cycles due to contention stalls
   instrs: 635079444 # Simulated instructions
   uops: 738930845 # Retired micro-ops
   bbls: 46256367 # Basic blocks
   approxInstrs: 98404220 # Instrs with approx uop decoding
   mispredBranches: 3283514 # Mispredicted branches
   condBranches: 25937225 # conditional branches
  westmere-4: # Core stats
   cycles: 372803334 # Simulated unhalted cycles
   cCycles: 5411589 # Cycles due to contention stalls
   instrs: 614382384 # Simulated instructions
   uops: 715739533 # Retired micro-ops
   bbls: 44756174 # Basic blocks
   approxInstrs: 97759431 # Instrs with approx uop decoding
   mispredBranches: 3285110 # Mispredicted branches
   condBranches: 25095500 # conditional branches
  westmere-5: # Core stats
   cycles: 339792226 # Simulated unhalted cycles
   cCycles: 5034491 # Cycles due to contention stalls
   instrs: 564447418 # Simulated instructions
   uops: 656180388 # Retired micro-ops
   bbls: 40662509 # Basic blocks
   approxInstrs: 87883905 # Instrs with approx uop decoding
   mispredBranches: 2931112 # Mispredicted branches
   condBranches: 22736515 # conditional branches
  westmere-6: # Core stats
   cycles: 358733393 # Simulated unhalted cycles
   cCycles: 7391327 # Cycles due to contention stalls
   instrs: 593260962 # Simulated instructions
   uops: 690775427 # Retired micro-ops
   bbls: 43919103 # Basic blocks
   approxInstrs: 90362721 # Instrs with approx uop decoding
   mispredBranches: 3079926 # Mispredicted branches
   condBranches: 24649771 # conditional branches
  westmere-7: # Core stats
   cycles: 417786590 # Simulated unhalted cycles
   cCycles: 8879808 # Cycles due to contention stalls
   instrs: 697628660 # Simulated instructions
   uops: 811356542 # Retired micro-ops
   bbls: 51496248 # Basic blocks
   approxInstrs: 103380888 # Instrs with approx uop decoding
   mispredBranches: 3599337 # Mispredicted branches
   condBranches: 29187004 # conditional branches
 l1i: # Cache stats
  l1i-0: # Filter cache stats
   fhGETS: 70824657 # Filtered GETS hits
   fhGETX: 0 # Filtered GETX hits
   hGETS: 10144480 # GETS hits
   hGETX: 0 # GETX hits
   mGETS: 4634304 # GETS misses
   mGETXIM: 0 # GETX I->M misses
   mGETXSM: 0 # GETX S->M misses (upgrade misses)
   PUTS: 0 # Clean evictions (from lower level)
   PUTX: 0 # Dirty evictions (from lower level)
   INV: 5 # Invalidates (from upper level)
   INVX: 0 # Downgrades (from upper level)
   FWD: 0 # Forwards (from upper level)
   latGETnl: 57771648 # GET request latency on next level
   latGETnet: 0 # GET request latency on network to next level
  l1i-1: # Filter cache stats
   fhGETS: 66043025 # Filtered GETS hits
   fhGETX: 0 # Filtered GETX hits
   hGETS: 8544860 # GETS hits
   hGETX: 0 # GETX hits
   mGETS: 5000618 # GETS misses
   mGETXIM: 0 # GETX I->M misses
   mGETXSM: 0 # GETX S->M misses (upgrade misses)
   PUTS: 0 # Clean evictions (from lower level)
   PUTX: 0 # Dirty evictions (from lower level)
   INV: 4 # Invalidates (from upper level)
   INVX: 0 # Downgrades (from upper level)
   FWD: 0 # Forwards (from upper level)
   latGETnl: 60652502 # GET request latency on next level
   latGETnet: 0 # GET request latency on network to next level
  l1i-2: # Filter cache stats
   fhGETS: 71060606 # Filtered GETS hits
   fhGETX: 0 # Filtered GETX hits
   hGETS: 9265525 # GETS hits
   hGETX: 0 # GETX hits
   mGETS: 4673818 # GETS misses
   mGETXIM: 0 # GETX I->M misses
   mGETXSM: 0 # GETX S->M misses (upgrade misses)
   PUTS: 0 # Clean evictions (from lower level)
   PUTX: 0 # Dirty evictions (from lower level)
   INV: 2 # Invalidates (from upper level)
   INVX: 0 # Downgrades (from upper level)
   FWD: 0 # Forwards (from upper level)
   latGETnl: 55899196 # GET request latency on next level
   latGETnet: 0 # GET request latency on network to next level
  l1i-3: # Filter cache stats
   fhGETS: 69156784 # Filtered GETS hits
   fhGETX: 0 # Filtered GETX hits
   hGETS: 9129657 # GETS hits
   hGETX: 0 # GETX hits
   mGETS: 5035483 # GETS misses
   mGETXIM: 0 # GETX I->M misses
   mGETXSM: 0 # GETX S->M misses (upgrade misses)
   PUTS: 0 # Clean evictions (from lower level)
   PUTX: 0 # Dirty evictions (from lower level)
   INV: 11 # Invalidates (from upper level)
   INVX: 0 # Downgrades (from upper level)
   FWD: 0 # Forwards (from upper level)
   latGETnl: 61398634 # GET request latency on next level
   latGETnet: 0 # GET request latency on network to next level
  l1i-4: # Filter cache stats
   fhGETS: 67243983 # Filtered GETS hits
   fhGETX: 0 # Filtered GETX hits
   hGETS: 8524242 # GETS hits
   hGETX: 0 # GETX hits
   mGETS: 5185289 # GETS misses
   mGETXIM: 0 # GETX I->M misses
   mGETXSM: 0 # GETX S->M misses (upgrade misses)
   PUTS: 0 # Clean evictions (from lower level)
   PUTX: 0 # Dirty evictions (from lower level)
   INV: 11 # Invalidates (from upper level)
   INVX: 0 # Downgrades (from upper level)
   FWD: 0 # Forwards (from upper level)
   latGETnl: 62480450 # GET request latency on next level
   latGETnet: 0 # GET request latency on network to next level
  l1i-5: # Filter cache stats
   fhGETS: 61153215 # Filtered GETS hits
   fhGETX: 0 # Filtered GETX hits
   hGETS: 7935083 # GETS hits
   hGETX: 0 # GETX hits
   mGETS: 4647867 # GETS misses
   mGETXIM: 0 # GETX I->M misses
   mGETXSM: 0 # GETX S->M misses (upgrade misses)
   PUTS: 0 # Clean evictions (from lower level)
   PUTX: 0 # Dirty evictions (from lower level)
   INV: 4 # Invalidates (from upper level)
   INVX: 0 # Downgrades (from upper level)
   FWD: 0 # Forwards (from upper level)
   latGETnl: 55832778 # GET request latency on next level
   latGETnet: 0 # GET request latency on network to next level
  l1i-6: # Filter cache stats
   fhGETS: 65259318 # Filtered GETS hits
   fhGETX: 0 # Filtered GETX hits
   hGETS: 8742834 # GETS hits
   hGETX: 0 # GETX hits
   mGETS: 4489883 # GETS misses
   mGETXIM: 0 # GETX I->M misses
   mGETXSM: 0 # GETX S->M misses (upgrade misses)
   PUTS: 0 # Clean evictions (from lower level)
   PUTX: 0 # Dirty evictions (from lower level)
   INV: 5 # Invalidates (from upper level)
   INVX: 0 # Downgrades (from upper level)
   FWD: 0 # Forwards (from upper level)
   latGETnl: 54180134 # GET request latency on next level
   latGETnet: 0 # GET request latency on network to next level
  l1i-7: # Filter cache stats
   fhGETS: 76933299 # Filtered GETS hits
   fhGETX: 0 # Filtered GETX hits
   hGETS: 10633808 # GETS hits
   hGETX: 0 # GETX hits
   mGETS: 4593093 # GETS misses
   mGETXIM: 0 # GETX I->M misses
   mGETXSM: 0 # GETX S->M misses (upgrade misses)
   PUTS: 0 # Clean evictions (from lower level)
   PUTX: 0 # Dirty evictions (from lower level)
   INV: 6 # Invalidates (from upper level)
   INVX: 0 # Downgrades (from upper level)
   FWD: 0 # Forwards (from upper level)
   latGETnl: 57962832 # GET request latency on next level
   latGETnet: 0 # GET request latency on network to next level
 l1d: # Cache stats
  l1d-0: # Filter cache stats
   fhGETS: 145250917 # Filtered GETS hits
   fhGETX: 45675322 # Filtered GETX hits
   hGETS: 27122548 # GETS hits
   hGETX: 6892466 # GETX hits
   mGETS: 4821874 # GETS misses
   mGETXIM: 721846 # GETX I->M misses
   mGETXSM: 976 # GETX S->M misses (upgrade misses)
   PUTS: 0 # Clean evictions (from lower level)
   PUTX: 0 # Dirty evictions (from lower level)
   INV: 1154 # Invalidates (from upper level)
   INVX: 13890 # Downgrades (from upper level)
   FWD: 0 # Forwards (from upper level)
   latGETnl: 150136064 # GET request latency on next level
   latGETnet: 0 # GET request latency on network to next level
  l1d-1: # Filter cache stats
   fhGETS: 133242756 # Filtered GETS hits
   fhGETX: 41905496 # Filtered GETX hits
   hGETS: 24435485 # GETS hits
   hGETX: 5852073 # GETX hits
   mGETS: 4662607 # GETS misses
   mGETXIM: 640128 # GETX I->M misses
   mGETXSM: 1087 # GETX S->M misses (upgrade misses)
   PUTS: 0 # Clean evictions (from lower level)
   PUTX: 0 # Dirty evictions (from lower level)
   INV: 1190 # Invalidates (from upper level)
   INVX: 5957 # Downgrades (from upper level)
   FWD: 0 # Forwards (from upper level)
   latGETnl: 123256955 # GET request latency on next level
   latGETnet: 0 # GET request latency on network to next level
  l1d-2: # Filter cache stats
   fhGETS: 139591842 # Filtered GETS hits
   fhGETX: 47700441 # Filtered GETX hits
   hGETS: 23728534 # GETS hits
   hGETX: 6301906 # GETX hits
   mGETS: 4107942 # GETS misses
   mGETXIM: 605546 # GETX I->M misses
   mGETXSM: 1013 # GETX S->M misses (upgrade misses)
   PUTS: 0 # Clean evictions (from lower level)
   PUTX: 0 # Dirty evictions (from lower level)
   INV: 802 # Invalidates (from upper level)
   INVX: 4635 # Downgrades (from upper level)
   FWD: 0 # Forwards (from upper level)
   latGETnl: 120077758 # GET request latency on next level
   latGETnet: 0 # GET request latency on network to next level
  l1d-3: # Filter cache stats
   fhGETS: 140151181 # Filtered GETS hits
   fhGETX: 43687062 # Filtered GETX hits
   hGETS: 25649482 # GETS hits
   hGETX: 6432394 # GETX hits
   mGETS: 4898030 # GETS misses
   mGETXIM: 693493 # GETX I->M misses
   mGETXSM: 1211 # GETX S->M misses (upgrade misses)
   PUTS: 0 # Clean evictions (from lower level)
   PUTX: 0 # Dirty evictions (from lower level)
   INV: 1144 # Invalidates (from upper level)
   INVX: 5507 # Downgrades (from upper level)
   FWD: 0 # Forwards (from upper level)
   latGETnl: 132825092 # GET request latency on next level
   latGETnet: 0 # GET request latency on network to next level
  l1d-4: # Filter cache stats
   fhGETS: 136603974 # Filtered GETS hits
   fhGETX: 42455100 # Filtered GETX hits
   hGETS: 24171452 # GETS hits
   hGETX: 6212794 # GETX hits
   mGETS: 4694206 # GETS misses
   mGETXIM: 620525 # GETX I->M misses
   mGETXSM: 1087 # GETX S->M misses (upgrade misses)
   PUTS: 0 # Clean evictions (from lower level)
   PUTX: 0 # Dirty evictions (from lower level)
   INV: 907 # Invalidates (from upper level)
   INVX: 4414 # Downgrades (from upper level)
   FWD: 0 # Forwards (from upper level)
   latGETnl: 120684615 # GET request latency on next level
   latGETnet: 0 # GET request latency on network to next level
  l1d-5: # Filter cache stats
   fhGETS: 123932144 # Filtered GETS hits
   fhGETX: 38158656 # Filtered GETX hits
   hGETS: 22882965 # GETS hits
   hGETX: 5891261 # GETX hits
   mGETS: 4520341 # GETS misses
   mGETXIM: 609297 # GETX I->M misses
   mGETXSM: 981 # GETX S->M misses (upgrade misses)
   PUTS: 0 # Clean evictions (from lower level)
   PUTX: 0 # Dirty evictions (from lower level)
   INV: 886 # Invalidates (from upper level)
   INVX: 4233 # Downgrades (from upper level)
   FWD: 0 # Forwards (from upper level)
   latGETnl: 113748744 # GET request latency on next level
   latGETnet: 0 # GET request latency on network to next level
  l1d-6: # Filter cache stats
   fhGETS: 131054230 # Filtered GETS hits
   fhGETX: 41885399 # Filtered GETX hits
   hGETS: 23672722 # GETS hits
   hGETX: 5922392 # GETX hits
   mGETS: 4202665 # GETS misses
   mGETXIM: 659753 # GETX I->M misses
   mGETXSM: 1196 # GETX S->M misses (upgrade misses)
   PUTS: 0 # Clean evictions (from lower level)
   PUTX: 0 # Dirty evictions (from lower level)
   INV: 1282 # Invalidates (from upper level)
   INVX: 6390 # Downgrades (from upper level)
   FWD: 0 # Forwards (from upper level)
   latGETnl: 129591114 # GET request latency on next level
   latGETnet: 0 # GET request latency on network to next level
  l1d-7: # Filter cache stats
   fhGETS: 155120475 # Filtered GETS hits
   fhGETX: 48549011 # Filtered GETX hits
   hGETS: 28443332 # GETS hits
   hGETX: 7057325 # GETX hits
   mGETS: 4930718 # GETS misses
   mGETXIM: 691138 # GETX I->M misses
   mGETXSM: 1121 # GETX S->M misses (upgrade misses)
   PUTS: 0 # Clean evictions (from lower level)
   PUTX: 0 # Dirty evictions (from lower level)
   INV: 1191 # Invalidates (from upper level)
   INVX: 9284 # Downgrades (from upper level)
   FWD: 0 # Forwards (from upper level)
   latGETnl: 160168217 # GET request latency on next level
   latGETnet: 0 # GET request latency on network to next level
 l2: # Cache stats
  l2-0: # Cache stats
   hGETS: 7342645 # GETS hits
   hGETX: 438104 # GETX hits
   mGETS: 2113533 # GETS misses
   mGETXIM: 283684 # GETX I->M misses
   mGETXSM: 1034 # GETX S->M misses (upgrade misses)
   PUTS: 9251677 # Clean evictions (from lower level)
   PUTX: 924164 # Dirty evictions (from lower level)
   INV: 1772 # Invalidates (from upper level)
   INVX: 77007 # Downgrades (from upper level)
   FWD: 0 # Forwards (from upper level)
   latGETnl: 106117712 # GET request latency on next level
   latGETnet: 0 # GET request latency on network to next level
  l2-1: # Cache stats
   hGETS: 7795758 # GETS hits
   hGETX: 492804 # GETX hits
   mGETS: 1867467 # GETS misses
   mGETXIM: 147224 # GETX I->M misses
   mGETXSM: 1187 # GETX S->M misses (upgrade misses)
   PUTS: 9459939 # Clean evictions (from lower level)
   PUTX: 841196 # Dirty evictions (from lower level)
   INV: 1855 # Invalidates (from upper level)
   INVX: 45197 # Downgrades (from upper level)
   FWD: 0 # Forwards (from upper level)
   latGETnl: 80865057 # GET request latency on next level
   latGETnet: 0 # GET request latency on network to next level
  l2-2: # Cache stats
   hGETS: 7138053 # GETS hits
   hGETX: 404933 # GETX hits
   mGETS: 1643707 # GETS misses
   mGETXIM: 200547 # GETX I->M misses
   mGETXSM: 1079 # GETX S->M misses (upgrade misses)
   PUTS: 8593619 # Clean evictions (from lower level)
   PUTX: 791860 # Dirty evictions (from lower level)
   INV: 1415 # Invalidates (from upper level)
   INVX: 47103 # Downgrades (from upper level)
   FWD: 0 # Forwards (from upper level)
   latGETnl: 82093764 # GET request latency on next level
   latGETnet: 0 # GET request latency on network to next level
  l2-3: # Cache stats
   hGETS: 7994840 # GETS hits
   hGETX: 509087 # GETX hits
   mGETS: 1938673 # GETS misses
   mGETXIM: 184342 # GETX I->M misses
   mGETXSM: 1275 # GETX S->M misses (upgrade misses)
   PUTS: 9722327 # Clean evictions (from lower level)
   PUTX: 902502 # Dirty evictions (from lower level)
   INV: 1832 # Invalidates (from upper level)
   INVX: 42586 # Downgrades (from upper level)
   FWD: 0 # Forwards (from upper level)
   latGETnl: 87941556 # GET request latency on next level
   latGETnet: 0 # GET request latency on network to next level
  l2-4: # Cache stats
   hGETS: 8031079 # GETS hits
   hGETX: 483179 # GETX hits
   mGETS: 1848416 # GETS misses
   mGETXIM: 137257 # GETX I->M misses
   mGETXSM: 1176 # GETX S->M misses (upgrade misses)
   PUTS: 9675137 # Clean evictions (from lower level)
   PUTX: 822941 # Dirty evictions (from lower level)
   INV: 1647 # Invalidates (from upper level)
   INVX: 49604 # Downgrades (from upper level)
   FWD: 0 # Forwards (from upper level)
   latGETnl: 78153995 # GET request latency on next level
   latGETnet: 0 # GET request latency on network to next level
  l2-5: # Cache stats
   hGETS: 7488842 # GETS hits
   hGETX: 487816 # GETX hits
   mGETS: 1679366 # GETS misses
   mGETXIM: 121381 # GETX I->M misses
   mGETXSM: 1081 # GETX S->M misses (upgrade misses)
   PUTS: 8974422 # Clean evictions (from lower level)
   PUTX: 801170 # Dirty evictions (from lower level)
   INV: 1721 # Invalidates (from upper level)
   INVX: 31119 # Downgrades (from upper level)
   FWD: 0 # Forwards (from upper level)
   latGETnl: 71796662 # GET request latency on next level
   latGETnet: 0 # GET request latency on network to next level
  l2-6: # Cache stats
   hGETS: 7027380 # GETS hits
   hGETX: 438730 # GETX hits
   mGETS: 1665168 # GETS misses
   mGETXIM: 220984 # GETX I->M misses
   mGETXSM: 1235 # GETX S->M misses (upgrade misses)
   PUTS: 8503213 # Clean evictions (from lower level)
   PUTX: 846777 # Dirty evictions (from lower level)
   INV: 1954 # Invalidates (from upper level)
   INVX: 34760 # Downgrades (from upper level)
   FWD: 0 # Forwards (from upper level)
   latGETnl: 90236278 # GET request latency on next level
   latGETnet: 0 # GET request latency on network to next level
  l2-7: # Cache stats
   hGETS: 7327521 # GETS hits
   hGETX: 424173 # GETX hits
   mGETS: 2196290 # GETS misses
   mGETXIM: 266910 # GETX I->M misses
   mGETXSM: 1176 # GETX S->M misses (upgrade misses)
   PUTS: 9322504 # Clean evictions (from lower level)
   PUTX: 890224 # Dirty evictions (from lower level)
   INV: 1831 # Invalidates (from upper level)
   INVX: 38702 # Downgrades (from upper level)
   FWD: 0 # Forwards (from upper level)
   latGETnl: 115970349 # GET request latency on next level
   latGETnet: 0 # GET request latency on network to next level
 l3: # Cache stats
  l3-0b0: # Cache stats
   hGETS: 1514937 # GETS hits
   hGETX: 53683 # GETX hits
   mGETS: 289620 # GETS misses
   mGETXIM: 145026 # GETX I->M misses
   mGETXSM: 0 # GETX S->M misses (upgrade misses)
   PUTS: 1746255 # Clean evictions (from lower level)
   PUTX: 249838 # Dirty evictions (from lower level)
   INV: 0 # Invalidates (from upper level)
   INVX: 0 # Downgrades (from upper level)
   FWD: 0 # Forwards (from upper level)
   latGETnl: 39118140 # GET request latency on next level
   latGETnet: 0 # GET request latency on network to next level
  l3-0b1: # Cache stats
   hGETS: 1596236 # GETS hits
   hGETX: 46690 # GETX hits
   mGETS: 290023 # GETS misses
   mGETXIM: 144506 # GETX I->M misses
   mGETXSM: 0 # GETX S->M misses (upgrade misses)
   PUTS: 1825593 # Clean evictions (from lower level)
   PUTX: 244615 # Dirty evictions (from lower level)
   INV: 0 # Invalidates (from upper level)
   INVX: 0 # Downgrades (from upper level)
   FWD: 0 # Forwards (from upper level)
   latGETnl: 39107610 # GET request latency on next level
   latGETnet: 0 # GET request latency on network to next level
  l3-0b2: # Cache stats
   hGETS: 1549156 # GETS hits
   hGETX: 52344 # GETX hits
   mGETS: 288634 # GETS misses
   mGETXIM: 145129 # GETX I->M misses
   mGETXSM: 0 # GETX S->M misses (upgrade misses)
   PUTS: 1777793 # Clean evictions (from lower level)
   PUTX: 250961 # Dirty evictions (from lower level)
   INV: 0 # Invalidates (from upper level)
   INVX: 0 # Downgrades (from upper level)
   FWD: 0 # Forwards (from upper level)
   latGETnl: 39038670 # GET request latency on next level
   latGETnet: 0 # GET request latency on network to next level
  l3-0b3: # Cache stats
   hGETS: 1563847 # GETS hits
   hGETX: 48841 # GETX hits
   mGETS: 288946 # GETS misses
   mGETXIM: 144783 # GETX I->M misses
   mGETXSM: 0 # GETX S->M misses (upgrade misses)
   PUTS: 1790139 # Clean evictions (from lower level)
   PUTX: 247983 # Dirty evictions (from lower level)
   INV: 0 # Invalidates (from upper level)
   INVX: 0 # Downgrades (from upper level)
   FWD: 0 # Forwards (from upper level)
   latGETnl: 39035610 # GET request latency on next level
   latGETnet: 0 # GET request latency on network to next level
  l3-0b4: # Cache stats
   hGETS: 1682886 # GETS hits
   hGETX: 53031 # GETX hits
   mGETS: 290057 # GETS misses
   mGETXIM: 144971 # GETX I->M misses
   mGETXSM: 0 # GETX S->M misses (upgrade misses)
   PUTS: 1908662 # Clean evictions (from lower level)
   PUTX: 255705 # Dirty evictions (from lower level)
   INV: 0 # Invalidates (from upper level)
   INVX: 0 # Downgrades (from upper level)
   FWD: 0 # Forwards (from upper level)
   latGETnl: 39152520 # GET request latency on next level
   latGETnet: 0 # GET request latency on network to next level
  l3-0b5: # Cache stats
   hGETS: 1515991 # GETS hits
   hGETX: 51751 # GETX hits
   mGETS: 289052 # GETS misses
   mGETXIM: 145420 # GETX I->M misses
   mGETXSM: 0 # GETX S->M misses (upgrade misses)
   PUTS: 1742267 # Clean evictions (from lower level)
   PUTX: 252424 # Dirty evictions (from lower level)
   INV: 0 # Invalidates (from upper level)
   INVX: 0 # Downgrades (from upper level)
   FWD: 0 # Forwards (from upper level)
   latGETnl: 39102480 # GET request latency on next level
   latGETnet: 0 # GET request latency on network to next level
  l3-0b6: # Cache stats
   hGETS: 1568911 # GETS hits
   hGETX: 50094 # GETX hits
   mGETS: 289608 # GETS misses
   mGETXIM: 144507 # GETX I->M misses
   mGETXSM: 0 # GETX S->M misses (upgrade misses)
   PUTS: 1797466 # Clean evictions (from lower level)
   PUTX: 249337 # Dirty evictions (from lower level)
   INV: 0 # Invalidates (from upper level)
   INVX: 0 # Downgrades (from upper level)
   FWD: 0 # Forwards (from upper level)
   latGETnl: 39070350 # GET request latency on next level
   latGETnet: 0 # GET request latency on network to next level
  l3-0b7: # Cache stats
   hGETS: 1645032 # GETS hits
   hGETX: 55807 # GETX hits
   mGETS: 289684 # GETS misses
   mGETXIM: 144989 # GETX I->M misses
   mGETXSM: 0 # GETX S->M misses (upgrade misses)
   PUTS: 1869847 # Clean evictions (from lower level)
   PUTX: 259274 # Dirty evictions (from lower level)
   INV: 0 # Invalidates (from upper level)
   INVX: 0 # Downgrades (from upper level)
   FWD: 0 # Forwards (from upper level)
   latGETnl: 39120570 # GET request latency on next level
   latGETnet: 0 # GET request latency on network to next level
 mem: # Memory controller stats
  mem-0: # Memory controller stats
   rd: 869182 # Read requests
   wr: 329768 # Write requests
   rdlat: 120739566 # Total latency experienced by read requests
   wrlat: 54545592 # Total latency experienced by write requests
   rdhits: 49805 # Read row hits
   wrhits: 1011 # Write row hits
   mlh: # latency histogram for memory requests
    0: 0
    1: 0
    2: 0
    3: 0
    4: 0
    5: 0
    6: 0
    7: 0
    8: 0
    9: 0
    10: 0
    11: 234
    12: 21703
    13: 661202
    14: 102668
    15: 32583
    16: 12358
    17: 13997
    18: 2975
    19: 2599
    20: 1901
    21: 1580
    22: 1210
    23: 1875
    24: 1367
    25: 1207
    26: 444
    27: 563
    28: 512
    29: 469
    30: 543
    31: 535
    32: 566
    33: 499
    34: 535
    35: 479
    36: 516
    37: 487
    38: 487
    39: 504
    40: 517
    41: 463
    42: 513
    43: 301
    44: 150
    45: 134
    46: 123
    47: 130
    48: 138
    49: 51
    50: 24
    51: 12
    52: 9
    53: 3
    54: 5
    55: 2
    56: 1
    57: 0
    58: 3
    59: 0
    60: 0
    61: 1
    62: 0
    63: 0
    64: 0
    65: 2
    66: 1
    67: 1
    68: 0
    69: 0
    70: 0
    71: 0
    72: 0
    73: 0
    74: 0
    75: 0
    76: 0
    77: 0
    78: 0
    79: 0
    80: 0
    81: 0
    82: 0
    83: 0
    84: 0
    85: 0
    86: 0
    87: 0
    88: 0
    89: 0
    90: 0
    91: 0
    92: 0
    93: 0
    94: 0
    95: 0
    96: 0
    97: 0
    98: 0
    99: 0
  mem-1: # Memory controller stats
   rd: 868396 # Read requests
   wr: 329235 # Write requests
   rdlat: 120617538 # Total latency experienced by read requests
   wrlat: 54433826 # Total latency experienced by write requests
   rdhits: 50016 # Read row hits
   wrhits: 1057 # Write row hits
   mlh: # latency histogram for memory requests
    0: 0
    1: 0
    2: 0
    3: 0
    4: 0
    5: 0
    6: 0
    7: 0
    8: 0
    9: 0
    10: 0
    11: 291
    12: 21870
    13: 659980
    14: 102054
    15: 33146
    16: 12791
    17: 14085
    18: 2703
    19: 2687
    20: 1931
    21: 1661
    22: 1250
    23: 1916
    24: 1325
    25: 1133
    26: 439
    27: 595
    28: 460
    29: 468
    30: 483
    31: 487
    32: 579
    33: 506
    34: 463
    35: 564
    36: 505
    37: 544
    38: 485
    39: 487
    40: 482
    41: 483
    42: 471
    43: 286
    44: 147
    45: 104
    46: 123
    47: 140
    48: 141
    49: 51
    50: 26
    51: 20
    52: 7
    53: 9
    54: 6
    55: 3
    56: 3
    57: 1
    58: 2
    59: 0
    60: 1
    61: 1
    62: 1
    63: 0
    64: 0
    65: 0
    66: 0
    67: 0
    68: 0
    69: 0
    70: 0
    71: 0
    72: 0
    73: 0
    74: 0
    75: 0
    76: 0
    77: 0
    78: 0
    79: 0
    80: 0
    81: 0
    82: 0
    83: 0
    84: 0
    85: 0
    86: 0
    87: 0
    88: 0
    89: 0
    90: 0
    91: 0
    92: 0
    93: 0
    94: 0
    95: 0
    96: 0
    97: 0
    98: 0
    99: 0
  mem-2: # Memory controller stats
   rd: 868563 # Read requests
   wr: 328912 # Write requests
   rdlat: 120650174 # Total latency experienced by read requests
   wrlat: 54295786 # Total latency experienced by write requests
   rdhits: 49946 # Read row hits
   wrhits: 1040 # Write row hits
   mlh: # latency histogram for memory requests
    0: 0
    1: 0
    2: 0
    3: 0
    4: 0
    5: 0
    6: 0
    7: 0
    8: 0
    9: 0
    10: 0
    11: 259
    12: 21615
    13: 659852
    14: 102854
    15: 32873
    16: 12814
    17: 14187
    18: 2965
    19: 2520
    20: 1834
    21: 1679
    22: 1159
    23: 1887
    24: 1420
    25: 1167
    26: 428
    27: 545
    28: 433
    29: 486
    30: 488
    31: 487
    32: 548
    33: 525
    34: 507
    35: 483
    36: 466
    37: 517
    38: 514
    39: 459
    40: 520
    41: 504
    42: 479
    43: 267
    44: 137
    45: 126
    46: 145
    47: 143
    48: 143
    49: 47
    50: 25
    51: 21
    52: 11
    53: 8
    54: 5
    55: 3
    56: 4
    57: 2
    58: 2
    59: 0
    60: 0
    61: 0
    62: 0
    63: 0
    64: 0
    65: 0
    66: 0
    67: 0
    68: 0
    69: 0
    70: 0
    71: 0
    72: 0
    73: 0
    74: 0
    75: 0
    76: 0
    77: 0
    78: 0
    79: 0
    80: 0
    81: 0
    82: 0
    83: 0
    84: 0
    85: 0
    86: 0
    87: 0
    88: 0
    89: 0
    90: 0
    91: 0
    92: 0
    93: 0
    94: 0
    95: 0
    96: 0
    97: 0
    98: 0
    99: 0
  mem-3: # Memory controller stats
   rd: 868814 # Read requests
   wr: 328866 # Write requests
   rdlat: 120670966 # Total latency experienced by read requests
   wrlat: 54356051 # Total latency experienced by write requests
   rdhits: 49975 # Read row hits
   wrhits: 1021 # Write row hits
   mlh: # latency histogram for memory requests
    0: 0
    1: 0
    2: 0
    3: 0
    4: 0
    5: 0
    6: 0
    7: 0
    8: 0
    9: 0
    10: 0
    11: 269
    12: 21738
    13: 661013
    14: 101802
    15: 32762
    16: 12746
    17: 14040
    18: 2829
    19: 2680
    20: 1996
    21: 1750
    22: 1258
    23: 1988
    24: 1354
    25: 1147
    26: 426
    27: 487
    28: 444
    29: 464
    30: 494
    31: 516
    32: 537
    33: 457
    34: 492
    35: 532
    36: 474
    37: 549
    38: 524
    39: 539
    40: 458
    41: 486
    42: 508
    43: 292
    44: 159
    45: 106
    46: 130
    47: 142
    48: 128
    49: 43
    50: 19
    51: 14
    52: 8
    53: 4
    54: 5
    55: 0
    56: 2
    57: 0
    58: 1
    59: 1
    60: 0
    61: 0
    62: 0
    63: 0
    64: 0
    65: 0
    66: 1
    67: 0
    68: 0
    69: 0
    70: 0
    71: 0
    72: 0
    73: 0
    74: 0
    75: 0
    76: 0
    77: 0
    78: 0
    79: 0
    80: 0
    81: 0
    82: 0
    83: 0
    84: 0
    85: 0
    86: 0
    87: 0
    88: 0
    89: 0
    90: 0
    91: 0
    92: 0
    93: 0
    94: 0
    95: 0
    96: 0
    97: 0
    98: 0
    99: 0
 sched: # Scheduler stats
  thCr: 78 # Threads created
  thFn: 70 # Threads finished
  schedEvs: 164 # Schedule events
  waitEvs: 17 # Wait events
  handoffEvs: 0 # Handoff events
  sleepEvs: 0 # Sleep events
  idlePhases: 0 # Phases with no thread active
  idlePeriods: 0 # Periods with no thread active
  occHist: # Occupancy histogram
   0: 0
   1: 72
   2: 280
   3: 255
   4: 255
   5: 257
   6: 327
   7: 3531
   8: 42973
  rqSzHist: # Run queue size histogram
   0: 46670
   1: 1280
   2: 0
   3: 0
   4: 0
   5: 0
   6: 0
   7: 0
   8: 0
   9: 0
   10: 0
   11: 0
   12: 0
   13: 0
   14: 0
   15: 0
   16: 0
 procCycles: # Per-process unhalted core cycles
  0: 3013120818
  1: 0
  2: 0
  3: 0
  4: 0
  5: 0
  6: 0
  7: 0
  8: 0
  9: 0
  10: 0
  11: 0
  12: 0
  13: 0
  14: 0
  15: 0
  16: 0
  17: 0
  18: 0
  19: 0
  20: 0
  21: 0
  22: 0
  23: 0
  24: 0
  25: 0
  26: 0
  27: 0
  28: 0
  29: 0
  30: 0
  31: 0
  32: 0
  33: 0
  34: 0
  35: 0
  36: 0
  37: 0
  38: 0
  39: 0
  40: 0
  41: 0
  42: 0
  43: 0
  44: 0
  45: 0
  46: 0
  47: 0
  48: 0
  49: 0
  50: 0
  51: 0
  52: 0
  53: 0
  54: 0
  55: 0
  56: 0
  57: 0
  58: 0
  59: 0
  60: 0
  61: 0
  62: 0
  63: 0
 procInstrs: # Per-process instructions
  0: 5000114400
  1: 0
  2: 0
  3: 0
  4: 0
  5: 0
  6: 0
  7: 0
  8: 0
  9: 0
  10: 0
  11: 0
  12: 0
  13: 0
  14: 0
  15: 0
  16: 0
  17: 0
  18: 0
  19: 0
  20: 0
  21: 0
  22: 0
  23: 0
  24: 0
  25: 0
  26: 0
  27: 0
  28: 0
  29: 0
  30: 0
  31: 0
  32: 0
  33: 0
  34: 0
  35: 0
  36: 0
  37: 0
  38: 0
  39: 0
  40: 0
  41: 0
  42: 0
  43: 0
  44: 0
  45: 0
  46: 0
  47: 0
  48: 0
  49: 0
  50: 0
  51: 0
  52: 0
  53: 0
  54: 0
  55: 0
  56: 0
  57: 0
  58: 0
  59: 0
  60: 0
  61: 0
  62: 0
  63: 0
 heartbeats: # Per-process heartbeats
  0: 0
  1: 0
  2: 0
  3: 0
  4: 0
  5: 0
  6: 0
  7: 0
  8: 0
  9: 0
  10: 0
  11: 0
  12: 0
  13: 0
  14: 0
  15: 0
  16: 0
  17: 0
  18: 0
  19: 0
  20: 0
  21: 0
  22: 0
  23: 0
  24: 0
  25: 0
  26: 0
  27: 0
  28: 0
  29: 0
  30: 0
  31: 0
  32: 0
  33: 0
  34: 0
  35: 0
  36: 0
  37: 0
  38: 0
  39: 0
  40: 0
  41: 0
  42: 0
  43: 0
  44: 0
  45: 0
  46: 0
  47: 0
  48: 0
  49: 0
  50: 0
  51: 0
  52: 0
  53: 0
  54: 0
  55: 0
  56: 0
  57: 0
  58: 0
  59: 0
  60: 0
  61: 0
  62: 0
  63: 0
===
