# zsim stats
===
root: # Stats
 contention: # Contention simulation stats
  domain-0: # Domain stats
   time: 1909477308 # Weave simulation time
 time: # Simulator time breakdown
  init: 1445912795845
  bound: 12729307905
  weave: 2103733182
  ff: 0
 trigger: 20000 # Reason for this stats dump
 phase: 22687 # Simulated phases
 westmere: # Core stats
  westmere-0: # Core stats
   cycles: 226872006 # Simulated unhalted cycles
   cCycles: 43120954 # Cycles due to contention stalls
   instrs: 100000532 # Simulated instructions
   uops: 109363613 # Retired micro-ops
   bbls: 20080837 # Basic blocks
   approxInstrs: 1766066 # Instrs with approx uop decoding
   mispredBranches: 1074475 # Mispredicted branches
   condBranches: 19038213 # conditional branches
 l1i: # Cache stats
  l1i-0: # Filter cache stats
   fhGETS: 25628934 # Filtered GETS hits
   fhGETX: 0 # Filtered GETX hits
   hGETS: 202950 # GETS hits
   hGETX: 0 # GETX hits
   mGETS: 2270 # GETS misses
   mGETXIM: 0 # GETX I->M misses
   mGETXSM: 0 # GETX S->M misses (upgrade misses)
   PUTS: 0 # Clean evictions (from lower level)
   PUTX: 0 # Dirty evictions (from lower level)
   INV: 4 # Invalidates (from upper level)
   INVX: 0 # Downgrades (from upper level)
   FWD: 0 # Forwards (from upper level)
   latGETnl: 264194 # GET request latency on next level
   latGETnet: 0 # GET request latency on network to next level
 l1d: # Cache stats
  l1d-0: # Filter cache stats
   fhGETS: 22763882 # Filtered GETS hits
   fhGETX: 4128884 # Filtered GETX hits
   hGETS: 2402550 # GETS hits
   hGETX: 2511084 # GETX hits
   mGETS: 3472658 # GETS misses
   mGETXIM: 736544 # GETX I->M misses
   mGETXSM: 0 # GETX S->M misses (upgrade misses)
   PUTS: 0 # Clean evictions (from lower level)
   PUTX: 0 # Dirty evictions (from lower level)
   INV: 0 # Invalidates (from upper level)
   INVX: 0 # Downgrades (from upper level)
   FWD: 0 # Forwards (from upper level)
   latGETnl: 318021760 # GET request latency on next level
   latGETnet: 0 # GET request latency on network to next level
 l2: # Cache stats
  l2-0: # Cache stats
   hGETS: 707774 # GETS hits
   hGETX: 124857 # GETX hits
   mGETS: 2767154 # GETS misses
   mGETXIM: 611687 # GETX I->M misses
   mGETXSM: 0 # GETX S->M misses (upgrade misses)
   PUTS: 2423891 # Clean evictions (from lower level)
   PUTX: 1786557 # Dirty evictions (from lower level)
   INV: 0 # Invalidates (from upper level)
   INVX: 0 # Downgrades (from upper level)
   FWD: 0 # Forwards (from upper level)
   latGETnl: 276171234 # GET request latency on next level
   latGETnet: 0 # GET request latency on network to next level
 l3: # Cache stats
  l3-0: # Cache stats
   hGETS: 1004140 # GETS hits
   hGETX: 207156 # GETX hits
   mGETS: 1763014 # GETS misses
   mGETXIM: 404531 # GETX I->M misses
   mGETXSM: 0 # GETX S->M misses (upgrade misses)
   PUTS: 2038460 # Clean evictions (from lower level)
   PUTX: 1336285 # Dirty evictions (from lower level)
   INV: 0 # Invalidates (from upper level)
   INVX: 0 # Downgrades (from upper level)
   FWD: 0 # Forwards (from upper level)
   latGETnl: 195079050 # GET request latency on next level
   latGETnet: 0 # GET request latency on network to next level
 mem: # Memory controller stats
  mem-0: # Memory controller stats
   rd: 541729 # Read requests
   wr: 207968 # Write requests
   rdlat: 73556984 # Total latency experienced by read requests
   wrlat: 30979428 # Total latency experienced by write requests
   rdhits: 12795 # Read row hits
   wrhits: 1329 # Write row hits
   mlh: # latency histogram for memory requests
    0: 0
    1: 0
    2: 0
    3: 0
    4: 0
    5: 0
    6: 0
    7: 0
    8: 0
    9: 0
    10: 0
    11: 593
    12: 613
    13: 482514
    14: 37345
    15: 7121
    16: 2990
    17: 1044
    18: 333
    19: 472
    20: 452
    21: 598
    22: 428
    23: 482
    24: 865
    25: 578
    26: 184
    27: 217
    28: 235
    29: 303
    30: 286
    31: 306
    32: 340
    33: 323
    34: 334
    35: 364
    36: 340
    37: 310
    38: 277
    39: 268
    40: 303
    41: 306
    42: 280
    43: 132
    44: 38
    45: 33
    46: 41
    47: 32
    48: 27
    49: 5
    50: 5
    51: 2
    52: 4
    53: 3
    54: 2
    55: 1
    56: 0
    57: 0
    58: 0
    59: 0
    60: 0
    61: 0
    62: 0
    63: 0
    64: 0
    65: 0
    66: 0
    67: 0
    68: 0
    69: 0
    70: 0
    71: 0
    72: 0
    73: 0
    74: 0
    75: 0
    76: 0
    77: 0
    78: 0
    79: 0
    80: 0
    81: 0
    82: 0
    83: 0
    84: 0
    85: 0
    86: 0
    87: 0
    88: 0
    89: 0
    90: 0
    91: 0
    92: 0
    93: 0
    94: 0
    95: 0
    96: 0
    97: 0
    98: 0
    99: 0
  mem-1: # Memory controller stats
   rd: 542166 # Read requests
   wr: 207758 # Write requests
   rdlat: 73673033 # Total latency experienced by read requests
   wrlat: 30999311 # Total latency experienced by write requests
   rdhits: 12645 # Read row hits
   wrhits: 1344 # Write row hits
   mlh: # latency histogram for memory requests
    0: 0
    1: 0
    2: 0
    3: 0
    4: 0
    5: 0
    6: 0
    7: 0
    8: 0
    9: 0
    10: 0
    11: 545
    12: 536
    13: 482649
    14: 36721
    15: 7463
    16: 3566
    17: 962
    18: 340
    19: 421
    20: 456
    21: 599
    22: 460
    23: 538
    24: 815
    25: 568
    26: 208
    27: 215
    28: 260
    29: 320
    30: 323
    31: 355
    32: 341
    33: 353
    34: 329
    35: 362
    36: 327
    37: 297
    38: 269
    39: 303
    40: 306
    41: 286
    42: 321
    43: 132
    44: 43
    45: 35
    46: 45
    47: 42
    48: 41
    49: 5
    50: 3
    51: 1
    52: 1
    53: 2
    54: 0
    55: 0
    56: 2
    57: 0
    58: 0
    59: 0
    60: 0
    61: 0
    62: 0
    63: 0
    64: 0
    65: 0
    66: 0
    67: 0
    68: 0
    69: 0
    70: 0
    71: 0
    72: 0
    73: 0
    74: 0
    75: 0
    76: 0
    77: 0
    78: 0
    79: 0
    80: 0
    81: 0
    82: 0
    83: 0
    84: 0
    85: 0
    86: 0
    87: 0
    88: 0
    89: 0
    90: 0
    91: 0
    92: 0
    93: 0
    94: 0
    95: 0
    96: 0
    97: 0
    98: 0
    99: 0
  mem-2: # Memory controller stats
   rd: 541124 # Read requests
   wr: 206994 # Write requests
   rdlat: 73537633 # Total latency experienced by read requests
   wrlat: 30849952 # Total latency experienced by write requests
   rdhits: 12252 # Read row hits
   wrhits: 1345 # Write row hits
   mlh: # latency histogram for memory requests
    0: 0
    1: 0
    2: 0
    3: 0
    4: 0
    5: 0
    6: 0
    7: 0
    8: 0
    9: 0
    10: 0
    11: 560
    12: 539
    13: 480613
    14: 38993
    15: 6767
    16: 2857
    17: 1007
    18: 340
    19: 354
    20: 487
    21: 566
    22: 422
    23: 642
    24: 919
    25: 617
    26: 191
    27: 211
    28: 253
    29: 304
    30: 348
    31: 339
    32: 341
    33: 326
    34: 331
    35: 313
    36: 337
    37: 307
    38: 282
    39: 292
    40: 288
    41: 312
    42: 279
    43: 153
    44: 37
    45: 39
    46: 52
    47: 44
    48: 43
    49: 3
    50: 5
    51: 8
    52: 1
    53: 0
    54: 0
    55: 0
    56: 0
    57: 0
    58: 1
    59: 1
    60: 0
    61: 0
    62: 0
    63: 0
    64: 0
    65: 0
    66: 0
    67: 0
    68: 0
    69: 0
    70: 0
    71: 0
    72: 0
    73: 0
    74: 0
    75: 0
    76: 0
    77: 0
    78: 0
    79: 0
    80: 0
    81: 0
    82: 0
    83: 0
    84: 0
    85: 0
    86: 0
    87: 0
    88: 0
    89: 0
    90: 0
    91: 0
    92: 0
    93: 0
    94: 0
    95: 0
    96: 0
    97: 0
    98: 0
    99: 0
  mem-3: # Memory controller stats
   rd: 542508 # Read requests
   wr: 207361 # Write requests
   rdlat: 73700282 # Total latency experienced by read requests
   wrlat: 30986556 # Total latency experienced by write requests
   rdhits: 12596 # Read row hits
   wrhits: 1337 # Write row hits
   mlh: # latency histogram for memory requests
    0: 0
    1: 0
    2: 0
    3: 0
    4: 0
    5: 0
    6: 0
    7: 0
    8: 0
    9: 0
    10: 0
    11: 616
    12: 549
    13: 482577
    14: 38342
    15: 7005
    16: 2759
    17: 1059
    18: 361
    19: 393
    20: 473
    21: 535
    22: 474
    23: 428
    24: 918
    25: 549
    26: 207
    27: 210
    28: 240
    29: 309
    30: 321
    31: 311
    32: 350
    33: 314
    34: 320
    35: 328
    36: 335
    37: 300
    38: 316
    39: 313
    40: 297
    41: 307
    42: 324
    43: 137
    44: 52
    45: 36
    46: 42
    47: 45
    48: 38
    49: 2
    50: 6
    51: 1
    52: 4
    53: 3
    54: 2
    55: 0
    56: 0
    57: 0
    58: 0
    59: 0
    60: 0
    61: 0
    62: 0
    63: 0
    64: 0
    65: 0
    66: 0
    67: 0
    68: 0
    69: 0
    70: 0
    71: 0
    72: 0
    73: 0
    74: 0
    75: 0
    76: 0
    77: 0
    78: 0
    79: 0
    80: 0
    81: 0
    82: 0
    83: 0
    84: 0
    85: 0
    86: 0
    87: 0
    88: 0
    89: 0
    90: 0
    91: 0
    92: 0
    93: 0
    94: 0
    95: 0
    96: 0
    97: 0
    98: 0
    99: 0
 sched: # Scheduler stats
  thCr: 1 # Threads created
  thFn: 1 # Threads finished
  schedEvs: 1 # Schedule events
  waitEvs: 0 # Wait events
  handoffEvs: 0 # Handoff events
  sleepEvs: 0 # Sleep events
  idlePhases: 0 # Phases with no thread active
  idlePeriods: 0 # Periods with no thread active
  occHist: # Occupancy histogram
   0: 0
   1: 22687
  rqSzHist: # Run queue size histogram
   0: 22687
   1: 0
   2: 0
   3: 0
   4: 0
   5: 0
   6: 0
   7: 0
   8: 0
   9: 0
   10: 0
   11: 0
   12: 0
   13: 0
   14: 0
   15: 0
   16: 0
 procCycles: # Per-process unhalted core cycles
  0: 226872006
  1: 0
  2: 0
  3: 0
  4: 0
  5: 0
  6: 0
  7: 0
  8: 0
  9: 0
  10: 0
  11: 0
  12: 0
  13: 0
  14: 0
  15: 0
  16: 0
  17: 0
  18: 0
  19: 0
  20: 0
  21: 0
  22: 0
  23: 0
  24: 0
  25: 0
  26: 0
  27: 0
  28: 0
  29: 0
  30: 0
  31: 0
  32: 0
  33: 0
  34: 0
  35: 0
  36: 0
  37: 0
  38: 0
  39: 0
  40: 0
  41: 0
  42: 0
  43: 0
  44: 0
  45: 0
  46: 0
  47: 0
  48: 0
  49: 0
  50: 0
  51: 0
  52: 0
  53: 0
  54: 0
  55: 0
  56: 0
  57: 0
  58: 0
  59: 0
  60: 0
  61: 0
  62: 0
  63: 0
 procInstrs: # Per-process instructions
  0: 100000532
  1: 0
  2: 0
  3: 0
  4: 0
  5: 0
  6: 0
  7: 0
  8: 0
  9: 0
  10: 0
  11: 0
  12: 0
  13: 0
  14: 0
  15: 0
  16: 0
  17: 0
  18: 0
  19: 0
  20: 0
  21: 0
  22: 0
  23: 0
  24: 0
  25: 0
  26: 0
  27: 0
  28: 0
  29: 0
  30: 0
  31: 0
  32: 0
  33: 0
  34: 0
  35: 0
  36: 0
  37: 0
  38: 0
  39: 0
  40: 0
  41: 0
  42: 0
  43: 0
  44: 0
  45: 0
  46: 0
  47: 0
  48: 0
  49: 0
  50: 0
  51: 0
  52: 0
  53: 0
  54: 0
  55: 0
  56: 0
  57: 0
  58: 0
  59: 0
  60: 0
  61: 0
  62: 0
  63: 0
 heartbeats: # Per-process heartbeats
  0: 0
  1: 0
  2: 0
  3: 0
  4: 0
  5: 0
  6: 0
  7: 0
  8: 0
  9: 0
  10: 0
  11: 0
  12: 0
  13: 0
  14: 0
  15: 0
  16: 0
  17: 0
  18: 0
  19: 0
  20: 0
  21: 0
  22: 0
  23: 0
  24: 0
  25: 0
  26: 0
  27: 0
  28: 0
  29: 0
  30: 0
  31: 0
  32: 0
  33: 0
  34: 0
  35: 0
  36: 0
  37: 0
  38: 0
  39: 0
  40: 0
  41: 0
  42: 0
  43: 0
  44: 0
  45: 0
  46: 0
  47: 0
  48: 0
  49: 0
  50: 0
  51: 0
  52: 0
  53: 0
  54: 0
  55: 0
  56: 0
  57: 0
  58: 0
  59: 0
  60: 0
  61: 0
  62: 0
  63: 0
===
