# zsim stats
===
root: # Stats
 contention: # Contention simulation stats
  domain-0: # Domain stats
   time: 233168859 # Weave simulation time
 time: # Simulator time breakdown
  init: 2790112173378
  bound: 9121790041
  weave: 297166977
  ff: 0
 trigger: 20000 # Reason for this stats dump
 phase: 6460 # Simulated phases
 westmere: # Core stats
  westmere-0: # Core stats
   cycles: 64600181 # Simulated unhalted cycles
   cCycles: 3402892 # Cycles due to contention stalls
   instrs: 100005228 # Simulated instructions
   uops: 114220163 # Retired micro-ops
   bbls: 31381173 # Basic blocks
   approxInstrs: 258535 # Instrs with approx uop decoding
   mispredBranches: 197806 # Mispredicted branches
   condBranches: 25018449 # conditional branches
 l1i: # Cache stats
  l1i-0: # Filter cache stats
   fhGETS: 29764872 # Filtered GETS hits
   fhGETX: 0 # Filtered GETX hits
   hGETS: 2363866 # GETS hits
   hGETX: 0 # GETX hits
   mGETS: 317705 # GETS misses
   mGETXIM: 0 # GETX I->M misses
   mGETXSM: 0 # GETX S->M misses (upgrade misses)
   PUTS: 0 # Clean evictions (from lower level)
   PUTX: 0 # Dirty evictions (from lower level)
   INV: 20 # Invalidates (from upper level)
   INVX: 0 # Downgrades (from upper level)
   FWD: 0 # Forwards (from upper level)
   latGETnl: 4068836 # GET request latency on next level
   latGETnet: 0 # GET request latency on network to next level
 l1d: # Cache stats
  l1d-0: # Filter cache stats
   fhGETS: 25866589 # Filtered GETS hits
   fhGETX: 7640607 # Filtered GETX hits
   hGETS: 4065909 # GETS hits
   hGETX: 1131295 # GETX hits
   mGETS: 1166306 # GETS misses
   mGETXIM: 167759 # GETX I->M misses
   mGETXSM: 0 # GETX S->M misses (upgrade misses)
   PUTS: 0 # Clean evictions (from lower level)
   PUTX: 0 # Dirty evictions (from lower level)
   INV: 0 # Invalidates (from upper level)
   INVX: 0 # Downgrades (from upper level)
   FWD: 0 # Forwards (from upper level)
   latGETnl: 35581534 # GET request latency on next level
   latGETnet: 0 # GET request latency on network to next level
 l2: # Cache stats
  l2-0: # Cache stats
   hGETS: 1299933 # GETS hits
   hGETX: 19727 # GETX hits
   mGETS: 184078 # GETS misses
   mGETXIM: 148032 # GETX I->M misses
   mGETXSM: 0 # GETX S->M misses (upgrade misses)
   PUTS: 1346124 # Clean evictions (from lower level)
   PUTX: 304602 # Dirty evictions (from lower level)
   INV: 0 # Invalidates (from upper level)
   INVX: 0 # Downgrades (from upper level)
   FWD: 0 # Forwards (from upper level)
   latGETnl: 23132670 # GET request latency on next level
   latGETnet: 0 # GET request latency on network to next level
 l3: # Cache stats
  l3-0: # Cache stats
   hGETS: 108030 # GETS hits
   hGETX: 55613 # GETX hits
   mGETS: 76048 # GETS misses
   mGETXIM: 92419 # GETX I->M misses
   mGETXSM: 0 # GETX S->M misses (upgrade misses)
   PUTS: 86827 # Clean evictions (from lower level)
   PUTX: 241187 # Dirty evictions (from lower level)
   INV: 0 # Invalidates (from upper level)
   INVX: 0 # Downgrades (from upper level)
   FWD: 0 # Forwards (from upper level)
   latGETnl: 15162030 # GET request latency on next level
   latGETnet: 0 # GET request latency on network to next level
 mem: # Memory controller stats
  mem-0: # Memory controller stats
   rd: 42279 # Read requests
   wr: 27066 # Write requests
   rdlat: 5708236 # Total latency experienced by read requests
   wrlat: 4201510 # Total latency experienced by write requests
   rdhits: 43 # Read row hits
   wrhits: 47 # Write row hits
   mlh: # latency histogram for memory requests
    0: 0
    1: 0
    2: 0
    3: 0
    4: 0
    5: 0
    6: 0
    7: 0
    8: 0
    9: 0
    10: 0
    11: 3
    12: 9
    13: 39564
    14: 1116
    15: 587
    16: 338
    17: 28
    18: 20
    19: 26
    20: 28
    21: 25
    22: 20
    23: 34
    24: 41
    25: 31
    26: 20
    27: 17
    28: 15
    29: 21
    30: 20
    31: 28
    32: 26
    33: 21
    34: 19
    35: 25
    36: 24
    37: 29
    38: 25
    39: 22
    40: 29
    41: 18
    42: 20
    43: 11
    44: 8
    45: 3
    46: 1
    47: 3
    48: 4
    49: 0
    50: 0
    51: 0
    52: 0
    53: 0
    54: 0
    55: 0
    56: 0
    57: 0
    58: 0
    59: 0
    60: 0
    61: 0
    62: 0
    63: 0
    64: 0
    65: 0
    66: 0
    67: 0
    68: 0
    69: 0
    70: 0
    71: 0
    72: 0
    73: 0
    74: 0
    75: 0
    76: 0
    77: 0
    78: 0
    79: 0
    80: 0
    81: 0
    82: 0
    83: 0
    84: 0
    85: 0
    86: 0
    87: 0
    88: 0
    89: 0
    90: 0
    91: 0
    92: 0
    93: 0
    94: 0
    95: 0
    96: 0
    97: 0
    98: 0
    99: 0
  mem-1: # Memory controller stats
   rd: 42012 # Read requests
   wr: 26971 # Write requests
   rdlat: 5673711 # Total latency experienced by read requests
   wrlat: 4194084 # Total latency experienced by write requests
   rdhits: 79 # Read row hits
   wrhits: 38 # Write row hits
   mlh: # latency histogram for memory requests
    0: 0
    1: 0
    2: 0
    3: 0
    4: 0
    5: 0
    6: 0
    7: 0
    8: 0
    9: 0
    10: 0
    11: 3
    12: 10
    13: 39429
    14: 877
    15: 615
    16: 407
    17: 44
    18: 29
    19: 22
    20: 28
    21: 23
    22: 18
    23: 25
    24: 40
    25: 28
    26: 18
    27: 10
    28: 11
    29: 20
    30: 20
    31: 16
    32: 21
    33: 30
    34: 34
    35: 30
    36: 31
    37: 33
    38: 19
    39: 33
    40: 22
    41: 24
    42: 17
    43: 10
    44: 4
    45: 4
    46: 4
    47: 3
    48: 0
    49: 0
    50: 0
    51: 0
    52: 0
    53: 0
    54: 0
    55: 0
    56: 0
    57: 0
    58: 0
    59: 0
    60: 0
    61: 0
    62: 0
    63: 0
    64: 0
    65: 0
    66: 0
    67: 0
    68: 0
    69: 0
    70: 0
    71: 0
    72: 0
    73: 0
    74: 0
    75: 0
    76: 0
    77: 0
    78: 0
    79: 0
    80: 0
    81: 0
    82: 0
    83: 0
    84: 0
    85: 0
    86: 0
    87: 0
    88: 0
    89: 0
    90: 0
    91: 0
    92: 0
    93: 0
    94: 0
    95: 0
    96: 0
    97: 0
    98: 0
    99: 0
  mem-2: # Memory controller stats
   rd: 42169 # Read requests
   wr: 27126 # Write requests
   rdlat: 5692838 # Total latency experienced by read requests
   wrlat: 4208755 # Total latency experienced by write requests
   rdhits: 59 # Read row hits
   wrhits: 38 # Write row hits
   mlh: # latency histogram for memory requests
    0: 0
    1: 0
    2: 0
    3: 0
    4: 0
    5: 0
    6: 0
    7: 0
    8: 0
    9: 0
    10: 0
    11: 5
    12: 12
    13: 39508
    14: 1084
    15: 588
    16: 321
    17: 32
    18: 20
    19: 15
    20: 18
    21: 21
    22: 17
    23: 37
    24: 27
    25: 33
    26: 14
    27: 20
    28: 23
    29: 27
    30: 21
    31: 26
    32: 33
    33: 21
    34: 26
    35: 26
    36: 25
    37: 21
    38: 26
    39: 23
    40: 32
    41: 21
    42: 25
    43: 8
    44: 6
    45: 2
    46: 2
    47: 2
    48: 1
    49: 0
    50: 0
    51: 0
    52: 0
    53: 0
    54: 0
    55: 0
    56: 0
    57: 0
    58: 0
    59: 0
    60: 0
    61: 0
    62: 0
    63: 0
    64: 0
    65: 0
    66: 0
    67: 0
    68: 0
    69: 0
    70: 0
    71: 0
    72: 0
    73: 0
    74: 0
    75: 0
    76: 0
    77: 0
    78: 0
    79: 0
    80: 0
    81: 0
    82: 0
    83: 0
    84: 0
    85: 0
    86: 0
    87: 0
    88: 0
    89: 0
    90: 0
    91: 0
    92: 0
    93: 0
    94: 0
    95: 0
    96: 0
    97: 0
    98: 0
    99: 0
  mem-3: # Memory controller stats
   rd: 42007 # Read requests
   wr: 27172 # Write requests
   rdlat: 5662701 # Total latency experienced by read requests
   wrlat: 4216428 # Total latency experienced by write requests
   rdhits: 35 # Read row hits
   wrhits: 32 # Write row hits
   mlh: # latency histogram for memory requests
    0: 0
    1: 0
    2: 0
    3: 0
    4: 0
    5: 0
    6: 0
    7: 0
    8: 0
    9: 0
    10: 0
    11: 1
    12: 1
    13: 39637
    14: 868
    15: 549
    16: 305
    17: 39
    18: 24
    19: 23
    20: 27
    21: 19
    22: 22
    23: 21
    24: 49
    25: 38
    26: 12
    27: 16
    28: 24
    29: 16
    30: 15
    31: 16
    32: 14
    33: 19
    34: 26
    35: 27
    36: 27
    37: 32
    38: 29
    39: 32
    40: 12
    41: 24
    42: 20
    43: 9
    44: 6
    45: 5
    46: 1
    47: 0
    48: 1
    49: 1
    50: 0
    51: 0
    52: 0
    53: 0
    54: 0
    55: 0
    56: 0
    57: 0
    58: 0
    59: 0
    60: 0
    61: 0
    62: 0
    63: 0
    64: 0
    65: 0
    66: 0
    67: 0
    68: 0
    69: 0
    70: 0
    71: 0
    72: 0
    73: 0
    74: 0
    75: 0
    76: 0
    77: 0
    78: 0
    79: 0
    80: 0
    81: 0
    82: 0
    83: 0
    84: 0
    85: 0
    86: 0
    87: 0
    88: 0
    89: 0
    90: 0
    91: 0
    92: 0
    93: 0
    94: 0
    95: 0
    96: 0
    97: 0
    98: 0
    99: 0
 sched: # Scheduler stats
  thCr: 1 # Threads created
  thFn: 1 # Threads finished
  schedEvs: 1 # Schedule events
  waitEvs: 0 # Wait events
  handoffEvs: 0 # Handoff events
  sleepEvs: 0 # Sleep events
  idlePhases: 0 # Phases with no thread active
  idlePeriods: 0 # Periods with no thread active
  occHist: # Occupancy histogram
   0: 0
   1: 6460
  rqSzHist: # Run queue size histogram
   0: 6460
   1: 0
   2: 0
   3: 0
   4: 0
   5: 0
   6: 0
   7: 0
   8: 0
   9: 0
   10: 0
   11: 0
   12: 0
   13: 0
   14: 0
   15: 0
   16: 0
 procCycles: # Per-process unhalted core cycles
  0: 64600181
  1: 0
  2: 0
  3: 0
  4: 0
  5: 0
  6: 0
  7: 0
  8: 0
  9: 0
  10: 0
  11: 0
  12: 0
  13: 0
  14: 0
  15: 0
  16: 0
  17: 0
  18: 0
  19: 0
  20: 0
  21: 0
  22: 0
  23: 0
  24: 0
  25: 0
  26: 0
  27: 0
  28: 0
  29: 0
  30: 0
  31: 0
  32: 0
  33: 0
  34: 0
  35: 0
  36: 0
  37: 0
  38: 0
  39: 0
  40: 0
  41: 0
  42: 0
  43: 0
  44: 0
  45: 0
  46: 0
  47: 0
  48: 0
  49: 0
  50: 0
  51: 0
  52: 0
  53: 0
  54: 0
  55: 0
  56: 0
  57: 0
  58: 0
  59: 0
  60: 0
  61: 0
  62: 0
  63: 0
 procInstrs: # Per-process instructions
  0: 100005228
  1: 0
  2: 0
  3: 0
  4: 0
  5: 0
  6: 0
  7: 0
  8: 0
  9: 0
  10: 0
  11: 0
  12: 0
  13: 0
  14: 0
  15: 0
  16: 0
  17: 0
  18: 0
  19: 0
  20: 0
  21: 0
  22: 0
  23: 0
  24: 0
  25: 0
  26: 0
  27: 0
  28: 0
  29: 0
  30: 0
  31: 0
  32: 0
  33: 0
  34: 0
  35: 0
  36: 0
  37: 0
  38: 0
  39: 0
  40: 0
  41: 0
  42: 0
  43: 0
  44: 0
  45: 0
  46: 0
  47: 0
  48: 0
  49: 0
  50: 0
  51: 0
  52: 0
  53: 0
  54: 0
  55: 0
  56: 0
  57: 0
  58: 0
  59: 0
  60: 0
  61: 0
  62: 0
  63: 0
 heartbeats: # Per-process heartbeats
  0: 0
  1: 0
  2: 0
  3: 0
  4: 0
  5: 0
  6: 0
  7: 0
  8: 0
  9: 0
  10: 0
  11: 0
  12: 0
  13: 0
  14: 0
  15: 0
  16: 0
  17: 0
  18: 0
  19: 0
  20: 0
  21: 0
  22: 0
  23: 0
  24: 0
  25: 0
  26: 0
  27: 0
  28: 0
  29: 0
  30: 0
  31: 0
  32: 0
  33: 0
  34: 0
  35: 0
  36: 0
  37: 0
  38: 0
  39: 0
  40: 0
  41: 0
  42: 0
  43: 0
  44: 0
  45: 0
  46: 0
  47: 0
  48: 0
  49: 0
  50: 0
  51: 0
  52: 0
  53: 0
  54: 0
  55: 0
  56: 0
  57: 0
  58: 0
  59: 0
  60: 0
  61: 0
  62: 0
  63: 0
===
