# zsim stats
===
root: # Stats
 contention: # Contention simulation stats
  domain-0: # Domain stats
   time: 279809886 # Weave simulation time
 time: # Simulator time breakdown
  init: 499766816423
  bound: 11208874810
  weave: 389012976
  ff: 0
 trigger: 20000 # Reason for this stats dump
 phase: 12461 # Simulated phases
 westmere: # Core stats
  westmere-0: # Core stats
   cycles: 124610089 # Simulated unhalted cycles
   cCycles: 8429685 # Cycles due to contention stalls
   instrs: 100012792 # Simulated instructions
   uops: 119766858 # Retired micro-ops
   bbls: 21952361 # Basic blocks
   approxInstrs: 221499 # Instrs with approx uop decoding
   mispredBranches: 1075099 # Mispredicted branches
   condBranches: 17156359 # conditional branches
 l1i: # Cache stats
  l1i-0: # Filter cache stats
   fhGETS: 24399409 # Filtered GETS hits
   fhGETX: 0 # Filtered GETX hits
   hGETS: 1892891 # GETS hits
   hGETX: 0 # GETX hits
   mGETS: 676312 # GETS misses
   mGETXIM: 0 # GETX I->M misses
   mGETXSM: 0 # GETX S->M misses (upgrade misses)
   PUTS: 0 # Clean evictions (from lower level)
   PUTX: 0 # Dirty evictions (from lower level)
   INV: 16 # Invalidates (from upper level)
   INVX: 0 # Downgrades (from upper level)
   FWD: 0 # Forwards (from upper level)
   latGETnl: 8495296 # GET request latency on next level
   latGETnet: 0 # GET request latency on network to next level
 l1d: # Cache stats
  l1d-0: # Filter cache stats
   fhGETS: 22846209 # Filtered GETS hits
   fhGETX: 16031076 # Filtered GETX hits
   hGETS: 1758725 # GETS hits
   hGETX: 911757 # GETX hits
   mGETS: 1507971 # GETS misses
   mGETXIM: 1947757 # GETX I->M misses
   mGETXSM: 0 # GETX S->M misses (upgrade misses)
   PUTS: 0 # Clean evictions (from lower level)
   PUTX: 0 # Dirty evictions (from lower level)
   INV: 1 # Invalidates (from upper level)
   INVX: 0 # Downgrades (from upper level)
   FWD: 0 # Forwards (from upper level)
   latGETnl: 102908182 # GET request latency on next level
   latGETnet: 0 # GET request latency on network to next level
 l2: # Cache stats
  l2-0: # Cache stats
   hGETS: 1121700 # GETS hits
   hGETX: 1200478 # GETX hits
   mGETS: 1062583 # GETS misses
   mGETXIM: 747279 # GETX I->M misses
   mGETXSM: 0 # GETX S->M misses (upgrade misses)
   PUTS: 1829232 # Clean evictions (from lower level)
   PUTX: 2301767 # Dirty evictions (from lower level)
   INV: 8 # Invalidates (from upper level)
   INVX: 0 # Downgrades (from upper level)
   FWD: 0 # Forwards (from upper level)
   latGETnl: 70083078 # GET request latency on next level
   latGETnet: 0 # GET request latency on network to next level
 l3: # Cache stats
  l3-0: # Cache stats
   hGETS: 822605 # GETS hits
   hGETX: 691186 # GETX hits
   mGETS: 239978 # GETS misses
   mGETXIM: 56093 # GETX I->M misses
   mGETXSM: 0 # GETX S->M misses (upgrade misses)
   PUTS: 886765 # Clean evictions (from lower level)
   PUTX: 918993 # Dirty evictions (from lower level)
   INV: 0 # Invalidates (from upper level)
   INVX: 0 # Downgrades (from upper level)
   FWD: 0 # Forwards (from upper level)
   latGETnl: 26646390 # GET request latency on next level
   latGETnet: 0 # GET request latency on network to next level
 mem: # Memory controller stats
  mem-0: # Memory controller stats
   rd: 75923 # Read requests
   wr: 17711 # Write requests
   rdlat: 10177538 # Total latency experienced by read requests
   wrlat: 2556165 # Total latency experienced by write requests
   rdhits: 19 # Read row hits
   wrhits: 8 # Write row hits
   mlh: # latency histogram for memory requests
    0: 0
    1: 0
    2: 0
    3: 0
    4: 0
    5: 0
    6: 0
    7: 0
    8: 0
    9: 0
    10: 0
    11: 1
    12: 5
    13: 73722
    14: 534
    15: 383
    16: 181
    17: 60
    18: 37
    19: 48
    20: 36
    21: 46
    22: 44
    23: 39
    24: 48
    25: 23
    26: 36
    27: 37
    28: 29
    29: 45
    30: 42
    31: 31
    32: 39
    33: 44
    34: 56
    35: 44
    36: 39
    37: 52
    38: 32
    39: 45
    40: 40
    41: 47
    42: 37
    43: 14
    44: 3
    45: 1
    46: 2
    47: 1
    48: 0
    49: 0
    50: 0
    51: 0
    52: 0
    53: 0
    54: 0
    55: 0
    56: 0
    57: 0
    58: 0
    59: 0
    60: 0
    61: 0
    62: 0
    63: 0
    64: 0
    65: 0
    66: 0
    67: 0
    68: 0
    69: 0
    70: 0
    71: 0
    72: 0
    73: 0
    74: 0
    75: 0
    76: 0
    77: 0
    78: 0
    79: 0
    80: 0
    81: 0
    82: 0
    83: 0
    84: 0
    85: 0
    86: 0
    87: 0
    88: 0
    89: 0
    90: 0
    91: 0
    92: 0
    93: 0
    94: 0
    95: 0
    96: 0
    97: 0
    98: 0
    99: 0
  mem-1: # Memory controller stats
   rd: 71671 # Read requests
   wr: 17306 # Write requests
   rdlat: 9615563 # Total latency experienced by read requests
   wrlat: 2496680 # Total latency experienced by write requests
   rdhits: 31 # Read row hits
   wrhits: 9 # Write row hits
   mlh: # latency histogram for memory requests
    0: 0
    1: 0
    2: 0
    3: 0
    4: 0
    5: 0
    6: 0
    7: 0
    8: 0
    9: 0
    10: 0
    11: 2
    12: 4
    13: 69567
    14: 507
    15: 370
    16: 147
    17: 42
    18: 45
    19: 38
    20: 45
    21: 37
    22: 48
    23: 41
    24: 52
    25: 29
    26: 32
    27: 30
    28: 38
    29: 31
    30: 31
    31: 43
    32: 41
    33: 44
    34: 49
    35: 38
    36: 47
    37: 45
    38: 51
    39: 44
    40: 42
    41: 38
    42: 33
    43: 11
    44: 2
    45: 2
    46: 3
    47: 2
    48: 0
    49: 0
    50: 0
    51: 0
    52: 0
    53: 0
    54: 0
    55: 0
    56: 0
    57: 0
    58: 0
    59: 0
    60: 0
    61: 0
    62: 0
    63: 0
    64: 0
    65: 0
    66: 0
    67: 0
    68: 0
    69: 0
    70: 0
    71: 0
    72: 0
    73: 0
    74: 0
    75: 0
    76: 0
    77: 0
    78: 0
    79: 0
    80: 0
    81: 0
    82: 0
    83: 0
    84: 0
    85: 0
    86: 0
    87: 0
    88: 0
    89: 0
    90: 0
    91: 0
    92: 0
    93: 0
    94: 0
    95: 0
    96: 0
    97: 0
    98: 0
    99: 0
  mem-2: # Memory controller stats
   rd: 77167 # Read requests
   wr: 17940 # Write requests
   rdlat: 10348656 # Total latency experienced by read requests
   wrlat: 2599916 # Total latency experienced by write requests
   rdhits: 47 # Read row hits
   wrhits: 14 # Write row hits
   mlh: # latency histogram for memory requests
    0: 0
    1: 0
    2: 0
    3: 0
    4: 0
    5: 0
    6: 0
    7: 0
    8: 0
    9: 0
    10: 0
    11: 3
    12: 18
    13: 74896
    14: 538
    15: 409
    16: 183
    17: 38
    18: 43
    19: 32
    20: 49
    21: 40
    22: 48
    23: 46
    24: 37
    25: 48
    26: 40
    27: 45
    28: 31
    29: 37
    30: 49
    31: 37
    32: 40
    33: 48
    34: 38
    35: 39
    36: 44
    37: 48
    38: 52
    39: 49
    40: 32
    41: 44
    42: 42
    43: 15
    44: 0
    45: 3
    46: 3
    47: 2
    48: 1
    49: 0
    50: 0
    51: 0
    52: 0
    53: 0
    54: 0
    55: 0
    56: 0
    57: 0
    58: 0
    59: 0
    60: 0
    61: 0
    62: 0
    63: 0
    64: 0
    65: 0
    66: 0
    67: 0
    68: 0
    69: 0
    70: 0
    71: 0
    72: 0
    73: 0
    74: 0
    75: 0
    76: 0
    77: 0
    78: 0
    79: 0
    80: 0
    81: 0
    82: 0
    83: 0
    84: 0
    85: 0
    86: 0
    87: 0
    88: 0
    89: 0
    90: 0
    91: 0
    92: 0
    93: 0
    94: 0
    95: 0
    96: 0
    97: 0
    98: 0
    99: 0
  mem-3: # Memory controller stats
   rd: 71310 # Read requests
   wr: 17270 # Write requests
   rdlat: 9566103 # Total latency experienced by read requests
   wrlat: 2484933 # Total latency experienced by write requests
   rdhits: 40 # Read row hits
   wrhits: 10 # Write row hits
   mlh: # latency histogram for memory requests
    0: 0
    1: 0
    2: 0
    3: 0
    4: 0
    5: 0
    6: 0
    7: 0
    8: 0
    9: 0
    10: 0
    11: 3
    12: 26
    13: 69111
    14: 534
    15: 383
    16: 173
    17: 48
    18: 37
    19: 40
    20: 51
    21: 51
    22: 45
    23: 38
    24: 34
    25: 45
    26: 42
    27: 39
    28: 30
    29: 38
    30: 42
    31: 46
    32: 44
    33: 37
    34: 46
    35: 48
    36: 46
    37: 41
    38: 40
    39: 34
    40: 32
    41: 33
    42: 35
    43: 9
    44: 3
    45: 2
    46: 2
    47: 1
    48: 1
    49: 0
    50: 0
    51: 0
    52: 0
    53: 0
    54: 0
    55: 0
    56: 0
    57: 0
    58: 0
    59: 0
    60: 0
    61: 0
    62: 0
    63: 0
    64: 0
    65: 0
    66: 0
    67: 0
    68: 0
    69: 0
    70: 0
    71: 0
    72: 0
    73: 0
    74: 0
    75: 0
    76: 0
    77: 0
    78: 0
    79: 0
    80: 0
    81: 0
    82: 0
    83: 0
    84: 0
    85: 0
    86: 0
    87: 0
    88: 0
    89: 0
    90: 0
    91: 0
    92: 0
    93: 0
    94: 0
    95: 0
    96: 0
    97: 0
    98: 0
    99: 0
 sched: # Scheduler stats
  thCr: 1 # Threads created
  thFn: 1 # Threads finished
  schedEvs: 1 # Schedule events
  waitEvs: 0 # Wait events
  handoffEvs: 0 # Handoff events
  sleepEvs: 0 # Sleep events
  idlePhases: 0 # Phases with no thread active
  idlePeriods: 0 # Periods with no thread active
  occHist: # Occupancy histogram
   0: 0
   1: 12461
  rqSzHist: # Run queue size histogram
   0: 12461
   1: 0
   2: 0
   3: 0
   4: 0
   5: 0
   6: 0
   7: 0
   8: 0
   9: 0
   10: 0
   11: 0
   12: 0
   13: 0
   14: 0
   15: 0
   16: 0
 procCycles: # Per-process unhalted core cycles
  0: 124610089
  1: 0
  2: 0
  3: 0
  4: 0
  5: 0
  6: 0
  7: 0
  8: 0
  9: 0
  10: 0
  11: 0
  12: 0
  13: 0
  14: 0
  15: 0
  16: 0
  17: 0
  18: 0
  19: 0
  20: 0
  21: 0
  22: 0
  23: 0
  24: 0
  25: 0
  26: 0
  27: 0
  28: 0
  29: 0
  30: 0
  31: 0
  32: 0
  33: 0
  34: 0
  35: 0
  36: 0
  37: 0
  38: 0
  39: 0
  40: 0
  41: 0
  42: 0
  43: 0
  44: 0
  45: 0
  46: 0
  47: 0
  48: 0
  49: 0
  50: 0
  51: 0
  52: 0
  53: 0
  54: 0
  55: 0
  56: 0
  57: 0
  58: 0
  59: 0
  60: 0
  61: 0
  62: 0
  63: 0
 procInstrs: # Per-process instructions
  0: 100012792
  1: 0
  2: 0
  3: 0
  4: 0
  5: 0
  6: 0
  7: 0
  8: 0
  9: 0
  10: 0
  11: 0
  12: 0
  13: 0
  14: 0
  15: 0
  16: 0
  17: 0
  18: 0
  19: 0
  20: 0
  21: 0
  22: 0
  23: 0
  24: 0
  25: 0
  26: 0
  27: 0
  28: 0
  29: 0
  30: 0
  31: 0
  32: 0
  33: 0
  34: 0
  35: 0
  36: 0
  37: 0
  38: 0
  39: 0
  40: 0
  41: 0
  42: 0
  43: 0
  44: 0
  45: 0
  46: 0
  47: 0
  48: 0
  49: 0
  50: 0
  51: 0
  52: 0
  53: 0
  54: 0
  55: 0
  56: 0
  57: 0
  58: 0
  59: 0
  60: 0
  61: 0
  62: 0
  63: 0
 heartbeats: # Per-process heartbeats
  0: 0
  1: 0
  2: 0
  3: 0
  4: 0
  5: 0
  6: 0
  7: 0
  8: 0
  9: 0
  10: 0
  11: 0
  12: 0
  13: 0
  14: 0
  15: 0
  16: 0
  17: 0
  18: 0
  19: 0
  20: 0
  21: 0
  22: 0
  23: 0
  24: 0
  25: 0
  26: 0
  27: 0
  28: 0
  29: 0
  30: 0
  31: 0
  32: 0
  33: 0
  34: 0
  35: 0
  36: 0
  37: 0
  38: 0
  39: 0
  40: 0
  41: 0
  42: 0
  43: 0
  44: 0
  45: 0
  46: 0
  47: 0
  48: 0
  49: 0
  50: 0
  51: 0
  52: 0
  53: 0
  54: 0
  55: 0
  56: 0
  57: 0
  58: 0
  59: 0
  60: 0
  61: 0
  62: 0
  63: 0
===
