# zsim stats
===
root: # Stats
 contention: # Contention simulation stats
  domain-0: # Domain stats
   time: 5008088821 # Weave simulation time
 time: # Simulator time breakdown
  init: 3211769386
  bound: 63822331692
  weave: 6014521362
  ff: 0
 trigger: 20000 # Reason for this stats dump
 phase: 51548 # Simulated phases
 westmere: # Core stats
  westmere-0: # Core stats
   cycles: 446804284 # Simulated unhalted cycles
   cCycles: 18255657 # Cycles due to contention stalls
   instrs: 609042370 # Simulated instructions
   uops: 642717449 # Retired micro-ops
   bbls: 87804733 # Basic blocks
   approxInstrs: 81 # Instrs with approx uop decoding
   mispredBranches: 3969428 # Mispredicted branches
   condBranches: 84555427 # conditional branches
  westmere-1: # Core stats
   cycles: 442347828 # Simulated unhalted cycles
   cCycles: 16409753 # Cycles due to contention stalls
   instrs: 629964495 # Simulated instructions
   uops: 657861036 # Retired micro-ops
   bbls: 90317462 # Basic blocks
   approxInstrs: 31 # Instrs with approx uop decoding
   mispredBranches: 4120977 # Mispredicted branches
   condBranches: 88026182 # conditional branches
  westmere-2: # Core stats
   cycles: 472636460 # Simulated unhalted cycles
   cCycles: 16900897 # Cycles due to contention stalls
   instrs: 662521222 # Simulated instructions
   uops: 696423425 # Retired micro-ops
   bbls: 95188526 # Basic blocks
   approxInstrs: 34 # Instrs with approx uop decoding
   mispredBranches: 4297705 # Mispredicted branches
   condBranches: 92084113 # conditional branches
  westmere-3: # Core stats
   cycles: 404982543 # Simulated unhalted cycles
   cCycles: 18404926 # Cycles due to contention stalls
   instrs: 558359834 # Simulated instructions
   uops: 584306513 # Retired micro-ops
   bbls: 80643842 # Basic blocks
   approxInstrs: 46 # Instrs with approx uop decoding
   mispredBranches: 3612957 # Mispredicted branches
   condBranches: 78294418 # conditional branches
  westmere-4: # Core stats
   cycles: 431633930 # Simulated unhalted cycles
   cCycles: 19087497 # Cycles due to contention stalls
   instrs: 586874471 # Simulated instructions
   uops: 617907520 # Retired micro-ops
   bbls: 84928868 # Basic blocks
   approxInstrs: 35 # Instrs with approx uop decoding
   mispredBranches: 3762588 # Mispredicted branches
   condBranches: 81893950 # conditional branches
  westmere-5: # Core stats
   cycles: 486576981 # Simulated unhalted cycles
   cCycles: 16497925 # Cycles due to contention stalls
   instrs: 671895578 # Simulated instructions
   uops: 710596985 # Retired micro-ops
   bbls: 98072652 # Basic blocks
   approxInstrs: 31 # Instrs with approx uop decoding
   mispredBranches: 4199246 # Mispredicted branches
   condBranches: 93849999 # conditional branches
  westmere-6: # Core stats
   cycles: 515470297 # Simulated unhalted cycles
   cCycles: 16923123 # Cycles due to contention stalls
   instrs: 702506580 # Simulated instructions
   uops: 747092935 # Retired micro-ops
   bbls: 102439726 # Basic blocks
   approxInstrs: 28 # Instrs with approx uop decoding
   mispredBranches: 4374878 # Mispredicted branches
   condBranches: 97428018 # conditional branches
  westmere-7: # Core stats
   cycles: 418172097 # Simulated unhalted cycles
   cCycles: 17579961 # Cycles due to contention stalls
   instrs: 578926838 # Simulated instructions
   uops: 607080443 # Retired micro-ops
   bbls: 83267831 # Basic blocks
   approxInstrs: 37 # Instrs with approx uop decoding
   mispredBranches: 3805246 # Mispredicted branches
   condBranches: 80766438 # conditional branches
 l1i: # Cache stats
  l1i-0: # Filter cache stats
   fhGETS: 121360324 # Filtered GETS hits
   fhGETX: 0 # Filtered GETX hits
   hGETS: 808649 # GETS hits
   hGETX: 0 # GETX hits
   mGETS: 2018 # GETS misses
   mGETXIM: 0 # GETX I->M misses
   mGETXSM: 0 # GETX S->M misses (upgrade misses)
   PUTS: 0 # Clean evictions (from lower level)
   PUTX: 0 # Dirty evictions (from lower level)
   INV: 1889 # Invalidates (from upper level)
   INVX: 0 # Downgrades (from upper level)
   FWD: 0 # Forwards (from upper level)
   latGETnl: 92192 # GET request latency on next level
   latGETnet: 0 # GET request latency on network to next level
  l1i-1: # Filter cache stats
   fhGETS: 125512589 # Filtered GETS hits
   fhGETX: 0 # Filtered GETX hits
   hGETS: 563367 # GETS hits
   hGETX: 0 # GETX hits
   mGETS: 1852 # GETS misses
   mGETXIM: 0 # GETX I->M misses
   mGETXSM: 0 # GETX S->M misses (upgrade misses)
   PUTS: 0 # Clean evictions (from lower level)
   PUTX: 0 # Dirty evictions (from lower level)
   INV: 1723 # Invalidates (from upper level)
   INVX: 0 # Downgrades (from upper level)
   FWD: 0 # Forwards (from upper level)
   latGETnl: 81778 # GET request latency on next level
   latGETnet: 0 # GET request latency on network to next level
  l1i-2: # Filter cache stats
   fhGETS: 131795517 # Filtered GETS hits
   fhGETX: 0 # Filtered GETX hits
   hGETS: 765943 # GETS hits
   hGETX: 0 # GETX hits
   mGETS: 1853 # GETS misses
   mGETXIM: 0 # GETX I->M misses
   mGETXSM: 0 # GETX S->M misses (upgrade misses)
   PUTS: 0 # Clean evictions (from lower level)
   PUTX: 0 # Dirty evictions (from lower level)
   INV: 1719 # Invalidates (from upper level)
   INVX: 0 # Downgrades (from upper level)
   FWD: 0 # Forwards (from upper level)
   latGETnl: 84962 # GET request latency on next level
   latGETnet: 0 # GET request latency on network to next level
  l1i-3: # Filter cache stats
   fhGETS: 111285476 # Filtered GETS hits
   fhGETX: 0 # Filtered GETX hits
   hGETS: 642493 # GETS hits
   hGETX: 0 # GETX hits
   mGETS: 1892 # GETS misses
   mGETXIM: 0 # GETX I->M misses
   mGETXSM: 0 # GETX S->M misses (upgrade misses)
   PUTS: 0 # Clean evictions (from lower level)
   PUTX: 0 # Dirty evictions (from lower level)
   INV: 1764 # Invalidates (from upper level)
   INVX: 0 # Downgrades (from upper level)
   FWD: 0 # Forwards (from upper level)
   latGETnl: 116168 # GET request latency on next level
   latGETnet: 0 # GET request latency on network to next level
  l1i-4: # Filter cache stats
   fhGETS: 116782183 # Filtered GETS hits
   fhGETX: 0 # Filtered GETX hits
   hGETS: 812614 # GETS hits
   hGETX: 0 # GETX hits
   mGETS: 1860 # GETS misses
   mGETXIM: 0 # GETX I->M misses
   mGETXSM: 0 # GETX S->M misses (upgrade misses)
   PUTS: 0 # Clean evictions (from lower level)
   PUTX: 0 # Dirty evictions (from lower level)
   INV: 1738 # Invalidates (from upper level)
   INVX: 0 # Downgrades (from upper level)
   FWD: 0 # Forwards (from upper level)
   latGETnl: 77370 # GET request latency on next level
   latGETnet: 0 # GET request latency on network to next level
  l1i-5: # Filter cache stats
   fhGETS: 133491872 # Filtered GETS hits
   fhGETX: 0 # Filtered GETX hits
   hGETS: 1076249 # GETS hits
   hGETX: 0 # GETX hits
   mGETS: 1929 # GETS misses
   mGETXIM: 0 # GETX I->M misses
   mGETXSM: 0 # GETX S->M misses (upgrade misses)
   PUTS: 0 # Clean evictions (from lower level)
   PUTX: 0 # Dirty evictions (from lower level)
   INV: 1788 # Invalidates (from upper level)
   INVX: 0 # Downgrades (from upper level)
   FWD: 0 # Forwards (from upper level)
   latGETnl: 85296 # GET request latency on next level
   latGETnet: 0 # GET request latency on network to next level
  l1i-6: # Filter cache stats
   fhGETS: 139300580 # Filtered GETS hits
   fhGETX: 0 # Filtered GETX hits
   hGETS: 1269345 # GETS hits
   hGETX: 0 # GETX hits
   mGETS: 1779 # GETS misses
   mGETXIM: 0 # GETX I->M misses
   mGETXSM: 0 # GETX S->M misses (upgrade misses)
   PUTS: 0 # Clean evictions (from lower level)
   PUTX: 0 # Dirty evictions (from lower level)
   INV: 1660 # Invalidates (from upper level)
   INVX: 0 # Downgrades (from upper level)
   FWD: 0 # Forwards (from upper level)
   latGETnl: 93876 # GET request latency on next level
   latGETnet: 0 # GET request latency on network to next level
  l1i-7: # Filter cache stats
   fhGETS: 115521597 # Filtered GETS hits
   fhGETX: 0 # Filtered GETX hits
   hGETS: 622695 # GETS hits
   hGETX: 0 # GETX hits
   mGETS: 1898 # GETS misses
   mGETXIM: 0 # GETX I->M misses
   mGETXSM: 0 # GETX S->M misses (upgrade misses)
   PUTS: 0 # Clean evictions (from lower level)
   PUTX: 0 # Dirty evictions (from lower level)
   INV: 1770 # Invalidates (from upper level)
   INVX: 0 # Downgrades (from upper level)
   FWD: 0 # Forwards (from upper level)
   latGETnl: 87302 # GET request latency on next level
   latGETnet: 0 # GET request latency on network to next level
 l1d: # Cache stats
  l1d-0: # Filter cache stats
   fhGETS: 147576630 # Filtered GETS hits
   fhGETX: 23730264 # Filtered GETX hits
   hGETS: 13554813 # GETS hits
   hGETX: 3430816 # GETX hits
   mGETS: 653206 # GETS misses
   mGETXIM: 171281 # GETX I->M misses
   mGETXSM: 8027 # GETX S->M misses (upgrade misses)
   PUTS: 0 # Clean evictions (from lower level)
   PUTX: 0 # Dirty evictions (from lower level)
   INV: 10086 # Invalidates (from upper level)
   INVX: 15886 # Downgrades (from upper level)
   FWD: 0 # Forwards (from upper level)
   latGETnl: 76694643 # GET request latency on next level
   latGETnet: 0 # GET request latency on network to next level
  l1d-1: # Filter cache stats
   fhGETS: 149634800 # Filtered GETS hits
   fhGETX: 22488493 # Filtered GETX hits
   hGETS: 14453525 # GETS hits
   hGETX: 3469572 # GETX hits
   mGETS: 664859 # GETS misses
   mGETXIM: 184807 # GETX I->M misses
   mGETXSM: 30997 # GETX S->M misses (upgrade misses)
   PUTS: 0 # Clean evictions (from lower level)
   PUTX: 0 # Dirty evictions (from lower level)
   INV: 4775 # Invalidates (from upper level)
   INVX: 7240 # Downgrades (from upper level)
   FWD: 0 # Forwards (from upper level)
   latGETnl: 76096317 # GET request latency on next level
   latGETnet: 0 # GET request latency on network to next level
  l1d-2: # Filter cache stats
   fhGETS: 158720826 # Filtered GETS hits
   fhGETX: 24742728 # Filtered GETX hits
   hGETS: 15565743 # GETS hits
   hGETX: 3761819 # GETX hits
   mGETS: 700844 # GETS misses
   mGETXIM: 187295 # GETX I->M misses
   mGETXSM: 28850 # GETX S->M misses (upgrade misses)
   PUTS: 0 # Clean evictions (from lower level)
   PUTX: 0 # Dirty evictions (from lower level)
   INV: 5418 # Invalidates (from upper level)
   INVX: 8433 # Downgrades (from upper level)
   FWD: 0 # Forwards (from upper level)
   latGETnl: 78405099 # GET request latency on next level
   latGETnet: 0 # GET request latency on network to next level
  l1d-3: # Filter cache stats
   fhGETS: 133211658 # Filtered GETS hits
   fhGETX: 20615367 # Filtered GETX hits
   hGETS: 12570679 # GETS hits
   hGETX: 3081162 # GETX hits
   mGETS: 664720 # GETS misses
   mGETXIM: 164064 # GETX I->M misses
   mGETXSM: 13738 # GETX S->M misses (upgrade misses)
   PUTS: 0 # Clean evictions (from lower level)
   PUTX: 0 # Dirty evictions (from lower level)
   INV: 14830 # Invalidates (from upper level)
   INVX: 31121 # Downgrades (from upper level)
   FWD: 0 # Forwards (from upper level)
   latGETnl: 78019490 # GET request latency on next level
   latGETnet: 0 # GET request latency on network to next level
  l1d-4: # Filter cache stats
   fhGETS: 141198646 # Filtered GETS hits
   fhGETX: 22562279 # Filtered GETX hits
   hGETS: 13507691 # GETS hits
   hGETX: 3332633 # GETX hits
   mGETS: 696408 # GETS misses
   mGETXIM: 165941 # GETX I->M misses
   mGETXSM: 12207 # GETX S->M misses (upgrade misses)
   PUTS: 0 # Clean evictions (from lower level)
   PUTX: 0 # Dirty evictions (from lower level)
   INV: 14864 # Invalidates (from upper level)
   INVX: 29336 # Downgrades (from upper level)
   FWD: 0 # Forwards (from upper level)
   latGETnl: 80464406 # GET request latency on next level
   latGETnet: 0 # GET request latency on network to next level
  l1d-5: # Filter cache stats
   fhGETS: 161928200 # Filtered GETS hits
   fhGETX: 27254596 # Filtered GETX hits
   hGETS: 15105320 # GETS hits
   hGETX: 3799061 # GETX hits
   mGETS: 760459 # GETS misses
   mGETXIM: 185196 # GETX I->M misses
   mGETXSM: 37727 # GETX S->M misses (upgrade misses)
   PUTS: 0 # Clean evictions (from lower level)
   PUTX: 0 # Dirty evictions (from lower level)
   INV: 7097 # Invalidates (from upper level)
   INVX: 12865 # Downgrades (from upper level)
   FWD: 0 # Forwards (from upper level)
   latGETnl: 79308834 # GET request latency on next level
   latGETnet: 0 # GET request latency on network to next level
  l1d-6: # Filter cache stats
   fhGETS: 170510160 # Filtered GETS hits
   fhGETX: 29206190 # Filtered GETX hits
   hGETS: 16018841 # GETS hits
   hGETX: 4056815 # GETX hits
   mGETS: 797431 # GETS misses
   mGETXIM: 187598 # GETX I->M misses
   mGETXSM: 39725 # GETX S->M misses (upgrade misses)
   PUTS: 0 # Clean evictions (from lower level)
   PUTX: 0 # Dirty evictions (from lower level)
   INV: 9185 # Invalidates (from upper level)
   INVX: 14729 # Downgrades (from upper level)
   FWD: 0 # Forwards (from upper level)
   latGETnl: 81736759 # GET request latency on next level
   latGETnet: 0 # GET request latency on network to next level
  l1d-7: # Filter cache stats
   fhGETS: 139115260 # Filtered GETS hits
   fhGETX: 21636256 # Filtered GETX hits
   hGETS: 12561909 # GETS hits
   hGETX: 3145542 # GETX hits
   mGETS: 619959 # GETS misses
   mGETXIM: 169036 # GETX I->M misses
   mGETXSM: 6904 # GETX S->M misses (upgrade misses)
   PUTS: 0 # Clean evictions (from lower level)
   PUTX: 0 # Dirty evictions (from lower level)
   INV: 11762 # Invalidates (from upper level)
   INVX: 18636 # Downgrades (from upper level)
   FWD: 0 # Forwards (from upper level)
   latGETnl: 74153192 # GET request latency on next level
   latGETnet: 0 # GET request latency on network to next level
 l2: # Cache stats
  l2-0: # Cache stats
   hGETS: 148323 # GETS hits
   hGETX: 2 # GETX hits
   mGETS: 506901 # GETS misses
   mGETXIM: 170920 # GETX I->M misses
   mGETXSM: 8386 # GETX S->M misses (upgrade misses)
   PUTS: 423558 # Clean evictions (from lower level)
   PUTX: 390363 # Dirty evictions (from lower level)
   INV: 32602 # Invalidates (from upper level)
   INVX: 65990 # Downgrades (from upper level)
   FWD: 0 # Forwards (from upper level)
   latGETnl: 68441515 # GET request latency on next level
   latGETnet: 0 # GET request latency on network to next level
  l2-1: # Cache stats
   hGETS: 136444 # GETS hits
   hGETX: 4 # GETX hits
   mGETS: 530267 # GETS misses
   mGETXIM: 184814 # GETX I->M misses
   mGETXSM: 30986 # GETX S->M misses (upgrade misses)
   PUTS: 444384 # Clean evictions (from lower level)
   PUTX: 400030 # Dirty evictions (from lower level)
   INV: 16649 # Invalidates (from upper level)
   INVX: 17437 # Downgrades (from upper level)
   FWD: 0 # Forwards (from upper level)
   latGETnl: 67352945 # GET request latency on next level
   latGETnet: 0 # GET request latency on network to next level
  l2-2: # Cache stats
   hGETS: 145890 # GETS hits
   hGETX: 4 # GETX hits
   mGETS: 556807 # GETS misses
   mGETXIM: 187299 # GETX I->M misses
   mGETXSM: 28842 # GETX S->M misses (upgrade misses)
   PUTS: 456775 # Clean evictions (from lower level)
   PUTX: 425460 # Dirty evictions (from lower level)
   INV: 13090 # Invalidates (from upper level)
   INVX: 14375 # Downgrades (from upper level)
   FWD: 0 # Forwards (from upper level)
   latGETnl: 69301641 # GET request latency on next level
   latGETnet: 0 # GET request latency on network to next level
  l2-3: # Cache stats
   hGETS: 140277 # GETS hits
   hGETX: 3 # GETX hits
   mGETS: 526335 # GETS misses
   mGETXIM: 163739 # GETX I->M misses
   mGETXSM: 14060 # GETX S->M misses (upgrade misses)
   PUTS: 433173 # Clean evictions (from lower level)
   PUTX: 380350 # Dirty evictions (from lower level)
   INV: 57326 # Invalidates (from upper level)
   INVX: 115125 # Downgrades (from upper level)
   FWD: 0 # Forwards (from upper level)
   latGETnl: 69691518 # GET request latency on next level
   latGETnet: 0 # GET request latency on network to next level
  l2-4: # Cache stats
   hGETS: 148164 # GETS hits
   hGETX: 2 # GETX hits
   mGETS: 550104 # GETS misses
   mGETXIM: 165693 # GETX I->M misses
   mGETXSM: 12453 # GETX S->M misses (upgrade misses)
   PUTS: 443201 # Clean evictions (from lower level)
   PUTX: 403836 # Dirty evictions (from lower level)
   INV: 53404 # Invalidates (from upper level)
   INVX: 109800 # Downgrades (from upper level)
   FWD: 0 # Forwards (from upper level)
   latGETnl: 71777616 # GET request latency on next level
   latGETnet: 0 # GET request latency on network to next level
  l2-5: # Cache stats
   hGETS: 150099 # GETS hits
   hGETX: 4 # GETX hits
   mGETS: 612289 # GETS misses
   mGETXIM: 185209 # GETX I->M misses
   mGETXSM: 37710 # GETX S->M misses (upgrade misses)
   PUTS: 480595 # Clean evictions (from lower level)
   PUTX: 457528 # Dirty evictions (from lower level)
   INV: 17681 # Invalidates (from upper level)
   INVX: 20878 # Downgrades (from upper level)
   FWD: 0 # Forwards (from upper level)
   latGETnl: 69541020 # GET request latency on next level
   latGETnet: 0 # GET request latency on network to next level
  l2-6: # Cache stats
   hGETS: 157774 # GETS hits
   hGETX: 5 # GETX hits
   mGETS: 641436 # GETS misses
   mGETXIM: 187603 # GETX I->M misses
   mGETXSM: 39715 # GETX S->M misses (upgrade misses)
   PUTS: 492864 # Clean evictions (from lower level)
   PUTX: 482532 # Dirty evictions (from lower level)
   INV: 17263 # Invalidates (from upper level)
   INVX: 21127 # Downgrades (from upper level)
   FWD: 0 # Forwards (from upper level)
   latGETnl: 71565305 # GET request latency on next level
   latGETnet: 0 # GET request latency on network to next level
  l2-7: # Cache stats
   hGETS: 140383 # GETS hits
   hGETX: 1 # GETX hits
   mGETS: 481474 # GETS misses
   mGETXIM: 168701 # GETX I->M misses
   mGETXSM: 7238 # GETX S->M misses (upgrade misses)
   PUTS: 411066 # Clean evictions (from lower level)
   PUTX: 365692 # Dirty evictions (from lower level)
   INV: 33234 # Invalidates (from upper level)
   INVX: 65402 # Downgrades (from upper level)
   FWD: 0 # Forwards (from upper level)
   latGETnl: 66262524 # GET request latency on next level
   latGETnet: 0 # GET request latency on network to next level
 l3: # Cache stats
  l3-0b0: # Cache stats
   hGETS: 160904 # GETS hits
   hGETX: 27257 # GETX hits
   mGETS: 388336 # GETS misses
   mGETXIM: 171300 # GETX I->M misses
   mGETXSM: 0 # GETX S->M misses (upgrade misses)
   PUTS: 358767 # Clean evictions (from lower level)
   PUTX: 333481 # Dirty evictions (from lower level)
   INV: 0 # Invalidates (from upper level)
   INVX: 0 # Downgrades (from upper level)
   FWD: 0 # Forwards (from upper level)
   latGETnl: 50367240 # GET request latency on next level
   latGETnet: 0 # GET request latency on network to next level
  l3-0b1: # Cache stats
   hGETS: 161277 # GETS hits
   hGETX: 27603 # GETX hits
   mGETS: 389525 # GETS misses
   mGETXIM: 171309 # GETX I->M misses
   mGETXSM: 0 # GETX S->M misses (upgrade misses)
   PUTS: 360471 # Clean evictions (from lower level)
   PUTX: 333255 # Dirty evictions (from lower level)
   INV: 0 # Invalidates (from upper level)
   INVX: 0 # Downgrades (from upper level)
   FWD: 0 # Forwards (from upper level)
   latGETnl: 50475060 # GET request latency on next level
   latGETnet: 0 # GET request latency on network to next level
  l3-0b2: # Cache stats
   hGETS: 163108 # GETS hits
   hGETX: 28666 # GETX hits
   mGETS: 388477 # GETS misses
   mGETXIM: 171307 # GETX I->M misses
   mGETXSM: 0 # GETX S->M misses (upgrade misses)
   PUTS: 360521 # Clean evictions (from lower level)
   PUTX: 332891 # Dirty evictions (from lower level)
   INV: 0 # Invalidates (from upper level)
   INVX: 0 # Downgrades (from upper level)
   FWD: 0 # Forwards (from upper level)
   latGETnl: 50380560 # GET request latency on next level
   latGETnet: 0 # GET request latency on network to next level
  l3-0b3: # Cache stats
   hGETS: 162192 # GETS hits
   hGETX: 27749 # GETX hits
   mGETS: 388887 # GETS misses
   mGETXIM: 171349 # GETX I->M misses
   mGETXSM: 0 # GETX S->M misses (upgrade misses)
   PUTS: 360306 # Clean evictions (from lower level)
   PUTX: 333224 # Dirty evictions (from lower level)
   INV: 0 # Invalidates (from upper level)
   INVX: 0 # Downgrades (from upper level)
   FWD: 0 # Forwards (from upper level)
   latGETnl: 50421240 # GET request latency on next level
   latGETnet: 0 # GET request latency on network to next level
  l3-0b4: # Cache stats
   hGETS: 162709 # GETS hits
   hGETX: 27778 # GETX hits
   mGETS: 388910 # GETS misses
   mGETXIM: 171378 # GETX I->M misses
   mGETXSM: 0 # GETX S->M misses (upgrade misses)
   PUTS: 361613 # Clean evictions (from lower level)
   PUTX: 332538 # Dirty evictions (from lower level)
   INV: 0 # Invalidates (from upper level)
   INVX: 0 # Downgrades (from upper level)
   FWD: 0 # Forwards (from upper level)
   latGETnl: 50425920 # GET request latency on next level
   latGETnet: 0 # GET request latency on network to next level
  l3-0b5: # Cache stats
   hGETS: 162293 # GETS hits
   hGETX: 28480 # GETX hits
   mGETS: 388878 # GETS misses
   mGETXIM: 171348 # GETX I->M misses
   mGETXSM: 0 # GETX S->M misses (upgrade misses)
   PUTS: 359873 # Clean evictions (from lower level)
   PUTX: 333558 # Dirty evictions (from lower level)
   INV: 0 # Invalidates (from upper level)
   INVX: 0 # Downgrades (from upper level)
   FWD: 0 # Forwards (from upper level)
   latGETnl: 50420340 # GET request latency on next level
   latGETnet: 0 # GET request latency on network to next level
  l3-0b6: # Cache stats
   hGETS: 161848 # GETS hits
   hGETX: 27613 # GETX hits
   mGETS: 389195 # GETS misses
   mGETXIM: 171307 # GETX I->M misses
   mGETXSM: 0 # GETX S->M misses (upgrade misses)
   PUTS: 359973 # Clean evictions (from lower level)
   PUTX: 333682 # Dirty evictions (from lower level)
   INV: 0 # Invalidates (from upper level)
   INVX: 0 # Downgrades (from upper level)
   FWD: 0 # Forwards (from upper level)
   latGETnl: 50445180 # GET request latency on next level
   latGETnet: 0 # GET request latency on network to next level
  l3-0b7: # Cache stats
   hGETS: 161013 # GETS hits
   hGETX: 27668 # GETX hits
   mGETS: 388061 # GETS misses
   mGETXIM: 171256 # GETX I->M misses
   mGETXSM: 0 # GETX S->M misses (upgrade misses)
   PUTS: 358871 # Clean evictions (from lower level)
   PUTX: 333058 # Dirty evictions (from lower level)
   INV: 0 # Invalidates (from upper level)
   INVX: 0 # Downgrades (from upper level)
   FWD: 0 # Forwards (from upper level)
   latGETnl: 50338530 # GET request latency on next level
   latGETnet: 0 # GET request latency on network to next level
 mem: # Memory controller stats
  mem-0: # Memory controller stats
   rd: 1122145 # Read requests
   wr: 572886 # Write requests
   rdlat: 168343940 # Total latency experienced by read requests
   wrlat: 129592087 # Total latency experienced by write requests
   rdhits: 21868 # Read row hits
   wrhits: 6511 # Write row hits
   mlh: # latency histogram for memory requests
    0: 0
    1: 0
    2: 0
    3: 0
    4: 0
    5: 0
    6: 0
    7: 0
    8: 0
    9: 0
    10: 0
    11: 1023
    12: 1357
    13: 792838
    14: 95972
    15: 67453
    16: 40032
    17: 15159
    18: 11091
    19: 11080
    20: 10020
    21: 8670
    22: 6671
    23: 5988
    24: 5716
    25: 3886
    26: 2464
    27: 2297
    28: 2200
    29: 2037
    30: 2097
    31: 2064
    32: 2222
    33: 2178
    34: 2284
    35: 2294
    36: 2224
    37: 2321
    38: 2195
    39: 1982
    40: 2047
    41: 1898
    42: 1752
    43: 1448
    44: 1177
    45: 977
    46: 914
    47: 745
    48: 588
    49: 383
    50: 297
    51: 241
    52: 186
    53: 162
    54: 147
    55: 118
    56: 81
    57: 76
    58: 66
    59: 74
    60: 65
    61: 50
    62: 48
    63: 43
    64: 33
    65: 42
    66: 46
    67: 36
    68: 41
    69: 48
    70: 43
    71: 42
    72: 33
    73: 39
    74: 37
    75: 30
    76: 33
    77: 21
    78: 31
    79: 18
    80: 31
    81: 23
    82: 17
    83: 20
    84: 14
    85: 9
    86: 14
    87: 20
    88: 6
    89: 7
    90: 5
    91: 1
    92: 2
    93: 0
    94: 0
    95: 0
    96: 1
    97: 1
    98: 0
    99: 3
  mem-1: # Memory controller stats
   rd: 1118203 # Read requests
   wr: 572260 # Write requests
   rdlat: 167920413 # Total latency experienced by read requests
   wrlat: 129306893 # Total latency experienced by write requests
   rdhits: 21826 # Read row hits
   wrhits: 6396 # Write row hits
   mlh: # latency histogram for memory requests
    0: 0
    1: 0
    2: 0
    3: 0
    4: 0
    5: 0
    6: 0
    7: 0
    8: 0
    9: 0
    10: 0
    11: 1027
    12: 1295
    13: 789986
    14: 94904
    15: 67562
    16: 39615
    17: 15545
    18: 11018
    19: 11117
    20: 9848
    21: 8671
    22: 6685
    23: 6071
    24: 5886
    25: 3814
    26: 2438
    27: 2207
    28: 2193
    29: 2067
    30: 2003
    31: 1979
    32: 2078
    33: 2106
    34: 2144
    35: 2182
    36: 2139
    37: 2233
    38: 2245
    39: 2060
    40: 2131
    41: 1901
    42: 1794
    43: 1570
    44: 1288
    45: 1189
    46: 968
    47: 838
    48: 572
    49: 410
    50: 350
    51: 254
    52: 192
    53: 142
    54: 138
    55: 95
    56: 97
    57: 78
    58: 62
    59: 63
    60: 41
    61: 44
    62: 56
    63: 46
    64: 35
    65: 39
    66: 48
    67: 32
    68: 34
    69: 29
    70: 29
    71: 38
    72: 50
    73: 54
    74: 42
    75: 44
    76: 49
    77: 38
    78: 34
    79: 18
    80: 25
    81: 18
    82: 7
    83: 13
    84: 17
    85: 10
    86: 11
    87: 8
    88: 7
    89: 2
    90: 2
    91: 0
    92: 4
    93: 6
    94: 8
    95: 8
    96: 2
    97: 0
    98: 2
    99: 3
  mem-2: # Memory controller stats
   rd: 1121149 # Read requests
   wr: 572699 # Write requests
   rdlat: 168057691 # Total latency experienced by read requests
   wrlat: 129598382 # Total latency experienced by write requests
   rdhits: 21748 # Read row hits
   wrhits: 6480 # Write row hits
   mlh: # latency histogram for memory requests
    0: 0
    1: 0
    2: 0
    3: 0
    4: 0
    5: 0
    6: 0
    7: 0
    8: 0
    9: 0
    10: 0
    11: 1036
    12: 1377
    13: 791758
    14: 95330
    15: 67422
    16: 40453
    17: 15447
    18: 11059
    19: 10998
    20: 10027
    21: 8688
    22: 6817
    23: 6212
    24: 5864
    25: 4066
    26: 2577
    27: 2284
    28: 2190
    29: 2223
    30: 2079
    31: 2121
    32: 2036
    33: 2159
    34: 2281
    35: 2269
    36: 2200
    37: 2224
    38: 2095
    39: 2086
    40: 2008
    41: 1864
    42: 1723
    43: 1378
    44: 1172
    45: 1001
    46: 865
    47: 750
    48: 539
    49: 344
    50: 269
    51: 219
    52: 149
    53: 126
    54: 118
    55: 100
    56: 95
    57: 70
    58: 61
    59: 60
    60: 54
    61: 37
    62: 58
    63: 44
    64: 39
    65: 35
    66: 35
    67: 50
    68: 52
    69: 43
    70: 43
    71: 55
    72: 28
    73: 36
    74: 45
    75: 36
    76: 35
    77: 28
    78: 23
    79: 18
    80: 18
    81: 13
    82: 6
    83: 6
    84: 6
    85: 7
    86: 4
    87: 3
    88: 1
    89: 1
    90: 0
    91: 0
    92: 0
    93: 0
    94: 1
    95: 0
    96: 0
    97: 0
    98: 0
    99: 0
  mem-3: # Memory controller stats
   rd: 1119325 # Read requests
   wr: 573236 # Write requests
   rdlat: 168161922 # Total latency experienced by read requests
   wrlat: 129420186 # Total latency experienced by write requests
   rdhits: 22056 # Read row hits
   wrhits: 6408 # Write row hits
   mlh: # latency histogram for memory requests
    0: 0
    1: 0
    2: 0
    3: 0
    4: 0
    5: 0
    6: 0
    7: 0
    8: 0
    9: 0
    10: 0
    11: 965
    12: 1332
    13: 789050
    14: 95554
    15: 67103
    16: 40332
    17: 15316
    18: 11063
    19: 11289
    20: 10010
    21: 8742
    22: 6756
    23: 6245
    24: 5719
    25: 4160
    26: 2590
    27: 2386
    28: 2159
    29: 2091
    30: 2005
    31: 2101
    32: 2046
    33: 2183
    34: 2319
    35: 2360
    36: 2239
    37: 2336
    38: 2237
    39: 2139
    40: 2075
    41: 2002
    42: 1797
    43: 1477
    44: 1243
    45: 1068
    46: 887
    47: 740
    48: 533
    49: 378
    50: 315
    51: 231
    52: 182
    53: 148
    54: 131
    55: 107
    56: 74
    57: 66
    58: 57
    59: 49
    60: 76
    61: 46
    62: 45
    63: 50
    64: 48
    65: 36
    66: 52
    67: 60
    68: 49
    69: 45
    70: 44
    71: 29
    72: 36
    73: 35
    74: 35
    75: 33
    76: 32
    77: 28
    78: 33
    79: 30
    80: 24
    81: 17
    82: 11
    83: 15
    84: 9
    85: 5
    86: 4
    87: 3
    88: 2
    89: 4
    90: 0
    91: 0
    92: 0
    93: 1
    94: 0
    95: 0
    96: 0
    97: 0
    98: 0
    99: 1
 sched: # Scheduler stats
  thCr: 9 # Threads created
  thFn: 0 # Threads finished
  schedEvs: 9 # Schedule events
  waitEvs: 1 # Wait events
  handoffEvs: 0 # Handoff events
  sleepEvs: 0 # Sleep events
  idlePhases: 0 # Phases with no thread active
  idlePeriods: 0 # Periods with no thread active
  occHist: # Occupancy histogram
   0: 0
   1: 1
   2: 0
   3: 0
   4: 0
   5: 0
   6: 0
   7: 0
   8: 51547
  rqSzHist: # Run queue size histogram
   0: 51548
   1: 0
   2: 0
   3: 0
   4: 0
   5: 0
   6: 0
   7: 0
   8: 0
   9: 0
   10: 0
   11: 0
   12: 0
   13: 0
   14: 0
   15: 0
   16: 0
 procCycles: # Per-process unhalted core cycles
  0: 3618624420
  1: 0
  2: 0
  3: 0
  4: 0
  5: 0
  6: 0
  7: 0
  8: 0
  9: 0
  10: 0
  11: 0
  12: 0
  13: 0
  14: 0
  15: 0
  16: 0
  17: 0
  18: 0
  19: 0
  20: 0
  21: 0
  22: 0
  23: 0
  24: 0
  25: 0
  26: 0
  27: 0
  28: 0
  29: 0
  30: 0
  31: 0
  32: 0
  33: 0
  34: 0
  35: 0
  36: 0
  37: 0
  38: 0
  39: 0
  40: 0
  41: 0
  42: 0
  43: 0
  44: 0
  45: 0
  46: 0
  47: 0
  48: 0
  49: 0
  50: 0
  51: 0
  52: 0
  53: 0
  54: 0
  55: 0
  56: 0
  57: 0
  58: 0
  59: 0
  60: 0
  61: 0
  62: 0
  63: 0
 procInstrs: # Per-process instructions
  0: 5000091388
  1: 0
  2: 0
  3: 0
  4: 0
  5: 0
  6: 0
  7: 0
  8: 0
  9: 0
  10: 0
  11: 0
  12: 0
  13: 0
  14: 0
  15: 0
  16: 0
  17: 0
  18: 0
  19: 0
  20: 0
  21: 0
  22: 0
  23: 0
  24: 0
  25: 0
  26: 0
  27: 0
  28: 0
  29: 0
  30: 0
  31: 0
  32: 0
  33: 0
  34: 0
  35: 0
  36: 0
  37: 0
  38: 0
  39: 0
  40: 0
  41: 0
  42: 0
  43: 0
  44: 0
  45: 0
  46: 0
  47: 0
  48: 0
  49: 0
  50: 0
  51: 0
  52: 0
  53: 0
  54: 0
  55: 0
  56: 0
  57: 0
  58: 0
  59: 0
  60: 0
  61: 0
  62: 0
  63: 0
 heartbeats: # Per-process heartbeats
  0: 0
  1: 0
  2: 0
  3: 0
  4: 0
  5: 0
  6: 0
  7: 0
  8: 0
  9: 0
  10: 0
  11: 0
  12: 0
  13: 0
  14: 0
  15: 0
  16: 0
  17: 0
  18: 0
  19: 0
  20: 0
  21: 0
  22: 0
  23: 0
  24: 0
  25: 0
  26: 0
  27: 0
  28: 0
  29: 0
  30: 0
  31: 0
  32: 0
  33: 0
  34: 0
  35: 0
  36: 0
  37: 0
  38: 0
  39: 0
  40: 0
  41: 0
  42: 0
  43: 0
  44: 0
  45: 0
  46: 0
  47: 0
  48: 0
  49: 0
  50: 0
  51: 0
  52: 0
  53: 0
  54: 0
  55: 0
  56: 0
  57: 0
  58: 0
  59: 0
  60: 0
  61: 0
  62: 0
  63: 0
===
