# zsim stats
===
root: # Stats
 contention: # Contention simulation stats
  domain-0: # Domain stats
   time: 163373122 # Weave simulation time
 time: # Simulator time breakdown
  init: 2113818601518
  bound: 8160020448
  weave: 711465604
  ff: 0
 trigger: 20000 # Reason for this stats dump
 phase: 6378 # Simulated phases
 westmere: # Core stats
  westmere-0: # Core stats
   cycles: 63780847 # Simulated unhalted cycles
   cCycles: 4494181 # Cycles due to contention stalls
   instrs: 100004497 # Simulated instructions
   uops: 142675093 # Retired micro-ops
   bbls: 4785609 # Basic blocks
   approxInstrs: 434 # Instrs with approx uop decoding
   mispredBranches: 23140 # Mispredicted branches
   condBranches: 4718269 # conditional branches
 l1i: # Cache stats
  l1i-0: # Filter cache stats
   fhGETS: 9440467 # Filtered GETS hits
   fhGETX: 0 # Filtered GETX hits
   hGETS: 20764 # GETS hits
   hGETX: 0 # GETX hits
   mGETS: 1948 # GETS misses
   mGETXIM: 0 # GETX I->M misses
   mGETXSM: 0 # GETX S->M misses (upgrade misses)
   PUTS: 0 # Clean evictions (from lower level)
   PUTX: 0 # Dirty evictions (from lower level)
   INV: 0 # Invalidates (from upper level)
   INVX: 0 # Downgrades (from upper level)
   FWD: 0 # Forwards (from upper level)
   latGETnl: 112408 # GET request latency on next level
   latGETnet: 0 # GET request latency on network to next level
 l1d: # Cache stats
  l1d-0: # Filter cache stats
   fhGETS: 27653198 # Filtered GETS hits
   fhGETX: 9105594 # Filtered GETX hits
   hGETS: 15192477 # GETS hits
   hGETX: 5948683 # GETX hits
   mGETS: 229430 # GETS misses
   mGETXIM: 291821 # GETX I->M misses
   mGETXSM: 0 # GETX S->M misses (upgrade misses)
   PUTS: 0 # Clean evictions (from lower level)
   PUTX: 0 # Dirty evictions (from lower level)
   INV: 0 # Invalidates (from upper level)
   INVX: 0 # Downgrades (from upper level)
   FWD: 0 # Forwards (from upper level)
   latGETnl: 27689452 # GET request latency on next level
   latGETnet: 0 # GET request latency on network to next level
 l2: # Cache stats
  l2-0: # Cache stats
   hGETS: 201450 # GETS hits
   hGETX: 1449 # GETX hits
   mGETS: 29928 # GETS misses
   mGETXIM: 290372 # GETX I->M misses
   mGETXSM: 0 # GETX S->M misses (upgrade misses)
   PUTS: 229695 # Clean evictions (from lower level)
   PUTX: 292554 # Dirty evictions (from lower level)
   INV: 0 # Invalidates (from upper level)
   INVX: 0 # Downgrades (from upper level)
   FWD: 0 # Forwards (from upper level)
   latGETnl: 22569870 # GET request latency on next level
   latGETnet: 0 # GET request latency on network to next level
 l3: # Cache stats
  l3-0: # Cache stats
   hGETS: 24552 # GETS hits
   hGETX: 130385 # GETX hits
   mGETS: 5376 # GETS misses
   mGETXIM: 159987 # GETX I->M misses
   mGETXSM: 0 # GETX S->M misses (upgrade misses)
   PUTS: 27649 # Clean evictions (from lower level)
   PUTX: 288555 # Dirty evictions (from lower level)
   INV: 0 # Invalidates (from upper level)
   INVX: 0 # Downgrades (from upper level)
   FWD: 0 # Forwards (from upper level)
   latGETnl: 14882670 # GET request latency on next level
   latGETnet: 0 # GET request latency on network to next level
 mem: # Memory controller stats
  mem-0: # Memory controller stats
   rd: 41318 # Read requests
   wr: 32455 # Write requests
   rdlat: 5856193 # Total latency experienced by read requests
   wrlat: 4619642 # Total latency experienced by write requests
   rdhits: 4 # Read row hits
   wrhits: 111 # Write row hits
   mlh: # latency histogram for memory requests
    0: 0
    1: 0
    2: 0
    3: 0
    4: 0
    5: 0
    6: 0
    7: 0
    8: 0
    9: 0
    10: 0
    11: 0
    12: 1
    13: 32875
    14: 5895
    15: 41
    16: 56
    17: 20
    18: 29
    19: 26
    20: 24
    21: 17
    22: 27
    23: 1799
    24: 23
    25: 42
    26: 31
    27: 47
    28: 21
    29: 16
    30: 9
    31: 19
    32: 26
    33: 17
    34: 13
    35: 12
    36: 23
    37: 29
    38: 22
    39: 18
    40: 20
    41: 16
    42: 34
    43: 15
    44: 2
    45: 3
    46: 1
    47: 31
    48: 6
    49: 1
    50: 2
    51: 3
    52: 4
    53: 2
    54: 0
    55: 0
    56: 0
    57: 0
    58: 0
    59: 0
    60: 0
    61: 0
    62: 0
    63: 0
    64: 0
    65: 0
    66: 0
    67: 0
    68: 0
    69: 0
    70: 0
    71: 0
    72: 0
    73: 0
    74: 0
    75: 0
    76: 0
    77: 0
    78: 0
    79: 0
    80: 0
    81: 0
    82: 0
    83: 0
    84: 0
    85: 0
    86: 0
    87: 0
    88: 0
    89: 0
    90: 0
    91: 0
    92: 0
    93: 0
    94: 0
    95: 0
    96: 0
    97: 0
    98: 0
    99: 0
  mem-1: # Memory controller stats
   rd: 41321 # Read requests
   wr: 32445 # Write requests
   rdlat: 5863306 # Total latency experienced by read requests
   wrlat: 4617990 # Total latency experienced by write requests
   rdhits: 3 # Read row hits
   wrhits: 128 # Write row hits
   mlh: # latency histogram for memory requests
    0: 0
    1: 0
    2: 0
    3: 0
    4: 0
    5: 0
    6: 0
    7: 0
    8: 0
    9: 0
    10: 0
    11: 1
    12: 1
    13: 32856
    14: 5902
    15: 41
    16: 62
    17: 26
    18: 24
    19: 20
    20: 23
    21: 19
    22: 29
    23: 1774
    24: 31
    25: 47
    26: 32
    27: 29
    28: 13
    29: 21
    30: 29
    31: 20
    32: 19
    33: 14
    34: 21
    35: 27
    36: 16
    37: 22
    38: 13
    39: 25
    40: 23
    41: 31
    42: 24
    43: 12
    44: 1
    45: 2
    46: 1
    47: 45
    48: 9
    49: 4
    50: 3
    51: 2
    52: 4
    53: 3
    54: 0
    55: 0
    56: 0
    57: 0
    58: 0
    59: 0
    60: 0
    61: 0
    62: 0
    63: 0
    64: 0
    65: 0
    66: 0
    67: 0
    68: 0
    69: 0
    70: 0
    71: 0
    72: 0
    73: 0
    74: 0
    75: 0
    76: 0
    77: 0
    78: 0
    79: 0
    80: 0
    81: 0
    82: 0
    83: 0
    84: 0
    85: 0
    86: 0
    87: 0
    88: 0
    89: 0
    90: 0
    91: 0
    92: 0
    93: 0
    94: 0
    95: 0
    96: 0
    97: 0
    98: 0
    99: 0
  mem-2: # Memory controller stats
   rd: 41357 # Read requests
   wr: 32481 # Write requests
   rdlat: 5859672 # Total latency experienced by read requests
   wrlat: 4621272 # Total latency experienced by write requests
   rdhits: 2 # Read row hits
   wrhits: 125 # Write row hits
   mlh: # latency histogram for memory requests
    0: 0
    1: 0
    2: 0
    3: 0
    4: 0
    5: 0
    6: 0
    7: 0
    8: 0
    9: 0
    10: 0
    11: 0
    12: 0
    13: 32881
    14: 5935
    15: 44
    16: 66
    17: 32
    18: 19
    19: 16
    20: 20
    21: 15
    22: 23
    23: 1800
    24: 17
    25: 33
    26: 37
    27: 45
    28: 34
    29: 18
    30: 15
    31: 20
    32: 13
    33: 7
    34: 26
    35: 18
    36: 19
    37: 16
    38: 20
    39: 30
    40: 22
    41: 26
    42: 26
    43: 18
    44: 3
    45: 2
    46: 2
    47: 24
    48: 5
    49: 1
    50: 2
    51: 3
    52: 2
    53: 2
    54: 0
    55: 0
    56: 0
    57: 0
    58: 0
    59: 0
    60: 0
    61: 0
    62: 0
    63: 0
    64: 0
    65: 0
    66: 0
    67: 0
    68: 0
    69: 0
    70: 0
    71: 0
    72: 0
    73: 0
    74: 0
    75: 0
    76: 0
    77: 0
    78: 0
    79: 0
    80: 0
    81: 0
    82: 0
    83: 0
    84: 0
    85: 0
    86: 0
    87: 0
    88: 0
    89: 0
    90: 0
    91: 0
    92: 0
    93: 0
    94: 0
    95: 0
    96: 0
    97: 0
    98: 0
    99: 0
  mem-3: # Memory controller stats
   rd: 41365 # Read requests
   wr: 32496 # Write requests
   rdlat: 5859297 # Total latency experienced by read requests
   wrlat: 4624893 # Total latency experienced by write requests
   rdhits: 4 # Read row hits
   wrhits: 121 # Write row hits
   mlh: # latency histogram for memory requests
    0: 0
    1: 0
    2: 0
    3: 0
    4: 0
    5: 0
    6: 0
    7: 0
    8: 0
    9: 0
    10: 0
    11: 0
    12: 2
    13: 32964
    14: 5888
    15: 43
    16: 57
    17: 17
    18: 19
    19: 19
    20: 13
    21: 14
    22: 25
    23: 1807
    24: 36
    25: 36
    26: 26
    27: 30
    28: 14
    29: 11
    30: 17
    31: 23
    32: 16
    33: 13
    34: 17
    35: 20
    36: 20
    37: 27
    38: 21
    39: 25
    40: 30
    41: 28
    42: 23
    43: 20
    44: 5
    45: 1
    46: 0
    47: 25
    48: 5
    49: 2
    50: 1
    51: 2
    52: 1
    53: 2
    54: 0
    55: 0
    56: 0
    57: 0
    58: 0
    59: 0
    60: 0
    61: 0
    62: 0
    63: 0
    64: 0
    65: 0
    66: 0
    67: 0
    68: 0
    69: 0
    70: 0
    71: 0
    72: 0
    73: 0
    74: 0
    75: 0
    76: 0
    77: 0
    78: 0
    79: 0
    80: 0
    81: 0
    82: 0
    83: 0
    84: 0
    85: 0
    86: 0
    87: 0
    88: 0
    89: 0
    90: 0
    91: 0
    92: 0
    93: 0
    94: 0
    95: 0
    96: 0
    97: 0
    98: 0
    99: 0
 sched: # Scheduler stats
  thCr: 1 # Threads created
  thFn: 1 # Threads finished
  schedEvs: 1 # Schedule events
  waitEvs: 0 # Wait events
  handoffEvs: 0 # Handoff events
  sleepEvs: 0 # Sleep events
  idlePhases: 0 # Phases with no thread active
  idlePeriods: 0 # Periods with no thread active
  occHist: # Occupancy histogram
   0: 0
   1: 6378
  rqSzHist: # Run queue size histogram
   0: 6378
   1: 0
   2: 0
   3: 0
   4: 0
   5: 0
   6: 0
   7: 0
   8: 0
   9: 0
   10: 0
   11: 0
   12: 0
   13: 0
   14: 0
   15: 0
   16: 0
 procCycles: # Per-process unhalted core cycles
  0: 63780847
  1: 0
  2: 0
  3: 0
  4: 0
  5: 0
  6: 0
  7: 0
  8: 0
  9: 0
  10: 0
  11: 0
  12: 0
  13: 0
  14: 0
  15: 0
  16: 0
  17: 0
  18: 0
  19: 0
  20: 0
  21: 0
  22: 0
  23: 0
  24: 0
  25: 0
  26: 0
  27: 0
  28: 0
  29: 0
  30: 0
  31: 0
  32: 0
  33: 0
  34: 0
  35: 0
  36: 0
  37: 0
  38: 0
  39: 0
  40: 0
  41: 0
  42: 0
  43: 0
  44: 0
  45: 0
  46: 0
  47: 0
  48: 0
  49: 0
  50: 0
  51: 0
  52: 0
  53: 0
  54: 0
  55: 0
  56: 0
  57: 0
  58: 0
  59: 0
  60: 0
  61: 0
  62: 0
  63: 0
 procInstrs: # Per-process instructions
  0: 100004497
  1: 0
  2: 0
  3: 0
  4: 0
  5: 0
  6: 0
  7: 0
  8: 0
  9: 0
  10: 0
  11: 0
  12: 0
  13: 0
  14: 0
  15: 0
  16: 0
  17: 0
  18: 0
  19: 0
  20: 0
  21: 0
  22: 0
  23: 0
  24: 0
  25: 0
  26: 0
  27: 0
  28: 0
  29: 0
  30: 0
  31: 0
  32: 0
  33: 0
  34: 0
  35: 0
  36: 0
  37: 0
  38: 0
  39: 0
  40: 0
  41: 0
  42: 0
  43: 0
  44: 0
  45: 0
  46: 0
  47: 0
  48: 0
  49: 0
  50: 0
  51: 0
  52: 0
  53: 0
  54: 0
  55: 0
  56: 0
  57: 0
  58: 0
  59: 0
  60: 0
  61: 0
  62: 0
  63: 0
 heartbeats: # Per-process heartbeats
  0: 0
  1: 0
  2: 0
  3: 0
  4: 0
  5: 0
  6: 0
  7: 0
  8: 0
  9: 0
  10: 0
  11: 0
  12: 0
  13: 0
  14: 0
  15: 0
  16: 0
  17: 0
  18: 0
  19: 0
  20: 0
  21: 0
  22: 0
  23: 0
  24: 0
  25: 0
  26: 0
  27: 0
  28: 0
  29: 0
  30: 0
  31: 0
  32: 0
  33: 0
  34: 0
  35: 0
  36: 0
  37: 0
  38: 0
  39: 0
  40: 0
  41: 0
  42: 0
  43: 0
  44: 0
  45: 0
  46: 0
  47: 0
  48: 0
  49: 0
  50: 0
  51: 0
  52: 0
  53: 0
  54: 0
  55: 0
  56: 0
  57: 0
  58: 0
  59: 0
  60: 0
  61: 0
  62: 0
  63: 0
===
