[H] Starting zsim, built Sat Apr 19 18:45:18 CDT 2025 (rev no git repo)
[H] Creating global segment, 1024 MBs
[H] Global segment shmid = 1
[H] Deadlock detection ON
[S 0] Started instance
[S 0] Started RR scheduler, quantum=10000 phases
[S 0] mem-0: domain 0, 4 ranks/ch 8 banks/rank, tech DDR3-1333-CL10, boundLat 90 rd / 40 wr
[S 0] mem-0: Address mapping rank:col:bank row 63:15 col 12:3 rank 14:13 bank 2:0
[S 0] mem-1: domain 0, 4 ranks/ch 8 banks/rank, tech DDR3-1333-CL10, boundLat 90 rd / 40 wr
[S 0] mem-1: Address mapping rank:col:bank row 63:15 col 12:3 rank 14:13 bank 2:0
[S 0] mem-2: domain 0, 4 ranks/ch 8 banks/rank, tech DDR3-1333-CL10, boundLat 90 rd / 40 wr
[S 0] mem-2: Address mapping rank:col:bank row 63:15 col 12:3 rank 14:13 bank 2:0
[S 0] mem-3: domain 0, 4 ranks/ch 8 banks/rank, tech DDR3-1333-CL10, boundLat 90 rd / 40 wr
[S 0] mem-3: Address mapping rank:col:bank row 63:15 col 12:3 rank 14:13 bank 2:0
[S 0] Hierarchy: [ l1i-0 l1d-0 ] -> l2-0
[S 0] Hierarchy: [ l2-0 ] -> l3-0
[S 0] Initialized system
[S 0] HDF5 backend: Opening ./outputs/hw4/LRU/namd/zsim.h5
[S 0] HDF5 backend: Created table, 5680 bytes/record, 185 records/write
[S 0] HDF5 backend: Opening ./outputs/hw4/LRU/namd/zsim-ev.h5
[S 0] HDF5 backend: Created table, 5680 bytes/record, 24 records/write
[S 0] HDF5 backend: Opening ./outputs/hw4/LRU/namd/zsim-cmp.h5
[S 0] HDF5 backend: Created table, 3136 bytes/record, 1 records/write
[S 0] Initialization complete
[S 0] Started process, PID 21298
[S 0] procMask: 0x0
[H] Attached to global heap
[S 0] [0] Adjusting clocks, domain 0, de-ffwd 0
[S 0] FFI mode initialized, 2 ffiPoints
[S 0] vDSO info initialized
[S 0] WARN: vsyscall page not found
[S 0] Started contention simulation thread 0
[S 0] Started scheduler watchdog thread
[S 0] FF control Thread TID 21309
[S 0] FF thread 0 starting
[S 0] ffiPoint reached, 500000001 instrs, limit 500000000
[S 0] FFI: Exiting fast-forward
[S 0] [0] Adjusting clocks, domain 0, de-ffwd 1
[S 0] Thread 0 starting
[S 0] Failed assertion on build/opt/ooo_core.cpp:377: westmere-0: loadIdx(2) != loads (1)
[S 0] [0] Internal exception detected:
[S 0] [0]  Code: 1
[S 0] [0]  Address: 0x7ffff715a804
[S 0] [0]  Description: Exception Code: ACCESS_INVALID_ADDRESS. Exception Address = 0x7ffff715a804. Access Type: UNKNOWN. Access Address = 0x000000000
[S 0] [0]  Caused by invalid access to address 0x0
[S 0] [0] Backtrace (9/40 max frames)
[S 0] [0]  /mnt/c/Users/x4ch4/OneDrive/Desktop/CSCE469/TermProject/Team09/simulation/zsim/build/opt/zsim.cpp:1394 / InternalExceptionHandler(unsigned int, LEVEL_BASE::EXCEPTION_INFO*, LEVEL_VM::PHYSICAL_CONTEXT*, void*)
[S 0] [0]  :? / LEVEL_PINCLIENT::IEH_CALLBACKS::NotifyInternalException(unsigned int, LEVEL_BASE::EXCEPTION_INFO*, LEVEL_VM::CONTEXT*)
[S 0] [0]  /mnt/c/Users/x4ch4/OneDrive/Desktop/CSCE469/TermProject/Team09/simulation/tools/pin-2.14-71313-gcc.4.4.7-linux/intel64/bin/pinbin(_ZN8LEVEL_VM12SIGNALS_IMPL19InternalHandlerSyncEiPN7BARECRT8SIGXINFOEPN5PINVM11ISIGCONTEXTEPPKNS_14SCT_ATTRIBUTESEPNS_5PCTXTEPj+0x444) [0x3043a9454]
[S 0] [0]  /mnt/c/Users/x4ch4/OneDrive/Desktop/CSCE469/TermProject/Team09/simulation/tools/pin-2.14-71313-gcc.4.4.7-linux/intel64/bin/pinbin(_ZN8LEVEL_VM12SIGNALS_IMPL20HandlePhysicalSignalEPN7BARECRT8SIGXINFOEPN5PINVM11ISIGCONTEXTE+0x124) [0x3043aa1f4]
[S 0] [0]  /mnt/c/Users/x4ch4/OneDrive/Desktop/CSCE469/TermProject/Team09/simulation/tools/pin-2.14-71313-gcc.4.4.7-linux/intel64/bin/pinbin(_ZN5PINVM28SIGNAL_DETAILS_LINUX_INTEL6415InternalHandlerEiPN7BARECRT8SIGXINFOEPv+0xe8) [0x304438c88]
[S 0] [0]  /mnt/c/Users/x4ch4/OneDrive/Desktop/CSCE469/TermProject/Team09/simulation/tools/pin-2.14-71313-gcc.4.4.7-linux/intel64/bin/pinbin(BARECRT_SigReturnRt+0) [0x30446603c]
[S 0] [0]  /mnt/c/Users/x4ch4/OneDrive/Desktop/CSCE469/TermProject/Team09/simulation/zsim/build/opt/ooo_core.h:177 / WindowStructure<1024u, 36u>::advancePos(unsigned long&)
[S 0] [0]  /mnt/c/Users/x4ch4/OneDrive/Desktop/CSCE469/TermProject/Team09/simulation/zsim/build/opt/ooo_core.cpp:529 / OOOCore::BblFunc(unsigned int, unsigned long, BblInfo*)
[S 0] [0]  [0x7fffe4d4cae0]
C: Tool (or Pin) caused signal 11 at PC 0x7ffff715a804
[H] Child 21298 done
[H] Panic on build/opt/zsim_harness.cpp:123: Child 21298 (idx 0) exit was anomalous, killing simulation
