# zsim stats
===
root: # Stats
 contention: # Contention simulation stats
  domain-0: # Domain stats
   time: 200022422 # Weave simulation time
 time: # Simulator time breakdown
  init: 1480824822167
  bound: 6576075235
  weave: 733303994
  ff: 0
 trigger: 20000 # Reason for this stats dump
 phase: 6806 # Simulated phases
 westmere: # Core stats
  westmere-0: # Core stats
   cycles: 68061006 # Simulated unhalted cycles
   cCycles: 4028100 # Cycles due to contention stalls
   instrs: 100013288 # Simulated instructions
   uops: 118719914 # Retired micro-ops
   bbls: 29228982 # Basic blocks
   approxInstrs: 341499 # Instrs with approx uop decoding
   mispredBranches: 252108 # Mispredicted branches
   condBranches: 21286882 # conditional branches
 l1i: # Cache stats
  l1i-0: # Filter cache stats
   fhGETS: 27072075 # Filtered GETS hits
   fhGETX: 0 # Filtered GETX hits
   hGETS: 3064377 # GETS hits
   hGETX: 0 # GETX hits
   mGETS: 449939 # GETS misses
   mGETXIM: 0 # GETX I->M misses
   mGETXSM: 0 # GETX S->M misses (upgrade misses)
   PUTS: 0 # Clean evictions (from lower level)
   PUTX: 0 # Dirty evictions (from lower level)
   INV: 2363 # Invalidates (from upper level)
   INVX: 0 # Downgrades (from upper level)
   FWD: 0 # Forwards (from upper level)
   latGETnl: 5699120 # GET request latency on next level
   latGETnet: 0 # GET request latency on network to next level
 l1d: # Cache stats
  l1d-0: # Filter cache stats
   fhGETS: 25778719 # Filtered GETS hits
   fhGETX: 9897382 # Filtered GETX hits
   hGETS: 4384685 # GETS hits
   hGETX: 1452359 # GETX hits
   mGETS: 1050289 # GETS misses
   mGETXIM: 222345 # GETX I->M misses
   mGETXSM: 0 # GETX S->M misses (upgrade misses)
   PUTS: 0 # Clean evictions (from lower level)
   PUTX: 0 # Dirty evictions (from lower level)
   INV: 2664 # Invalidates (from upper level)
   INVX: 0 # Downgrades (from upper level)
   FWD: 0 # Forwards (from upper level)
   latGETnl: 39170038 # GET request latency on next level
   latGETnet: 0 # GET request latency on network to next level
 l2: # Cache stats
  l2-0: # Cache stats
   hGETS: 1298203 # GETS hits
   hGETX: 28553 # GETX hits
   mGETS: 202025 # GETS misses
   mGETXIM: 193792 # GETX I->M misses
   mGETXSM: 0 # GETX S->M misses (upgrade misses)
   PUTS: 1363524 # Clean evictions (from lower level)
   PUTX: 353112 # Dirty evictions (from lower level)
   INV: 11542 # Invalidates (from upper level)
   INVX: 0 # Downgrades (from upper level)
   FWD: 0 # Forwards (from upper level)
   latGETnl: 27643428 # GET request latency on next level
   latGETnet: 0 # GET request latency on network to next level
 l3: # Cache stats
  l3-0: # Cache stats
   hGETS: 131612 # GETS hits
   hGETX: 62607 # GETX hits
   mGETS: 70413 # GETS misses
   mGETXIM: 131185 # GETX I->M misses
   mGETXSM: 0 # GETX S->M misses (upgrade misses)
   PUTS: 108751 # Clean evictions (from lower level)
   PUTX: 271431 # Dirty evictions (from lower level)
   INV: 0 # Invalidates (from upper level)
   INVX: 0 # Downgrades (from upper level)
   FWD: 0 # Forwards (from upper level)
   latGETnl: 18143820 # GET request latency on next level
   latGETnet: 0 # GET request latency on network to next level
 mem: # Memory controller stats
  mem-0: # Memory controller stats
   rd: 50307 # Read requests
   wr: 35014 # Write requests
   rdlat: 6793341 # Total latency experienced by read requests
   wrlat: 5402792 # Total latency experienced by write requests
   rdhits: 69 # Read row hits
   wrhits: 55 # Write row hits
   mlh: # latency histogram for memory requests
    0: 0
    1: 0
    2: 0
    3: 0
    4: 0
    5: 0
    6: 0
    7: 0
    8: 0
    9: 0
    10: 0
    11: 4
    12: 5
    13: 47283
    14: 1041
    15: 693
    16: 445
    17: 52
    18: 22
    19: 29
    20: 34
    21: 32
    22: 33
    23: 38
    24: 59
    25: 51
    26: 15
    27: 15
    28: 30
    29: 22
    30: 21
    31: 29
    32: 27
    33: 24
    34: 29
    35: 25
    36: 42
    37: 35
    38: 39
    39: 27
    40: 24
    41: 28
    42: 24
    43: 14
    44: 8
    45: 5
    46: 0
    47: 0
    48: 3
    49: 0
    50: 0
    51: 0
    52: 0
    53: 0
    54: 0
    55: 0
    56: 0
    57: 0
    58: 0
    59: 0
    60: 0
    61: 0
    62: 0
    63: 0
    64: 0
    65: 0
    66: 0
    67: 0
    68: 0
    69: 0
    70: 0
    71: 0
    72: 0
    73: 0
    74: 0
    75: 0
    76: 0
    77: 0
    78: 0
    79: 0
    80: 0
    81: 0
    82: 0
    83: 0
    84: 0
    85: 0
    86: 0
    87: 0
    88: 0
    89: 0
    90: 0
    91: 0
    92: 0
    93: 0
    94: 0
    95: 0
    96: 0
    97: 0
    98: 0
    99: 0
  mem-1: # Memory controller stats
   rd: 50612 # Read requests
   wr: 35055 # Write requests
   rdlat: 6823211 # Total latency experienced by read requests
   wrlat: 5417167 # Total latency experienced by write requests
   rdhits: 64 # Read row hits
   wrhits: 51 # Write row hits
   mlh: # latency histogram for memory requests
    0: 0
    1: 0
    2: 0
    3: 0
    4: 0
    5: 0
    6: 0
    7: 0
    8: 0
    9: 0
    10: 0
    11: 1
    12: 6
    13: 47656
    14: 1065
    15: 641
    16: 454
    17: 56
    18: 28
    19: 40
    20: 26
    21: 27
    22: 32
    23: 35
    24: 51
    25: 29
    26: 13
    27: 23
    28: 27
    29: 23
    30: 24
    31: 23
    32: 34
    33: 20
    34: 29
    35: 30
    36: 35
    37: 31
    38: 31
    39: 32
    40: 27
    41: 19
    42: 20
    43: 8
    44: 9
    45: 3
    46: 2
    47: 2
    48: 0
    49: 0
    50: 0
    51: 0
    52: 0
    53: 0
    54: 0
    55: 0
    56: 0
    57: 0
    58: 0
    59: 0
    60: 0
    61: 0
    62: 0
    63: 0
    64: 0
    65: 0
    66: 0
    67: 0
    68: 0
    69: 0
    70: 0
    71: 0
    72: 0
    73: 0
    74: 0
    75: 0
    76: 0
    77: 0
    78: 0
    79: 0
    80: 0
    81: 0
    82: 0
    83: 0
    84: 0
    85: 0
    86: 0
    87: 0
    88: 0
    89: 0
    90: 0
    91: 0
    92: 0
    93: 0
    94: 0
    95: 0
    96: 0
    97: 0
    98: 0
    99: 0
  mem-2: # Memory controller stats
   rd: 50413 # Read requests
   wr: 34948 # Write requests
   rdlat: 6807712 # Total latency experienced by read requests
   wrlat: 5402725 # Total latency experienced by write requests
   rdhits: 46 # Read row hits
   wrhits: 44 # Write row hits
   mlh: # latency histogram for memory requests
    0: 0
    1: 0
    2: 0
    3: 0
    4: 0
    5: 0
    6: 0
    7: 0
    8: 0
    9: 0
    10: 0
    11: 7
    12: 3
    13: 47381
    14: 996
    15: 742
    16: 471
    17: 44
    18: 34
    19: 35
    20: 26
    21: 29
    22: 35
    23: 36
    24: 44
    25: 29
    26: 18
    27: 22
    28: 23
    29: 20
    30: 23
    31: 29
    32: 34
    33: 27
    34: 28
    35: 34
    36: 26
    37: 37
    38: 38
    39: 28
    40: 30
    41: 27
    42: 22
    43: 18
    44: 5
    45: 1
    46: 3
    47: 4
    48: 3
    49: 0
    50: 0
    51: 1
    52: 0
    53: 0
    54: 0
    55: 0
    56: 0
    57: 0
    58: 0
    59: 0
    60: 0
    61: 0
    62: 0
    63: 0
    64: 0
    65: 0
    66: 0
    67: 0
    68: 0
    69: 0
    70: 0
    71: 0
    72: 0
    73: 0
    74: 0
    75: 0
    76: 0
    77: 0
    78: 0
    79: 0
    80: 0
    81: 0
    82: 0
    83: 0
    84: 0
    85: 0
    86: 0
    87: 0
    88: 0
    89: 0
    90: 0
    91: 0
    92: 0
    93: 0
    94: 0
    95: 0
    96: 0
    97: 0
    98: 0
    99: 0
  mem-3: # Memory controller stats
   rd: 50262 # Read requests
   wr: 34837 # Write requests
   rdlat: 6785243 # Total latency experienced by read requests
   wrlat: 5366369 # Total latency experienced by write requests
   rdhits: 39 # Read row hits
   wrhits: 43 # Write row hits
   mlh: # latency histogram for memory requests
    0: 0
    1: 0
    2: 0
    3: 0
    4: 0
    5: 0
    6: 0
    7: 0
    8: 0
    9: 0
    10: 0
    11: 3
    12: 6
    13: 47350
    14: 988
    15: 690
    16: 422
    17: 36
    18: 26
    19: 35
    20: 34
    21: 27
    22: 20
    23: 43
    24: 35
    25: 38
    26: 15
    27: 37
    28: 24
    29: 23
    30: 19
    31: 23
    32: 26
    33: 35
    34: 36
    35: 31
    36: 25
    37: 30
    38: 30
    39: 40
    40: 27
    41: 33
    42: 24
    43: 14
    44: 6
    45: 1
    46: 4
    47: 0
    48: 4
    49: 1
    50: 0
    51: 1
    52: 0
    53: 0
    54: 0
    55: 0
    56: 0
    57: 0
    58: 0
    59: 0
    60: 0
    61: 0
    62: 0
    63: 0
    64: 0
    65: 0
    66: 0
    67: 0
    68: 0
    69: 0
    70: 0
    71: 0
    72: 0
    73: 0
    74: 0
    75: 0
    76: 0
    77: 0
    78: 0
    79: 0
    80: 0
    81: 0
    82: 0
    83: 0
    84: 0
    85: 0
    86: 0
    87: 0
    88: 0
    89: 0
    90: 0
    91: 0
    92: 0
    93: 0
    94: 0
    95: 0
    96: 0
    97: 0
    98: 0
    99: 0
 sched: # Scheduler stats
  thCr: 1 # Threads created
  thFn: 1 # Threads finished
  schedEvs: 1 # Schedule events
  waitEvs: 0 # Wait events
  handoffEvs: 0 # Handoff events
  sleepEvs: 0 # Sleep events
  idlePhases: 0 # Phases with no thread active
  idlePeriods: 0 # Periods with no thread active
  occHist: # Occupancy histogram
   0: 0
   1: 6806
  rqSzHist: # Run queue size histogram
   0: 6806
   1: 0
   2: 0
   3: 0
   4: 0
   5: 0
   6: 0
   7: 0
   8: 0
   9: 0
   10: 0
   11: 0
   12: 0
   13: 0
   14: 0
   15: 0
   16: 0
 procCycles: # Per-process unhalted core cycles
  0: 68061006
  1: 0
  2: 0
  3: 0
  4: 0
  5: 0
  6: 0
  7: 0
  8: 0
  9: 0
  10: 0
  11: 0
  12: 0
  13: 0
  14: 0
  15: 0
  16: 0
  17: 0
  18: 0
  19: 0
  20: 0
  21: 0
  22: 0
  23: 0
  24: 0
  25: 0
  26: 0
  27: 0
  28: 0
  29: 0
  30: 0
  31: 0
  32: 0
  33: 0
  34: 0
  35: 0
  36: 0
  37: 0
  38: 0
  39: 0
  40: 0
  41: 0
  42: 0
  43: 0
  44: 0
  45: 0
  46: 0
  47: 0
  48: 0
  49: 0
  50: 0
  51: 0
  52: 0
  53: 0
  54: 0
  55: 0
  56: 0
  57: 0
  58: 0
  59: 0
  60: 0
  61: 0
  62: 0
  63: 0
 procInstrs: # Per-process instructions
  0: 100013288
  1: 0
  2: 0
  3: 0
  4: 0
  5: 0
  6: 0
  7: 0
  8: 0
  9: 0
  10: 0
  11: 0
  12: 0
  13: 0
  14: 0
  15: 0
  16: 0
  17: 0
  18: 0
  19: 0
  20: 0
  21: 0
  22: 0
  23: 0
  24: 0
  25: 0
  26: 0
  27: 0
  28: 0
  29: 0
  30: 0
  31: 0
  32: 0
  33: 0
  34: 0
  35: 0
  36: 0
  37: 0
  38: 0
  39: 0
  40: 0
  41: 0
  42: 0
  43: 0
  44: 0
  45: 0
  46: 0
  47: 0
  48: 0
  49: 0
  50: 0
  51: 0
  52: 0
  53: 0
  54: 0
  55: 0
  56: 0
  57: 0
  58: 0
  59: 0
  60: 0
  61: 0
  62: 0
  63: 0
 heartbeats: # Per-process heartbeats
  0: 0
  1: 0
  2: 0
  3: 0
  4: 0
  5: 0
  6: 0
  7: 0
  8: 0
  9: 0
  10: 0
  11: 0
  12: 0
  13: 0
  14: 0
  15: 0
  16: 0
  17: 0
  18: 0
  19: 0
  20: 0
  21: 0
  22: 0
  23: 0
  24: 0
  25: 0
  26: 0
  27: 0
  28: 0
  29: 0
  30: 0
  31: 0
  32: 0
  33: 0
  34: 0
  35: 0
  36: 0
  37: 0
  38: 0
  39: 0
  40: 0
  41: 0
  42: 0
  43: 0
  44: 0
  45: 0
  46: 0
  47: 0
  48: 0
  49: 0
  50: 0
  51: 0
  52: 0
  53: 0
  54: 0
  55: 0
  56: 0
  57: 0
  58: 0
  59: 0
  60: 0
  61: 0
  62: 0
  63: 0
===
