# zsim stats
===
root: # Stats
 contention: # Contention simulation stats
  domain-0: # Domain stats
   time: 59646320 # Weave simulation time
 time: # Simulator time breakdown
  init: 2389362713214
  bound: 9142844426
  weave: 137612757
  ff: 0
 trigger: 20000 # Reason for this stats dump
 phase: 8543 # Simulated phases
 westmere: # Core stats
  westmere-0: # Core stats
   cycles: 85430087 # Simulated unhalted cycles
   cCycles: 1091814 # Cycles due to contention stalls
   instrs: 100010122 # Simulated instructions
   uops: 110841637 # Retired micro-ops
   bbls: 22622603 # Basic blocks
   approxInstrs: 154687 # Instrs with approx uop decoding
   mispredBranches: 2026447 # Mispredicted branches
   condBranches: 18806228 # conditional branches
 l1i: # Cache stats
  l1i-0: # Filter cache stats
   fhGETS: 30435456 # Filtered GETS hits
   fhGETX: 0 # Filtered GETX hits
   hGETS: 2847364 # GETS hits
   hGETX: 0 # GETX hits
   mGETS: 73038 # GETS misses
   mGETXIM: 0 # GETX I->M misses
   mGETXSM: 0 # GETX S->M misses (upgrade misses)
   PUTS: 0 # Clean evictions (from lower level)
   PUTX: 0 # Dirty evictions (from lower level)
   INV: 0 # Invalidates (from upper level)
   INVX: 0 # Downgrades (from upper level)
   FWD: 0 # Forwards (from upper level)
   latGETnl: 796326 # GET request latency on next level
   latGETnet: 0 # GET request latency on network to next level
 l1d: # Cache stats
  l1d-0: # Filter cache stats
   fhGETS: 20071246 # Filtered GETS hits
   fhGETX: 7062305 # Filtered GETX hits
   hGETS: 4206710 # GETS hits
   hGETX: 1668425 # GETX hits
   mGETS: 86322 # GETS misses
   mGETXIM: 46006 # GETX I->M misses
   mGETXSM: 0 # GETX S->M misses (upgrade misses)
   PUTS: 0 # Clean evictions (from lower level)
   PUTX: 0 # Dirty evictions (from lower level)
   INV: 0 # Invalidates (from upper level)
   INVX: 0 # Downgrades (from upper level)
   FWD: 0 # Forwards (from upper level)
   latGETnl: 5476474 # GET request latency on next level
   latGETnet: 0 # GET request latency on network to next level
 l2: # Cache stats
  l2-0: # Cache stats
   hGETS: 123218 # GETS hits
   hGETX: 42123 # GETX hits
   mGETS: 36142 # GETS misses
   mGETXIM: 3883 # GETX I->M misses
   mGETXSM: 0 # GETX S->M misses (upgrade misses)
   PUTS: 125394 # Clean evictions (from lower level)
   PUTX: 78970 # Dirty evictions (from lower level)
   INV: 0 # Invalidates (from upper level)
   INVX: 0 # Downgrades (from upper level)
   FWD: 0 # Forwards (from upper level)
   latGETnl: 4219140 # GET request latency on next level
   latGETnet: 0 # GET request latency on network to next level
 l3: # Cache stats
  l3-0: # Cache stats
   hGETS: 2587 # GETS hits
   hGETX: 1232 # GETX hits
   mGETS: 33555 # GETS misses
   mGETXIM: 2651 # GETX I->M misses
   mGETXSM: 0 # GETX S->M misses (upgrade misses)
   PUTS: 6865 # Clean evictions (from lower level)
   PUTX: 29064 # Dirty evictions (from lower level)
   INV: 0 # Invalidates (from upper level)
   INVX: 0 # Downgrades (from upper level)
   FWD: 0 # Forwards (from upper level)
   latGETnl: 3258540 # GET request latency on next level
   latGETnet: 0 # GET request latency on network to next level
 mem: # Memory controller stats
  mem-0: # Memory controller stats
   rd: 9054 # Read requests
   wr: 1063 # Write requests
   rdlat: 1216170 # Total latency experienced by read requests
   wrlat: 149258 # Total latency experienced by write requests
   rdhits: 4 # Read row hits
   wrhits: 0 # Write row hits
   mlh: # latency histogram for memory requests
    0: 0
    1: 0
    2: 0
    3: 0
    4: 0
    5: 0
    6: 0
    7: 0
    8: 0
    9: 0
    10: 0
    11: 0
    12: 2
    13: 8815
    14: 48
    15: 22
    16: 22
    17: 2
    18: 6
    19: 7
    20: 6
    21: 3
    22: 8
    23: 3
    24: 3
    25: 15
    26: 7
    27: 5
    28: 8
    29: 4
    30: 8
    31: 3
    32: 5
    33: 4
    34: 6
    35: 2
    36: 6
    37: 9
    38: 3
    39: 7
    40: 5
    41: 4
    42: 4
    43: 1
    44: 0
    45: 0
    46: 0
    47: 0
    48: 1
    49: 0
    50: 0
    51: 0
    52: 0
    53: 0
    54: 0
    55: 0
    56: 0
    57: 0
    58: 0
    59: 0
    60: 0
    61: 0
    62: 0
    63: 0
    64: 0
    65: 0
    66: 0
    67: 0
    68: 0
    69: 0
    70: 0
    71: 0
    72: 0
    73: 0
    74: 0
    75: 0
    76: 0
    77: 0
    78: 0
    79: 0
    80: 0
    81: 0
    82: 0
    83: 0
    84: 0
    85: 0
    86: 0
    87: 0
    88: 0
    89: 0
    90: 0
    91: 0
    92: 0
    93: 0
    94: 0
    95: 0
    96: 0
    97: 0
    98: 0
    99: 0
  mem-1: # Memory controller stats
   rd: 9104 # Read requests
   wr: 1147 # Write requests
   rdlat: 1221359 # Total latency experienced by read requests
   wrlat: 158277 # Total latency experienced by write requests
   rdhits: 3 # Read row hits
   wrhits: 0 # Write row hits
   mlh: # latency histogram for memory requests
    0: 0
    1: 0
    2: 0
    3: 0
    4: 0
    5: 0
    6: 0
    7: 0
    8: 0
    9: 0
    10: 0
    11: 0
    12: 0
    13: 8862
    14: 41
    15: 39
    16: 27
    17: 3
    18: 6
    19: 0
    20: 3
    21: 8
    22: 3
    23: 8
    24: 12
    25: 13
    26: 3
    27: 4
    28: 1
    29: 5
    30: 5
    31: 5
    32: 5
    33: 9
    34: 8
    35: 8
    36: 3
    37: 4
    38: 5
    39: 3
    40: 2
    41: 1
    42: 5
    43: 2
    44: 0
    45: 0
    46: 0
    47: 0
    48: 0
    49: 0
    50: 0
    51: 0
    52: 0
    53: 0
    54: 1
    55: 0
    56: 0
    57: 0
    58: 0
    59: 0
    60: 0
    61: 0
    62: 0
    63: 0
    64: 0
    65: 0
    66: 0
    67: 0
    68: 0
    69: 0
    70: 0
    71: 0
    72: 0
    73: 0
    74: 0
    75: 0
    76: 0
    77: 0
    78: 0
    79: 0
    80: 0
    81: 0
    82: 0
    83: 0
    84: 0
    85: 0
    86: 0
    87: 0
    88: 0
    89: 0
    90: 0
    91: 0
    92: 0
    93: 0
    94: 0
    95: 0
    96: 0
    97: 0
    98: 0
    99: 0
  mem-2: # Memory controller stats
   rd: 9060 # Read requests
   wr: 1063 # Write requests
   rdlat: 1215065 # Total latency experienced by read requests
   wrlat: 148809 # Total latency experienced by write requests
   rdhits: 4 # Read row hits
   wrhits: 0 # Write row hits
   mlh: # latency histogram for memory requests
    0: 0
    1: 0
    2: 0
    3: 0
    4: 0
    5: 0
    6: 0
    7: 0
    8: 0
    9: 0
    10: 0
    11: 0
    12: 0
    13: 8829
    14: 42
    15: 32
    16: 19
    17: 5
    18: 3
    19: 3
    20: 5
    21: 5
    22: 8
    23: 3
    24: 6
    25: 14
    26: 8
    27: 5
    28: 4
    29: 5
    30: 14
    31: 9
    32: 2
    33: 3
    34: 4
    35: 1
    36: 1
    37: 4
    38: 7
    39: 5
    40: 7
    41: 2
    42: 1
    43: 4
    44: 0
    45: 0
    46: 0
    47: 0
    48: 0
    49: 0
    50: 0
    51: 0
    52: 0
    53: 0
    54: 0
    55: 0
    56: 0
    57: 0
    58: 0
    59: 0
    60: 0
    61: 0
    62: 0
    63: 0
    64: 0
    65: 0
    66: 0
    67: 0
    68: 0
    69: 0
    70: 0
    71: 0
    72: 0
    73: 0
    74: 0
    75: 0
    76: 0
    77: 0
    78: 0
    79: 0
    80: 0
    81: 0
    82: 0
    83: 0
    84: 0
    85: 0
    86: 0
    87: 0
    88: 0
    89: 0
    90: 0
    91: 0
    92: 0
    93: 0
    94: 0
    95: 0
    96: 0
    97: 0
    98: 0
    99: 0
  mem-3: # Memory controller stats
   rd: 8988 # Read requests
   wr: 1112 # Write requests
   rdlat: 1208435 # Total latency experienced by read requests
   wrlat: 154157 # Total latency experienced by write requests
   rdhits: 3 # Read row hits
   wrhits: 0 # Write row hits
   mlh: # latency histogram for memory requests
    0: 0
    1: 0
    2: 0
    3: 0
    4: 0
    5: 0
    6: 0
    7: 0
    8: 0
    9: 0
    10: 0
    11: 0
    12: 0
    13: 8755
    14: 41
    15: 24
    16: 30
    17: 1
    18: 1
    19: 4
    20: 9
    21: 4
    22: 3
    23: 6
    24: 2
    25: 12
    26: 4
    27: 5
    28: 2
    29: 5
    30: 4
    31: 7
    32: 6
    33: 7
    34: 8
    35: 10
    36: 3
    37: 2
    38: 5
    39: 5
    40: 4
    41: 7
    42: 8
    43: 2
    44: 1
    45: 0
    46: 1
    47: 0
    48: 0
    49: 0
    50: 0
    51: 0
    52: 0
    53: 0
    54: 0
    55: 0
    56: 0
    57: 0
    58: 0
    59: 0
    60: 0
    61: 0
    62: 0
    63: 0
    64: 0
    65: 0
    66: 0
    67: 0
    68: 0
    69: 0
    70: 0
    71: 0
    72: 0
    73: 0
    74: 0
    75: 0
    76: 0
    77: 0
    78: 0
    79: 0
    80: 0
    81: 0
    82: 0
    83: 0
    84: 0
    85: 0
    86: 0
    87: 0
    88: 0
    89: 0
    90: 0
    91: 0
    92: 0
    93: 0
    94: 0
    95: 0
    96: 0
    97: 0
    98: 0
    99: 0
 sched: # Scheduler stats
  thCr: 1 # Threads created
  thFn: 1 # Threads finished
  schedEvs: 1 # Schedule events
  waitEvs: 0 # Wait events
  handoffEvs: 0 # Handoff events
  sleepEvs: 0 # Sleep events
  idlePhases: 0 # Phases with no thread active
  idlePeriods: 0 # Periods with no thread active
  occHist: # Occupancy histogram
   0: 0
   1: 8543
  rqSzHist: # Run queue size histogram
   0: 8543
   1: 0
   2: 0
   3: 0
   4: 0
   5: 0
   6: 0
   7: 0
   8: 0
   9: 0
   10: 0
   11: 0
   12: 0
   13: 0
   14: 0
   15: 0
   16: 0
 procCycles: # Per-process unhalted core cycles
  0: 85430087
  1: 0
  2: 0
  3: 0
  4: 0
  5: 0
  6: 0
  7: 0
  8: 0
  9: 0
  10: 0
  11: 0
  12: 0
  13: 0
  14: 0
  15: 0
  16: 0
  17: 0
  18: 0
  19: 0
  20: 0
  21: 0
  22: 0
  23: 0
  24: 0
  25: 0
  26: 0
  27: 0
  28: 0
  29: 0
  30: 0
  31: 0
  32: 0
  33: 0
  34: 0
  35: 0
  36: 0
  37: 0
  38: 0
  39: 0
  40: 0
  41: 0
  42: 0
  43: 0
  44: 0
  45: 0
  46: 0
  47: 0
  48: 0
  49: 0
  50: 0
  51: 0
  52: 0
  53: 0
  54: 0
  55: 0
  56: 0
  57: 0
  58: 0
  59: 0
  60: 0
  61: 0
  62: 0
  63: 0
 procInstrs: # Per-process instructions
  0: 100010122
  1: 0
  2: 0
  3: 0
  4: 0
  5: 0
  6: 0
  7: 0
  8: 0
  9: 0
  10: 0
  11: 0
  12: 0
  13: 0
  14: 0
  15: 0
  16: 0
  17: 0
  18: 0
  19: 0
  20: 0
  21: 0
  22: 0
  23: 0
  24: 0
  25: 0
  26: 0
  27: 0
  28: 0
  29: 0
  30: 0
  31: 0
  32: 0
  33: 0
  34: 0
  35: 0
  36: 0
  37: 0
  38: 0
  39: 0
  40: 0
  41: 0
  42: 0
  43: 0
  44: 0
  45: 0
  46: 0
  47: 0
  48: 0
  49: 0
  50: 0
  51: 0
  52: 0
  53: 0
  54: 0
  55: 0
  56: 0
  57: 0
  58: 0
  59: 0
  60: 0
  61: 0
  62: 0
  63: 0
 heartbeats: # Per-process heartbeats
  0: 0
  1: 0
  2: 0
  3: 0
  4: 0
  5: 0
  6: 0
  7: 0
  8: 0
  9: 0
  10: 0
  11: 0
  12: 0
  13: 0
  14: 0
  15: 0
  16: 0
  17: 0
  18: 0
  19: 0
  20: 0
  21: 0
  22: 0
  23: 0
  24: 0
  25: 0
  26: 0
  27: 0
  28: 0
  29: 0
  30: 0
  31: 0
  32: 0
  33: 0
  34: 0
  35: 0
  36: 0
  37: 0
  38: 0
  39: 0
  40: 0
  41: 0
  42: 0
  43: 0
  44: 0
  45: 0
  46: 0
  47: 0
  48: 0
  49: 0
  50: 0
  51: 0
  52: 0
  53: 0
  54: 0
  55: 0
  56: 0
  57: 0
  58: 0
  59: 0
  60: 0
  61: 0
  62: 0
  63: 0
===
