# zsim stats
===
root: # Stats
 contention: # Contention simulation stats
  domain-0: # Domain stats
   time: 22249046901 # Weave simulation time
 time: # Simulator time breakdown
  init: 30863607126
  bound: 45563344262
  weave: 23609150959
  ff: 8712204
 trigger: 20000 # Reason for this stats dump
 phase: 63320 # Simulated phases
 westmere: # Core stats
  westmere-0: # Core stats
   cycles: 624013323 # Simulated unhalted cycles
   cCycles: 122664062 # Cycles due to contention stalls
   instrs: 215322619 # Simulated instructions
   uops: 272220406 # Retired micro-ops
   bbls: 21787801 # Basic blocks
   approxInstrs: 15796607 # Instrs with approx uop decoding
   mispredBranches: 798732 # Mispredicted branches
   condBranches: 13969060 # conditional branches
  westmere-1: # Core stats
   cycles: 624417759 # Simulated unhalted cycles
   cCycles: 122882834 # Cycles due to contention stalls
   instrs: 215278093 # Simulated instructions
   uops: 272166869 # Retired micro-ops
   bbls: 21786083 # Basic blocks
   approxInstrs: 15796874 # Instrs with approx uop decoding
   mispredBranches: 798451 # Mispredicted branches
   condBranches: 13968188 # conditional branches
  westmere-2: # Core stats
   cycles: 623624716 # Simulated unhalted cycles
   cCycles: 122723003 # Cycles due to contention stalls
   instrs: 215067689 # Simulated instructions
   uops: 271900094 # Retired micro-ops
   bbls: 21771993 # Basic blocks
   approxInstrs: 15773294 # Instrs with approx uop decoding
   mispredBranches: 798710 # Mispredicted branches
   condBranches: 13957608 # conditional branches
  westmere-3: # Core stats
   cycles: 623154216 # Simulated unhalted cycles
   cCycles: 122532246 # Cycles due to contention stalls
   instrs: 215134934 # Simulated instructions
   uops: 271956440 # Retired micro-ops
   bbls: 21781825 # Basic blocks
   approxInstrs: 15771627 # Instrs with approx uop decoding
   mispredBranches: 796702 # Mispredicted branches
   condBranches: 13964631 # conditional branches
  westmere-4: # Core stats
   cycles: 624584677 # Simulated unhalted cycles
   cCycles: 122762941 # Cycles due to contention stalls
   instrs: 215515664 # Simulated instructions
   uops: 272467091 # Retired micro-ops
   bbls: 21807088 # Basic blocks
   approxInstrs: 15816720 # Instrs with approx uop decoding
   mispredBranches: 800299 # Mispredicted branches
   condBranches: 13982228 # conditional branches
  westmere-5: # Core stats
   cycles: 623983551 # Simulated unhalted cycles
   cCycles: 122644974 # Cycles due to contention stalls
   instrs: 215344212 # Simulated instructions
   uops: 272257446 # Retired micro-ops
   bbls: 21786667 # Basic blocks
   approxInstrs: 15803744 # Instrs with approx uop decoding
   mispredBranches: 798397 # Mispredicted branches
   condBranches: 13967996 # conditional branches
  westmere-6: # Core stats
   cycles: 623660326 # Simulated unhalted cycles
   cCycles: 122729842 # Cycles due to contention stalls
   instrs: 215132355 # Simulated instructions
   uops: 271986398 # Retired micro-ops
   bbls: 21773306 # Basic blocks
   approxInstrs: 15782107 # Instrs with approx uop decoding
   mispredBranches: 799207 # Mispredicted branches
   condBranches: 13957986 # conditional branches
  westmere-7: # Core stats
   cycles: 623284976 # Simulated unhalted cycles
   cCycles: 122596416 # Cycles due to contention stalls
   instrs: 215153758 # Simulated instructions
   uops: 272002053 # Retired micro-ops
   bbls: 21780225 # Basic blocks
   approxInstrs: 15778760 # Instrs with approx uop decoding
   mispredBranches: 799984 # Mispredicted branches
   condBranches: 13962534 # conditional branches
 l1i: # Cache stats
  l1i-0: # Filter cache stats
   fhGETS: 30449045 # Filtered GETS hits
   fhGETX: 0 # Filtered GETX hits
   hGETS: 525906 # GETS hits
   hGETX: 0 # GETX hits
   mGETS: 424 # GETS misses
   mGETXIM: 0 # GETX I->M misses
   mGETXSM: 0 # GETX S->M misses (upgrade misses)
   PUTS: 0 # Clean evictions (from lower level)
   PUTX: 0 # Dirty evictions (from lower level)
   INV: 35 # Invalidates (from upper level)
   INVX: 0 # Downgrades (from upper level)
   FWD: 0 # Forwards (from upper level)
   latGETnl: 27238 # GET request latency on next level
   latGETnet: 0 # GET request latency on network to next level
  l1i-1: # Filter cache stats
   fhGETS: 30443842 # Filtered GETS hits
   fhGETX: 0 # Filtered GETX hits
   hGETS: 525612 # GETS hits
   hGETX: 0 # GETX hits
   mGETS: 476 # GETS misses
   mGETXIM: 0 # GETX I->M misses
   mGETXSM: 0 # GETX S->M misses (upgrade misses)
   PUTS: 0 # Clean evictions (from lower level)
   PUTX: 0 # Dirty evictions (from lower level)
   INV: 19 # Invalidates (from upper level)
   INVX: 0 # Downgrades (from upper level)
   FWD: 0 # Forwards (from upper level)
   latGETnl: 31100 # GET request latency on next level
   latGETnet: 0 # GET request latency on network to next level
  l1i-2: # Filter cache stats
   fhGETS: 30426359 # Filtered GETS hits
   fhGETX: 0 # Filtered GETX hits
   hGETS: 525253 # GETS hits
   hGETX: 0 # GETX hits
   mGETS: 471 # GETS misses
   mGETXIM: 0 # GETX I->M misses
   mGETXSM: 0 # GETX S->M misses (upgrade misses)
   PUTS: 0 # Clean evictions (from lower level)
   PUTX: 0 # Dirty evictions (from lower level)
   INV: 24 # Invalidates (from upper level)
   INVX: 0 # Downgrades (from upper level)
   FWD: 0 # Forwards (from upper level)
   latGETnl: 17904 # GET request latency on next level
   latGETnet: 0 # GET request latency on network to next level
  l1i-3: # Filter cache stats
   fhGETS: 30427883 # Filtered GETS hits
   fhGETX: 0 # Filtered GETX hits
   hGETS: 525546 # GETS hits
   hGETX: 0 # GETX hits
   mGETS: 471 # GETS misses
   mGETXIM: 0 # GETX I->M misses
   mGETXSM: 0 # GETX S->M misses (upgrade misses)
   PUTS: 0 # Clean evictions (from lower level)
   PUTX: 0 # Dirty evictions (from lower level)
   INV: 27 # Invalidates (from upper level)
   INVX: 0 # Downgrades (from upper level)
   FWD: 0 # Forwards (from upper level)
   latGETnl: 32574 # GET request latency on next level
   latGETnet: 0 # GET request latency on network to next level
  l1i-4: # Filter cache stats
   fhGETS: 30479398 # Filtered GETS hits
   fhGETX: 0 # Filtered GETX hits
   hGETS: 526442 # GETS hits
   hGETX: 0 # GETX hits
   mGETS: 575 # GETS misses
   mGETXIM: 0 # GETX I->M misses
   mGETXSM: 0 # GETX S->M misses (upgrade misses)
   PUTS: 0 # Clean evictions (from lower level)
   PUTX: 0 # Dirty evictions (from lower level)
   INV: 24 # Invalidates (from upper level)
   INVX: 0 # Downgrades (from upper level)
   FWD: 0 # Forwards (from upper level)
   latGETnl: 30890 # GET request latency on next level
   latGETnet: 0 # GET request latency on network to next level
  l1i-5: # Filter cache stats
   fhGETS: 30445095 # Filtered GETS hits
   fhGETX: 0 # Filtered GETX hits
   hGETS: 525879 # GETS hits
   hGETX: 0 # GETX hits
   mGETS: 324 # GETS misses
   mGETXIM: 0 # GETX I->M misses
   mGETXSM: 0 # GETX S->M misses (upgrade misses)
   PUTS: 0 # Clean evictions (from lower level)
   PUTX: 0 # Dirty evictions (from lower level)
   INV: 18 # Invalidates (from upper level)
   INVX: 0 # Downgrades (from upper level)
   FWD: 0 # Forwards (from upper level)
   latGETnl: 12072 # GET request latency on next level
   latGETnet: 0 # GET request latency on network to next level
  l1i-6: # Filter cache stats
   fhGETS: 30431262 # Filtered GETS hits
   fhGETX: 0 # Filtered GETX hits
   hGETS: 525307 # GETS hits
   hGETX: 0 # GETX hits
   mGETS: 327 # GETS misses
   mGETXIM: 0 # GETX I->M misses
   mGETXSM: 0 # GETX S->M misses (upgrade misses)
   PUTS: 0 # Clean evictions (from lower level)
   PUTX: 0 # Dirty evictions (from lower level)
   INV: 23 # Invalidates (from upper level)
   INVX: 0 # Downgrades (from upper level)
   FWD: 0 # Forwards (from upper level)
   latGETnl: 13884 # GET request latency on next level
   latGETnet: 0 # GET request latency on network to next level
  l1i-7: # Filter cache stats
   fhGETS: 30441853 # Filtered GETS hits
   fhGETX: 0 # Filtered GETX hits
   hGETS: 526214 # GETS hits
   hGETX: 0 # GETX hits
   mGETS: 472 # GETS misses
   mGETXIM: 0 # GETX I->M misses
   mGETXSM: 0 # GETX S->M misses (upgrade misses)
   PUTS: 0 # Clean evictions (from lower level)
   PUTX: 0 # Dirty evictions (from lower level)
   INV: 24 # Invalidates (from upper level)
   INVX: 0 # Downgrades (from upper level)
   FWD: 0 # Forwards (from upper level)
   latGETnl: 16384 # GET request latency on next level
   latGETnet: 0 # GET request latency on network to next level
 l1d: # Cache stats
  l1d-0: # Filter cache stats
   fhGETS: 45474425 # Filtered GETS hits
   fhGETX: 10759327 # Filtered GETX hits
   hGETS: 6427925 # GETS hits
   hGETX: 3702341 # GETX hits
   mGETS: 4692452 # GETS misses
   mGETXIM: 234 # GETX I->M misses
   mGETXSM: 56727 # GETX S->M misses (upgrade misses)
   PUTS: 0 # Clean evictions (from lower level)
   PUTX: 0 # Dirty evictions (from lower level)
   INV: 8812 # Invalidates (from upper level)
   INVX: 46046 # Downgrades (from upper level)
   FWD: 0 # Forwards (from upper level)
   latGETnl: 417109584 # GET request latency on next level
   latGETnet: 0 # GET request latency on network to next level
  l1d-1: # Filter cache stats
   fhGETS: 45447791 # Filtered GETS hits
   fhGETX: 10752792 # Filtered GETX hits
   hGETS: 6449097 # GETS hits
   hGETX: 3702667 # GETX hits
   mGETS: 4693325 # GETS misses
   mGETXIM: 190 # GETX I->M misses
   mGETXSM: 56580 # GETX S->M misses (upgrade misses)
   PUTS: 0 # Clean evictions (from lower level)
   PUTX: 0 # Dirty evictions (from lower level)
   INV: 8703 # Invalidates (from upper level)
   INVX: 46276 # Downgrades (from upper level)
   FWD: 0 # Forwards (from upper level)
   latGETnl: 417535121 # GET request latency on next level
   latGETnet: 0 # GET request latency on network to next level
  l1d-2: # Filter cache stats
   fhGETS: 45417748 # Filtered GETS hits
   fhGETX: 10754494 # Filtered GETX hits
   hGETS: 6422666 # GETS hits
   hGETX: 3699198 # GETX hits
   mGETS: 4685532 # GETS misses
   mGETXIM: 158 # GETX I->M misses
   mGETXSM: 55876 # GETX S->M misses (upgrade misses)
   PUTS: 0 # Clean evictions (from lower level)
   PUTX: 0 # Dirty evictions (from lower level)
   INV: 8623 # Invalidates (from upper level)
   INVX: 45992 # Downgrades (from upper level)
   FWD: 0 # Forwards (from upper level)
   latGETnl: 416799115 # GET request latency on next level
   latGETnet: 0 # GET request latency on network to next level
  l1d-3: # Filter cache stats
   fhGETS: 45419558 # Filtered GETS hits
   fhGETX: 10760265 # Filtered GETX hits
   hGETS: 6427015 # GETS hits
   hGETX: 3698741 # GETX hits
   mGETS: 4685652 # GETS misses
   mGETXIM: 194 # GETX I->M misses
   mGETXSM: 56563 # GETX S->M misses (upgrade misses)
   PUTS: 0 # Clean evictions (from lower level)
   PUTX: 0 # Dirty evictions (from lower level)
   INV: 8577 # Invalidates (from upper level)
   INVX: 45656 # Downgrades (from upper level)
   FWD: 0 # Forwards (from upper level)
   latGETnl: 416550565 # GET request latency on next level
   latGETnet: 0 # GET request latency on network to next level
  l1d-4: # Filter cache stats
   fhGETS: 45528267 # Filtered GETS hits
   fhGETX: 10759021 # Filtered GETX hits
   hGETS: 6425446 # GETS hits
   hGETX: 3707898 # GETX hits
   mGETS: 4697701 # GETS misses
   mGETXIM: 163 # GETX I->M misses
   mGETXSM: 56819 # GETX S->M misses (upgrade misses)
   PUTS: 0 # Clean evictions (from lower level)
   PUTX: 0 # Dirty evictions (from lower level)
   INV: 8740 # Invalidates (from upper level)
   INVX: 46123 # Downgrades (from upper level)
   FWD: 0 # Forwards (from upper level)
   latGETnl: 417589991 # GET request latency on next level
   latGETnet: 0 # GET request latency on network to next level
  l1d-5: # Filter cache stats
   fhGETS: 45489816 # Filtered GETS hits
   fhGETX: 10754335 # Filtered GETX hits
   hGETS: 6424879 # GETS hits
   hGETX: 3703295 # GETX hits
   mGETS: 4694775 # GETS misses
   mGETXIM: 112 # GETX I->M misses
   mGETXSM: 57155 # GETX S->M misses (upgrade misses)
   PUTS: 0 # Clean evictions (from lower level)
   PUTX: 0 # Dirty evictions (from lower level)
   INV: 8594 # Invalidates (from upper level)
   INVX: 45658 # Downgrades (from upper level)
   FWD: 0 # Forwards (from upper level)
   latGETnl: 417065835 # GET request latency on next level
   latGETnet: 0 # GET request latency on network to next level
  l1d-6: # Filter cache stats
   fhGETS: 45422098 # Filtered GETS hits
   fhGETX: 10753761 # Filtered GETX hits
   hGETS: 6437798 # GETS hits
   hGETX: 3699474 # GETX hits
   mGETS: 4688609 # GETS misses
   mGETXIM: 119 # GETX I->M misses
   mGETXSM: 56529 # GETX S->M misses (upgrade misses)
   PUTS: 0 # Clean evictions (from lower level)
   PUTX: 0 # Dirty evictions (from lower level)
   INV: 8616 # Invalidates (from upper level)
   INVX: 45722 # Downgrades (from upper level)
   FWD: 0 # Forwards (from upper level)
   latGETnl: 416733418 # GET request latency on next level
   latGETnet: 0 # GET request latency on network to next level
  l1d-7: # Filter cache stats
   fhGETS: 45423758 # Filtered GETS hits
   fhGETX: 10757827 # Filtered GETX hits
   hGETS: 6435057 # GETS hits
   hGETX: 3699634 # GETX hits
   mGETS: 4687142 # GETS misses
   mGETXIM: 163 # GETX I->M misses
   mGETXSM: 56815 # GETX S->M misses (upgrade misses)
   PUTS: 0 # Clean evictions (from lower level)
   PUTX: 0 # Dirty evictions (from lower level)
   INV: 8648 # Invalidates (from upper level)
   INVX: 46251 # Downgrades (from upper level)
   FWD: 0 # Forwards (from upper level)
   latGETnl: 416707810 # GET request latency on next level
   latGETnet: 0 # GET request latency on network to next level
 l2: # Cache stats
  l2-0: # Cache stats
   hGETS: 193864 # GETS hits
   hGETX: 57 # GETX hits
   mGETS: 4499012 # GETS misses
   mGETXIM: 179 # GETX I->M misses
   mGETXSM: 56725 # GETX S->M misses (upgrade misses)
   PUTS: 2661141 # Clean evictions (from lower level)
   PUTX: 2022257 # Dirty evictions (from lower level)
   INV: 57477 # Invalidates (from upper level)
   INVX: 322055 # Downgrades (from upper level)
   FWD: 0 # Forwards (from upper level)
   latGETnl: 369638452 # GET request latency on next level
   latGETnet: 0 # GET request latency on network to next level
  l2-1: # Cache stats
   hGETS: 192033 # GETS hits
   hGETX: 53 # GETX hits
   mGETS: 4501768 # GETS misses
   mGETXIM: 140 # GETX I->M misses
   mGETXSM: 56577 # GETX S->M misses (upgrade misses)
   PUTS: 2662030 # Clean evictions (from lower level)
   PUTX: 2022321 # Dirty evictions (from lower level)
   INV: 56554 # Invalidates (from upper level)
   INVX: 317963 # Downgrades (from upper level)
   FWD: 0 # Forwards (from upper level)
   latGETnl: 370060511 # GET request latency on next level
   latGETnet: 0 # GET request latency on network to next level
  l2-2: # Cache stats
   hGETS: 191987 # GETS hits
   hGETX: 39 # GETX hits
   mGETS: 4494016 # GETS misses
   mGETXIM: 121 # GETX I->M misses
   mGETXSM: 55874 # GETX S->M misses (upgrade misses)
   PUTS: 2657273 # Clean evictions (from lower level)
   PUTX: 2019328 # Dirty evictions (from lower level)
   INV: 56610 # Invalidates (from upper level)
   INVX: 317687 # Downgrades (from upper level)
   FWD: 0 # Forwards (from upper level)
   latGETnl: 369396649 # GET request latency on next level
   latGETnet: 0 # GET request latency on network to next level
  l2-3: # Cache stats
   hGETS: 192124 # GETS hits
   hGETX: 47 # GETX hits
   mGETS: 4493999 # GETS misses
   mGETXIM: 149 # GETX I->M misses
   mGETXSM: 56561 # GETX S->M misses (upgrade misses)
   PUTS: 2657467 # Clean evictions (from lower level)
   PUTX: 2019333 # Dirty evictions (from lower level)
   INV: 56625 # Invalidates (from upper level)
   INVX: 318022 # Downgrades (from upper level)
   FWD: 0 # Forwards (from upper level)
   latGETnl: 369154339 # GET request latency on next level
   latGETnet: 0 # GET request latency on network to next level
  l2-4: # Cache stats
   hGETS: 191983 # GETS hits
   hGETX: 53 # GETX hits
   mGETS: 4506293 # GETS misses
   mGETXIM: 111 # GETX I->M misses
   mGETXSM: 56818 # GETX S->M misses (upgrade misses)
   PUTS: 2663852 # Clean evictions (from lower level)
   PUTX: 2024851 # Dirty evictions (from lower level)
   INV: 56937 # Invalidates (from upper level)
   INVX: 319232 # Downgrades (from upper level)
   FWD: 0 # Forwards (from upper level)
   latGETnl: 370068301 # GET request latency on next level
   latGETnet: 0 # GET request latency on network to next level
  l2-5: # Cache stats
   hGETS: 197166 # GETS hits
   hGETX: 45 # GETX hits
   mGETS: 4497933 # GETS misses
   mGETXIM: 70 # GETX I->M misses
   mGETXSM: 57152 # GETX S->M misses (upgrade misses)
   PUTS: 2662628 # Clean evictions (from lower level)
   PUTX: 2023179 # Dirty evictions (from lower level)
   INV: 57824 # Invalidates (from upper level)
   INVX: 326474 # Downgrades (from upper level)
   FWD: 0 # Forwards (from upper level)
   latGETnl: 369554247 # GET request latency on next level
   latGETnet: 0 # GET request latency on network to next level
  l2-6: # Cache stats
   hGETS: 196866 # GETS hits
   hGETX: 55 # GETX hits
   mGETS: 4492070 # GETS misses
   mGETXIM: 66 # GETX I->M misses
   mGETXSM: 56527 # GETX S->M misses (upgrade misses)
   PUTS: 2659114 # Clean evictions (from lower level)
   PUTX: 2020509 # Dirty evictions (from lower level)
   INV: 58301 # Invalidates (from upper level)
   INVX: 326694 # Downgrades (from upper level)
   FWD: 0 # Forwards (from upper level)
   latGETnl: 369291462 # GET request latency on next level
   latGETnet: 0 # GET request latency on network to next level
  l2-7: # Cache stats
   hGETS: 193059 # GETS hits
   hGETX: 60 # GETX hits
   mGETS: 4494555 # GETS misses
   mGETXIM: 104 # GETX I->M misses
   mGETXSM: 56814 # GETX S->M misses (upgrade misses)
   PUTS: 2658087 # Clean evictions (from lower level)
   PUTX: 2020101 # Dirty evictions (from lower level)
   INV: 57198 # Invalidates (from upper level)
   INVX: 319675 # Downgrades (from upper level)
   FWD: 0 # Forwards (from upper level)
   latGETnl: 369278274 # GET request latency on next level
   latGETnet: 0 # GET request latency on network to next level
 l3: # Cache stats
  l3-0b0: # Cache stats
   hGETS: 1641951 # GETS hits
   hGETX: 56205 # GETX hits
   mGETS: 2849825 # GETS misses
   mGETXIM: 90 # GETX I->M misses
   mGETXSM: 0 # GETX S->M misses (upgrade misses)
   PUTS: 2515899 # Clean evictions (from lower level)
   PUTX: 1915620 # Dirty evictions (from lower level)
   INV: 0 # Invalidates (from upper level)
   INVX: 0 # Downgrades (from upper level)
   FWD: 0 # Forwards (from upper level)
   latGETnl: 256492350 # GET request latency on next level
   latGETnet: 0 # GET request latency on network to next level
  l3-0b1: # Cache stats
   hGETS: 1656154 # GETS hits
   hGETX: 56510 # GETX hits
   mGETS: 2851003 # GETS misses
   mGETXIM: 86 # GETX I->M misses
   mGETXSM: 0 # GETX S->M misses (upgrade misses)
   PUTS: 2531256 # Clean evictions (from lower level)
   PUTX: 1915313 # Dirty evictions (from lower level)
   INV: 0 # Invalidates (from upper level)
   INVX: 0 # Downgrades (from upper level)
   FWD: 0 # Forwards (from upper level)
   latGETnl: 256598010 # GET request latency on next level
   latGETnet: 0 # GET request latency on network to next level
  l3-0b2: # Cache stats
   hGETS: 1649078 # GETS hits
   hGETX: 55858 # GETX hits
   mGETS: 2848429 # GETS misses
   mGETXIM: 95 # GETX I->M misses
   mGETXSM: 0 # GETX S->M misses (upgrade misses)
   PUTS: 2522648 # Clean evictions (from lower level)
   PUTX: 1915054 # Dirty evictions (from lower level)
   INV: 0 # Invalidates (from upper level)
   INVX: 0 # Downgrades (from upper level)
   FWD: 0 # Forwards (from upper level)
   latGETnl: 256367160 # GET request latency on next level
   latGETnet: 0 # GET request latency on network to next level
  l3-0b3: # Cache stats
   hGETS: 1650405 # GETS hits
   hGETX: 56097 # GETX hits
   mGETS: 2848725 # GETS misses
   mGETXIM: 108 # GETX I->M misses
   mGETXSM: 0 # GETX S->M misses (upgrade misses)
   PUTS: 2525220 # Clean evictions (from lower level)
   PUTX: 1913798 # Dirty evictions (from lower level)
   INV: 0 # Invalidates (from upper level)
   INVX: 0 # Downgrades (from upper level)
   FWD: 0 # Forwards (from upper level)
   latGETnl: 256394970 # GET request latency on next level
   latGETnet: 0 # GET request latency on network to next level
  l3-0b4: # Cache stats
   hGETS: 1643605 # GETS hits
   hGETX: 56770 # GETX hits
   mGETS: 2852582 # GETS misses
   mGETXIM: 95 # GETX I->M misses
   mGETXSM: 0 # GETX S->M misses (upgrade misses)
   PUTS: 2515616 # Clean evictions (from lower level)
   PUTX: 1919829 # Dirty evictions (from lower level)
   INV: 0 # Invalidates (from upper level)
   INVX: 0 # Downgrades (from upper level)
   FWD: 0 # Forwards (from upper level)
   latGETnl: 256740930 # GET request latency on next level
   latGETnet: 0 # GET request latency on network to next level
  l3-0b5: # Cache stats
   hGETS: 1652281 # GETS hits
   hGETX: 57429 # GETX hits
   mGETS: 2850222 # GETS misses
   mGETXIM: 99 # GETX I->M misses
   mGETXSM: 0 # GETX S->M misses (upgrade misses)
   PUTS: 2524971 # Clean evictions (from lower level)
   PUTX: 1912038 # Dirty evictions (from lower level)
   INV: 0 # Invalidates (from upper level)
   INVX: 0 # Downgrades (from upper level)
   FWD: 0 # Forwards (from upper level)
   latGETnl: 256528890 # GET request latency on next level
   latGETnet: 0 # GET request latency on network to next level
  l3-0b6: # Cache stats
   hGETS: 1643743 # GETS hits
   hGETX: 58412 # GETX hits
   mGETS: 2845903 # GETS misses
   mGETXIM: 117 # GETX I->M misses
   mGETXSM: 0 # GETX S->M misses (upgrade misses)
   PUTS: 2519544 # Clean evictions (from lower level)
   PUTX: 1907809 # Dirty evictions (from lower level)
   INV: 0 # Invalidates (from upper level)
   INVX: 0 # Downgrades (from upper level)
   FWD: 0 # Forwards (from upper level)
   latGETnl: 256141800 # GET request latency on next level
   latGETnet: 0 # GET request latency on network to next level
  l3-0b7: # Cache stats
   hGETS: 1649965 # GETS hits
   hGETX: 55907 # GETX hits
   mGETS: 2845775 # GETS misses
   mGETXIM: 110 # GETX I->M misses
   mGETXSM: 0 # GETX S->M misses (upgrade misses)
   PUTS: 2522816 # Clean evictions (from lower level)
   PUTX: 1913001 # Dirty evictions (from lower level)
   INV: 0 # Invalidates (from upper level)
   INVX: 0 # Downgrades (from upper level)
   FWD: 0 # Forwards (from upper level)
   latGETnl: 256129650 # GET request latency on next level
   latGETnet: 0 # GET request latency on network to next level
 mem: # Memory controller stats
  mem-0: # Memory controller stats
   rd: 5697684 # Read requests
   wr: 3258385 # Write requests
   rdlat: 802112207 # Total latency experienced by read requests
   wrlat: 543722446 # Total latency experienced by write requests
   rdhits: 10410 # Read row hits
   wrhits: 9773 # Write row hits
   mlh: # latency histogram for memory requests
    0: 0
    1: 0
    2: 0
    3: 0
    4: 0
    5: 0
    6: 0
    7: 0
    8: 0
    9: 0
    10: 0
    11: 1697
    12: 1956
    13: 4399890
    14: 523930
    15: 320447
    16: 174463
    17: 34484
    18: 24891
    19: 24000
    20: 22981
    21: 23182
    22: 20459
    23: 22321
    24: 24785
    25: 11579
    26: 2281
    27: 2069
    28: 2333
    29: 2549
    30: 2986
    31: 3195
    32: 3341
    33: 3409
    34: 3447
    35: 3509
    36: 3933
    37: 3667
    38: 3402
    39: 3570
    40: 3635
    41: 3802
    42: 3594
    43: 2957
    44: 2140
    45: 1972
    46: 1595
    47: 1543
    48: 835
    49: 225
    50: 151
    51: 124
    52: 85
    53: 86
    54: 53
    55: 38
    56: 26
    57: 18
    58: 17
    59: 11
    60: 4
    61: 2
    62: 7
    63: 3
    64: 1
    65: 1
    66: 1
    67: 0
    68: 0
    69: 1
    70: 0
    71: 0
    72: 0
    73: 0
    74: 1
    75: 0
    76: 0
    77: 0
    78: 0
    79: 0
    80: 0
    81: 0
    82: 0
    83: 0
    84: 0
    85: 0
    86: 0
    87: 0
    88: 0
    89: 0
    90: 0
    91: 0
    92: 0
    93: 0
    94: 0
    95: 0
    96: 0
    97: 0
    98: 0
    99: 0
  mem-1: # Memory controller stats
   rd: 5700270 # Read requests
   wr: 3261396 # Write requests
   rdlat: 802649025 # Total latency experienced by read requests
   wrlat: 544673581 # Total latency experienced by write requests
   rdhits: 10800 # Read row hits
   wrhits: 9731 # Write row hits
   mlh: # latency histogram for memory requests
    0: 0
    1: 0
    2: 0
    3: 0
    4: 0
    5: 0
    6: 0
    7: 0
    8: 0
    9: 0
    10: 1
    11: 1802
    12: 2084
    13: 4396965
    14: 526162
    15: 321086
    16: 175323
    17: 34679
    18: 25628
    19: 24199
    20: 23095
    21: 23093
    22: 20633
    23: 22184
    24: 25044
    25: 11800
    26: 2241
    27: 2076
    28: 2366
    29: 2462
    30: 2805
    31: 3035
    32: 3491
    33: 3353
    34: 3482
    35: 3480
    36: 3784
    37: 3750
    38: 3468
    39: 3654
    40: 3580
    41: 3901
    42: 3619
    43: 2837
    44: 2243
    45: 1932
    46: 1600
    47: 1511
    48: 844
    49: 229
    50: 194
    51: 120
    52: 124
    53: 93
    54: 70
    55: 47
    56: 41
    57: 26
    58: 12
    59: 10
    60: 2
    61: 2
    62: 0
    63: 4
    64: 1
    65: 0
    66: 2
    67: 0
    68: 0
    69: 1
    70: 0
    71: 0
    72: 0
    73: 0
    74: 0
    75: 0
    76: 0
    77: 0
    78: 0
    79: 0
    80: 0
    81: 0
    82: 0
    83: 0
    84: 0
    85: 0
    86: 0
    87: 0
    88: 0
    89: 0
    90: 0
    91: 0
    92: 0
    93: 0
    94: 0
    95: 0
    96: 0
    97: 0
    98: 0
    99: 0
  mem-2: # Memory controller stats
   rd: 5697410 # Read requests
   wr: 3258657 # Write requests
   rdlat: 802101402 # Total latency experienced by read requests
   wrlat: 543999721 # Total latency experienced by write requests
   rdhits: 10774 # Read row hits
   wrhits: 9868 # Write row hits
   mlh: # latency histogram for memory requests
    0: 0
    1: 0
    2: 0
    3: 0
    4: 0
    5: 0
    6: 0
    7: 0
    8: 0
    9: 1
    10: 0
    11: 1751
    12: 2023
    13: 4398910
    14: 525361
    15: 319775
    16: 174266
    17: 34254
    18: 25178
    19: 23789
    20: 23210
    21: 23171
    22: 20568
    23: 22171
    24: 24778
    25: 11596
    26: 2186
    27: 2175
    28: 2402
    29: 2493
    30: 2807
    31: 3055
    32: 3368
    33: 3443
    34: 3581
    35: 3567
    36: 3821
    37: 3649
    38: 3468
    39: 3620
    40: 3478
    41: 3740
    42: 3837
    43: 2992
    44: 2141
    45: 1913
    46: 1580
    47: 1523
    48: 847
    49: 239
    50: 155
    51: 127
    52: 125
    53: 70
    54: 72
    55: 50
    56: 35
    57: 17
    58: 11
    59: 6
    60: 6
    61: 1
    62: 3
    63: 1
    64: 1
    65: 0
    66: 0
    67: 1
    68: 0
    69: 1
    70: 0
    71: 0
    72: 0
    73: 0
    74: 1
    75: 0
    76: 0
    77: 0
    78: 0
    79: 0
    80: 0
    81: 0
    82: 0
    83: 0
    84: 0
    85: 0
    86: 0
    87: 0
    88: 0
    89: 0
    90: 0
    91: 0
    92: 0
    93: 0
    94: 0
    95: 0
    96: 0
    97: 0
    98: 0
    99: 0
  mem-3: # Memory controller stats
   rd: 5697880 # Read requests
   wr: 3258806 # Write requests
   rdlat: 802265692 # Total latency experienced by read requests
   wrlat: 544044214 # Total latency experienced by write requests
   rdhits: 10569 # Read row hits
   wrhits: 9716 # Write row hits
   mlh: # latency histogram for memory requests
    0: 0
    1: 0
    2: 0
    3: 0
    4: 0
    5: 0
    6: 0
    7: 0
    8: 0
    9: 2
    10: 1
    11: 1676
    12: 1991
    13: 4396712
    14: 525649
    15: 321090
    16: 174775
    17: 34055
    18: 25102
    19: 23989
    20: 23099
    21: 23222
    22: 20643
    23: 22498
    24: 25034
    25: 11690
    26: 2215
    27: 2176
    28: 2285
    29: 2545
    30: 2905
    31: 3151
    32: 3413
    33: 3435
    34: 3512
    35: 3625
    36: 3911
    37: 3601
    38: 3494
    39: 3622
    40: 3502
    41: 3782
    42: 3634
    43: 2947
    44: 2154
    45: 1885
    46: 1665
    47: 1486
    48: 860
    49: 197
    50: 168
    51: 118
    52: 86
    53: 86
    54: 68
    55: 38
    56: 29
    57: 26
    58: 11
    59: 8
    60: 4
    61: 1
    62: 1
    63: 3
    64: 1
    65: 1
    66: 0
    67: 0
    68: 0
    69: 0
    70: 1
    71: 0
    72: 0
    73: 0
    74: 0
    75: 0
    76: 0
    77: 0
    78: 0
    79: 0
    80: 0
    81: 0
    82: 0
    83: 0
    84: 0
    85: 0
    86: 0
    87: 0
    88: 0
    89: 0
    90: 0
    91: 0
    92: 0
    93: 0
    94: 0
    95: 0
    96: 0
    97: 0
    98: 0
    99: 0
 sched: # Scheduler stats
  thCr: 9 # Threads created
  thFn: 9 # Threads finished
  schedEvs: 17 # Schedule events
  waitEvs: 0 # Wait events
  handoffEvs: 0 # Handoff events
  sleepEvs: 0 # Sleep events
  idlePhases: 0 # Phases with no thread active
  idlePeriods: 0 # Periods with no thread active
  occHist: # Occupancy histogram
   0: 0
   1: 4
   2: 0
   3: 0
   4: 0
   5: 0
   6: 0
   7: 1
   8: 63315
  rqSzHist: # Run queue size histogram
   0: 63320
   1: 0
   2: 0
   3: 0
   4: 0
   5: 0
   6: 0
   7: 0
   8: 0
   9: 0
   10: 0
   11: 0
   12: 0
   13: 0
   14: 0
   15: 0
   16: 0
 procCycles: # Per-process unhalted core cycles
  0: 4990715350
  1: 0
  2: 0
  3: 0
  4: 0
  5: 0
  6: 0
  7: 0
  8: 0
  9: 0
  10: 0
  11: 0
  12: 0
  13: 0
  14: 0
  15: 0
  16: 0
  17: 0
  18: 0
  19: 0
  20: 0
  21: 0
  22: 0
  23: 0
  24: 0
  25: 0
  26: 0
  27: 0
  28: 0
  29: 0
  30: 0
  31: 0
  32: 0
  33: 0
  34: 0
  35: 0
  36: 0
  37: 0
  38: 0
  39: 0
  40: 0
  41: 0
  42: 0
  43: 0
  44: 0
  45: 0
  46: 0
  47: 0
  48: 0
  49: 0
  50: 0
  51: 0
  52: 0
  53: 0
  54: 0
  55: 0
  56: 0
  57: 0
  58: 0
  59: 0
  60: 0
  61: 0
  62: 0
  63: 0
 procInstrs: # Per-process instructions
  0: 1721949324
  1: 0
  2: 0
  3: 0
  4: 0
  5: 0
  6: 0
  7: 0
  8: 0
  9: 0
  10: 0
  11: 0
  12: 0
  13: 0
  14: 0
  15: 0
  16: 0
  17: 0
  18: 0
  19: 0
  20: 0
  21: 0
  22: 0
  23: 0
  24: 0
  25: 0
  26: 0
  27: 0
  28: 0
  29: 0
  30: 0
  31: 0
  32: 0
  33: 0
  34: 0
  35: 0
  36: 0
  37: 0
  38: 0
  39: 0
  40: 0
  41: 0
  42: 0
  43: 0
  44: 0
  45: 0
  46: 0
  47: 0
  48: 0
  49: 0
  50: 0
  51: 0
  52: 0
  53: 0
  54: 0
  55: 0
  56: 0
  57: 0
  58: 0
  59: 0
  60: 0
  61: 0
  62: 0
  63: 0
 heartbeats: # Per-process heartbeats
  0: 0
  1: 0
  2: 0
  3: 0
  4: 0
  5: 0
  6: 0
  7: 0
  8: 0
  9: 0
  10: 0
  11: 0
  12: 0
  13: 0
  14: 0
  15: 0
  16: 0
  17: 0
  18: 0
  19: 0
  20: 0
  21: 0
  22: 0
  23: 0
  24: 0
  25: 0
  26: 0
  27: 0
  28: 0
  29: 0
  30: 0
  31: 0
  32: 0
  33: 0
  34: 0
  35: 0
  36: 0
  37: 0
  38: 0
  39: 0
  40: 0
  41: 0
  42: 0
  43: 0
  44: 0
  45: 0
  46: 0
  47: 0
  48: 0
  49: 0
  50: 0
  51: 0
  52: 0
  53: 0
  54: 0
  55: 0
  56: 0
  57: 0
  58: 0
  59: 0
  60: 0
  61: 0
  62: 0
  63: 0
===
