# zsim stats
===
root: # Stats
 contention: # Contention simulation stats
  domain-0: # Domain stats
   time: 187010797 # Weave simulation time
 time: # Simulator time breakdown
  init: 4362980313
  bound: 48619336601
  weave: 3632874424
  ff: 5685671
 trigger: 20000 # Reason for this stats dump
 phase: 39774 # Simulated phases
 westmere: # Core stats
  westmere-0: # Core stats
   cycles: 397735477 # Simulated unhalted cycles
   cCycles: 85645 # Cycles due to contention stalls
   instrs: 507838642 # Simulated instructions
   uops: 621931310 # Retired micro-ops
   bbls: 48855707 # Basic blocks
   approxInstrs: 6665768 # Instrs with approx uop decoding
   mispredBranches: 242358 # Mispredicted branches
   condBranches: 30583398 # conditional branches
  westmere-1: # Core stats
   cycles: 397580027 # Simulated unhalted cycles
   cCycles: 87995 # Cycles due to contention stalls
   instrs: 507829941 # Simulated instructions
   uops: 621919908 # Retired micro-ops
   bbls: 48857900 # Basic blocks
   approxInstrs: 6666326 # Instrs with approx uop decoding
   mispredBranches: 242423 # Mispredicted branches
   condBranches: 30583527 # conditional branches
  westmere-2: # Core stats
   cycles: 397563716 # Simulated unhalted cycles
   cCycles: 83380 # Cycles due to contention stalls
   instrs: 507838513 # Simulated instructions
   uops: 621931700 # Retired micro-ops
   bbls: 48854447 # Basic blocks
   approxInstrs: 6666504 # Instrs with approx uop decoding
   mispredBranches: 242499 # Mispredicted branches
   condBranches: 30582523 # conditional branches
  westmere-3: # Core stats
   cycles: 397598630 # Simulated unhalted cycles
   cCycles: 84393 # Cycles due to contention stalls
   instrs: 507819013 # Simulated instructions
   uops: 621906700 # Retired micro-ops
   bbls: 48856447 # Basic blocks
   approxInstrs: 6665804 # Instrs with approx uop decoding
   mispredBranches: 244689 # Mispredicted branches
   condBranches: 30582823 # conditional branches
  westmere-4: # Core stats
   cycles: 397600664 # Simulated unhalted cycles
   cCycles: 85390 # Cycles due to contention stalls
   instrs: 507858713 # Simulated instructions
   uops: 621955800 # Retired micro-ops
   bbls: 48856747 # Basic blocks
   approxInstrs: 6668804 # Instrs with approx uop decoding
   mispredBranches: 242392 # Mispredicted branches
   condBranches: 30582323 # conditional branches
  westmere-5: # Core stats
   cycles: 397589324 # Simulated unhalted cycles
   cCycles: 82479 # Cycles due to contention stalls
   instrs: 507846413 # Simulated instructions
   uops: 621940300 # Retired micro-ops
   bbls: 48859247 # Basic blocks
   approxInstrs: 6669604 # Instrs with approx uop decoding
   mispredBranches: 243301 # Mispredicted branches
   condBranches: 30582723 # conditional branches
  westmere-6: # Core stats
   cycles: 397613087 # Simulated unhalted cycles
   cCycles: 83291 # Cycles due to contention stalls
   instrs: 507837413 # Simulated instructions
   uops: 621928900 # Retired micro-ops
   bbls: 48855047 # Basic blocks
   approxInstrs: 6666004 # Instrs with approx uop decoding
   mispredBranches: 244958 # Mispredicted branches
   condBranches: 30582423 # conditional branches
  westmere-7: # Core stats
   cycles: 397546087 # Simulated unhalted cycles
   cCycles: 81625 # Cycles due to contention stalls
   instrs: 507831313 # Simulated instructions
   uops: 621923100 # Retired micro-ops
   bbls: 48856647 # Basic blocks
   approxInstrs: 6667504 # Instrs with approx uop decoding
   mispredBranches: 242567 # Mispredicted branches
   condBranches: 30582823 # conditional branches
 l1i: # Cache stats
  l1i-0: # Filter cache stats
   fhGETS: 54378948 # Filtered GETS hits
   fhGETX: 0 # Filtered GETX hits
   hGETS: 15624239 # GETS hits
   hGETX: 0 # GETX hits
   mGETS: 197 # GETS misses
   mGETXIM: 0 # GETX I->M misses
   mGETXSM: 0 # GETX S->M misses (upgrade misses)
   PUTS: 0 # Clean evictions (from lower level)
   PUTX: 0 # Dirty evictions (from lower level)
   INV: 7 # Invalidates (from upper level)
   INVX: 0 # Downgrades (from upper level)
   FWD: 0 # Forwards (from upper level)
   latGETnl: 16868 # GET request latency on next level
   latGETnet: 0 # GET request latency on network to next level
  l1i-1: # Filter cache stats
   fhGETS: 54386745 # Filtered GETS hits
   fhGETX: 0 # Filtered GETX hits
   hGETS: 15618635 # GETS hits
   hGETX: 0 # GETX hits
   mGETS: 237 # GETS misses
   mGETXIM: 0 # GETX I->M misses
   mGETXSM: 0 # GETX S->M misses (upgrade misses)
   PUTS: 0 # Clean evictions (from lower level)
   PUTX: 0 # Dirty evictions (from lower level)
   INV: 1 # Invalidates (from upper level)
   INVX: 0 # Downgrades (from upper level)
   FWD: 0 # Forwards (from upper level)
   latGETnl: 25788 # GET request latency on next level
   latGETnet: 0 # GET request latency on network to next level
  l1i-2: # Filter cache stats
   fhGETS: 54370557 # Filtered GETS hits
   fhGETX: 0 # Filtered GETX hits
   hGETS: 15632354 # GETS hits
   hGETX: 0 # GETX hits
   mGETS: 88 # GETS misses
   mGETXIM: 0 # GETX I->M misses
   mGETXSM: 0 # GETX S->M misses (upgrade misses)
   PUTS: 0 # Clean evictions (from lower level)
   PUTX: 0 # Dirty evictions (from lower level)
   INV: 2 # Invalidates (from upper level)
   INVX: 0 # Downgrades (from upper level)
   FWD: 0 # Forwards (from upper level)
   latGETnl: 3352 # GET request latency on next level
   latGETnet: 0 # GET request latency on network to next level
  l1i-3: # Filter cache stats
   fhGETS: 54387779 # Filtered GETS hits
   fhGETX: 0 # Filtered GETX hits
   hGETS: 15627583 # GETS hits
   hGETX: 0 # GETX hits
   mGETS: 88 # GETS misses
   mGETXIM: 0 # GETX I->M misses
   mGETXSM: 0 # GETX S->M misses (upgrade misses)
   PUTS: 0 # Clean evictions (from lower level)
   PUTX: 0 # Dirty evictions (from lower level)
   INV: 1 # Invalidates (from upper level)
   INVX: 0 # Downgrades (from upper level)
   FWD: 0 # Forwards (from upper level)
   latGETnl: 2992 # GET request latency on next level
   latGETnet: 0 # GET request latency on network to next level
  l1i-4: # Filter cache stats
   fhGETS: 54375496 # Filtered GETS hits
   fhGETX: 0 # Filtered GETX hits
   hGETS: 15629576 # GETS hits
   hGETX: 0 # GETX hits
   mGETS: 88 # GETS misses
   mGETXIM: 0 # GETX I->M misses
   mGETXSM: 0 # GETX S->M misses (upgrade misses)
   PUTS: 0 # Clean evictions (from lower level)
   PUTX: 0 # Dirty evictions (from lower level)
   INV: 3 # Invalidates (from upper level)
   INVX: 0 # Downgrades (from upper level)
   FWD: 0 # Forwards (from upper level)
   latGETnl: 2992 # GET request latency on next level
   latGETnet: 0 # GET request latency on network to next level
  l1i-5: # Filter cache stats
   fhGETS: 54385494 # Filtered GETS hits
   fhGETX: 0 # Filtered GETX hits
   hGETS: 15625723 # GETS hits
   hGETX: 0 # GETX hits
   mGETS: 85 # GETS misses
   mGETXIM: 0 # GETX I->M misses
   mGETXSM: 0 # GETX S->M misses (upgrade misses)
   PUTS: 0 # Clean evictions (from lower level)
   PUTX: 0 # Dirty evictions (from lower level)
   INV: 3 # Invalidates (from upper level)
   INVX: 0 # Downgrades (from upper level)
   FWD: 0 # Forwards (from upper level)
   latGETnl: 2890 # GET request latency on next level
   latGETnet: 0 # GET request latency on network to next level
  l1i-6: # Filter cache stats
   fhGETS: 54384882 # Filtered GETS hits
   fhGETX: 0 # Filtered GETX hits
   hGETS: 15631229 # GETS hits
   hGETX: 0 # GETX hits
   mGETS: 87 # GETS misses
   mGETXIM: 0 # GETX I->M misses
   mGETXSM: 0 # GETX S->M misses (upgrade misses)
   PUTS: 0 # Clean evictions (from lower level)
   PUTX: 0 # Dirty evictions (from lower level)
   INV: 0 # Invalidates (from upper level)
   INVX: 0 # Downgrades (from upper level)
   FWD: 0 # Forwards (from upper level)
   latGETnl: 2958 # GET request latency on next level
   latGETnet: 0 # GET request latency on network to next level
  l1i-7: # Filter cache stats
   fhGETS: 54375593 # Filtered GETS hits
   fhGETX: 0 # Filtered GETX hits
   hGETS: 15629258 # GETS hits
   hGETX: 0 # GETX hits
   mGETS: 86 # GETS misses
   mGETXIM: 0 # GETX I->M misses
   mGETXSM: 0 # GETX S->M misses (upgrade misses)
   PUTS: 0 # Clean evictions (from lower level)
   PUTX: 0 # Dirty evictions (from lower level)
   INV: 1 # Invalidates (from upper level)
   INVX: 0 # Downgrades (from upper level)
   FWD: 0 # Forwards (from upper level)
   latGETnl: 3464 # GET request latency on next level
   latGETnet: 0 # GET request latency on network to next level
 l1d: # Cache stats
  l1d-0: # Filter cache stats
   fhGETS: 96463024 # Filtered GETS hits
   fhGETX: 39154275 # Filtered GETX hits
   hGETS: 9704254 # GETS hits
   hGETX: 1995955 # GETX hits
   mGETS: 452907 # GETS misses
   mGETXIM: 51433 # GETX I->M misses
   mGETXSM: 11 # GETX S->M misses (upgrade misses)
   PUTS: 0 # Clean evictions (from lower level)
   PUTX: 0 # Dirty evictions (from lower level)
   INV: 36 # Invalidates (from upper level)
   INVX: 41 # Downgrades (from upper level)
   FWD: 0 # Forwards (from upper level)
   latGETnl: 7410474 # GET request latency on next level
   latGETnet: 0 # GET request latency on network to next level
  l1d-1: # Filter cache stats
   fhGETS: 96455774 # Filtered GETS hits
   fhGETX: 39149492 # Filtered GETX hits
   hGETS: 9700988 # GETS hits
   hGETX: 2000068 # GETX hits
   mGETS: 462066 # GETS misses
   mGETXIM: 51327 # GETX I->M misses
   mGETXSM: 23 # GETX S->M misses (upgrade misses)
   PUTS: 0 # Clean evictions (from lower level)
   PUTX: 0 # Dirty evictions (from lower level)
   INV: 108 # Invalidates (from upper level)
   INVX: 83 # Downgrades (from upper level)
   FWD: 0 # Forwards (from upper level)
   latGETnl: 6533295 # GET request latency on next level
   latGETnet: 0 # GET request latency on network to next level
  l1d-2: # Filter cache stats
   fhGETS: 96442608 # Filtered GETS hits
   fhGETX: 39157032 # Filtered GETX hits
   hGETS: 9727072 # GETS hits
   hGETX: 1992604 # GETX hits
   mGETS: 450081 # GETS misses
   mGETXIM: 51310 # GETX I->M misses
   mGETXSM: 2 # GETX S->M misses (upgrade misses)
   PUTS: 0 # Clean evictions (from lower level)
   PUTX: 0 # Dirty evictions (from lower level)
   INV: 103 # Invalidates (from upper level)
   INVX: 41 # Downgrades (from upper level)
   FWD: 0 # Forwards (from upper level)
   latGETnl: 6514088 # GET request latency on next level
   latGETnet: 0 # GET request latency on network to next level
  l1d-3: # Filter cache stats
   fhGETS: 96457110 # Filtered GETS hits
   fhGETX: 39154132 # Filtered GETX hits
   hGETS: 9703872 # GETS hits
   hGETX: 1994902 # GETX hits
   mGETS: 455379 # GETS misses
   mGETXIM: 51312 # GETX I->M misses
   mGETXSM: 2 # GETX S->M misses (upgrade misses)
   PUTS: 0 # Clean evictions (from lower level)
   PUTX: 0 # Dirty evictions (from lower level)
   INV: 104 # Invalidates (from upper level)
   INVX: 40 # Downgrades (from upper level)
   FWD: 0 # Forwards (from upper level)
   latGETnl: 6509643 # GET request latency on next level
   latGETnet: 0 # GET request latency on network to next level
  l1d-4: # Filter cache stats
   fhGETS: 96472711 # Filtered GETS hits
   fhGETX: 39162132 # Filtered GETX hits
   hGETS: 9696870 # GETS hits
   hGETX: 1988024 # GETX hits
   mGETS: 454280 # GETS misses
   mGETXIM: 51390 # GETX I->M misses
   mGETXSM: 2 # GETX S->M misses (upgrade misses)
   PUTS: 0 # Clean evictions (from lower level)
   PUTX: 0 # Dirty evictions (from lower level)
   INV: 100 # Invalidates (from upper level)
   INVX: 38 # Downgrades (from upper level)
   FWD: 0 # Forwards (from upper level)
   latGETnl: 6535649 # GET request latency on next level
   latGETnet: 0 # GET request latency on network to next level
  l1d-5: # Filter cache stats
   fhGETS: 96486801 # Filtered GETS hits
   fhGETX: 39161932 # Filtered GETX hits
   hGETS: 9657115 # GETS hits
   hGETX: 1987910 # GETX hits
   mGETS: 477145 # GETS misses
   mGETXIM: 51404 # GETX I->M misses
   mGETXSM: 2 # GETX S->M misses (upgrade misses)
   PUTS: 0 # Clean evictions (from lower level)
   PUTX: 0 # Dirty evictions (from lower level)
   INV: 280 # Invalidates (from upper level)
   INVX: 13 # Downgrades (from upper level)
   FWD: 0 # Forwards (from upper level)
   latGETnl: 6733118 # GET request latency on next level
   latGETnet: 0 # GET request latency on network to next level
  l1d-6: # Filter cache stats
   fhGETS: 96464824 # Filtered GETS hits
   fhGETX: 39151032 # Filtered GETX hits
   hGETS: 9686553 # GETS hits
   hGETX: 1997984 # GETX hits
   mGETS: 468784 # GETS misses
   mGETXIM: 51330 # GETX I->M misses
   mGETXSM: 2 # GETX S->M misses (upgrade misses)
   PUTS: 0 # Clean evictions (from lower level)
   PUTX: 0 # Dirty evictions (from lower level)
   INV: 29 # Invalidates (from upper level)
   INVX: 18 # Downgrades (from upper level)
   FWD: 0 # Forwards (from upper level)
   latGETnl: 6675804 # GET request latency on next level
   latGETnet: 0 # GET request latency on network to next level
  l1d-7: # Filter cache stats
   fhGETS: 96443418 # Filtered GETS hits
   fhGETX: 39160632 # Filtered GETX hits
   hGETS: 9720359 # GETS hits
   hGETX: 1989280 # GETX hits
   mGETS: 454284 # GETS misses
   mGETXIM: 51334 # GETX I->M misses
   mGETXSM: 2 # GETX S->M misses (upgrade misses)
   PUTS: 0 # Clean evictions (from lower level)
   PUTX: 0 # Dirty evictions (from lower level)
   INV: 219 # Invalidates (from upper level)
   INVX: 10 # Downgrades (from upper level)
   FWD: 0 # Forwards (from upper level)
   latGETnl: 6470694 # GET request latency on next level
   latGETnet: 0 # GET request latency on network to next level
 l2: # Cache stats
  l2-0: # Cache stats
   hGETS: 380457 # GETS hits
   hGETX: 39402 # GETX hits
   mGETS: 72647 # GETS misses
   mGETXIM: 12031 # GETX I->M misses
   mGETXSM: 11 # GETX S->M misses (upgrade misses)
   PUTS: 452462 # Clean evictions (from lower level)
   PUTX: 51331 # Dirty evictions (from lower level)
   INV: 153 # Invalidates (from upper level)
   INVX: 65 # Downgrades (from upper level)
   FWD: 0 # Forwards (from upper level)
   latGETnl: 2381862 # GET request latency on next level
   latGETnet: 0 # GET request latency on network to next level
  l2-1: # Cache stats
   hGETS: 424118 # GETS hits
   hGETX: 44946 # GETX hits
   mGETS: 38185 # GETS misses
   mGETXIM: 6381 # GETX I->M misses
   mGETXSM: 23 # GETX S->M misses (upgrade misses)
   PUTS: 461621 # Clean evictions (from lower level)
   PUTX: 51154 # Dirty evictions (from lower level)
   INV: 108 # Invalidates (from upper level)
   INVX: 83 # Downgrades (from upper level)
   FWD: 0 # Forwards (from upper level)
   latGETnl: 1422553 # GET request latency on next level
   latGETnet: 0 # GET request latency on network to next level
  l2-2: # Cache stats
   hGETS: 408351 # GETS hits
   hGETX: 44253 # GETX hits
   mGETS: 41818 # GETS misses
   mGETXIM: 7057 # GETX I->M misses
   mGETXSM: 2 # GETX S->M misses (upgrade misses)
   PUTS: 449631 # Clean evictions (from lower level)
   PUTX: 51147 # Dirty evictions (from lower level)
   INV: 203 # Invalidates (from upper level)
   INVX: 41 # Downgrades (from upper level)
   FWD: 0 # Forwards (from upper level)
   latGETnl: 1502630 # GET request latency on next level
   latGETnet: 0 # GET request latency on network to next level
  l2-3: # Cache stats
   hGETS: 415736 # GETS hits
   hGETX: 44550 # GETX hits
   mGETS: 39731 # GETS misses
   mGETXIM: 6762 # GETX I->M misses
   mGETXSM: 2 # GETX S->M misses (upgrade misses)
   PUTS: 454930 # Clean evictions (from lower level)
   PUTX: 51147 # Dirty evictions (from lower level)
   INV: 205 # Invalidates (from upper level)
   INVX: 41 # Downgrades (from upper level)
   FWD: 0 # Forwards (from upper level)
   latGETnl: 1444825 # GET request latency on next level
   latGETnet: 0 # GET request latency on network to next level
  l2-4: # Cache stats
   hGETS: 413448 # GETS hits
   hGETX: 44354 # GETX hits
   mGETS: 40920 # GETS misses
   mGETXIM: 7036 # GETX I->M misses
   mGETXSM: 2 # GETX S->M misses (upgrade misses)
   PUTS: 453831 # Clean evictions (from lower level)
   PUTX: 51230 # Dirty evictions (from lower level)
   INV: 282 # Invalidates (from upper level)
   INVX: 41 # Downgrades (from upper level)
   FWD: 0 # Forwards (from upper level)
   latGETnl: 1481041 # GET request latency on next level
   latGETnet: 0 # GET request latency on network to next level
  l2-5: # Cache stats
   hGETS: 437300 # GETS hits
   hGETX: 44568 # GETX hits
   mGETS: 39930 # GETS misses
   mGETXIM: 6836 # GETX I->M misses
   mGETXSM: 2 # GETX S->M misses (upgrade misses)
   PUTS: 476696 # Clean evictions (from lower level)
   PUTX: 51064 # Dirty evictions (from lower level)
   INV: 280 # Invalidates (from upper level)
   INVX: 13 # Downgrades (from upper level)
   FWD: 0 # Forwards (from upper level)
   latGETnl: 1449648 # GET request latency on next level
   latGETnet: 0 # GET request latency on network to next level
  l2-6: # Cache stats
   hGETS: 427949 # GETS hits
   hGETX: 44353 # GETX hits
   mGETS: 40922 # GETS misses
   mGETXIM: 6977 # GETX I->M misses
   mGETXSM: 2 # GETX S->M misses (upgrade misses)
   PUTS: 468335 # Clean evictions (from lower level)
   PUTX: 51240 # Dirty evictions (from lower level)
   INV: 221 # Invalidates (from upper level)
   INVX: 18 # Downgrades (from upper level)
   FWD: 0 # Forwards (from upper level)
   latGETnl: 1476732 # GET request latency on next level
   latGETnet: 0 # GET request latency on network to next level
  l2-7: # Cache stats
   hGETS: 415530 # GETS hits
   hGETX: 44754 # GETX hits
   mGETS: 38840 # GETS misses
   mGETXIM: 6580 # GETX I->M misses
   mGETXSM: 2 # GETX S->M misses (upgrade misses)
   PUTS: 453836 # Clean evictions (from lower level)
   PUTX: 51054 # Dirty evictions (from lower level)
   INV: 221 # Invalidates (from upper level)
   INVX: 10 # Downgrades (from upper level)
   FWD: 0 # Forwards (from upper level)
   latGETnl: 1417098 # GET request latency on next level
   latGETnet: 0 # GET request latency on network to next level
 l3: # Cache stats
  l3-0b0: # Cache stats
   hGETS: 42647 # GETS hits
   hGETX: 7041 # GETX hits
   mGETS: 3147 # GETS misses
   mGETXIM: 533 # GETX I->M misses
   mGETXSM: 0 # GETX S->M misses (upgrade misses)
   PUTS: 42491 # Clean evictions (from lower level)
   PUTX: 7039 # Dirty evictions (from lower level)
   INV: 0 # Invalidates (from upper level)
   INVX: 0 # Downgrades (from upper level)
   FWD: 0 # Forwards (from upper level)
   latGETnl: 331200 # GET request latency on next level
   latGETnet: 0 # GET request latency on network to next level
  l3-0b1: # Cache stats
   hGETS: 32483 # GETS hits
   hGETX: 5355 # GETX hits
   mGETS: 3151 # GETS misses
   mGETXIM: 532 # GETX I->M misses
   mGETXSM: 0 # GETX S->M misses (upgrade misses)
   PUTS: 32282 # Clean evictions (from lower level)
   PUTX: 5354 # Dirty evictions (from lower level)
   INV: 0 # Invalidates (from upper level)
   INVX: 0 # Downgrades (from upper level)
   FWD: 0 # Forwards (from upper level)
   latGETnl: 331470 # GET request latency on next level
   latGETnet: 0 # GET request latency on network to next level
  l3-0b2: # Cache stats
   hGETS: 52881 # GETS hits
   hGETX: 8731 # GETX hits
   mGETS: 3140 # GETS misses
   mGETXIM: 534 # GETX I->M misses
   mGETXSM: 0 # GETX S->M misses (upgrade misses)
   PUTS: 52701 # Clean evictions (from lower level)
   PUTX: 8719 # Dirty evictions (from lower level)
   INV: 0 # Invalidates (from upper level)
   INVX: 0 # Downgrades (from upper level)
   FWD: 0 # Forwards (from upper level)
   latGETnl: 330660 # GET request latency on next level
   latGETnet: 0 # GET request latency on network to next level
  l3-0b3: # Cache stats
   hGETS: 50675 # GETS hits
   hGETX: 8329 # GETX hits
   mGETS: 3147 # GETS misses
   mGETXIM: 537 # GETX I->M misses
   mGETXSM: 0 # GETX S->M misses (upgrade misses)
   PUTS: 50527 # Clean evictions (from lower level)
   PUTX: 8325 # Dirty evictions (from lower level)
   INV: 0 # Invalidates (from upper level)
   INVX: 0 # Downgrades (from upper level)
   FWD: 0 # Forwards (from upper level)
   latGETnl: 331560 # GET request latency on next level
   latGETnet: 0 # GET request latency on network to next level
  l3-0b4: # Cache stats
   hGETS: 39020 # GETS hits
   hGETX: 6348 # GETX hits
   mGETS: 3154 # GETS misses
   mGETXIM: 532 # GETX I->M misses
   mGETXSM: 0 # GETX S->M misses (upgrade misses)
   PUTS: 38825 # Clean evictions (from lower level)
   PUTX: 6345 # Dirty evictions (from lower level)
   INV: 0 # Invalidates (from upper level)
   INVX: 0 # Downgrades (from upper level)
   FWD: 0 # Forwards (from upper level)
   latGETnl: 331740 # GET request latency on next level
   latGETnet: 0 # GET request latency on network to next level
  l3-0b5: # Cache stats
   hGETS: 39011 # GETS hits
   hGETX: 6342 # GETX hits
   mGETS: 3145 # GETS misses
   mGETXIM: 530 # GETX I->M misses
   mGETXSM: 0 # GETX S->M misses (upgrade misses)
   PUTS: 38833 # Clean evictions (from lower level)
   PUTX: 6343 # Dirty evictions (from lower level)
   INV: 0 # Invalidates (from upper level)
   INVX: 0 # Downgrades (from upper level)
   FWD: 0 # Forwards (from upper level)
   latGETnl: 330750 # GET request latency on next level
   latGETnet: 0 # GET request latency on network to next level
  l3-0b6: # Cache stats
   hGETS: 37336 # GETS hits
   hGETX: 7737 # GETX hits
   mGETS: 3148 # GETS misses
   mGETXIM: 534 # GETX I->M misses
   mGETXSM: 0 # GETX S->M misses (upgrade misses)
   PUTS: 37142 # Clean evictions (from lower level)
   PUTX: 6144 # Dirty evictions (from lower level)
   INV: 0 # Invalidates (from upper level)
   INVX: 0 # Downgrades (from upper level)
   FWD: 0 # Forwards (from upper level)
   latGETnl: 331380 # GET request latency on next level
   latGETnet: 0 # GET request latency on network to next level
  l3-0b7: # Cache stats
   hGETS: 33758 # GETS hits
   hGETX: 5555 # GETX hits
   mGETS: 3150 # GETS misses
   mGETXIM: 536 # GETX I->M misses
   mGETXSM: 0 # GETX S->M misses (upgrade misses)
   PUTS: 33551 # Clean evictions (from lower level)
   PUTX: 5552 # Dirty evictions (from lower level)
   INV: 0 # Invalidates (from upper level)
   INVX: 0 # Downgrades (from upper level)
   FWD: 0 # Forwards (from upper level)
   latGETnl: 331740 # GET request latency on next level
   latGETnet: 0 # GET request latency on network to next level
 mem: # Memory controller stats
  mem-0: # Memory controller stats
   rd: 7376 # Read requests
   wr: 0 # Write requests
   rdlat: 1214379 # Total latency experienced by read requests
   wrlat: 0 # Total latency experienced by write requests
   rdhits: 4097 # Read row hits
   wrhits: 0 # Write row hits
   mlh: # latency histogram for memory requests
    0: 0
    1: 0
    2: 0
    3: 0
    4: 0
    5: 0
    6: 0
    7: 0
    8: 0
    9: 0
    10: 0
    11: 3
    12: 5
    13: 2110
    14: 1008
    15: 901
    16: 132
    17: 1001
    18: 992
    19: 856
    20: 179
    21: 25
    22: 11
    23: 4
    24: 6
    25: 5
    26: 3
    27: 5
    28: 4
    29: 6
    30: 4
    31: 4
    32: 6
    33: 5
    34: 8
    35: 5
    36: 4
    37: 2
    38: 6
    39: 8
    40: 5
    41: 5
    42: 5
    43: 5
    44: 3
    45: 4
    46: 5
    47: 3
    48: 8
    49: 8
    50: 6
    51: 3
    52: 1
    53: 1
    54: 1
    55: 1
    56: 1
    57: 1
    58: 1
    59: 0
    60: 0
    61: 0
    62: 0
    63: 0
    64: 0
    65: 0
    66: 0
    67: 1
    68: 0
    69: 0
    70: 0
    71: 0
    72: 0
    73: 0
    74: 0
    75: 0
    76: 0
    77: 0
    78: 0
    79: 0
    80: 0
    81: 0
    82: 0
    83: 0
    84: 0
    85: 0
    86: 0
    87: 0
    88: 0
    89: 0
    90: 0
    91: 0
    92: 0
    93: 0
    94: 0
    95: 0
    96: 0
    97: 0
    98: 0
    99: 0
  mem-1: # Memory controller stats
   rd: 7353 # Read requests
   wr: 0 # Write requests
   rdlat: 1203343 # Total latency experienced by read requests
   wrlat: 0 # Total latency experienced by write requests
   rdhits: 4099 # Read row hits
   wrhits: 0 # Write row hits
   mlh: # latency histogram for memory requests
    0: 0
    1: 0
    2: 0
    3: 0
    4: 0
    5: 0
    6: 0
    7: 0
    8: 0
    9: 0
    10: 0
    11: 3
    12: 3
    13: 2111
    14: 1012
    15: 905
    16: 128
    17: 1002
    18: 1000
    19: 863
    20: 166
    21: 21
    22: 8
    23: 4
    24: 3
    25: 3
    26: 4
    27: 5
    28: 5
    29: 6
    30: 7
    31: 6
    32: 5
    33: 7
    34: 7
    35: 7
    36: 5
    37: 4
    38: 4
    39: 4
    40: 3
    41: 2
    42: 4
    43: 2
    44: 0
    45: 2
    46: 3
    47: 4
    48: 4
    49: 8
    50: 5
    51: 2
    52: 4
    53: 2
    54: 0
    55: 0
    56: 0
    57: 0
    58: 0
    59: 0
    60: 0
    61: 0
    62: 0
    63: 0
    64: 0
    65: 0
    66: 0
    67: 0
    68: 0
    69: 0
    70: 0
    71: 0
    72: 0
    73: 0
    74: 0
    75: 0
    76: 0
    77: 0
    78: 0
    79: 0
    80: 0
    81: 0
    82: 0
    83: 0
    84: 0
    85: 0
    86: 0
    87: 0
    88: 0
    89: 0
    90: 0
    91: 0
    92: 0
    93: 0
    94: 0
    95: 0
    96: 0
    97: 0
    98: 0
    99: 0
  mem-2: # Memory controller stats
   rd: 7349 # Read requests
   wr: 0 # Write requests
   rdlat: 1192218 # Total latency experienced by read requests
   wrlat: 0 # Total latency experienced by write requests
   rdhits: 4104 # Read row hits
   wrhits: 0 # Write row hits
   mlh: # latency histogram for memory requests
    0: 0
    1: 0
    2: 0
    3: 0
    4: 0
    5: 0
    6: 0
    7: 0
    8: 0
    9: 0
    10: 0
    11: 4
    12: 5
    13: 2108
    14: 1019
    15: 888
    16: 153
    17: 1014
    18: 1002
    19: 838
    20: 197
    21: 21
    22: 6
    23: 6
    24: 3
    25: 6
    26: 6
    27: 6
    28: 2
    29: 6
    30: 7
    31: 6
    32: 2
    33: 5
    34: 4
    35: 3
    36: 4
    37: 5
    38: 4
    39: 1
    40: 3
    41: 2
    42: 2
    43: 0
    44: 0
    45: 0
    46: 0
    47: 0
    48: 2
    49: 2
    50: 3
    51: 1
    52: 1
    53: 2
    54: 0
    55: 0
    56: 0
    57: 0
    58: 0
    59: 0
    60: 0
    61: 0
    62: 0
    63: 0
    64: 0
    65: 0
    66: 0
    67: 0
    68: 0
    69: 0
    70: 0
    71: 0
    72: 0
    73: 0
    74: 0
    75: 0
    76: 0
    77: 0
    78: 0
    79: 0
    80: 0
    81: 0
    82: 0
    83: 0
    84: 0
    85: 0
    86: 0
    87: 0
    88: 0
    89: 0
    90: 0
    91: 0
    92: 0
    93: 0
    94: 0
    95: 0
    96: 0
    97: 0
    98: 0
    99: 0
  mem-3: # Memory controller stats
   rd: 7353 # Read requests
   wr: 0 # Write requests
   rdlat: 1206602 # Total latency experienced by read requests
   wrlat: 0 # Total latency experienced by write requests
   rdhits: 4094 # Read row hits
   wrhits: 0 # Write row hits
   mlh: # latency histogram for memory requests
    0: 0
    1: 0
    2: 0
    3: 0
    4: 0
    5: 0
    6: 0
    7: 0
    8: 0
    9: 0
    10: 0
    11: 1
    12: 4
    13: 2101
    14: 1008
    15: 894
    16: 143
    17: 999
    18: 1001
    19: 841
    20: 190
    21: 19
    22: 9
    23: 7
    24: 3
    25: 6
    26: 4
    27: 6
    28: 3
    29: 2
    30: 5
    31: 4
    32: 7
    33: 3
    34: 7
    35: 4
    36: 6
    37: 7
    38: 10
    39: 4
    40: 6
    41: 6
    42: 6
    43: 3
    44: 4
    45: 4
    46: 3
    47: 1
    48: 5
    49: 7
    50: 6
    51: 1
    52: 2
    53: 1
    54: 0
    55: 0
    56: 0
    57: 0
    58: 0
    59: 0
    60: 0
    61: 0
    62: 0
    63: 0
    64: 0
    65: 0
    66: 0
    67: 0
    68: 0
    69: 0
    70: 0
    71: 0
    72: 0
    73: 0
    74: 0
    75: 0
    76: 0
    77: 0
    78: 0
    79: 0
    80: 0
    81: 0
    82: 0
    83: 0
    84: 0
    85: 0
    86: 0
    87: 0
    88: 0
    89: 0
    90: 0
    91: 0
    92: 0
    93: 0
    94: 0
    95: 0
    96: 0
    97: 0
    98: 0
    99: 0
 sched: # Scheduler stats
  thCr: 9 # Threads created
  thFn: 9 # Threads finished
  schedEvs: 10 # Schedule events
  waitEvs: 1 # Wait events
  handoffEvs: 0 # Handoff events
  sleepEvs: 0 # Sleep events
  idlePhases: 0 # Phases with no thread active
  idlePeriods: 0 # Periods with no thread active
  occHist: # Occupancy histogram
   0: 0
   1: 1
   2: 12
   3: 1
   4: 1
   5: 1
   6: 2
   7: 2
   8: 39754
  rqSzHist: # Run queue size histogram
   0: 39774
   1: 0
   2: 0
   3: 0
   4: 0
   5: 0
   6: 0
   7: 0
   8: 0
   9: 0
   10: 0
   11: 0
   12: 0
   13: 0
   14: 0
   15: 0
   16: 0
 procCycles: # Per-process unhalted core cycles
  0: 3180826596
  1: 0
  2: 0
  3: 0
  4: 0
  5: 0
  6: 0
  7: 0
  8: 0
  9: 0
  10: 0
  11: 0
  12: 0
  13: 0
  14: 0
  15: 0
  16: 0
  17: 0
  18: 0
  19: 0
  20: 0
  21: 0
  22: 0
  23: 0
  24: 0
  25: 0
  26: 0
  27: 0
  28: 0
  29: 0
  30: 0
  31: 0
  32: 0
  33: 0
  34: 0
  35: 0
  36: 0
  37: 0
  38: 0
  39: 0
  40: 0
  41: 0
  42: 0
  43: 0
  44: 0
  45: 0
  46: 0
  47: 0
  48: 0
  49: 0
  50: 0
  51: 0
  52: 0
  53: 0
  54: 0
  55: 0
  56: 0
  57: 0
  58: 0
  59: 0
  60: 0
  61: 0
  62: 0
  63: 0
 procInstrs: # Per-process instructions
  0: 4062699961
  1: 0
  2: 0
  3: 0
  4: 0
  5: 0
  6: 0
  7: 0
  8: 0
  9: 0
  10: 0
  11: 0
  12: 0
  13: 0
  14: 0
  15: 0
  16: 0
  17: 0
  18: 0
  19: 0
  20: 0
  21: 0
  22: 0
  23: 0
  24: 0
  25: 0
  26: 0
  27: 0
  28: 0
  29: 0
  30: 0
  31: 0
  32: 0
  33: 0
  34: 0
  35: 0
  36: 0
  37: 0
  38: 0
  39: 0
  40: 0
  41: 0
  42: 0
  43: 0
  44: 0
  45: 0
  46: 0
  47: 0
  48: 0
  49: 0
  50: 0
  51: 0
  52: 0
  53: 0
  54: 0
  55: 0
  56: 0
  57: 0
  58: 0
  59: 0
  60: 0
  61: 0
  62: 0
  63: 0
 heartbeats: # Per-process heartbeats
  0: 0
  1: 0
  2: 0
  3: 0
  4: 0
  5: 0
  6: 0
  7: 0
  8: 0
  9: 0
  10: 0
  11: 0
  12: 0
  13: 0
  14: 0
  15: 0
  16: 0
  17: 0
  18: 0
  19: 0
  20: 0
  21: 0
  22: 0
  23: 0
  24: 0
  25: 0
  26: 0
  27: 0
  28: 0
  29: 0
  30: 0
  31: 0
  32: 0
  33: 0
  34: 0
  35: 0
  36: 0
  37: 0
  38: 0
  39: 0
  40: 0
  41: 0
  42: 0
  43: 0
  44: 0
  45: 0
  46: 0
  47: 0
  48: 0
  49: 0
  50: 0
  51: 0
  52: 0
  53: 0
  54: 0
  55: 0
  56: 0
  57: 0
  58: 0
  59: 0
  60: 0
  61: 0
  62: 0
  63: 0
===
